[0.089s] Invoking command in '/home/gari/Documents/ROS2/ros2_refer/build/my_robot_description': CMAKE_PREFIX_PATH=/opt/ros/humble /usr/bin/cmake --build /home/gari/Documents/ROS2/ros2_refer/build/my_robot_description -- -j12 -l12
[0.367s] Invoked command in '/home/gari/Documents/ROS2/ros2_refer/build/my_robot_description' returned '0': CMAKE_PREFIX_PATH=/opt/ros/humble /usr/bin/cmake --build /home/gari/Documents/ROS2/ros2_refer/build/my_robot_description -- -j12 -l12
[0.380s] Invoking command in '/home/gari/Documents/ROS2/ros2_refer/build/my_robot_description': CMAKE_PREFIX_PATH=/opt/ros/humble /usr/bin/cmake --install /home/gari/Documents/ROS2/ros2_refer/build/my_robot_description
[0.433s] -- Install configuration: ""
[0.440s] -- Up-to-date: /home/gari/Documents/ROS2/ros2_refer/install/my_robot_description/share/my_robot_description//urdf
[0.440s] -- Up-to-date: /home/gari/Documents/ROS2/ros2_refer/install/my_robot_description/share/my_robot_description//urdf/mobile_base.xacro
[0.441s] -- Up-to-date: /home/gari/Documents/ROS2/ros2_refer/install/my_robot_description/share/my_robot_description//urdf/my_robot.urdf.xacro
[0.441s] -- Up-to-date: /home/gari/Documents/ROS2/ros2_refer/install/my_robot_description/share/my_robot_description//urdf/mobile_base_gazebo.xacro
[0.441s] -- Up-to-date: /home/gari/Documents/ROS2/ros2_refer/install/my_robot_description/share/my_robot_description//urdf/common_properties.xacro
[0.441s] -- Up-to-date: /home/gari/Documents/ROS2/ros2_refer/install/my_robot_description/share/my_robot_description//launch
[0.441s] -- Up-to-date: /home/gari/Documents/ROS2/ros2_refer/install/my_robot_description/share/my_robot_description//launch/display.launch.xml
[0.442s] -- Up-to-date: /home/gari/Documents/ROS2/ros2_refer/install/my_robot_description/share/my_robot_description//launch/display.launch.py
[0.442s] -- Up-to-date: /home/gari/Documents/ROS2/ros2_refer/install/my_robot_description/share/my_robot_description//launch/display_launch.py
[0.443s] -- Up-to-date: /home/gari/Documents/ROS2/ros2_refer/install/my_robot_description/share/my_robot_description//rviz
[0.444s] -- Up-to-date: /home/gari/Documents/ROS2/ros2_refer/install/my_robot_description/share/my_robot_description//rviz/urdf_config.rviz
[0.444s] -- Up-to-date: /home/gari/Documents/ROS2/ros2_refer/install/my_robot_description/share/ament_index/resource_index/package_run_dependencies/my_robot_description
[0.444s] -- Up-to-date: /home/gari/Documents/ROS2/ros2_refer/install/my_robot_description/share/ament_index/resource_index/parent_prefix_path/my_robot_description
[0.445s] -- Up-to-date: /home/gari/Documents/ROS2/ros2_refer/install/my_robot_description/share/my_robot_description/environment/ament_prefix_path.sh
[0.445s] -- Up-to-date: /home/gari/Documents/ROS2/ros2_refer/install/my_robot_description/share/my_robot_description/environment/ament_prefix_path.dsv
[0.445s] -- Up-to-date: /home/gari/Documents/ROS2/ros2_refer/install/my_robot_description/share/my_robot_description/environment/path.sh
[0.445s] -- Up-to-date: /home/gari/Documents/ROS2/ros2_refer/install/my_robot_description/share/my_robot_description/environment/path.dsv
[0.445s] -- Up-to-date: /home/gari/Documents/ROS2/ros2_refer/install/my_robot_description/share/my_robot_description/local_setup.bash
[0.445s] -- Up-to-date: /home/gari/Documents/ROS2/ros2_refer/install/my_robot_description/share/my_robot_description/local_setup.sh
[0.445s] -- Up-to-date: /home/gari/Documents/ROS2/ros2_refer/install/my_robot_description/share/my_robot_description/local_setup.zsh
[0.445s] -- Up-to-date: /home/gari/Documents/ROS2/ros2_refer/install/my_robot_description/share/my_robot_description/local_setup.dsv
[0.445s] -- Installing: /home/gari/Documents/ROS2/ros2_refer/install/my_robot_description/share/my_robot_description/package.dsv
[0.446s] -- Up-to-date: /home/gari/Documents/ROS2/ros2_refer/install/my_robot_description/share/ament_index/resource_index/packages/my_robot_description
[0.446s] -- Up-to-date: /home/gari/Documents/ROS2/ros2_refer/install/my_robot_description/share/my_robot_description/cmake/my_robot_descriptionConfig.cmake
[0.446s] -- Up-to-date: /home/gari/Documents/ROS2/ros2_refer/install/my_robot_description/share/my_robot_description/cmake/my_robot_descriptionConfig-version.cmake
[0.446s] -- Up-to-date: /home/gari/Documents/ROS2/ros2_refer/install/my_robot_description/share/my_robot_description/package.xml
[0.447s] Invoked command in '/home/gari/Documents/ROS2/ros2_refer/build/my_robot_description' returned '0': CMAKE_PREFIX_PATH=/opt/ros/humble /usr/bin/cmake --install /home/gari/Documents/ROS2/ros2_refer/build/my_robot_description
