[0.015s] Invoking command in '/home/gari/Documents/ROS2/ros2_refer/build/my_robot_description': CMAKE_PREFIX_PATH=/opt/ros/humble /usr/bin/cmake /home/gari/Documents/ROS2/ros2_refer/src/my_robot_description -DCMAKE_INSTALL_PREFIX=/home/gari/Documents/ROS2/ros2_refer/install/my_robot_description
[1.464s] -- The C compiler identification is GNU 11.4.0
[1.979s] -- The CXX compiler identification is GNU 11.4.0
[1.995s] -- Detecting C compiler ABI info
[2.321s] -- Detecting C compiler ABI info - done
[2.335s] -- Check for working C compiler: /usr/bin/cc - skipped
[2.350s] -- Detecting C compile features
[2.401s] -- Detecting C compile features - done
[2.523s] -- Detecting CXX compiler ABI info
[2.689s] -- Detecting CXX compiler ABI info - done
[2.705s] -- Check for working CXX compiler: /usr/bin/c++ - skipped
[2.706s] -- Detecting CXX compile features
[2.707s] -- Detecting CXX compile features - done
[2.765s] -- Found ament_cmake: 1.3.11 (/opt/ros/humble/share/ament_cmake/cmake)
[3.334s] -- Found Python3: /usr/bin/python3 (found version "3.10.12") found components: Interpreter 
[6.346s] -- Configuring done
[6.350s] -- Generating done
[6.352s] -- Build files have been written to: /home/gari/Documents/ROS2/ros2_refer/build/my_robot_description
[6.363s] Invoked command in '/home/gari/Documents/ROS2/ros2_refer/build/my_robot_description' returned '0': CMAKE_PREFIX_PATH=/opt/ros/humble /usr/bin/cmake /home/gari/Documents/ROS2/ros2_refer/src/my_robot_description -DCMAKE_INSTALL_PREFIX=/home/gari/Documents/ROS2/ros2_refer/install/my_robot_description
[6.365s] Invoking command in '/home/gari/Documents/ROS2/ros2_refer/build/my_robot_description': CMAKE_PREFIX_PATH=/opt/ros/humble /usr/bin/cmake --build /home/gari/Documents/ROS2/ros2_refer/build/my_robot_description -- -j12 -l12
[6.413s] Invoked command in '/home/gari/Documents/ROS2/ros2_refer/build/my_robot_description' returned '0': CMAKE_PREFIX_PATH=/opt/ros/humble /usr/bin/cmake --build /home/gari/Documents/ROS2/ros2_refer/build/my_robot_description -- -j12 -l12
[6.425s] Invoking command in '/home/gari/Documents/ROS2/ros2_refer/build/my_robot_description': CMAKE_PREFIX_PATH=/opt/ros/humble /usr/bin/cmake --install /home/gari/Documents/ROS2/ros2_refer/build/my_robot_description
[6.434s] -- Install configuration: ""
[6.434s] -- Installing: /home/gari/Documents/ROS2/ros2_refer/install/my_robot_description/share/my_robot_description//urdf
[6.434s] -- Installing: /home/gari/Documents/ROS2/ros2_refer/install/my_robot_description/share/my_robot_description//urdf/mobile_base.xacro
[6.435s] -- Installing: /home/gari/Documents/ROS2/ros2_refer/install/my_robot_description/share/my_robot_description//urdf/my_robot.urdf.xacro
[6.435s] -- Installing: /home/gari/Documents/ROS2/ros2_refer/install/my_robot_description/share/my_robot_description//urdf/mobile_base_gazebo.xacro
[6.435s] -- Installing: /home/gari/Documents/ROS2/ros2_refer/install/my_robot_description/share/my_robot_description//urdf/common_properties.xacro
[6.435s] -- Installing: /home/gari/Documents/ROS2/ros2_refer/install/my_robot_description/share/my_robot_description//launch
[6.435s] -- Installing: /home/gari/Documents/ROS2/ros2_refer/install/my_robot_description/share/my_robot_description//launch/display.launch.xml
[6.435s] -- Installing: /home/gari/Documents/ROS2/ros2_refer/install/my_robot_description/share/my_robot_description//launch/display.launch.py
[6.435s] -- Installing: /home/gari/Documents/ROS2/ros2_refer/install/my_robot_description/share/my_robot_description//rviz
[6.435s] -- Installing: /home/gari/Documents/ROS2/ros2_refer/install/my_robot_description/share/my_robot_description//rviz/urdf_config.rviz
[6.463s] -- Installing: /home/gari/Documents/ROS2/ros2_refer/install/my_robot_description/share/ament_index/resource_index/package_run_dependencies/my_robot_description
[6.463s] -- Installing: /home/gari/Documents/ROS2/ros2_refer/install/my_robot_description/share/ament_index/resource_index/parent_prefix_path/my_robot_description
[6.464s] -- Installing: /home/gari/Documents/ROS2/ros2_refer/install/my_robot_description/share/my_robot_description/environment/ament_prefix_path.sh
[6.464s] -- Installing: /home/gari/Documents/ROS2/ros2_refer/install/my_robot_description/share/my_robot_description/environment/ament_prefix_path.dsv
[6.466s] -- Installing: /home/gari/Documents/ROS2/ros2_refer/install/my_robot_description/share/my_robot_description/environment/path.sh
[6.467s] -- Installing: /home/gari/Documents/ROS2/ros2_refer/install/my_robot_description/share/my_robot_description/environment/path.dsv
[6.467s] -- Installing: /home/gari/Documents/ROS2/ros2_refer/install/my_robot_description/share/my_robot_description/local_setup.bash
[6.468s] -- Installing: /home/gari/Documents/ROS2/ros2_refer/install/my_robot_description/share/my_robot_description/local_setup.sh
[6.468s] -- Installing: /home/gari/Documents/ROS2/ros2_refer/install/my_robot_description/share/my_robot_description/local_setup.zsh
[6.468s] -- Installing: /home/gari/Documents/ROS2/ros2_refer/install/my_robot_description/share/my_robot_description/local_setup.dsv
[6.468s] -- Installing: /home/gari/Documents/ROS2/ros2_refer/install/my_robot_description/share/my_robot_description/package.dsv
[6.468s] -- Installing: /home/gari/Documents/ROS2/ros2_refer/install/my_robot_description/share/ament_index/resource_index/packages/my_robot_description
[6.468s] -- Installing: /home/gari/Documents/ROS2/ros2_refer/install/my_robot_description/share/my_robot_description/cmake/my_robot_descriptionConfig.cmake
[6.469s] -- Installing: /home/gari/Documents/ROS2/ros2_refer/install/my_robot_description/share/my_robot_description/cmake/my_robot_descriptionConfig-version.cmake
[6.469s] -- Installing: /home/gari/Documents/ROS2/ros2_refer/install/my_robot_description/share/my_robot_description/package.xml
[6.515s] Invoked command in '/home/gari/Documents/ROS2/ros2_refer/build/my_robot_description' returned '0': CMAKE_PREFIX_PATH=/opt/ros/humble /usr/bin/cmake --install /home/gari/Documents/ROS2/ros2_refer/build/my_robot_description
