[2.546s] Invoking command in '/home/gari/Documents/ROS2/ros2_ws/src/my_robot_controller': PYTHONPATH=/home/gari/Documents/ROS2/ros2_ws/build/my_robot_controller/prefix_override:/usr/lib/python3/dist-packages/colcon_core/task/python/colcon_distutils_commands:/home/gari/Documents/ROS2/ros2_ws/install/my_robot_controller/lib/python3.10/site-packages:${PYTHONPATH} /usr/bin/python3 -W ignore:setup.py install is deprecated -W ignore:easy_install command is deprecated setup.py egg_info --egg-base ../../build/my_robot_controller build --build-base /home/gari/Documents/ROS2/ros2_ws/build/my_robot_controller/build install --record /home/gari/Documents/ROS2/ros2_ws/build/my_robot_controller/install.log --single-version-externally-managed install_data
[2.845s] running egg_info
[2.846s] writing ../../build/my_robot_controller/my_robot_controller.egg-info/PKG-INFO
[2.884s] writing dependency_links to ../../build/my_robot_controller/my_robot_controller.egg-info/dependency_links.txt
[2.922s] writing entry points to ../../build/my_robot_controller/my_robot_controller.egg-info/entry_points.txt
[2.923s] writing requirements to ../../build/my_robot_controller/my_robot_controller.egg-info/requires.txt
[2.923s] writing top-level names to ../../build/my_robot_controller/my_robot_controller.egg-info/top_level.txt
[2.929s] reading manifest file '../../build/my_robot_controller/my_robot_controller.egg-info/SOURCES.txt'
[3.077s] writing manifest file '../../build/my_robot_controller/my_robot_controller.egg-info/SOURCES.txt'
[3.234s] running build
[3.235s] running build_py
[3.235s] copying my_robot_controller/my_first_node.py -> /home/gari/Documents/ROS2/ros2_ws/build/my_robot_controller/build/lib/my_robot_controller
[3.236s] running install
[3.237s] running install_lib
[3.239s] copying /home/gari/Documents/ROS2/ros2_ws/build/my_robot_controller/build/lib/my_robot_controller/my_first_node.py -> /home/gari/Documents/ROS2/ros2_ws/install/my_robot_controller/lib/python3.10/site-packages/my_robot_controller
[3.241s] byte-compiling /home/gari/Documents/ROS2/ros2_ws/install/my_robot_controller/lib/python3.10/site-packages/my_robot_controller/my_first_node.py to my_first_node.cpython-310.pyc
[3.242s] running install_data
[3.243s] running install_egg_info
[3.249s] removing '/home/gari/Documents/ROS2/ros2_ws/install/my_robot_controller/lib/python3.10/site-packages/my_robot_controller-0.0.0-py3.10.egg-info' (and everything under it)
[3.250s] Copying ../../build/my_robot_controller/my_robot_controller.egg-info to /home/gari/Documents/ROS2/ros2_ws/install/my_robot_controller/lib/python3.10/site-packages/my_robot_controller-0.0.0-py3.10.egg-info
[3.253s] running install_scripts
[3.287s] Installing test_node script to /home/gari/Documents/ROS2/ros2_ws/install/my_robot_controller/lib/my_robot_controller
[3.287s] writing list of installed files to '/home/gari/Documents/ROS2/ros2_ws/build/my_robot_controller/install.log'
[3.315s] Invoked command in '/home/gari/Documents/ROS2/ros2_ws/src/my_robot_controller' returned '0': PYTHONPATH=/home/gari/Documents/ROS2/ros2_ws/build/my_robot_controller/prefix_override:/usr/lib/python3/dist-packages/colcon_core/task/python/colcon_distutils_commands:/home/gari/Documents/ROS2/ros2_ws/install/my_robot_controller/lib/python3.10/site-packages:${PYTHONPATH} /usr/bin/python3 -W ignore:setup.py install is deprecated -W ignore:easy_install command is deprecated setup.py egg_info --egg-base ../../build/my_robot_controller build --build-base /home/gari/Documents/ROS2/ros2_ws/build/my_robot_controller/build install --record /home/gari/Documents/ROS2/ros2_ws/build/my_robot_controller/install.log --single-version-externally-managed install_data
