[0.139s] Invoking command in '/home/gari/Documents/ROS2/ros2_refer/build/my_robot_bringup': CMAKE_PREFIX_PATH=${CMAKE_PREFIX_PATH}:/opt/ros/humble /usr/bin/cmake /home/gari/Documents/ROS2/ros2_refer/src/my_robot_bringup -DAMENT_CMAKE_SYMLINK_INSTALL=1 -DCMAKE_INSTALL_PREFIX=/home/gari/Documents/ROS2/ros2_refer/install/my_robot_bringup
[0.452s] -- Found ament_cmake: 1.3.11 (/opt/ros/humble/share/ament_cmake/cmake)
[2.102s] -- Override CMake install command with custom implementation using symlinks instead of copying resources
[3.374s] -- Configuring done
[3.529s] -- Generating done
[3.538s] -- Build files have been written to: /home/gari/Documents/ROS2/ros2_refer/build/my_robot_bringup
[3.542s] Invoked command in '/home/gari/Documents/ROS2/ros2_refer/build/my_robot_bringup' returned '0': CMAKE_PREFIX_PATH=${CMAKE_PREFIX_PATH}:/opt/ros/humble /usr/bin/cmake /home/gari/Documents/ROS2/ros2_refer/src/my_robot_bringup -DAMENT_CMAKE_SYMLINK_INSTALL=1 -DCMAKE_INSTALL_PREFIX=/home/gari/Documents/ROS2/ros2_refer/install/my_robot_bringup
[3.544s] Invoking command in '/home/gari/Documents/ROS2/ros2_refer/build/my_robot_bringup': CMAKE_PREFIX_PATH=${CMAKE_PREFIX_PATH}:/opt/ros/humble /usr/bin/cmake --build /home/gari/Documents/ROS2/ros2_refer/build/my_robot_bringup -- -j12 -l12
[3.593s] Invoked command in '/home/gari/Documents/ROS2/ros2_refer/build/my_robot_bringup' returned '0': CMAKE_PREFIX_PATH=${CMAKE_PREFIX_PATH}:/opt/ros/humble /usr/bin/cmake --build /home/gari/Documents/ROS2/ros2_refer/build/my_robot_bringup -- -j12 -l12
[3.594s] Invoking command in '/home/gari/Documents/ROS2/ros2_refer/build/my_robot_bringup': CMAKE_PREFIX_PATH=${CMAKE_PREFIX_PATH}:/opt/ros/humble /usr/bin/cmake --install /home/gari/Documents/ROS2/ros2_refer/build/my_robot_bringup
[3.601s] -- Install configuration: ""
[3.601s] -- Execute custom install script
[3.602s] -- Symlinking: /home/gari/Documents/ROS2/ros2_refer/install/my_robot_bringup/share/my_robot_bringup//launch/my_robot_gazebo.launch.py
[3.610s] -- Symlinking: /home/gari/Documents/ROS2/ros2_refer/install/my_robot_bringup/share/my_robot_bringup//launch/my_robot_gazebo.launch.xml
[3.619s] -- Symlinking: /home/gari/Documents/ROS2/ros2_refer/install/my_robot_bringup/share/my_robot_bringup//config/gazebo_bridge.yaml
[3.628s] -- Symlinking: /home/gari/Documents/ROS2/ros2_refer/install/my_robot_bringup/share/my_robot_bringup//worlds/test_world.sdf
[3.636s] -- Symlinking: /home/gari/Documents/ROS2/ros2_refer/install/my_robot_bringup/share/ament_index/resource_index/package_run_dependencies/my_robot_bringup
[3.645s] -- Symlinking: /home/gari/Documents/ROS2/ros2_refer/install/my_robot_bringup/share/ament_index/resource_index/parent_prefix_path/my_robot_bringup
[3.654s] -- Symlinking: /home/gari/Documents/ROS2/ros2_refer/install/my_robot_bringup/share/my_robot_bringup/environment/ament_prefix_path.sh
[3.663s] -- Symlinking: /home/gari/Documents/ROS2/ros2_refer/install/my_robot_bringup/share/my_robot_bringup/environment/ament_prefix_path.dsv
[3.671s] -- Symlinking: /home/gari/Documents/ROS2/ros2_refer/install/my_robot_bringup/share/my_robot_bringup/environment/path.sh
[3.679s] -- Symlinking: /home/gari/Documents/ROS2/ros2_refer/install/my_robot_bringup/share/my_robot_bringup/environment/path.dsv
[3.688s] -- Symlinking: /home/gari/Documents/ROS2/ros2_refer/install/my_robot_bringup/share/my_robot_bringup/local_setup.bash
[3.697s] -- Symlinking: /home/gari/Documents/ROS2/ros2_refer/install/my_robot_bringup/share/my_robot_bringup/local_setup.sh
[3.705s] -- Symlinking: /home/gari/Documents/ROS2/ros2_refer/install/my_robot_bringup/share/my_robot_bringup/local_setup.zsh
[3.714s] -- Symlinking: /home/gari/Documents/ROS2/ros2_refer/install/my_robot_bringup/share/my_robot_bringup/local_setup.dsv
[3.723s] -- Symlinking: /home/gari/Documents/ROS2/ros2_refer/install/my_robot_bringup/share/my_robot_bringup/package.dsv
[3.732s] -- Symlinking: /home/gari/Documents/ROS2/ros2_refer/install/my_robot_bringup/share/ament_index/resource_index/packages/my_robot_bringup
[3.741s] -- Symlinking: /home/gari/Documents/ROS2/ros2_refer/install/my_robot_bringup/share/my_robot_bringup/cmake/my_robot_bringupConfig.cmake
[3.750s] -- Symlinking: /home/gari/Documents/ROS2/ros2_refer/install/my_robot_bringup/share/my_robot_bringup/cmake/my_robot_bringupConfig-version.cmake
[3.759s] -- Symlinking: /home/gari/Documents/ROS2/ros2_refer/install/my_robot_bringup/share/my_robot_bringup/package.xml
[3.770s] Invoked command in '/home/gari/Documents/ROS2/ros2_refer/build/my_robot_bringup' returned '0': CMAKE_PREFIX_PATH=${CMAKE_PREFIX_PATH}:/opt/ros/humble /usr/bin/cmake --install /home/gari/Documents/ROS2/ros2_refer/build/my_robot_bringup
