[0.768s] Invoking command in '/home/gari/Documents/ROS2/ros2_ws/build/my_robot_controller': PYTHONPATH=/home/gari/Documents/ROS2/ros2_ws/build/my_robot_controller/prefix_override:/usr/lib/python3/dist-packages/colcon_core/task/python/colcon_distutils_commands:/home/gari/Documents/ROS2/ros2_ws/install/my_robot_controller/lib/python3.10/site-packages:${PYTHONPATH} /usr/bin/python3 -W ignore:setup.py install is deprecated -W ignore:easy_install command is deprecated setup.py develop --editable --build-directory /home/gari/Documents/ROS2/ros2_ws/build/my_robot_controller/build --no-deps symlink_data
[1.084s] running develop
[1.324s] running egg_info
[1.324s] writing my_robot_controller.egg-info/PKG-INFO
[1.325s] writing dependency_links to my_robot_controller.egg-info/dependency_links.txt
[1.325s] writing entry points to my_robot_controller.egg-info/entry_points.txt
[1.325s] writing requirements to my_robot_controller.egg-info/requires.txt
[1.325s] writing top-level names to my_robot_controller.egg-info/top_level.txt
[1.327s] reading manifest file 'my_robot_controller.egg-info/SOURCES.txt'
[1.328s] writing manifest file 'my_robot_controller.egg-info/SOURCES.txt'
[1.330s] running build_ext
[1.330s] Creating /home/gari/Documents/ROS2/ros2_ws/install/my_robot_controller/lib/python3.10/site-packages/my-robot-controller.egg-link (link to .)
[1.331s] Installing draw_circle script to /home/gari/Documents/ROS2/ros2_ws/install/my_robot_controller/lib/my_robot_controller
[1.331s] Installing pose_subscriber script to /home/gari/Documents/ROS2/ros2_ws/install/my_robot_controller/lib/my_robot_controller
[1.332s] Installing test_node script to /home/gari/Documents/ROS2/ros2_ws/install/my_robot_controller/lib/my_robot_controller
[1.332s] Installing turtle_controller script to /home/gari/Documents/ROS2/ros2_ws/install/my_robot_controller/lib/my_robot_controller
[1.332s] 
[1.332s] Installed /home/gari/Documents/ROS2/ros2_ws/build/my_robot_controller
[1.332s] running symlink_data
[1.361s] Invoked command in '/home/gari/Documents/ROS2/ros2_ws/build/my_robot_controller' returned '0': PYTHONPATH=/home/gari/Documents/ROS2/ros2_ws/build/my_robot_controller/prefix_override:/usr/lib/python3/dist-packages/colcon_core/task/python/colcon_distutils_commands:/home/gari/Documents/ROS2/ros2_ws/install/my_robot_controller/lib/python3.10/site-packages:${PYTHONPATH} /usr/bin/python3 -W ignore:setup.py install is deprecated -W ignore:easy_install command is deprecated setup.py develop --editable --build-directory /home/gari/Documents/ROS2/ros2_ws/build/my_robot_controller/build --no-deps symlink_data
