[2.971s] DEBUG:colcon:Command line arguments: ['/usr/bin/colcon', 'build', '--symlink-install']
[2.971s] DEBUG:colcon:Parsed command line arguments: Namespace(log_base=None, log_level=None, verb_name='build', build_base='build', install_base='install', merge_install=False, symlink_install=True, test_result_base=None, continue_on_error=False, executor='parallel', parallel_workers=12, event_handlers=None, ignore_user_meta=False, metas=['./colcon.meta'], base_paths=['.'], packages_ignore=None, packages_ignore_regex=None, paths=None, packages_up_to=None, packages_up_to_regex=None, packages_above=None, packages_above_and_dependencies=None, packages_above_depth=None, packages_select_by_dep=None, packages_skip_by_dep=None, packages_skip_up_to=None, packages_select_build_failed=False, packages_skip_build_finished=False, packages_select_test_failures=False, packages_skip_test_passed=False, packages_select=None, packages_skip=None, packages_select_regex=None, packages_skip_regex=None, packages_start=None, packages_end=None, allow_overriding=[], cmake_args=None, cmake_target=None, cmake_target_skip_unavailable=False, cmake_clean_cache=False, cmake_clean_first=False, cmake_force_configure=False, ament_cmake_args=None, catkin_cmake_args=None, catkin_skip_building_tests=False, mixin_files=None, mixin=None, verb_parser=<colcon_mixin.mixin.mixin_argument.MixinArgumentDecorator object at 0x712d78d695d0>, verb_extension=<colcon_core.verb.build.BuildVerb object at 0x712d78d69120>, main=<bound method BuildVerb.main of <colcon_core.verb.build.BuildVerb object at 0x712d78d69120>>, mixin_verb=('build',))
[8.298s] Level 1:colcon.colcon_core.package_discovery:discover_packages(colcon_meta) check parameters
[8.298s] Level 1:colcon.colcon_core.package_discovery:discover_packages(recursive) check parameters
[8.298s] Level 1:colcon.colcon_core.package_discovery:discover_packages(ignore) check parameters
[8.298s] Level 1:colcon.colcon_core.package_discovery:discover_packages(path) check parameters
[8.298s] Level 1:colcon.colcon_core.package_discovery:discover_packages(colcon_meta) discover
[8.298s] Level 1:colcon.colcon_core.package_discovery:discover_packages(recursive) discover
[8.298s] INFO:colcon.colcon_core.package_discovery:Crawling recursively for packages in '/home/gari/Documents/ROS2/ros2_refer'
[8.299s] Level 1:colcon.colcon_core.package_identification:_identify(.) by extensions ['ignore', 'ignore_ament_install']
[8.299s] Level 1:colcon.colcon_core.package_identification:_identify(.) by extension 'ignore'
[8.299s] Level 1:colcon.colcon_core.package_identification:_identify(.) by extension 'ignore_ament_install'
[8.299s] Level 1:colcon.colcon_core.package_identification:_identify(.) by extensions ['colcon_pkg']
[8.299s] Level 1:colcon.colcon_core.package_identification:_identify(.) by extension 'colcon_pkg'
[8.299s] Level 1:colcon.colcon_core.package_identification:_identify(.) by extensions ['colcon_meta']
[8.299s] Level 1:colcon.colcon_core.package_identification:_identify(.) by extension 'colcon_meta'
[8.299s] Level 1:colcon.colcon_core.package_identification:_identify(.) by extensions ['ros']
[8.299s] Level 1:colcon.colcon_core.package_identification:_identify(.) by extension 'ros'
[8.385s] Level 1:colcon.colcon_core.package_identification:_identify(.) by extensions ['cmake', 'python']
[8.385s] Level 1:colcon.colcon_core.package_identification:_identify(.) by extension 'cmake'
[8.385s] Level 1:colcon.colcon_core.package_identification:_identify(.) by extension 'python'
[8.385s] Level 1:colcon.colcon_core.package_identification:_identify(.) by extensions ['python_setup_py']
[8.385s] Level 1:colcon.colcon_core.package_identification:_identify(.) by extension 'python_setup_py'
[8.385s] Level 1:colcon.colcon_core.package_identification:_identify(build) by extensions ['ignore', 'ignore_ament_install']
[8.385s] Level 1:colcon.colcon_core.package_identification:_identify(build) by extension 'ignore'
[8.385s] Level 1:colcon.colcon_core.package_identification:_identify(build) ignored
[8.386s] Level 1:colcon.colcon_core.package_identification:_identify(install) by extensions ['ignore', 'ignore_ament_install']
[8.386s] Level 1:colcon.colcon_core.package_identification:_identify(install) by extension 'ignore'
[8.386s] Level 1:colcon.colcon_core.package_identification:_identify(install) ignored
[8.386s] Level 1:colcon.colcon_core.package_identification:_identify(log) by extensions ['ignore', 'ignore_ament_install']
[8.386s] Level 1:colcon.colcon_core.package_identification:_identify(log) by extension 'ignore'
[8.386s] Level 1:colcon.colcon_core.package_identification:_identify(log) ignored
[8.386s] Level 1:colcon.colcon_core.package_identification:_identify(src) by extensions ['ignore', 'ignore_ament_install']
[8.386s] Level 1:colcon.colcon_core.package_identification:_identify(src) by extension 'ignore'
[8.387s] Level 1:colcon.colcon_core.package_identification:_identify(src) by extension 'ignore_ament_install'
[8.387s] Level 1:colcon.colcon_core.package_identification:_identify(src) by extensions ['colcon_pkg']
[8.387s] Level 1:colcon.colcon_core.package_identification:_identify(src) by extension 'colcon_pkg'
[8.387s] Level 1:colcon.colcon_core.package_identification:_identify(src) by extensions ['colcon_meta']
[8.387s] Level 1:colcon.colcon_core.package_identification:_identify(src) by extension 'colcon_meta'
[8.387s] Level 1:colcon.colcon_core.package_identification:_identify(src) by extensions ['ros']
[8.387s] Level 1:colcon.colcon_core.package_identification:_identify(src) by extension 'ros'
[8.387s] Level 1:colcon.colcon_core.package_identification:_identify(src) by extensions ['cmake', 'python']
[8.387s] Level 1:colcon.colcon_core.package_identification:_identify(src) by extension 'cmake'
[8.387s] Level 1:colcon.colcon_core.package_identification:_identify(src) by extension 'python'
[8.387s] Level 1:colcon.colcon_core.package_identification:_identify(src) by extensions ['python_setup_py']
[8.387s] Level 1:colcon.colcon_core.package_identification:_identify(src) by extension 'python_setup_py'
[8.388s] Level 1:colcon.colcon_core.package_identification:_identify(src/my_robot_bringup) by extensions ['ignore', 'ignore_ament_install']
[8.388s] Level 1:colcon.colcon_core.package_identification:_identify(src/my_robot_bringup) by extension 'ignore'
[8.388s] Level 1:colcon.colcon_core.package_identification:_identify(src/my_robot_bringup) by extension 'ignore_ament_install'
[8.388s] Level 1:colcon.colcon_core.package_identification:_identify(src/my_robot_bringup) by extensions ['colcon_pkg']
[8.388s] Level 1:colcon.colcon_core.package_identification:_identify(src/my_robot_bringup) by extension 'colcon_pkg'
[8.388s] Level 1:colcon.colcon_core.package_identification:_identify(src/my_robot_bringup) by extensions ['colcon_meta']
[8.388s] Level 1:colcon.colcon_core.package_identification:_identify(src/my_robot_bringup) by extension 'colcon_meta'
[8.388s] Level 1:colcon.colcon_core.package_identification:_identify(src/my_robot_bringup) by extensions ['ros']
[8.389s] Level 1:colcon.colcon_core.package_identification:_identify(src/my_robot_bringup) by extension 'ros'
[8.496s] DEBUG:colcon.colcon_core.package_identification:Package 'src/my_robot_bringup' with type 'ros.ament_cmake' and name 'my_robot_bringup'
[8.496s] Level 1:colcon.colcon_core.package_identification:_identify(src/my_robot_description) by extensions ['ignore', 'ignore_ament_install']
[8.497s] Level 1:colcon.colcon_core.package_identification:_identify(src/my_robot_description) by extension 'ignore'
[8.497s] Level 1:colcon.colcon_core.package_identification:_identify(src/my_robot_description) by extension 'ignore_ament_install'
[8.497s] Level 1:colcon.colcon_core.package_identification:_identify(src/my_robot_description) by extensions ['colcon_pkg']
[8.497s] Level 1:colcon.colcon_core.package_identification:_identify(src/my_robot_description) by extension 'colcon_pkg'
[8.497s] Level 1:colcon.colcon_core.package_identification:_identify(src/my_robot_description) by extensions ['colcon_meta']
[8.497s] Level 1:colcon.colcon_core.package_identification:_identify(src/my_robot_description) by extension 'colcon_meta'
[8.497s] Level 1:colcon.colcon_core.package_identification:_identify(src/my_robot_description) by extensions ['ros']
[8.497s] Level 1:colcon.colcon_core.package_identification:_identify(src/my_robot_description) by extension 'ros'
[8.499s] DEBUG:colcon.colcon_core.package_identification:Package 'src/my_robot_description' with type 'ros.ament_cmake' and name 'my_robot_description'
[8.499s] Level 1:colcon.colcon_core.package_discovery:discover_packages(recursive) using defaults
[8.499s] Level 1:colcon.colcon_core.package_discovery:discover_packages(ignore) discover
[8.499s] Level 1:colcon.colcon_core.package_discovery:discover_packages(ignore) using defaults
[8.499s] Level 1:colcon.colcon_core.package_discovery:discover_packages(path) discover
[8.499s] Level 1:colcon.colcon_core.package_discovery:discover_packages(path) using defaults
[8.737s] Level 1:colcon.colcon_core.package_discovery:discover_packages(prefix_path) check parameters
[8.737s] Level 1:colcon.colcon_core.package_discovery:discover_packages(prefix_path) discover
[8.754s] DEBUG:colcon.colcon_installed_package_information.package_discovery:Found 290 installed packages in /opt/ros/humble
[8.756s] Level 1:colcon.colcon_core.package_discovery:discover_packages(prefix_path) using defaults
[8.846s] Level 5:colcon.colcon_core.verb:set package 'my_robot_bringup' build argument 'cmake_args' from command line to 'None'
[8.847s] Level 5:colcon.colcon_core.verb:set package 'my_robot_bringup' build argument 'cmake_target' from command line to 'None'
[8.847s] Level 5:colcon.colcon_core.verb:set package 'my_robot_bringup' build argument 'cmake_target_skip_unavailable' from command line to 'False'
[8.847s] Level 5:colcon.colcon_core.verb:set package 'my_robot_bringup' build argument 'cmake_clean_cache' from command line to 'False'
[8.847s] Level 5:colcon.colcon_core.verb:set package 'my_robot_bringup' build argument 'cmake_clean_first' from command line to 'False'
[8.847s] Level 5:colcon.colcon_core.verb:set package 'my_robot_bringup' build argument 'cmake_force_configure' from command line to 'False'
[8.847s] Level 5:colcon.colcon_core.verb:set package 'my_robot_bringup' build argument 'ament_cmake_args' from command line to 'None'
[8.847s] Level 5:colcon.colcon_core.verb:set package 'my_robot_bringup' build argument 'catkin_cmake_args' from command line to 'None'
[8.847s] Level 5:colcon.colcon_core.verb:set package 'my_robot_bringup' build argument 'catkin_skip_building_tests' from command line to 'False'
[8.847s] DEBUG:colcon.colcon_core.verb:Building package 'my_robot_bringup' with the following arguments: {'ament_cmake_args': None, 'build_base': '/home/gari/Documents/ROS2/ros2_refer/build/my_robot_bringup', 'catkin_cmake_args': None, 'catkin_skip_building_tests': False, 'cmake_args': None, 'cmake_clean_cache': False, 'cmake_clean_first': False, 'cmake_force_configure': False, 'cmake_target': None, 'cmake_target_skip_unavailable': False, 'install_base': '/home/gari/Documents/ROS2/ros2_refer/install/my_robot_bringup', 'merge_install': False, 'path': '/home/gari/Documents/ROS2/ros2_refer/src/my_robot_bringup', 'symlink_install': True, 'test_result_base': None}
[8.847s] Level 5:colcon.colcon_core.verb:set package 'my_robot_description' build argument 'cmake_args' from command line to 'None'
[8.847s] Level 5:colcon.colcon_core.verb:set package 'my_robot_description' build argument 'cmake_target' from command line to 'None'
[8.848s] Level 5:colcon.colcon_core.verb:set package 'my_robot_description' build argument 'cmake_target_skip_unavailable' from command line to 'False'
[8.848s] Level 5:colcon.colcon_core.verb:set package 'my_robot_description' build argument 'cmake_clean_cache' from command line to 'False'
[8.848s] Level 5:colcon.colcon_core.verb:set package 'my_robot_description' build argument 'cmake_clean_first' from command line to 'False'
[8.848s] Level 5:colcon.colcon_core.verb:set package 'my_robot_description' build argument 'cmake_force_configure' from command line to 'False'
[8.848s] Level 5:colcon.colcon_core.verb:set package 'my_robot_description' build argument 'ament_cmake_args' from command line to 'None'
[8.848s] Level 5:colcon.colcon_core.verb:set package 'my_robot_description' build argument 'catkin_cmake_args' from command line to 'None'
[8.848s] Level 5:colcon.colcon_core.verb:set package 'my_robot_description' build argument 'catkin_skip_building_tests' from command line to 'False'
[8.848s] DEBUG:colcon.colcon_core.verb:Building package 'my_robot_description' with the following arguments: {'ament_cmake_args': None, 'build_base': '/home/gari/Documents/ROS2/ros2_refer/build/my_robot_description', 'catkin_cmake_args': None, 'catkin_skip_building_tests': False, 'cmake_args': None, 'cmake_clean_cache': False, 'cmake_clean_first': False, 'cmake_force_configure': False, 'cmake_target': None, 'cmake_target_skip_unavailable': False, 'install_base': '/home/gari/Documents/ROS2/ros2_refer/install/my_robot_description', 'merge_install': False, 'path': '/home/gari/Documents/ROS2/ros2_refer/src/my_robot_description', 'symlink_install': True, 'test_result_base': None}
[8.848s] INFO:colcon.colcon_core.executor:Executing jobs using 'parallel' executor
[8.849s] DEBUG:colcon.colcon_parallel_executor.executor.parallel:run_until_complete
[8.849s] INFO:colcon.colcon_ros.task.ament_cmake.build:Building ROS package in '/home/gari/Documents/ROS2/ros2_refer/src/my_robot_bringup' with build type 'ament_cmake'
[8.850s] INFO:colcon.colcon_cmake.task.cmake.build:Building CMake package in '/home/gari/Documents/ROS2/ros2_refer/src/my_robot_bringup'
[8.915s] INFO:colcon.colcon_core.plugin_system:Skipping extension 'colcon_core.shell.bat': Not used on non-Windows systems
[8.915s] INFO:colcon.colcon_core.shell:Skip shell extension 'powershell' for command environment: Not usable outside of PowerShell
[8.915s] DEBUG:colcon.colcon_core.shell:Skip shell extension 'dsv' for command environment
[8.941s] INFO:colcon.colcon_ros.task.ament_cmake.build:Building ROS package in '/home/gari/Documents/ROS2/ros2_refer/src/my_robot_description' with build type 'ament_cmake'
[8.941s] INFO:colcon.colcon_cmake.task.cmake.build:Building CMake package in '/home/gari/Documents/ROS2/ros2_refer/src/my_robot_description'
[8.942s] INFO:colcon.colcon_core.shell:Skip shell extension 'powershell' for command environment: Not usable outside of PowerShell
[8.942s] DEBUG:colcon.colcon_core.shell:Skip shell extension 'dsv' for command environment
[8.971s] DEBUG:colcon.colcon_core.event_handler.log_command:Invoking command in '/home/gari/Documents/ROS2/ros2_refer/build/my_robot_bringup': CMAKE_PREFIX_PATH=/opt/ros/humble /usr/bin/cmake --build /home/gari/Documents/ROS2/ros2_refer/build/my_robot_bringup -- -j12 -l12
[9.124s] DEBUG:colcon.colcon_core.event_handler.log_command:Invoking command in '/home/gari/Documents/ROS2/ros2_refer/build/my_robot_description': CMAKE_PREFIX_PATH=/opt/ros/humble /usr/bin/cmake --build /home/gari/Documents/ROS2/ros2_refer/build/my_robot_description -- -j12 -l12
[9.537s] DEBUG:colcon.colcon_core.event_handler.log_command:Invoked command in '/home/gari/Documents/ROS2/ros2_refer/build/my_robot_bringup' returned '0': CMAKE_PREFIX_PATH=/opt/ros/humble /usr/bin/cmake --build /home/gari/Documents/ROS2/ros2_refer/build/my_robot_bringup -- -j12 -l12
[9.584s] DEBUG:colcon.colcon_core.event_handler.log_command:Invoking command in '/home/gari/Documents/ROS2/ros2_refer/build/my_robot_bringup': CMAKE_PREFIX_PATH=/opt/ros/humble /usr/bin/cmake --install /home/gari/Documents/ROS2/ros2_refer/build/my_robot_bringup
[9.584s] DEBUG:colcon.colcon_core.event_handler.log_command:Invoked command in '/home/gari/Documents/ROS2/ros2_refer/build/my_robot_description' returned '0': CMAKE_PREFIX_PATH=/opt/ros/humble /usr/bin/cmake --build /home/gari/Documents/ROS2/ros2_refer/build/my_robot_description -- -j12 -l12
[9.649s] DEBUG:colcon.colcon_core.event_handler.log_command:Invoking command in '/home/gari/Documents/ROS2/ros2_refer/build/my_robot_description': CMAKE_PREFIX_PATH=/opt/ros/humble /usr/bin/cmake --install /home/gari/Documents/ROS2/ros2_refer/build/my_robot_description
[9.664s] Level 1:colcon.colcon_core.environment:create_environment_scripts_only(my_robot_bringup)
[9.665s] DEBUG:colcon.colcon_core.event_handler.log_command:Invoked command in '/home/gari/Documents/ROS2/ros2_refer/build/my_robot_bringup' returned '0': CMAKE_PREFIX_PATH=/opt/ros/humble /usr/bin/cmake --install /home/gari/Documents/ROS2/ros2_refer/build/my_robot_bringup
[9.711s] Level 1:colcon.colcon_core.environment:checking '/home/gari/Documents/ROS2/ros2_refer/install/my_robot_bringup' for CMake module files
[9.712s] Level 1:colcon.colcon_core.environment:checking '/home/gari/Documents/ROS2/ros2_refer/install/my_robot_bringup' for CMake config files
[9.712s] Level 1:colcon.colcon_core.shell:create_environment_hook('my_robot_bringup', 'cmake_prefix_path')
[9.713s] INFO:colcon.colcon_core.shell:Creating environment hook '/home/gari/Documents/ROS2/ros2_refer/install/my_robot_bringup/share/my_robot_bringup/hook/cmake_prefix_path.ps1'
[9.715s] INFO:colcon.colcon_core.shell:Creating environment descriptor '/home/gari/Documents/ROS2/ros2_refer/install/my_robot_bringup/share/my_robot_bringup/hook/cmake_prefix_path.dsv'
[9.716s] INFO:colcon.colcon_core.shell:Creating environment hook '/home/gari/Documents/ROS2/ros2_refer/install/my_robot_bringup/share/my_robot_bringup/hook/cmake_prefix_path.sh'
[9.717s] Level 1:colcon.colcon_core.environment:checking '/home/gari/Documents/ROS2/ros2_refer/install/my_robot_bringup/bin'
[9.717s] Level 1:colcon.colcon_core.environment:checking '/home/gari/Documents/ROS2/ros2_refer/install/my_robot_bringup/lib/pkgconfig/my_robot_bringup.pc'
[9.718s] Level 1:colcon.colcon_core.environment:checking '/home/gari/Documents/ROS2/ros2_refer/install/my_robot_bringup/lib/python3.10/site-packages'
[9.718s] Level 1:colcon.colcon_core.environment:checking '/home/gari/Documents/ROS2/ros2_refer/install/my_robot_bringup/bin'
[9.718s] INFO:colcon.colcon_core.shell:Creating package script '/home/gari/Documents/ROS2/ros2_refer/install/my_robot_bringup/share/my_robot_bringup/package.ps1'
[9.719s] INFO:colcon.colcon_core.shell:Creating package descriptor '/home/gari/Documents/ROS2/ros2_refer/install/my_robot_bringup/share/my_robot_bringup/package.dsv'
[9.720s] INFO:colcon.colcon_core.shell:Creating package script '/home/gari/Documents/ROS2/ros2_refer/install/my_robot_bringup/share/my_robot_bringup/package.sh'
[9.721s] INFO:colcon.colcon_core.shell:Creating package script '/home/gari/Documents/ROS2/ros2_refer/install/my_robot_bringup/share/my_robot_bringup/package.bash'
[9.744s] INFO:colcon.colcon_core.shell:Creating package script '/home/gari/Documents/ROS2/ros2_refer/install/my_robot_bringup/share/my_robot_bringup/package.zsh'
[9.768s] Level 1:colcon.colcon_core.environment:create_file_with_runtime_dependencies(/home/gari/Documents/ROS2/ros2_refer/install/my_robot_bringup/share/colcon-core/packages/my_robot_bringup)
[9.769s] Level 1:colcon.colcon_core.environment:create_environment_scripts_only(my_robot_bringup)
[9.769s] Level 1:colcon.colcon_core.environment:checking '/home/gari/Documents/ROS2/ros2_refer/install/my_robot_bringup' for CMake module files
[9.770s] Level 1:colcon.colcon_core.environment:checking '/home/gari/Documents/ROS2/ros2_refer/install/my_robot_bringup' for CMake config files
[9.770s] Level 1:colcon.colcon_core.shell:create_environment_hook('my_robot_bringup', 'cmake_prefix_path')
[9.770s] INFO:colcon.colcon_core.shell:Creating environment hook '/home/gari/Documents/ROS2/ros2_refer/install/my_robot_bringup/share/my_robot_bringup/hook/cmake_prefix_path.ps1'
[9.771s] INFO:colcon.colcon_core.shell:Creating environment descriptor '/home/gari/Documents/ROS2/ros2_refer/install/my_robot_bringup/share/my_robot_bringup/hook/cmake_prefix_path.dsv'
[9.771s] INFO:colcon.colcon_core.shell:Creating environment hook '/home/gari/Documents/ROS2/ros2_refer/install/my_robot_bringup/share/my_robot_bringup/hook/cmake_prefix_path.sh'
[9.772s] Level 1:colcon.colcon_core.environment:checking '/home/gari/Documents/ROS2/ros2_refer/install/my_robot_bringup/bin'
[9.772s] Level 1:colcon.colcon_core.environment:checking '/home/gari/Documents/ROS2/ros2_refer/install/my_robot_bringup/lib/pkgconfig/my_robot_bringup.pc'
[9.772s] Level 1:colcon.colcon_core.environment:checking '/home/gari/Documents/ROS2/ros2_refer/install/my_robot_bringup/lib/python3.10/site-packages'
[9.773s] Level 1:colcon.colcon_core.environment:checking '/home/gari/Documents/ROS2/ros2_refer/install/my_robot_bringup/bin'
[9.773s] INFO:colcon.colcon_core.shell:Creating package script '/home/gari/Documents/ROS2/ros2_refer/install/my_robot_bringup/share/my_robot_bringup/package.ps1'
[9.774s] INFO:colcon.colcon_core.shell:Creating package descriptor '/home/gari/Documents/ROS2/ros2_refer/install/my_robot_bringup/share/my_robot_bringup/package.dsv'
[9.774s] INFO:colcon.colcon_core.shell:Creating package script '/home/gari/Documents/ROS2/ros2_refer/install/my_robot_bringup/share/my_robot_bringup/package.sh'
[9.775s] INFO:colcon.colcon_core.shell:Creating package script '/home/gari/Documents/ROS2/ros2_refer/install/my_robot_bringup/share/my_robot_bringup/package.bash'
[9.775s] INFO:colcon.colcon_core.shell:Creating package script '/home/gari/Documents/ROS2/ros2_refer/install/my_robot_bringup/share/my_robot_bringup/package.zsh'
[9.776s] Level 1:colcon.colcon_core.environment:create_file_with_runtime_dependencies(/home/gari/Documents/ROS2/ros2_refer/install/my_robot_bringup/share/colcon-core/packages/my_robot_bringup)
[9.777s] Level 1:colcon.colcon_core.environment:create_environment_scripts_only(my_robot_description)
[9.777s] Level 1:colcon.colcon_core.environment:checking '/home/gari/Documents/ROS2/ros2_refer/install/my_robot_description' for CMake module files
[9.778s] DEBUG:colcon.colcon_core.event_handler.log_command:Invoked command in '/home/gari/Documents/ROS2/ros2_refer/build/my_robot_description' returned '0': CMAKE_PREFIX_PATH=/opt/ros/humble /usr/bin/cmake --install /home/gari/Documents/ROS2/ros2_refer/build/my_robot_description
[9.778s] Level 1:colcon.colcon_core.environment:checking '/home/gari/Documents/ROS2/ros2_refer/install/my_robot_description' for CMake config files
[9.779s] Level 1:colcon.colcon_core.shell:create_environment_hook('my_robot_description', 'cmake_prefix_path')
[9.779s] INFO:colcon.colcon_core.shell:Creating environment hook '/home/gari/Documents/ROS2/ros2_refer/install/my_robot_description/share/my_robot_description/hook/cmake_prefix_path.ps1'
[9.780s] INFO:colcon.colcon_core.shell:Creating environment descriptor '/home/gari/Documents/ROS2/ros2_refer/install/my_robot_description/share/my_robot_description/hook/cmake_prefix_path.dsv'
[9.780s] INFO:colcon.colcon_core.shell:Creating environment hook '/home/gari/Documents/ROS2/ros2_refer/install/my_robot_description/share/my_robot_description/hook/cmake_prefix_path.sh'
[9.781s] Level 1:colcon.colcon_core.environment:checking '/home/gari/Documents/ROS2/ros2_refer/install/my_robot_description/bin'
[9.781s] Level 1:colcon.colcon_core.environment:checking '/home/gari/Documents/ROS2/ros2_refer/install/my_robot_description/lib/pkgconfig/my_robot_description.pc'
[9.781s] Level 1:colcon.colcon_core.environment:checking '/home/gari/Documents/ROS2/ros2_refer/install/my_robot_description/lib/python3.10/site-packages'
[9.781s] Level 1:colcon.colcon_core.environment:checking '/home/gari/Documents/ROS2/ros2_refer/install/my_robot_description/bin'
[9.782s] INFO:colcon.colcon_core.shell:Creating package script '/home/gari/Documents/ROS2/ros2_refer/install/my_robot_description/share/my_robot_description/package.ps1'
[9.782s] INFO:colcon.colcon_core.shell:Creating package descriptor '/home/gari/Documents/ROS2/ros2_refer/install/my_robot_description/share/my_robot_description/package.dsv'
[9.783s] INFO:colcon.colcon_core.shell:Creating package script '/home/gari/Documents/ROS2/ros2_refer/install/my_robot_description/share/my_robot_description/package.sh'
[9.783s] INFO:colcon.colcon_core.shell:Creating package script '/home/gari/Documents/ROS2/ros2_refer/install/my_robot_description/share/my_robot_description/package.bash'
[9.784s] INFO:colcon.colcon_core.shell:Creating package script '/home/gari/Documents/ROS2/ros2_refer/install/my_robot_description/share/my_robot_description/package.zsh'
[9.784s] Level 1:colcon.colcon_core.environment:create_file_with_runtime_dependencies(/home/gari/Documents/ROS2/ros2_refer/install/my_robot_description/share/colcon-core/packages/my_robot_description)
[9.785s] Level 1:colcon.colcon_core.environment:create_environment_scripts_only(my_robot_description)
[9.785s] Level 1:colcon.colcon_core.environment:checking '/home/gari/Documents/ROS2/ros2_refer/install/my_robot_description' for CMake module files
[9.785s] Level 1:colcon.colcon_core.environment:checking '/home/gari/Documents/ROS2/ros2_refer/install/my_robot_description' for CMake config files
[9.786s] Level 1:colcon.colcon_core.shell:create_environment_hook('my_robot_description', 'cmake_prefix_path')
[9.786s] INFO:colcon.colcon_core.shell:Creating environment hook '/home/gari/Documents/ROS2/ros2_refer/install/my_robot_description/share/my_robot_description/hook/cmake_prefix_path.ps1'
[9.787s] INFO:colcon.colcon_core.shell:Creating environment descriptor '/home/gari/Documents/ROS2/ros2_refer/install/my_robot_description/share/my_robot_description/hook/cmake_prefix_path.dsv'
[9.787s] INFO:colcon.colcon_core.shell:Creating environment hook '/home/gari/Documents/ROS2/ros2_refer/install/my_robot_description/share/my_robot_description/hook/cmake_prefix_path.sh'
[9.788s] Level 1:colcon.colcon_core.environment:checking '/home/gari/Documents/ROS2/ros2_refer/install/my_robot_description/bin'
[9.788s] Level 1:colcon.colcon_core.environment:checking '/home/gari/Documents/ROS2/ros2_refer/install/my_robot_description/lib/pkgconfig/my_robot_description.pc'
[9.788s] Level 1:colcon.colcon_core.environment:checking '/home/gari/Documents/ROS2/ros2_refer/install/my_robot_description/lib/python3.10/site-packages'
[9.788s] Level 1:colcon.colcon_core.environment:checking '/home/gari/Documents/ROS2/ros2_refer/install/my_robot_description/bin'
[9.789s] INFO:colcon.colcon_core.shell:Creating package script '/home/gari/Documents/ROS2/ros2_refer/install/my_robot_description/share/my_robot_description/package.ps1'
[9.789s] INFO:colcon.colcon_core.shell:Creating package descriptor '/home/gari/Documents/ROS2/ros2_refer/install/my_robot_description/share/my_robot_description/package.dsv'
[9.790s] INFO:colcon.colcon_core.shell:Creating package script '/home/gari/Documents/ROS2/ros2_refer/install/my_robot_description/share/my_robot_description/package.sh'
[9.790s] INFO:colcon.colcon_core.shell:Creating package script '/home/gari/Documents/ROS2/ros2_refer/install/my_robot_description/share/my_robot_description/package.bash'
[9.791s] INFO:colcon.colcon_core.shell:Creating package script '/home/gari/Documents/ROS2/ros2_refer/install/my_robot_description/share/my_robot_description/package.zsh'
[9.791s] Level 1:colcon.colcon_core.environment:create_file_with_runtime_dependencies(/home/gari/Documents/ROS2/ros2_refer/install/my_robot_description/share/colcon-core/packages/my_robot_description)
[9.791s] DEBUG:colcon.colcon_parallel_executor.executor.parallel:closing loop
[9.792s] DEBUG:colcon.colcon_parallel_executor.executor.parallel:loop closed
[9.792s] DEBUG:colcon.colcon_parallel_executor.executor.parallel:run_until_complete finished with '0'
[9.792s] DEBUG:colcon.colcon_core.event_reactor:joining thread
[9.817s] INFO:colcon.colcon_core.plugin_system:Skipping extension 'colcon_notification.desktop_notification.terminal_notifier': Not used on non-Darwin systems
[9.817s] INFO:colcon.colcon_core.plugin_system:Skipping extension 'colcon_notification.desktop_notification.win32': Not used on non-Windows systems
[9.817s] INFO:colcon.colcon_notification.desktop_notification:Sending desktop notification using 'notify2'
[9.836s] DEBUG:colcon.colcon_core.event_reactor:joined thread
[9.836s] INFO:colcon.colcon_core.shell:Creating prefix script '/home/gari/Documents/ROS2/ros2_refer/install/local_setup.ps1'
[9.838s] INFO:colcon.colcon_core.shell:Creating prefix util module '/home/gari/Documents/ROS2/ros2_refer/install/_local_setup_util_ps1.py'
[9.840s] INFO:colcon.colcon_core.shell:Creating prefix chain script '/home/gari/Documents/ROS2/ros2_refer/install/setup.ps1'
[9.843s] INFO:colcon.colcon_core.shell:Creating prefix script '/home/gari/Documents/ROS2/ros2_refer/install/local_setup.sh'
[9.846s] INFO:colcon.colcon_core.shell:Creating prefix util module '/home/gari/Documents/ROS2/ros2_refer/install/_local_setup_util_sh.py'
[9.846s] INFO:colcon.colcon_core.shell:Creating prefix chain script '/home/gari/Documents/ROS2/ros2_refer/install/setup.sh'
[9.848s] INFO:colcon.colcon_core.shell:Creating prefix script '/home/gari/Documents/ROS2/ros2_refer/install/local_setup.bash'
[9.849s] INFO:colcon.colcon_core.shell:Creating prefix chain script '/home/gari/Documents/ROS2/ros2_refer/install/setup.bash'
[9.850s] INFO:colcon.colcon_core.shell:Creating prefix script '/home/gari/Documents/ROS2/ros2_refer/install/local_setup.zsh'
[9.851s] INFO:colcon.colcon_core.shell:Creating prefix chain script '/home/gari/Documents/ROS2/ros2_refer/install/setup.zsh'
