[2.915s] DEBUG:colcon:Command line arguments: ['/usr/bin/colcon', 'build', '--symlink-install']
[2.916s] DEBUG:colcon:Parsed command line arguments: Namespace(log_base=None, log_level=None, verb_name='build', build_base='build', install_base='install', merge_install=False, symlink_install=True, test_result_base=None, continue_on_error=False, executor='parallel', parallel_workers=12, event_handlers=None, ignore_user_meta=False, metas=['./colcon.meta'], base_paths=['.'], packages_ignore=None, packages_ignore_regex=None, paths=None, packages_up_to=None, packages_up_to_regex=None, packages_above=None, packages_above_and_dependencies=None, packages_above_depth=None, packages_select_by_dep=None, packages_skip_by_dep=None, packages_skip_up_to=None, packages_select_build_failed=False, packages_skip_build_finished=False, packages_select_test_failures=False, packages_skip_test_passed=False, packages_select=None, packages_skip=None, packages_select_regex=None, packages_skip_regex=None, packages_start=None, packages_end=None, allow_overriding=[], cmake_args=None, cmake_target=None, cmake_target_skip_unavailable=False, cmake_clean_cache=False, cmake_clean_first=False, cmake_force_configure=False, ament_cmake_args=None, catkin_cmake_args=None, catkin_skip_building_tests=False, mixin_files=None, mixin=None, verb_parser=<colcon_mixin.mixin.mixin_argument.MixinArgumentDecorator object at 0x758fdb9655d0>, verb_extension=<colcon_core.verb.build.BuildVerb object at 0x758fdb965120>, main=<bound method BuildVerb.main of <colcon_core.verb.build.BuildVerb object at 0x758fdb965120>>, mixin_verb=('build',))
[9.751s] Level 1:colcon.colcon_core.package_discovery:discover_packages(colcon_meta) check parameters
[9.751s] Level 1:colcon.colcon_core.package_discovery:discover_packages(recursive) check parameters
[9.751s] Level 1:colcon.colcon_core.package_discovery:discover_packages(ignore) check parameters
[9.751s] Level 1:colcon.colcon_core.package_discovery:discover_packages(path) check parameters
[9.751s] Level 1:colcon.colcon_core.package_discovery:discover_packages(colcon_meta) discover
[9.751s] Level 1:colcon.colcon_core.package_discovery:discover_packages(recursive) discover
[9.751s] INFO:colcon.colcon_core.package_discovery:Crawling recursively for packages in '/home/gari/Documents/ROS2/ros2_refer'
[9.752s] Level 1:colcon.colcon_core.package_identification:_identify(.) by extensions ['ignore', 'ignore_ament_install']
[9.752s] Level 1:colcon.colcon_core.package_identification:_identify(.) by extension 'ignore'
[9.752s] Level 1:colcon.colcon_core.package_identification:_identify(.) by extension 'ignore_ament_install'
[9.752s] Level 1:colcon.colcon_core.package_identification:_identify(.) by extensions ['colcon_pkg']
[9.752s] Level 1:colcon.colcon_core.package_identification:_identify(.) by extension 'colcon_pkg'
[9.752s] Level 1:colcon.colcon_core.package_identification:_identify(.) by extensions ['colcon_meta']
[9.752s] Level 1:colcon.colcon_core.package_identification:_identify(.) by extension 'colcon_meta'
[9.752s] Level 1:colcon.colcon_core.package_identification:_identify(.) by extensions ['ros']
[9.752s] Level 1:colcon.colcon_core.package_identification:_identify(.) by extension 'ros'
[9.833s] Level 1:colcon.colcon_core.package_identification:_identify(.) by extensions ['cmake', 'python']
[9.833s] Level 1:colcon.colcon_core.package_identification:_identify(.) by extension 'cmake'
[9.833s] Level 1:colcon.colcon_core.package_identification:_identify(.) by extension 'python'
[9.833s] Level 1:colcon.colcon_core.package_identification:_identify(.) by extensions ['python_setup_py']
[9.833s] Level 1:colcon.colcon_core.package_identification:_identify(.) by extension 'python_setup_py'
[9.834s] Level 1:colcon.colcon_core.package_identification:_identify(build) by extensions ['ignore', 'ignore_ament_install']
[9.834s] Level 1:colcon.colcon_core.package_identification:_identify(build) by extension 'ignore'
[9.834s] Level 1:colcon.colcon_core.package_identification:_identify(build) ignored
[9.834s] Level 1:colcon.colcon_core.package_identification:_identify(install) by extensions ['ignore', 'ignore_ament_install']
[9.834s] Level 1:colcon.colcon_core.package_identification:_identify(install) by extension 'ignore'
[9.834s] Level 1:colcon.colcon_core.package_identification:_identify(install) ignored
[9.834s] Level 1:colcon.colcon_core.package_identification:_identify(log) by extensions ['ignore', 'ignore_ament_install']
[9.835s] Level 1:colcon.colcon_core.package_identification:_identify(log) by extension 'ignore'
[9.835s] Level 1:colcon.colcon_core.package_identification:_identify(log) ignored
[9.835s] Level 1:colcon.colcon_core.package_identification:_identify(src) by extensions ['ignore', 'ignore_ament_install']
[9.835s] Level 1:colcon.colcon_core.package_identification:_identify(src) by extension 'ignore'
[9.835s] Level 1:colcon.colcon_core.package_identification:_identify(src) by extension 'ignore_ament_install'
[9.835s] Level 1:colcon.colcon_core.package_identification:_identify(src) by extensions ['colcon_pkg']
[9.835s] Level 1:colcon.colcon_core.package_identification:_identify(src) by extension 'colcon_pkg'
[9.835s] Level 1:colcon.colcon_core.package_identification:_identify(src) by extensions ['colcon_meta']
[9.835s] Level 1:colcon.colcon_core.package_identification:_identify(src) by extension 'colcon_meta'
[9.835s] Level 1:colcon.colcon_core.package_identification:_identify(src) by extensions ['ros']
[9.835s] Level 1:colcon.colcon_core.package_identification:_identify(src) by extension 'ros'
[9.836s] Level 1:colcon.colcon_core.package_identification:_identify(src) by extensions ['cmake', 'python']
[9.836s] Level 1:colcon.colcon_core.package_identification:_identify(src) by extension 'cmake'
[9.836s] Level 1:colcon.colcon_core.package_identification:_identify(src) by extension 'python'
[9.836s] Level 1:colcon.colcon_core.package_identification:_identify(src) by extensions ['python_setup_py']
[9.836s] Level 1:colcon.colcon_core.package_identification:_identify(src) by extension 'python_setup_py'
[9.836s] Level 1:colcon.colcon_core.package_identification:_identify(src/my_robot_bringup) by extensions ['ignore', 'ignore_ament_install']
[9.836s] Level 1:colcon.colcon_core.package_identification:_identify(src/my_robot_bringup) by extension 'ignore'
[9.836s] Level 1:colcon.colcon_core.package_identification:_identify(src/my_robot_bringup) by extension 'ignore_ament_install'
[9.836s] Level 1:colcon.colcon_core.package_identification:_identify(src/my_robot_bringup) by extensions ['colcon_pkg']
[9.836s] Level 1:colcon.colcon_core.package_identification:_identify(src/my_robot_bringup) by extension 'colcon_pkg'
[9.836s] Level 1:colcon.colcon_core.package_identification:_identify(src/my_robot_bringup) by extensions ['colcon_meta']
[9.836s] Level 1:colcon.colcon_core.package_identification:_identify(src/my_robot_bringup) by extension 'colcon_meta'
[9.836s] Level 1:colcon.colcon_core.package_identification:_identify(src/my_robot_bringup) by extensions ['ros']
[9.837s] Level 1:colcon.colcon_core.package_identification:_identify(src/my_robot_bringup) by extension 'ros'
[9.876s] DEBUG:colcon.colcon_core.package_identification:Package 'src/my_robot_bringup' with type 'ros.ament_cmake' and name 'my_robot_bringup'
[9.877s] Level 1:colcon.colcon_core.package_identification:_identify(src/my_robot_description) by extensions ['ignore', 'ignore_ament_install']
[9.877s] Level 1:colcon.colcon_core.package_identification:_identify(src/my_robot_description) by extension 'ignore'
[9.877s] Level 1:colcon.colcon_core.package_identification:_identify(src/my_robot_description) by extension 'ignore_ament_install'
[9.877s] Level 1:colcon.colcon_core.package_identification:_identify(src/my_robot_description) by extensions ['colcon_pkg']
[9.877s] Level 1:colcon.colcon_core.package_identification:_identify(src/my_robot_description) by extension 'colcon_pkg'
[9.877s] Level 1:colcon.colcon_core.package_identification:_identify(src/my_robot_description) by extensions ['colcon_meta']
[9.877s] Level 1:colcon.colcon_core.package_identification:_identify(src/my_robot_description) by extension 'colcon_meta'
[9.877s] Level 1:colcon.colcon_core.package_identification:_identify(src/my_robot_description) by extensions ['ros']
[9.877s] Level 1:colcon.colcon_core.package_identification:_identify(src/my_robot_description) by extension 'ros'
[9.879s] DEBUG:colcon.colcon_core.package_identification:Package 'src/my_robot_description' with type 'ros.ament_cmake' and name 'my_robot_description'
[9.879s] Level 1:colcon.colcon_core.package_discovery:discover_packages(recursive) using defaults
[9.879s] Level 1:colcon.colcon_core.package_discovery:discover_packages(ignore) discover
[9.879s] Level 1:colcon.colcon_core.package_discovery:discover_packages(ignore) using defaults
[9.879s] Level 1:colcon.colcon_core.package_discovery:discover_packages(path) discover
[9.879s] Level 1:colcon.colcon_core.package_discovery:discover_packages(path) using defaults
[10.117s] Level 1:colcon.colcon_core.package_discovery:discover_packages(prefix_path) check parameters
[10.117s] Level 1:colcon.colcon_core.package_discovery:discover_packages(prefix_path) discover
[10.133s] DEBUG:colcon.colcon_installed_package_information.package_discovery:Found 290 installed packages in /opt/ros/humble
[10.136s] Level 1:colcon.colcon_core.package_discovery:discover_packages(prefix_path) using defaults
[10.224s] Level 5:colcon.colcon_core.verb:set package 'my_robot_bringup' build argument 'cmake_args' from command line to 'None'
[10.224s] Level 5:colcon.colcon_core.verb:set package 'my_robot_bringup' build argument 'cmake_target' from command line to 'None'
[10.224s] Level 5:colcon.colcon_core.verb:set package 'my_robot_bringup' build argument 'cmake_target_skip_unavailable' from command line to 'False'
[10.224s] Level 5:colcon.colcon_core.verb:set package 'my_robot_bringup' build argument 'cmake_clean_cache' from command line to 'False'
[10.224s] Level 5:colcon.colcon_core.verb:set package 'my_robot_bringup' build argument 'cmake_clean_first' from command line to 'False'
[10.224s] Level 5:colcon.colcon_core.verb:set package 'my_robot_bringup' build argument 'cmake_force_configure' from command line to 'False'
[10.224s] Level 5:colcon.colcon_core.verb:set package 'my_robot_bringup' build argument 'ament_cmake_args' from command line to 'None'
[10.224s] Level 5:colcon.colcon_core.verb:set package 'my_robot_bringup' build argument 'catkin_cmake_args' from command line to 'None'
[10.225s] Level 5:colcon.colcon_core.verb:set package 'my_robot_bringup' build argument 'catkin_skip_building_tests' from command line to 'False'
[10.225s] DEBUG:colcon.colcon_core.verb:Building package 'my_robot_bringup' with the following arguments: {'ament_cmake_args': None, 'build_base': '/home/gari/Documents/ROS2/ros2_refer/build/my_robot_bringup', 'catkin_cmake_args': None, 'catkin_skip_building_tests': False, 'cmake_args': None, 'cmake_clean_cache': False, 'cmake_clean_first': False, 'cmake_force_configure': False, 'cmake_target': None, 'cmake_target_skip_unavailable': False, 'install_base': '/home/gari/Documents/ROS2/ros2_refer/install/my_robot_bringup', 'merge_install': False, 'path': '/home/gari/Documents/ROS2/ros2_refer/src/my_robot_bringup', 'symlink_install': True, 'test_result_base': None}
[10.225s] Level 5:colcon.colcon_core.verb:set package 'my_robot_description' build argument 'cmake_args' from command line to 'None'
[10.225s] Level 5:colcon.colcon_core.verb:set package 'my_robot_description' build argument 'cmake_target' from command line to 'None'
[10.225s] Level 5:colcon.colcon_core.verb:set package 'my_robot_description' build argument 'cmake_target_skip_unavailable' from command line to 'False'
[10.225s] Level 5:colcon.colcon_core.verb:set package 'my_robot_description' build argument 'cmake_clean_cache' from command line to 'False'
[10.225s] Level 5:colcon.colcon_core.verb:set package 'my_robot_description' build argument 'cmake_clean_first' from command line to 'False'
[10.225s] Level 5:colcon.colcon_core.verb:set package 'my_robot_description' build argument 'cmake_force_configure' from command line to 'False'
[10.225s] Level 5:colcon.colcon_core.verb:set package 'my_robot_description' build argument 'ament_cmake_args' from command line to 'None'
[10.225s] Level 5:colcon.colcon_core.verb:set package 'my_robot_description' build argument 'catkin_cmake_args' from command line to 'None'
[10.225s] Level 5:colcon.colcon_core.verb:set package 'my_robot_description' build argument 'catkin_skip_building_tests' from command line to 'False'
[10.225s] DEBUG:colcon.colcon_core.verb:Building package 'my_robot_description' with the following arguments: {'ament_cmake_args': None, 'build_base': '/home/gari/Documents/ROS2/ros2_refer/build/my_robot_description', 'catkin_cmake_args': None, 'catkin_skip_building_tests': False, 'cmake_args': None, 'cmake_clean_cache': False, 'cmake_clean_first': False, 'cmake_force_configure': False, 'cmake_target': None, 'cmake_target_skip_unavailable': False, 'install_base': '/home/gari/Documents/ROS2/ros2_refer/install/my_robot_description', 'merge_install': False, 'path': '/home/gari/Documents/ROS2/ros2_refer/src/my_robot_description', 'symlink_install': True, 'test_result_base': None}
[10.226s] INFO:colcon.colcon_core.executor:Executing jobs using 'parallel' executor
[10.227s] DEBUG:colcon.colcon_parallel_executor.executor.parallel:run_until_complete
[10.227s] INFO:colcon.colcon_ros.task.ament_cmake.build:Building ROS package in '/home/gari/Documents/ROS2/ros2_refer/src/my_robot_bringup' with build type 'ament_cmake'
[10.227s] INFO:colcon.colcon_cmake.task.cmake.build:Building CMake package in '/home/gari/Documents/ROS2/ros2_refer/src/my_robot_bringup'
[10.281s] INFO:colcon.colcon_core.plugin_system:Skipping extension 'colcon_core.shell.bat': Not used on non-Windows systems
[10.281s] INFO:colcon.colcon_core.shell:Skip shell extension 'powershell' for command environment: Not usable outside of PowerShell
[10.281s] DEBUG:colcon.colcon_core.shell:Skip shell extension 'dsv' for command environment
[10.305s] INFO:colcon.colcon_ros.task.ament_cmake.build:Building ROS package in '/home/gari/Documents/ROS2/ros2_refer/src/my_robot_description' with build type 'ament_cmake'
[10.306s] INFO:colcon.colcon_cmake.task.cmake.build:Building CMake package in '/home/gari/Documents/ROS2/ros2_refer/src/my_robot_description'
[10.306s] INFO:colcon.colcon_core.shell:Skip shell extension 'powershell' for command environment: Not usable outside of PowerShell
[10.307s] DEBUG:colcon.colcon_core.shell:Skip shell extension 'dsv' for command environment
[10.342s] DEBUG:colcon.colcon_core.event_handler.log_command:Invoking command in '/home/gari/Documents/ROS2/ros2_refer/build/my_robot_bringup': CMAKE_PREFIX_PATH=/opt/ros/humble /usr/bin/cmake --build /home/gari/Documents/ROS2/ros2_refer/build/my_robot_bringup -- -j12 -l12
[10.452s] DEBUG:colcon.colcon_core.event_handler.log_command:Invoking command in '/home/gari/Documents/ROS2/ros2_refer/build/my_robot_description': CMAKE_PREFIX_PATH=/opt/ros/humble /usr/bin/cmake --build /home/gari/Documents/ROS2/ros2_refer/build/my_robot_description -- -j12 -l12
[10.963s] DEBUG:colcon.colcon_core.event_handler.log_command:Invoked command in '/home/gari/Documents/ROS2/ros2_refer/build/my_robot_description' returned '0': CMAKE_PREFIX_PATH=/opt/ros/humble /usr/bin/cmake --build /home/gari/Documents/ROS2/ros2_refer/build/my_robot_description -- -j12 -l12
[11.030s] DEBUG:colcon.colcon_core.event_handler.log_command:Invoking command in '/home/gari/Documents/ROS2/ros2_refer/build/my_robot_description': CMAKE_PREFIX_PATH=/opt/ros/humble /usr/bin/cmake --install /home/gari/Documents/ROS2/ros2_refer/build/my_robot_description
[11.031s] DEBUG:colcon.colcon_core.event_handler.log_command:Invoked command in '/home/gari/Documents/ROS2/ros2_refer/build/my_robot_bringup' returned '0': CMAKE_PREFIX_PATH=/opt/ros/humble /usr/bin/cmake --build /home/gari/Documents/ROS2/ros2_refer/build/my_robot_bringup -- -j12 -l12
[11.038s] DEBUG:colcon.colcon_core.event_handler.log_command:Invoking command in '/home/gari/Documents/ROS2/ros2_refer/build/my_robot_bringup': CMAKE_PREFIX_PATH=/opt/ros/humble /usr/bin/cmake --install /home/gari/Documents/ROS2/ros2_refer/build/my_robot_bringup
[11.060s] Level 1:colcon.colcon_core.environment:create_environment_scripts_only(my_robot_description)
[11.061s] DEBUG:colcon.colcon_core.event_handler.log_command:Invoked command in '/home/gari/Documents/ROS2/ros2_refer/build/my_robot_description' returned '0': CMAKE_PREFIX_PATH=/opt/ros/humble /usr/bin/cmake --install /home/gari/Documents/ROS2/ros2_refer/build/my_robot_description
[11.119s] Level 1:colcon.colcon_core.environment:checking '/home/gari/Documents/ROS2/ros2_refer/install/my_robot_description' for CMake module files
[11.121s] Level 1:colcon.colcon_core.environment:checking '/home/gari/Documents/ROS2/ros2_refer/install/my_robot_description' for CMake config files
[11.122s] Level 1:colcon.colcon_core.shell:create_environment_hook('my_robot_description', 'cmake_prefix_path')
[11.123s] INFO:colcon.colcon_core.shell:Creating environment hook '/home/gari/Documents/ROS2/ros2_refer/install/my_robot_description/share/my_robot_description/hook/cmake_prefix_path.ps1'
[11.137s] INFO:colcon.colcon_core.shell:Creating environment descriptor '/home/gari/Documents/ROS2/ros2_refer/install/my_robot_description/share/my_robot_description/hook/cmake_prefix_path.dsv'
[11.141s] INFO:colcon.colcon_core.shell:Creating environment hook '/home/gari/Documents/ROS2/ros2_refer/install/my_robot_description/share/my_robot_description/hook/cmake_prefix_path.sh'
[11.144s] Level 1:colcon.colcon_core.environment:checking '/home/gari/Documents/ROS2/ros2_refer/install/my_robot_description/bin'
[11.145s] Level 1:colcon.colcon_core.environment:checking '/home/gari/Documents/ROS2/ros2_refer/install/my_robot_description/lib/pkgconfig/my_robot_description.pc'
[11.146s] Level 1:colcon.colcon_core.environment:checking '/home/gari/Documents/ROS2/ros2_refer/install/my_robot_description/lib/python3.10/site-packages'
[11.146s] Level 1:colcon.colcon_core.environment:checking '/home/gari/Documents/ROS2/ros2_refer/install/my_robot_description/bin'
[11.147s] INFO:colcon.colcon_core.shell:Creating package script '/home/gari/Documents/ROS2/ros2_refer/install/my_robot_description/share/my_robot_description/package.ps1'
[11.151s] INFO:colcon.colcon_core.shell:Creating package descriptor '/home/gari/Documents/ROS2/ros2_refer/install/my_robot_description/share/my_robot_description/package.dsv'
[11.154s] INFO:colcon.colcon_core.shell:Creating package script '/home/gari/Documents/ROS2/ros2_refer/install/my_robot_description/share/my_robot_description/package.sh'
[11.158s] INFO:colcon.colcon_core.shell:Creating package script '/home/gari/Documents/ROS2/ros2_refer/install/my_robot_description/share/my_robot_description/package.bash'
[11.161s] INFO:colcon.colcon_core.shell:Creating package script '/home/gari/Documents/ROS2/ros2_refer/install/my_robot_description/share/my_robot_description/package.zsh'
[11.173s] Level 1:colcon.colcon_core.environment:create_file_with_runtime_dependencies(/home/gari/Documents/ROS2/ros2_refer/install/my_robot_description/share/colcon-core/packages/my_robot_description)
[11.174s] Level 1:colcon.colcon_core.environment:create_environment_scripts_only(my_robot_description)
[11.174s] Level 1:colcon.colcon_core.environment:checking '/home/gari/Documents/ROS2/ros2_refer/install/my_robot_description' for CMake module files
[11.175s] Level 1:colcon.colcon_core.environment:checking '/home/gari/Documents/ROS2/ros2_refer/install/my_robot_description' for CMake config files
[11.175s] Level 1:colcon.colcon_core.shell:create_environment_hook('my_robot_description', 'cmake_prefix_path')
[11.176s] INFO:colcon.colcon_core.shell:Creating environment hook '/home/gari/Documents/ROS2/ros2_refer/install/my_robot_description/share/my_robot_description/hook/cmake_prefix_path.ps1'
[11.177s] INFO:colcon.colcon_core.shell:Creating environment descriptor '/home/gari/Documents/ROS2/ros2_refer/install/my_robot_description/share/my_robot_description/hook/cmake_prefix_path.dsv'
[11.177s] INFO:colcon.colcon_core.shell:Creating environment hook '/home/gari/Documents/ROS2/ros2_refer/install/my_robot_description/share/my_robot_description/hook/cmake_prefix_path.sh'
[11.178s] Level 1:colcon.colcon_core.environment:checking '/home/gari/Documents/ROS2/ros2_refer/install/my_robot_description/bin'
[11.179s] Level 1:colcon.colcon_core.environment:checking '/home/gari/Documents/ROS2/ros2_refer/install/my_robot_description/lib/pkgconfig/my_robot_description.pc'
[11.179s] Level 1:colcon.colcon_core.environment:checking '/home/gari/Documents/ROS2/ros2_refer/install/my_robot_description/lib/python3.10/site-packages'
[11.179s] Level 1:colcon.colcon_core.environment:checking '/home/gari/Documents/ROS2/ros2_refer/install/my_robot_description/bin'
[11.180s] INFO:colcon.colcon_core.shell:Creating package script '/home/gari/Documents/ROS2/ros2_refer/install/my_robot_description/share/my_robot_description/package.ps1'
[11.181s] INFO:colcon.colcon_core.shell:Creating package descriptor '/home/gari/Documents/ROS2/ros2_refer/install/my_robot_description/share/my_robot_description/package.dsv'
[11.182s] INFO:colcon.colcon_core.shell:Creating package script '/home/gari/Documents/ROS2/ros2_refer/install/my_robot_description/share/my_robot_description/package.sh'
[11.182s] INFO:colcon.colcon_core.shell:Creating package script '/home/gari/Documents/ROS2/ros2_refer/install/my_robot_description/share/my_robot_description/package.bash'
[11.183s] INFO:colcon.colcon_core.shell:Creating package script '/home/gari/Documents/ROS2/ros2_refer/install/my_robot_description/share/my_robot_description/package.zsh'
[11.184s] Level 1:colcon.colcon_core.environment:create_file_with_runtime_dependencies(/home/gari/Documents/ROS2/ros2_refer/install/my_robot_description/share/colcon-core/packages/my_robot_description)
[11.185s] Level 1:colcon.colcon_core.environment:create_environment_scripts_only(my_robot_bringup)
[11.185s] Level 1:colcon.colcon_core.environment:checking '/home/gari/Documents/ROS2/ros2_refer/install/my_robot_bringup' for CMake module files
[11.186s] DEBUG:colcon.colcon_core.event_handler.log_command:Invoked command in '/home/gari/Documents/ROS2/ros2_refer/build/my_robot_bringup' returned '0': CMAKE_PREFIX_PATH=/opt/ros/humble /usr/bin/cmake --install /home/gari/Documents/ROS2/ros2_refer/build/my_robot_bringup
[11.187s] Level 1:colcon.colcon_core.environment:checking '/home/gari/Documents/ROS2/ros2_refer/install/my_robot_bringup' for CMake config files
[11.187s] Level 1:colcon.colcon_core.shell:create_environment_hook('my_robot_bringup', 'cmake_prefix_path')
[11.187s] INFO:colcon.colcon_core.shell:Creating environment hook '/home/gari/Documents/ROS2/ros2_refer/install/my_robot_bringup/share/my_robot_bringup/hook/cmake_prefix_path.ps1'
[11.188s] INFO:colcon.colcon_core.shell:Creating environment descriptor '/home/gari/Documents/ROS2/ros2_refer/install/my_robot_bringup/share/my_robot_bringup/hook/cmake_prefix_path.dsv'
[11.188s] INFO:colcon.colcon_core.shell:Creating environment hook '/home/gari/Documents/ROS2/ros2_refer/install/my_robot_bringup/share/my_robot_bringup/hook/cmake_prefix_path.sh'
[11.189s] Level 1:colcon.colcon_core.environment:checking '/home/gari/Documents/ROS2/ros2_refer/install/my_robot_bringup/bin'
[11.189s] Level 1:colcon.colcon_core.environment:checking '/home/gari/Documents/ROS2/ros2_refer/install/my_robot_bringup/lib/pkgconfig/my_robot_bringup.pc'
[11.190s] Level 1:colcon.colcon_core.environment:checking '/home/gari/Documents/ROS2/ros2_refer/install/my_robot_bringup/lib/python3.10/site-packages'
[11.190s] Level 1:colcon.colcon_core.environment:checking '/home/gari/Documents/ROS2/ros2_refer/install/my_robot_bringup/bin'
[11.190s] INFO:colcon.colcon_core.shell:Creating package script '/home/gari/Documents/ROS2/ros2_refer/install/my_robot_bringup/share/my_robot_bringup/package.ps1'
[11.191s] INFO:colcon.colcon_core.shell:Creating package descriptor '/home/gari/Documents/ROS2/ros2_refer/install/my_robot_bringup/share/my_robot_bringup/package.dsv'
[11.192s] INFO:colcon.colcon_core.shell:Creating package script '/home/gari/Documents/ROS2/ros2_refer/install/my_robot_bringup/share/my_robot_bringup/package.sh'
[11.192s] INFO:colcon.colcon_core.shell:Creating package script '/home/gari/Documents/ROS2/ros2_refer/install/my_robot_bringup/share/my_robot_bringup/package.bash'
[11.193s] INFO:colcon.colcon_core.shell:Creating package script '/home/gari/Documents/ROS2/ros2_refer/install/my_robot_bringup/share/my_robot_bringup/package.zsh'
[11.193s] Level 1:colcon.colcon_core.environment:create_file_with_runtime_dependencies(/home/gari/Documents/ROS2/ros2_refer/install/my_robot_bringup/share/colcon-core/packages/my_robot_bringup)
[11.194s] Level 1:colcon.colcon_core.environment:create_environment_scripts_only(my_robot_bringup)
[11.194s] Level 1:colcon.colcon_core.environment:checking '/home/gari/Documents/ROS2/ros2_refer/install/my_robot_bringup' for CMake module files
[11.195s] Level 1:colcon.colcon_core.environment:checking '/home/gari/Documents/ROS2/ros2_refer/install/my_robot_bringup' for CMake config files
[11.195s] Level 1:colcon.colcon_core.shell:create_environment_hook('my_robot_bringup', 'cmake_prefix_path')
[11.195s] INFO:colcon.colcon_core.shell:Creating environment hook '/home/gari/Documents/ROS2/ros2_refer/install/my_robot_bringup/share/my_robot_bringup/hook/cmake_prefix_path.ps1'
[11.196s] INFO:colcon.colcon_core.shell:Creating environment descriptor '/home/gari/Documents/ROS2/ros2_refer/install/my_robot_bringup/share/my_robot_bringup/hook/cmake_prefix_path.dsv'
[11.196s] INFO:colcon.colcon_core.shell:Creating environment hook '/home/gari/Documents/ROS2/ros2_refer/install/my_robot_bringup/share/my_robot_bringup/hook/cmake_prefix_path.sh'
[11.197s] Level 1:colcon.colcon_core.environment:checking '/home/gari/Documents/ROS2/ros2_refer/install/my_robot_bringup/bin'
[11.197s] Level 1:colcon.colcon_core.environment:checking '/home/gari/Documents/ROS2/ros2_refer/install/my_robot_bringup/lib/pkgconfig/my_robot_bringup.pc'
[11.197s] Level 1:colcon.colcon_core.environment:checking '/home/gari/Documents/ROS2/ros2_refer/install/my_robot_bringup/lib/python3.10/site-packages'
[11.197s] Level 1:colcon.colcon_core.environment:checking '/home/gari/Documents/ROS2/ros2_refer/install/my_robot_bringup/bin'
[11.198s] INFO:colcon.colcon_core.shell:Creating package script '/home/gari/Documents/ROS2/ros2_refer/install/my_robot_bringup/share/my_robot_bringup/package.ps1'
[11.198s] INFO:colcon.colcon_core.shell:Creating package descriptor '/home/gari/Documents/ROS2/ros2_refer/install/my_robot_bringup/share/my_robot_bringup/package.dsv'
[11.199s] INFO:colcon.colcon_core.shell:Creating package script '/home/gari/Documents/ROS2/ros2_refer/install/my_robot_bringup/share/my_robot_bringup/package.sh'
[11.199s] INFO:colcon.colcon_core.shell:Creating package script '/home/gari/Documents/ROS2/ros2_refer/install/my_robot_bringup/share/my_robot_bringup/package.bash'
[11.200s] INFO:colcon.colcon_core.shell:Creating package script '/home/gari/Documents/ROS2/ros2_refer/install/my_robot_bringup/share/my_robot_bringup/package.zsh'
[11.200s] Level 1:colcon.colcon_core.environment:create_file_with_runtime_dependencies(/home/gari/Documents/ROS2/ros2_refer/install/my_robot_bringup/share/colcon-core/packages/my_robot_bringup)
[11.201s] DEBUG:colcon.colcon_parallel_executor.executor.parallel:closing loop
[11.201s] DEBUG:colcon.colcon_parallel_executor.executor.parallel:loop closed
[11.201s] DEBUG:colcon.colcon_parallel_executor.executor.parallel:run_until_complete finished with '0'
[11.201s] DEBUG:colcon.colcon_core.event_reactor:joining thread
[11.254s] INFO:colcon.colcon_core.plugin_system:Skipping extension 'colcon_notification.desktop_notification.terminal_notifier': Not used on non-Darwin systems
[11.254s] INFO:colcon.colcon_core.plugin_system:Skipping extension 'colcon_notification.desktop_notification.win32': Not used on non-Windows systems
[11.254s] INFO:colcon.colcon_notification.desktop_notification:Sending desktop notification using 'notify2'
[11.269s] DEBUG:colcon.colcon_core.event_reactor:joined thread
[11.270s] INFO:colcon.colcon_core.shell:Creating prefix script '/home/gari/Documents/ROS2/ros2_refer/install/local_setup.ps1'
[11.291s] INFO:colcon.colcon_core.shell:Creating prefix util module '/home/gari/Documents/ROS2/ros2_refer/install/_local_setup_util_ps1.py'
[11.297s] INFO:colcon.colcon_core.shell:Creating prefix chain script '/home/gari/Documents/ROS2/ros2_refer/install/setup.ps1'
[11.303s] INFO:colcon.colcon_core.shell:Creating prefix script '/home/gari/Documents/ROS2/ros2_refer/install/local_setup.sh'
[11.306s] INFO:colcon.colcon_core.shell:Creating prefix util module '/home/gari/Documents/ROS2/ros2_refer/install/_local_setup_util_sh.py'
[11.307s] INFO:colcon.colcon_core.shell:Creating prefix chain script '/home/gari/Documents/ROS2/ros2_refer/install/setup.sh'
[11.309s] INFO:colcon.colcon_core.shell:Creating prefix script '/home/gari/Documents/ROS2/ros2_refer/install/local_setup.bash'
[11.311s] INFO:colcon.colcon_core.shell:Creating prefix chain script '/home/gari/Documents/ROS2/ros2_refer/install/setup.bash'
[11.314s] INFO:colcon.colcon_core.shell:Creating prefix script '/home/gari/Documents/ROS2/ros2_refer/install/local_setup.zsh'
[11.315s] INFO:colcon.colcon_core.shell:Creating prefix chain script '/home/gari/Documents/ROS2/ros2_refer/install/setup.zsh'
