[1.365s] DEBUG:colcon:Command line arguments: ['/usr/bin/colcon', 'build']
[1.365s] DEBUG:colcon:Parsed command line arguments: Namespace(log_base=None, log_level=None, verb_name='build', build_base='build', install_base='install', merge_install=False, symlink_install=False, test_result_base=None, continue_on_error=False, executor='parallel', parallel_workers=12, event_handlers=None, ignore_user_meta=False, metas=['./colcon.meta'], base_paths=['.'], packages_ignore=None, packages_ignore_regex=None, paths=None, packages_up_to=None, packages_up_to_regex=None, packages_above=None, packages_above_and_dependencies=None, packages_above_depth=None, packages_select_by_dep=None, packages_skip_by_dep=None, packages_skip_up_to=None, packages_select_build_failed=False, packages_skip_build_finished=False, packages_select_test_failures=False, packages_skip_test_passed=False, packages_select=None, packages_skip=None, packages_select_regex=None, packages_skip_regex=None, packages_start=None, packages_end=None, allow_overriding=[], cmake_args=None, cmake_target=None, cmake_target_skip_unavailable=False, cmake_clean_cache=False, cmake_clean_first=False, cmake_force_configure=False, ament_cmake_args=None, catkin_cmake_args=None, catkin_skip_building_tests=False, mixin_files=None, mixin=None, verb_parser=<colcon_mixin.mixin.mixin_argument.MixinArgumentDecorator object at 0x7042d40555d0>, verb_extension=<colcon_core.verb.build.BuildVerb object at 0x7042d4055120>, main=<bound method BuildVerb.main of <colcon_core.verb.build.BuildVerb object at 0x7042d4055120>>, mixin_verb=('build',))
[6.407s] Level 1:colcon.colcon_core.package_discovery:discover_packages(colcon_meta) check parameters
[6.407s] Level 1:colcon.colcon_core.package_discovery:discover_packages(recursive) check parameters
[6.407s] Level 1:colcon.colcon_core.package_discovery:discover_packages(ignore) check parameters
[6.407s] Level 1:colcon.colcon_core.package_discovery:discover_packages(path) check parameters
[6.408s] Level 1:colcon.colcon_core.package_discovery:discover_packages(colcon_meta) discover
[6.408s] Level 1:colcon.colcon_core.package_discovery:discover_packages(recursive) discover
[6.408s] INFO:colcon.colcon_core.package_discovery:Crawling recursively for packages in '/home/gari/Documents/ROS2/ros2_refer'
[6.408s] Level 1:colcon.colcon_core.package_identification:_identify(.) by extensions ['ignore', 'ignore_ament_install']
[6.408s] Level 1:colcon.colcon_core.package_identification:_identify(.) by extension 'ignore'
[6.408s] Level 1:colcon.colcon_core.package_identification:_identify(.) by extension 'ignore_ament_install'
[6.408s] Level 1:colcon.colcon_core.package_identification:_identify(.) by extensions ['colcon_pkg']
[6.408s] Level 1:colcon.colcon_core.package_identification:_identify(.) by extension 'colcon_pkg'
[6.408s] Level 1:colcon.colcon_core.package_identification:_identify(.) by extensions ['colcon_meta']
[6.408s] Level 1:colcon.colcon_core.package_identification:_identify(.) by extension 'colcon_meta'
[6.409s] Level 1:colcon.colcon_core.package_identification:_identify(.) by extensions ['ros']
[6.409s] Level 1:colcon.colcon_core.package_identification:_identify(.) by extension 'ros'
[6.489s] Level 1:colcon.colcon_core.package_identification:_identify(.) by extensions ['cmake', 'python']
[6.489s] Level 1:colcon.colcon_core.package_identification:_identify(.) by extension 'cmake'
[6.489s] Level 1:colcon.colcon_core.package_identification:_identify(.) by extension 'python'
[6.489s] Level 1:colcon.colcon_core.package_identification:_identify(.) by extensions ['python_setup_py']
[6.489s] Level 1:colcon.colcon_core.package_identification:_identify(.) by extension 'python_setup_py'
[6.490s] Level 1:colcon.colcon_core.package_identification:_identify(build) by extensions ['ignore', 'ignore_ament_install']
[6.490s] Level 1:colcon.colcon_core.package_identification:_identify(build) by extension 'ignore'
[6.490s] Level 1:colcon.colcon_core.package_identification:_identify(build) ignored
[6.490s] Level 1:colcon.colcon_core.package_identification:_identify(install) by extensions ['ignore', 'ignore_ament_install']
[6.490s] Level 1:colcon.colcon_core.package_identification:_identify(install) by extension 'ignore'
[6.490s] Level 1:colcon.colcon_core.package_identification:_identify(install) ignored
[6.490s] Level 1:colcon.colcon_core.package_identification:_identify(log) by extensions ['ignore', 'ignore_ament_install']
[6.490s] Level 1:colcon.colcon_core.package_identification:_identify(log) by extension 'ignore'
[6.490s] Level 1:colcon.colcon_core.package_identification:_identify(log) ignored
[6.491s] Level 1:colcon.colcon_core.package_identification:_identify(src) by extensions ['ignore', 'ignore_ament_install']
[6.491s] Level 1:colcon.colcon_core.package_identification:_identify(src) by extension 'ignore'
[6.491s] Level 1:colcon.colcon_core.package_identification:_identify(src) by extension 'ignore_ament_install'
[6.491s] Level 1:colcon.colcon_core.package_identification:_identify(src) by extensions ['colcon_pkg']
[6.491s] Level 1:colcon.colcon_core.package_identification:_identify(src) by extension 'colcon_pkg'
[6.491s] Level 1:colcon.colcon_core.package_identification:_identify(src) by extensions ['colcon_meta']
[6.491s] Level 1:colcon.colcon_core.package_identification:_identify(src) by extension 'colcon_meta'
[6.491s] Level 1:colcon.colcon_core.package_identification:_identify(src) by extensions ['ros']
[6.491s] Level 1:colcon.colcon_core.package_identification:_identify(src) by extension 'ros'
[6.491s] Level 1:colcon.colcon_core.package_identification:_identify(src) by extensions ['cmake', 'python']
[6.492s] Level 1:colcon.colcon_core.package_identification:_identify(src) by extension 'cmake'
[6.492s] Level 1:colcon.colcon_core.package_identification:_identify(src) by extension 'python'
[6.492s] Level 1:colcon.colcon_core.package_identification:_identify(src) by extensions ['python_setup_py']
[6.492s] Level 1:colcon.colcon_core.package_identification:_identify(src) by extension 'python_setup_py'
[6.492s] Level 1:colcon.colcon_core.package_identification:_identify(src/my_robot_bringup) by extensions ['ignore', 'ignore_ament_install']
[6.492s] Level 1:colcon.colcon_core.package_identification:_identify(src/my_robot_bringup) by extension 'ignore'
[6.492s] Level 1:colcon.colcon_core.package_identification:_identify(src/my_robot_bringup) by extension 'ignore_ament_install'
[6.492s] Level 1:colcon.colcon_core.package_identification:_identify(src/my_robot_bringup) by extensions ['colcon_pkg']
[6.492s] Level 1:colcon.colcon_core.package_identification:_identify(src/my_robot_bringup) by extension 'colcon_pkg'
[6.492s] Level 1:colcon.colcon_core.package_identification:_identify(src/my_robot_bringup) by extensions ['colcon_meta']
[6.492s] Level 1:colcon.colcon_core.package_identification:_identify(src/my_robot_bringup) by extension 'colcon_meta'
[6.492s] Level 1:colcon.colcon_core.package_identification:_identify(src/my_robot_bringup) by extensions ['ros']
[6.492s] Level 1:colcon.colcon_core.package_identification:_identify(src/my_robot_bringup) by extension 'ros'
[6.533s] DEBUG:colcon.colcon_core.package_identification:Package 'src/my_robot_bringup' with type 'ros.ament_cmake' and name 'my_robot_bringup'
[6.533s] Level 1:colcon.colcon_core.package_identification:_identify(src/my_robot_description) by extensions ['ignore', 'ignore_ament_install']
[6.533s] Level 1:colcon.colcon_core.package_identification:_identify(src/my_robot_description) by extension 'ignore'
[6.533s] Level 1:colcon.colcon_core.package_identification:_identify(src/my_robot_description) by extension 'ignore_ament_install'
[6.533s] Level 1:colcon.colcon_core.package_identification:_identify(src/my_robot_description) by extensions ['colcon_pkg']
[6.533s] Level 1:colcon.colcon_core.package_identification:_identify(src/my_robot_description) by extension 'colcon_pkg'
[6.533s] Level 1:colcon.colcon_core.package_identification:_identify(src/my_robot_description) by extensions ['colcon_meta']
[6.533s] Level 1:colcon.colcon_core.package_identification:_identify(src/my_robot_description) by extension 'colcon_meta'
[6.533s] Level 1:colcon.colcon_core.package_identification:_identify(src/my_robot_description) by extensions ['ros']
[6.534s] Level 1:colcon.colcon_core.package_identification:_identify(src/my_robot_description) by extension 'ros'
[6.535s] DEBUG:colcon.colcon_core.package_identification:Package 'src/my_robot_description' with type 'ros.ament_cmake' and name 'my_robot_description'
[6.535s] Level 1:colcon.colcon_core.package_discovery:discover_packages(recursive) using defaults
[6.535s] Level 1:colcon.colcon_core.package_discovery:discover_packages(ignore) discover
[6.535s] Level 1:colcon.colcon_core.package_discovery:discover_packages(ignore) using defaults
[6.535s] Level 1:colcon.colcon_core.package_discovery:discover_packages(path) discover
[6.535s] Level 1:colcon.colcon_core.package_discovery:discover_packages(path) using defaults
[6.741s] Level 1:colcon.colcon_core.package_discovery:discover_packages(prefix_path) check parameters
[6.741s] Level 1:colcon.colcon_core.package_discovery:discover_packages(prefix_path) discover
[6.757s] DEBUG:colcon.colcon_installed_package_information.package_discovery:Found 290 installed packages in /opt/ros/humble
[6.759s] Level 1:colcon.colcon_core.package_discovery:discover_packages(prefix_path) using defaults
[6.848s] Level 5:colcon.colcon_core.verb:set package 'my_robot_bringup' build argument 'cmake_args' from command line to 'None'
[6.848s] Level 5:colcon.colcon_core.verb:set package 'my_robot_bringup' build argument 'cmake_target' from command line to 'None'
[6.848s] Level 5:colcon.colcon_core.verb:set package 'my_robot_bringup' build argument 'cmake_target_skip_unavailable' from command line to 'False'
[6.848s] Level 5:colcon.colcon_core.verb:set package 'my_robot_bringup' build argument 'cmake_clean_cache' from command line to 'False'
[6.848s] Level 5:colcon.colcon_core.verb:set package 'my_robot_bringup' build argument 'cmake_clean_first' from command line to 'False'
[6.848s] Level 5:colcon.colcon_core.verb:set package 'my_robot_bringup' build argument 'cmake_force_configure' from command line to 'False'
[6.848s] Level 5:colcon.colcon_core.verb:set package 'my_robot_bringup' build argument 'ament_cmake_args' from command line to 'None'
[6.848s] Level 5:colcon.colcon_core.verb:set package 'my_robot_bringup' build argument 'catkin_cmake_args' from command line to 'None'
[6.848s] Level 5:colcon.colcon_core.verb:set package 'my_robot_bringup' build argument 'catkin_skip_building_tests' from command line to 'False'
[6.848s] DEBUG:colcon.colcon_core.verb:Building package 'my_robot_bringup' with the following arguments: {'ament_cmake_args': None, 'build_base': '/home/gari/Documents/ROS2/ros2_refer/build/my_robot_bringup', 'catkin_cmake_args': None, 'catkin_skip_building_tests': False, 'cmake_args': None, 'cmake_clean_cache': False, 'cmake_clean_first': False, 'cmake_force_configure': False, 'cmake_target': None, 'cmake_target_skip_unavailable': False, 'install_base': '/home/gari/Documents/ROS2/ros2_refer/install/my_robot_bringup', 'merge_install': False, 'path': '/home/gari/Documents/ROS2/ros2_refer/src/my_robot_bringup', 'symlink_install': False, 'test_result_base': None}
[6.849s] Level 5:colcon.colcon_core.verb:set package 'my_robot_description' build argument 'cmake_args' from command line to 'None'
[6.849s] Level 5:colcon.colcon_core.verb:set package 'my_robot_description' build argument 'cmake_target' from command line to 'None'
[6.849s] Level 5:colcon.colcon_core.verb:set package 'my_robot_description' build argument 'cmake_target_skip_unavailable' from command line to 'False'
[6.849s] Level 5:colcon.colcon_core.verb:set package 'my_robot_description' build argument 'cmake_clean_cache' from command line to 'False'
[6.849s] Level 5:colcon.colcon_core.verb:set package 'my_robot_description' build argument 'cmake_clean_first' from command line to 'False'
[6.849s] Level 5:colcon.colcon_core.verb:set package 'my_robot_description' build argument 'cmake_force_configure' from command line to 'False'
[6.849s] Level 5:colcon.colcon_core.verb:set package 'my_robot_description' build argument 'ament_cmake_args' from command line to 'None'
[6.849s] Level 5:colcon.colcon_core.verb:set package 'my_robot_description' build argument 'catkin_cmake_args' from command line to 'None'
[6.849s] Level 5:colcon.colcon_core.verb:set package 'my_robot_description' build argument 'catkin_skip_building_tests' from command line to 'False'
[6.849s] DEBUG:colcon.colcon_core.verb:Building package 'my_robot_description' with the following arguments: {'ament_cmake_args': None, 'build_base': '/home/gari/Documents/ROS2/ros2_refer/build/my_robot_description', 'catkin_cmake_args': None, 'catkin_skip_building_tests': False, 'cmake_args': None, 'cmake_clean_cache': False, 'cmake_clean_first': False, 'cmake_force_configure': False, 'cmake_target': None, 'cmake_target_skip_unavailable': False, 'install_base': '/home/gari/Documents/ROS2/ros2_refer/install/my_robot_description', 'merge_install': False, 'path': '/home/gari/Documents/ROS2/ros2_refer/src/my_robot_description', 'symlink_install': False, 'test_result_base': None}
[6.849s] INFO:colcon.colcon_core.executor:Executing jobs using 'parallel' executor
[6.851s] DEBUG:colcon.colcon_parallel_executor.executor.parallel:run_until_complete
[6.851s] INFO:colcon.colcon_ros.task.ament_cmake.build:Building ROS package in '/home/gari/Documents/ROS2/ros2_refer/src/my_robot_bringup' with build type 'ament_cmake'
[6.851s] INFO:colcon.colcon_cmake.task.cmake.build:Building CMake package in '/home/gari/Documents/ROS2/ros2_refer/src/my_robot_bringup'
[6.885s] INFO:colcon.colcon_core.plugin_system:Skipping extension 'colcon_core.shell.bat': Not used on non-Windows systems
[6.885s] INFO:colcon.colcon_core.shell:Skip shell extension 'powershell' for command environment: Not usable outside of PowerShell
[6.885s] DEBUG:colcon.colcon_core.shell:Skip shell extension 'dsv' for command environment
[6.912s] INFO:colcon.colcon_ros.task.ament_cmake.build:Building ROS package in '/home/gari/Documents/ROS2/ros2_refer/src/my_robot_description' with build type 'ament_cmake'
[6.912s] INFO:colcon.colcon_cmake.task.cmake.build:Building CMake package in '/home/gari/Documents/ROS2/ros2_refer/src/my_robot_description'
[6.912s] INFO:colcon.colcon_core.shell:Skip shell extension 'powershell' for command environment: Not usable outside of PowerShell
[6.913s] DEBUG:colcon.colcon_core.shell:Skip shell extension 'dsv' for command environment
[6.936s] DEBUG:colcon.colcon_core.event_handler.log_command:Invoking command in '/home/gari/Documents/ROS2/ros2_refer/build/my_robot_bringup': CMAKE_PREFIX_PATH=/opt/ros/humble /usr/bin/cmake --build /home/gari/Documents/ROS2/ros2_refer/build/my_robot_bringup -- -j12 -l12
[7.001s] DEBUG:colcon.colcon_core.event_handler.log_command:Invoking command in '/home/gari/Documents/ROS2/ros2_refer/build/my_robot_description': CMAKE_PREFIX_PATH=/opt/ros/humble /usr/bin/cmake --build /home/gari/Documents/ROS2/ros2_refer/build/my_robot_description -- -j12 -l12
[7.279s] DEBUG:colcon.colcon_core.event_handler.log_command:Invoked command in '/home/gari/Documents/ROS2/ros2_refer/build/my_robot_description' returned '0': CMAKE_PREFIX_PATH=/opt/ros/humble /usr/bin/cmake --build /home/gari/Documents/ROS2/ros2_refer/build/my_robot_description -- -j12 -l12
[7.292s] DEBUG:colcon.colcon_core.event_handler.log_command:Invoking command in '/home/gari/Documents/ROS2/ros2_refer/build/my_robot_description': CMAKE_PREFIX_PATH=/opt/ros/humble /usr/bin/cmake --install /home/gari/Documents/ROS2/ros2_refer/build/my_robot_description
[7.293s] DEBUG:colcon.colcon_core.event_handler.log_command:Invoked command in '/home/gari/Documents/ROS2/ros2_refer/build/my_robot_bringup' returned '0': CMAKE_PREFIX_PATH=/opt/ros/humble /usr/bin/cmake --build /home/gari/Documents/ROS2/ros2_refer/build/my_robot_bringup -- -j12 -l12
[7.296s] DEBUG:colcon.colcon_core.event_handler.log_command:Invoking command in '/home/gari/Documents/ROS2/ros2_refer/build/my_robot_bringup': CMAKE_PREFIX_PATH=/opt/ros/humble /usr/bin/cmake --install /home/gari/Documents/ROS2/ros2_refer/build/my_robot_bringup
[7.355s] Level 1:colcon.colcon_core.environment:create_environment_scripts_only(my_robot_description)
[7.359s] DEBUG:colcon.colcon_core.event_handler.log_command:Invoked command in '/home/gari/Documents/ROS2/ros2_refer/build/my_robot_description' returned '0': CMAKE_PREFIX_PATH=/opt/ros/humble /usr/bin/cmake --install /home/gari/Documents/ROS2/ros2_refer/build/my_robot_description
[7.452s] Level 1:colcon.colcon_core.environment:checking '/home/gari/Documents/ROS2/ros2_refer/install/my_robot_description' for CMake module files
[7.453s] Level 1:colcon.colcon_core.environment:checking '/home/gari/Documents/ROS2/ros2_refer/install/my_robot_description' for CMake config files
[7.453s] Level 1:colcon.colcon_core.shell:create_environment_hook('my_robot_description', 'cmake_prefix_path')
[7.454s] INFO:colcon.colcon_core.shell:Creating environment hook '/home/gari/Documents/ROS2/ros2_refer/install/my_robot_description/share/my_robot_description/hook/cmake_prefix_path.ps1'
[7.489s] INFO:colcon.colcon_core.shell:Creating environment descriptor '/home/gari/Documents/ROS2/ros2_refer/install/my_robot_description/share/my_robot_description/hook/cmake_prefix_path.dsv'
[7.490s] INFO:colcon.colcon_core.shell:Creating environment hook '/home/gari/Documents/ROS2/ros2_refer/install/my_robot_description/share/my_robot_description/hook/cmake_prefix_path.sh'
[7.492s] Level 1:colcon.colcon_core.environment:checking '/home/gari/Documents/ROS2/ros2_refer/install/my_robot_description/bin'
[7.492s] Level 1:colcon.colcon_core.environment:checking '/home/gari/Documents/ROS2/ros2_refer/install/my_robot_description/lib/pkgconfig/my_robot_description.pc'
[7.492s] Level 1:colcon.colcon_core.environment:checking '/home/gari/Documents/ROS2/ros2_refer/install/my_robot_description/lib/python3.10/site-packages'
[7.493s] Level 1:colcon.colcon_core.environment:checking '/home/gari/Documents/ROS2/ros2_refer/install/my_robot_description/bin'
[7.493s] INFO:colcon.colcon_core.shell:Creating package script '/home/gari/Documents/ROS2/ros2_refer/install/my_robot_description/share/my_robot_description/package.ps1'
[7.494s] INFO:colcon.colcon_core.shell:Creating package descriptor '/home/gari/Documents/ROS2/ros2_refer/install/my_robot_description/share/my_robot_description/package.dsv'
[7.495s] INFO:colcon.colcon_core.shell:Creating package script '/home/gari/Documents/ROS2/ros2_refer/install/my_robot_description/share/my_robot_description/package.sh'
[7.497s] INFO:colcon.colcon_core.shell:Creating package script '/home/gari/Documents/ROS2/ros2_refer/install/my_robot_description/share/my_robot_description/package.bash'
[7.498s] INFO:colcon.colcon_core.shell:Creating package script '/home/gari/Documents/ROS2/ros2_refer/install/my_robot_description/share/my_robot_description/package.zsh'
[7.510s] Level 1:colcon.colcon_core.environment:create_file_with_runtime_dependencies(/home/gari/Documents/ROS2/ros2_refer/install/my_robot_description/share/colcon-core/packages/my_robot_description)
[7.511s] Level 1:colcon.colcon_core.environment:create_environment_scripts_only(my_robot_description)
[7.511s] Level 1:colcon.colcon_core.environment:checking '/home/gari/Documents/ROS2/ros2_refer/install/my_robot_description' for CMake module files
[7.512s] Level 1:colcon.colcon_core.environment:checking '/home/gari/Documents/ROS2/ros2_refer/install/my_robot_description' for CMake config files
[7.512s] Level 1:colcon.colcon_core.shell:create_environment_hook('my_robot_description', 'cmake_prefix_path')
[7.512s] INFO:colcon.colcon_core.shell:Creating environment hook '/home/gari/Documents/ROS2/ros2_refer/install/my_robot_description/share/my_robot_description/hook/cmake_prefix_path.ps1'
[7.513s] INFO:colcon.colcon_core.shell:Creating environment descriptor '/home/gari/Documents/ROS2/ros2_refer/install/my_robot_description/share/my_robot_description/hook/cmake_prefix_path.dsv'
[7.513s] INFO:colcon.colcon_core.shell:Creating environment hook '/home/gari/Documents/ROS2/ros2_refer/install/my_robot_description/share/my_robot_description/hook/cmake_prefix_path.sh'
[7.514s] Level 1:colcon.colcon_core.environment:checking '/home/gari/Documents/ROS2/ros2_refer/install/my_robot_description/bin'
[7.514s] Level 1:colcon.colcon_core.environment:checking '/home/gari/Documents/ROS2/ros2_refer/install/my_robot_description/lib/pkgconfig/my_robot_description.pc'
[7.514s] Level 1:colcon.colcon_core.environment:checking '/home/gari/Documents/ROS2/ros2_refer/install/my_robot_description/lib/python3.10/site-packages'
[7.515s] Level 1:colcon.colcon_core.environment:checking '/home/gari/Documents/ROS2/ros2_refer/install/my_robot_description/bin'
[7.515s] INFO:colcon.colcon_core.shell:Creating package script '/home/gari/Documents/ROS2/ros2_refer/install/my_robot_description/share/my_robot_description/package.ps1'
[7.516s] INFO:colcon.colcon_core.shell:Creating package descriptor '/home/gari/Documents/ROS2/ros2_refer/install/my_robot_description/share/my_robot_description/package.dsv'
[7.516s] INFO:colcon.colcon_core.shell:Creating package script '/home/gari/Documents/ROS2/ros2_refer/install/my_robot_description/share/my_robot_description/package.sh'
[7.517s] INFO:colcon.colcon_core.shell:Creating package script '/home/gari/Documents/ROS2/ros2_refer/install/my_robot_description/share/my_robot_description/package.bash'
[7.517s] INFO:colcon.colcon_core.shell:Creating package script '/home/gari/Documents/ROS2/ros2_refer/install/my_robot_description/share/my_robot_description/package.zsh'
[7.518s] Level 1:colcon.colcon_core.environment:create_file_with_runtime_dependencies(/home/gari/Documents/ROS2/ros2_refer/install/my_robot_description/share/colcon-core/packages/my_robot_description)
[7.518s] Level 1:colcon.colcon_core.environment:create_environment_scripts_only(my_robot_bringup)
[7.519s] Level 1:colcon.colcon_core.environment:checking '/home/gari/Documents/ROS2/ros2_refer/install/my_robot_bringup' for CMake module files
[7.520s] Level 1:colcon.colcon_core.environment:checking '/home/gari/Documents/ROS2/ros2_refer/install/my_robot_bringup' for CMake config files
[7.520s] DEBUG:colcon.colcon_core.event_handler.log_command:Invoked command in '/home/gari/Documents/ROS2/ros2_refer/build/my_robot_bringup' returned '0': CMAKE_PREFIX_PATH=/opt/ros/humble /usr/bin/cmake --install /home/gari/Documents/ROS2/ros2_refer/build/my_robot_bringup
[7.520s] Level 1:colcon.colcon_core.shell:create_environment_hook('my_robot_bringup', 'cmake_prefix_path')
[7.521s] INFO:colcon.colcon_core.shell:Creating environment hook '/home/gari/Documents/ROS2/ros2_refer/install/my_robot_bringup/share/my_robot_bringup/hook/cmake_prefix_path.ps1'
[7.521s] INFO:colcon.colcon_core.shell:Creating environment descriptor '/home/gari/Documents/ROS2/ros2_refer/install/my_robot_bringup/share/my_robot_bringup/hook/cmake_prefix_path.dsv'
[7.522s] INFO:colcon.colcon_core.shell:Creating environment hook '/home/gari/Documents/ROS2/ros2_refer/install/my_robot_bringup/share/my_robot_bringup/hook/cmake_prefix_path.sh'
[7.522s] Level 1:colcon.colcon_core.environment:checking '/home/gari/Documents/ROS2/ros2_refer/install/my_robot_bringup/bin'
[7.522s] Level 1:colcon.colcon_core.environment:checking '/home/gari/Documents/ROS2/ros2_refer/install/my_robot_bringup/lib/pkgconfig/my_robot_bringup.pc'
[7.523s] Level 1:colcon.colcon_core.environment:checking '/home/gari/Documents/ROS2/ros2_refer/install/my_robot_bringup/lib/python3.10/site-packages'
[7.523s] Level 1:colcon.colcon_core.environment:checking '/home/gari/Documents/ROS2/ros2_refer/install/my_robot_bringup/bin'
[7.523s] INFO:colcon.colcon_core.shell:Creating package script '/home/gari/Documents/ROS2/ros2_refer/install/my_robot_bringup/share/my_robot_bringup/package.ps1'
[7.524s] INFO:colcon.colcon_core.shell:Creating package descriptor '/home/gari/Documents/ROS2/ros2_refer/install/my_robot_bringup/share/my_robot_bringup/package.dsv'
[7.525s] INFO:colcon.colcon_core.shell:Creating package script '/home/gari/Documents/ROS2/ros2_refer/install/my_robot_bringup/share/my_robot_bringup/package.sh'
[7.525s] INFO:colcon.colcon_core.shell:Creating package script '/home/gari/Documents/ROS2/ros2_refer/install/my_robot_bringup/share/my_robot_bringup/package.bash'
[7.526s] INFO:colcon.colcon_core.shell:Creating package script '/home/gari/Documents/ROS2/ros2_refer/install/my_robot_bringup/share/my_robot_bringup/package.zsh'
[7.526s] Level 1:colcon.colcon_core.environment:create_file_with_runtime_dependencies(/home/gari/Documents/ROS2/ros2_refer/install/my_robot_bringup/share/colcon-core/packages/my_robot_bringup)
[7.527s] Level 1:colcon.colcon_core.environment:create_environment_scripts_only(my_robot_bringup)
[7.528s] Level 1:colcon.colcon_core.environment:checking '/home/gari/Documents/ROS2/ros2_refer/install/my_robot_bringup' for CMake module files
[7.528s] Level 1:colcon.colcon_core.environment:checking '/home/gari/Documents/ROS2/ros2_refer/install/my_robot_bringup' for CMake config files
[7.529s] Level 1:colcon.colcon_core.shell:create_environment_hook('my_robot_bringup', 'cmake_prefix_path')
[7.529s] INFO:colcon.colcon_core.shell:Creating environment hook '/home/gari/Documents/ROS2/ros2_refer/install/my_robot_bringup/share/my_robot_bringup/hook/cmake_prefix_path.ps1'
[7.529s] INFO:colcon.colcon_core.shell:Creating environment descriptor '/home/gari/Documents/ROS2/ros2_refer/install/my_robot_bringup/share/my_robot_bringup/hook/cmake_prefix_path.dsv'
[7.530s] INFO:colcon.colcon_core.shell:Creating environment hook '/home/gari/Documents/ROS2/ros2_refer/install/my_robot_bringup/share/my_robot_bringup/hook/cmake_prefix_path.sh'
[7.531s] Level 1:colcon.colcon_core.environment:checking '/home/gari/Documents/ROS2/ros2_refer/install/my_robot_bringup/bin'
[7.531s] Level 1:colcon.colcon_core.environment:checking '/home/gari/Documents/ROS2/ros2_refer/install/my_robot_bringup/lib/pkgconfig/my_robot_bringup.pc'
[7.531s] Level 1:colcon.colcon_core.environment:checking '/home/gari/Documents/ROS2/ros2_refer/install/my_robot_bringup/lib/python3.10/site-packages'
[7.532s] Level 1:colcon.colcon_core.environment:checking '/home/gari/Documents/ROS2/ros2_refer/install/my_robot_bringup/bin'
[7.532s] INFO:colcon.colcon_core.shell:Creating package script '/home/gari/Documents/ROS2/ros2_refer/install/my_robot_bringup/share/my_robot_bringup/package.ps1'
[7.533s] INFO:colcon.colcon_core.shell:Creating package descriptor '/home/gari/Documents/ROS2/ros2_refer/install/my_robot_bringup/share/my_robot_bringup/package.dsv'
[7.534s] INFO:colcon.colcon_core.shell:Creating package script '/home/gari/Documents/ROS2/ros2_refer/install/my_robot_bringup/share/my_robot_bringup/package.sh'
[7.534s] INFO:colcon.colcon_core.shell:Creating package script '/home/gari/Documents/ROS2/ros2_refer/install/my_robot_bringup/share/my_robot_bringup/package.bash'
[7.535s] INFO:colcon.colcon_core.shell:Creating package script '/home/gari/Documents/ROS2/ros2_refer/install/my_robot_bringup/share/my_robot_bringup/package.zsh'
[7.536s] Level 1:colcon.colcon_core.environment:create_file_with_runtime_dependencies(/home/gari/Documents/ROS2/ros2_refer/install/my_robot_bringup/share/colcon-core/packages/my_robot_bringup)
[7.536s] DEBUG:colcon.colcon_parallel_executor.executor.parallel:closing loop
[7.536s] DEBUG:colcon.colcon_parallel_executor.executor.parallel:loop closed
[7.537s] DEBUG:colcon.colcon_parallel_executor.executor.parallel:run_until_complete finished with '0'
[7.537s] DEBUG:colcon.colcon_core.event_reactor:joining thread
[7.567s] INFO:colcon.colcon_core.plugin_system:Skipping extension 'colcon_notification.desktop_notification.terminal_notifier': Not used on non-Darwin systems
[7.567s] INFO:colcon.colcon_core.plugin_system:Skipping extension 'colcon_notification.desktop_notification.win32': Not used on non-Windows systems
[7.567s] INFO:colcon.colcon_notification.desktop_notification:Sending desktop notification using 'notify2'
[7.579s] DEBUG:colcon.colcon_core.event_reactor:joined thread
[7.580s] INFO:colcon.colcon_core.shell:Creating prefix script '/home/gari/Documents/ROS2/ros2_refer/install/local_setup.ps1'
[7.620s] INFO:colcon.colcon_core.shell:Creating prefix util module '/home/gari/Documents/ROS2/ros2_refer/install/_local_setup_util_ps1.py'
[7.623s] INFO:colcon.colcon_core.shell:Creating prefix chain script '/home/gari/Documents/ROS2/ros2_refer/install/setup.ps1'
[7.641s] INFO:colcon.colcon_core.shell:Creating prefix script '/home/gari/Documents/ROS2/ros2_refer/install/local_setup.sh'
[7.642s] INFO:colcon.colcon_core.shell:Creating prefix util module '/home/gari/Documents/ROS2/ros2_refer/install/_local_setup_util_sh.py'
[7.643s] INFO:colcon.colcon_core.shell:Creating prefix chain script '/home/gari/Documents/ROS2/ros2_refer/install/setup.sh'
[7.645s] INFO:colcon.colcon_core.shell:Creating prefix script '/home/gari/Documents/ROS2/ros2_refer/install/local_setup.bash'
[7.646s] INFO:colcon.colcon_core.shell:Creating prefix chain script '/home/gari/Documents/ROS2/ros2_refer/install/setup.bash'
[7.648s] INFO:colcon.colcon_core.shell:Creating prefix script '/home/gari/Documents/ROS2/ros2_refer/install/local_setup.zsh'
[7.649s] INFO:colcon.colcon_core.shell:Creating prefix chain script '/home/gari/Documents/ROS2/ros2_refer/install/setup.zsh'
