[0.337s] DEBUG:colcon:Command line arguments: ['/usr/bin/colcon', 'list', '-p', '--base-paths', '/home/gari/Documents/ROS2/turtle_sim_project']
[0.337s] DEBUG:colcon:Parsed command line arguments: Namespace(log_base=None, log_level=None, verb_name='list', build_base='build', ignore_user_meta=False, metas=['./colcon.meta'], base_paths=['/home/gari/Documents/ROS2/turtle_sim_project'], packages_ignore=None, packages_ignore_regex=None, paths=None, packages_up_to=None, packages_up_to_regex=None, packages_above=None, packages_above_and_dependencies=None, packages_above_depth=None, packages_select_by_dep=None, packages_skip_by_dep=None, packages_skip_up_to=None, packages_select_build_failed=False, packages_skip_build_finished=False, packages_select_test_failures=False, packages_skip_test_passed=False, packages_select=None, packages_skip=None, packages_select_regex=None, packages_skip_regex=None, packages_start=None, packages_end=None, allow_overriding=[], topological_order=False, names_only=False, paths_only=True, topological_graph=False, topological_graph_dot=False, topological_graph_density=False, topological_graph_legend=False, topological_graph_dot_cluster=False, topological_graph_dot_include_skipped=False, verb_parser=<colcon_defaults.argument_parser.defaults.DefaultArgumentsDecorator object at 0x76c843668280>, verb_extension=<colcon_package_information.verb.list.ListVerb object at 0x76c84363afe0>, main=<bound method ListVerb.main of <colcon_package_information.verb.list.ListVerb object at 0x76c84363afe0>>)
[0.547s] Level 1:colcon.colcon_core.package_discovery:discover_packages(colcon_meta) check parameters
[0.548s] Level 1:colcon.colcon_core.package_discovery:discover_packages(recursive) check parameters
[0.548s] Level 1:colcon.colcon_core.package_discovery:discover_packages(ignore) check parameters
[0.548s] Level 1:colcon.colcon_core.package_discovery:discover_packages(path) check parameters
[0.548s] Level 1:colcon.colcon_core.package_discovery:discover_packages(recursive) discover
[0.548s] INFO:colcon.colcon_core.package_discovery:Crawling recursively for packages in '/home/gari/Documents/ROS2/turtle_sim_project'
[0.548s] Level 1:colcon.colcon_core.package_identification:_identify(/home/gari/Documents/ROS2/turtle_sim_project) by extensions ['ignore', 'ignore_ament_install']
[0.548s] Level 1:colcon.colcon_core.package_identification:_identify(/home/gari/Documents/ROS2/turtle_sim_project) by extension 'ignore'
[0.548s] Level 1:colcon.colcon_core.package_identification:_identify(/home/gari/Documents/ROS2/turtle_sim_project) by extension 'ignore_ament_install'
[0.549s] Level 1:colcon.colcon_core.package_identification:_identify(/home/gari/Documents/ROS2/turtle_sim_project) by extensions ['colcon_pkg']
[0.549s] Level 1:colcon.colcon_core.package_identification:_identify(/home/gari/Documents/ROS2/turtle_sim_project) by extension 'colcon_pkg'
[0.549s] Level 1:colcon.colcon_core.package_identification:_identify(/home/gari/Documents/ROS2/turtle_sim_project) by extensions ['colcon_meta']
[0.549s] Level 1:colcon.colcon_core.package_identification:_identify(/home/gari/Documents/ROS2/turtle_sim_project) by extension 'colcon_meta'
[0.549s] Level 1:colcon.colcon_core.package_identification:_identify(/home/gari/Documents/ROS2/turtle_sim_project) by extensions ['ros']
[0.549s] Level 1:colcon.colcon_core.package_identification:_identify(/home/gari/Documents/ROS2/turtle_sim_project) by extension 'ros'
[0.564s] Level 1:colcon.colcon_core.package_identification:_identify(/home/gari/Documents/ROS2/turtle_sim_project) by extensions ['cmake', 'python']
[0.564s] Level 1:colcon.colcon_core.package_identification:_identify(/home/gari/Documents/ROS2/turtle_sim_project) by extension 'cmake'
[0.565s] Level 1:colcon.colcon_core.package_identification:_identify(/home/gari/Documents/ROS2/turtle_sim_project) by extension 'python'
[0.565s] Level 1:colcon.colcon_core.package_identification:_identify(/home/gari/Documents/ROS2/turtle_sim_project) by extensions ['python_setup_py']
[0.565s] Level 1:colcon.colcon_core.package_identification:_identify(/home/gari/Documents/ROS2/turtle_sim_project) by extension 'python_setup_py'
[0.565s] Level 1:colcon.colcon_core.package_identification:_identify(/home/gari/Documents/ROS2/turtle_sim_project/build) by extensions ['ignore', 'ignore_ament_install']
[0.565s] Level 1:colcon.colcon_core.package_identification:_identify(/home/gari/Documents/ROS2/turtle_sim_project/build) by extension 'ignore'
[0.565s] Level 1:colcon.colcon_core.package_identification:_identify(/home/gari/Documents/ROS2/turtle_sim_project/build) ignored
[0.565s] Level 1:colcon.colcon_core.package_identification:_identify(/home/gari/Documents/ROS2/turtle_sim_project/install) by extensions ['ignore', 'ignore_ament_install']
[0.565s] Level 1:colcon.colcon_core.package_identification:_identify(/home/gari/Documents/ROS2/turtle_sim_project/install) by extension 'ignore'
[0.565s] Level 1:colcon.colcon_core.package_identification:_identify(/home/gari/Documents/ROS2/turtle_sim_project/install) ignored
[0.566s] Level 1:colcon.colcon_core.package_identification:_identify(/home/gari/Documents/ROS2/turtle_sim_project/log) by extensions ['ignore', 'ignore_ament_install']
[0.566s] Level 1:colcon.colcon_core.package_identification:_identify(/home/gari/Documents/ROS2/turtle_sim_project/log) by extension 'ignore'
[0.566s] Level 1:colcon.colcon_core.package_identification:_identify(/home/gari/Documents/ROS2/turtle_sim_project/log) ignored
[0.566s] Level 1:colcon.colcon_core.package_identification:_identify(/home/gari/Documents/ROS2/turtle_sim_project/src) by extensions ['ignore', 'ignore_ament_install']
[0.566s] Level 1:colcon.colcon_core.package_identification:_identify(/home/gari/Documents/ROS2/turtle_sim_project/src) by extension 'ignore'
[0.566s] Level 1:colcon.colcon_core.package_identification:_identify(/home/gari/Documents/ROS2/turtle_sim_project/src) by extension 'ignore_ament_install'
[0.566s] Level 1:colcon.colcon_core.package_identification:_identify(/home/gari/Documents/ROS2/turtle_sim_project/src) by extensions ['colcon_pkg']
[0.566s] Level 1:colcon.colcon_core.package_identification:_identify(/home/gari/Documents/ROS2/turtle_sim_project/src) by extension 'colcon_pkg'
[0.566s] Level 1:colcon.colcon_core.package_identification:_identify(/home/gari/Documents/ROS2/turtle_sim_project/src) by extensions ['colcon_meta']
[0.566s] Level 1:colcon.colcon_core.package_identification:_identify(/home/gari/Documents/ROS2/turtle_sim_project/src) by extension 'colcon_meta'
[0.566s] Level 1:colcon.colcon_core.package_identification:_identify(/home/gari/Documents/ROS2/turtle_sim_project/src) by extensions ['ros']
[0.567s] Level 1:colcon.colcon_core.package_identification:_identify(/home/gari/Documents/ROS2/turtle_sim_project/src) by extension 'ros'
[0.567s] Level 1:colcon.colcon_core.package_identification:_identify(/home/gari/Documents/ROS2/turtle_sim_project/src) by extensions ['cmake', 'python']
[0.567s] Level 1:colcon.colcon_core.package_identification:_identify(/home/gari/Documents/ROS2/turtle_sim_project/src) by extension 'cmake'
[0.567s] Level 1:colcon.colcon_core.package_identification:_identify(/home/gari/Documents/ROS2/turtle_sim_project/src) by extension 'python'
[0.567s] Level 1:colcon.colcon_core.package_identification:_identify(/home/gari/Documents/ROS2/turtle_sim_project/src) by extensions ['python_setup_py']
[0.567s] Level 1:colcon.colcon_core.package_identification:_identify(/home/gari/Documents/ROS2/turtle_sim_project/src) by extension 'python_setup_py'
[0.567s] Level 1:colcon.colcon_core.package_identification:_identify(/home/gari/Documents/ROS2/turtle_sim_project/src/catch_turtle_sim) by extensions ['ignore', 'ignore_ament_install']
[0.567s] Level 1:colcon.colcon_core.package_identification:_identify(/home/gari/Documents/ROS2/turtle_sim_project/src/catch_turtle_sim) by extension 'ignore'
[0.567s] Level 1:colcon.colcon_core.package_identification:_identify(/home/gari/Documents/ROS2/turtle_sim_project/src/catch_turtle_sim) by extension 'ignore_ament_install'
[0.567s] Level 1:colcon.colcon_core.package_identification:_identify(/home/gari/Documents/ROS2/turtle_sim_project/src/catch_turtle_sim) by extensions ['colcon_pkg']
[0.567s] Level 1:colcon.colcon_core.package_identification:_identify(/home/gari/Documents/ROS2/turtle_sim_project/src/catch_turtle_sim) by extension 'colcon_pkg'
[0.567s] Level 1:colcon.colcon_core.package_identification:_identify(/home/gari/Documents/ROS2/turtle_sim_project/src/catch_turtle_sim) by extensions ['colcon_meta']
[0.567s] Level 1:colcon.colcon_core.package_identification:_identify(/home/gari/Documents/ROS2/turtle_sim_project/src/catch_turtle_sim) by extension 'colcon_meta'
[0.567s] Level 1:colcon.colcon_core.package_identification:_identify(/home/gari/Documents/ROS2/turtle_sim_project/src/catch_turtle_sim) by extensions ['ros']
[0.568s] Level 1:colcon.colcon_core.package_identification:_identify(/home/gari/Documents/ROS2/turtle_sim_project/src/catch_turtle_sim) by extension 'ros'
[0.571s] DEBUG:colcon.colcon_core.package_identification:Package '/home/gari/Documents/ROS2/turtle_sim_project/src/catch_turtle_sim' with type 'ros.ament_python' and name 'catch_turtle_sim'
[0.571s] Level 1:colcon.colcon_core.package_discovery:discover_packages(recursive) using defaults
