[0.117s] Invoking command in '/home/gari/Documents/ROS2/turtle_sim_project/build/my_robot_interfaces': CMAKE_PREFIX_PATH=/opt/ros/humble /usr/bin/cmake --build /home/gari/Documents/ROS2/turtle_sim_project/build/my_robot_interfaces -- -j12 -l12
[1.012s] [ 10%] Built target my_robot_interfaces__rosidl_generator_c
[1.016s] [ 12%] Built target my_robot_interfaces__cpp
[1.032s] [ 12%] Built target ament_cmake_python_symlink_my_robot_interfaces
[1.049s] [ 23%] Built target my_robot_interfaces__rosidl_typesupport_c
[1.100s] [ 34%] Built target my_robot_interfaces__rosidl_typesupport_introspection_c
[1.106s] [ 44%] Built target my_robot_interfaces__rosidl_typesupport_fastrtps_c
[1.164s] [ 55%] Built target my_robot_interfaces__rosidl_typesupport_introspection_cpp
[1.170s] [ 65%] Built target my_robot_interfaces__rosidl_typesupport_fastrtps_cpp
[1.179s] [ 76%] Built target my_robot_interfaces__rosidl_typesupport_cpp
[1.205s] [ 76%] Built target my_robot_interfaces
[1.253s] [ 78%] Built target my_robot_interfaces__py
[1.333s] [ 87%] Built target my_robot_interfaces__rosidl_generator_py
[1.381s] [ 95%] Built target my_robot_interfaces__rosidl_typesupport_c__pyext
[1.381s] [ 95%] Built target my_robot_interfaces__rosidl_typesupport_introspection_c__pyext
[1.384s] [100%] Built target my_robot_interfaces__rosidl_typesupport_fastrtps_c__pyext
[1.586s] running egg_info
[1.587s] writing my_robot_interfaces.egg-info/PKG-INFO
[1.587s] writing dependency_links to my_robot_interfaces.egg-info/dependency_links.txt
[1.588s] writing top-level names to my_robot_interfaces.egg-info/top_level.txt
[1.644s] reading manifest file 'my_robot_interfaces.egg-info/SOURCES.txt'
[1.701s] writing manifest file 'my_robot_interfaces.egg-info/SOURCES.txt'
[1.743s] [100%] Built target ament_cmake_python_build_my_robot_interfaces_egg
[1.755s] Invoked command in '/home/gari/Documents/ROS2/turtle_sim_project/build/my_robot_interfaces' returned '0': CMAKE_PREFIX_PATH=/opt/ros/humble /usr/bin/cmake --build /home/gari/Documents/ROS2/turtle_sim_project/build/my_robot_interfaces -- -j12 -l12
[1.836s] Invoking command in '/home/gari/Documents/ROS2/turtle_sim_project/build/my_robot_interfaces': CMAKE_PREFIX_PATH=/opt/ros/humble /usr/bin/cmake --install /home/gari/Documents/ROS2/turtle_sim_project/build/my_robot_interfaces
[1.884s] -- Install configuration: ""
[1.935s] -- Execute custom install script
[1.936s] -- Up-to-date symlink: /home/gari/Documents/ROS2/turtle_sim_project/install/my_robot_interfaces/share/ament_index/resource_index/rosidl_interfaces/my_robot_interfaces
[1.936s] -- Up-to-date symlink: /home/gari/Documents/ROS2/turtle_sim_project/install/my_robot_interfaces/include/my_robot_interfaces/my_robot_interfaces/msg/detail/turtle__functions.h
[1.937s] -- Up-to-date symlink: /home/gari/Documents/ROS2/turtle_sim_project/install/my_robot_interfaces/include/my_robot_interfaces/my_robot_interfaces/msg/detail/turtle__struct.h
[1.937s] -- Up-to-date symlink: /home/gari/Documents/ROS2/turtle_sim_project/install/my_robot_interfaces/include/my_robot_interfaces/my_robot_interfaces/msg/detail/turtle__type_support.h
[1.937s] -- Up-to-date symlink: /home/gari/Documents/ROS2/turtle_sim_project/install/my_robot_interfaces/include/my_robot_interfaces/my_robot_interfaces/msg/detail/turtle_array__functions.h
[1.938s] -- Up-to-date symlink: /home/gari/Documents/ROS2/turtle_sim_project/install/my_robot_interfaces/include/my_robot_interfaces/my_robot_interfaces/msg/detail/turtle_array__struct.h
[1.938s] -- Up-to-date symlink: /home/gari/Documents/ROS2/turtle_sim_project/install/my_robot_interfaces/include/my_robot_interfaces/my_robot_interfaces/msg/detail/turtle_array__type_support.h
[1.938s] -- Up-to-date symlink: /home/gari/Documents/ROS2/turtle_sim_project/install/my_robot_interfaces/include/my_robot_interfaces/my_robot_interfaces/msg/rosidl_generator_c__visibility_control.h
[1.938s] -- Up-to-date symlink: /home/gari/Documents/ROS2/turtle_sim_project/install/my_robot_interfaces/include/my_robot_interfaces/my_robot_interfaces/msg/turtle.h
[1.938s] -- Up-to-date symlink: /home/gari/Documents/ROS2/turtle_sim_project/install/my_robot_interfaces/include/my_robot_interfaces/my_robot_interfaces/msg/turtle_array.h
[1.939s] -- Up-to-date symlink: /home/gari/Documents/ROS2/turtle_sim_project/install/my_robot_interfaces/include/my_robot_interfaces/my_robot_interfaces/srv/catch_turtle.h
[1.939s] -- Up-to-date symlink: /home/gari/Documents/ROS2/turtle_sim_project/install/my_robot_interfaces/include/my_robot_interfaces/my_robot_interfaces/srv/detail/catch_turtle__functions.h
[1.939s] -- Up-to-date symlink: /home/gari/Documents/ROS2/turtle_sim_project/install/my_robot_interfaces/include/my_robot_interfaces/my_robot_interfaces/srv/detail/catch_turtle__struct.h
[1.939s] -- Up-to-date symlink: /home/gari/Documents/ROS2/turtle_sim_project/install/my_robot_interfaces/include/my_robot_interfaces/my_robot_interfaces/srv/detail/catch_turtle__type_support.h
[1.939s] -- Up-to-date symlink: /home/gari/Documents/ROS2/turtle_sim_project/install/my_robot_interfaces/share/my_robot_interfaces/environment/library_path.sh
[1.940s] -- Up-to-date symlink: /home/gari/Documents/ROS2/turtle_sim_project/install/my_robot_interfaces/share/my_robot_interfaces/environment/library_path.dsv
[1.941s] -- Up-to-date symlink: /home/gari/Documents/ROS2/turtle_sim_project/install/my_robot_interfaces/include/my_robot_interfaces/my_robot_interfaces/msg/detail/turtle__rosidl_typesupport_fastrtps_c.h
[1.941s] -- Up-to-date symlink: /home/gari/Documents/ROS2/turtle_sim_project/install/my_robot_interfaces/include/my_robot_interfaces/my_robot_interfaces/msg/detail/turtle_array__rosidl_typesupport_fastrtps_c.h
[1.941s] -- Up-to-date symlink: /home/gari/Documents/ROS2/turtle_sim_project/install/my_robot_interfaces/include/my_robot_interfaces/my_robot_interfaces/msg/rosidl_typesupport_fastrtps_c__visibility_control.h
[1.941s] -- Up-to-date symlink: /home/gari/Documents/ROS2/turtle_sim_project/install/my_robot_interfaces/include/my_robot_interfaces/my_robot_interfaces/srv/detail/catch_turtle__rosidl_typesupport_fastrtps_c.h
[1.942s] -- Up-to-date symlink: /home/gari/Documents/ROS2/turtle_sim_project/install/my_robot_interfaces/include/my_robot_interfaces/my_robot_interfaces/msg/detail/turtle__rosidl_typesupport_introspection_c.h
[1.942s] -- Up-to-date symlink: /home/gari/Documents/ROS2/turtle_sim_project/install/my_robot_interfaces/include/my_robot_interfaces/my_robot_interfaces/msg/detail/turtle_array__rosidl_typesupport_introspection_c.h
[1.942s] -- Up-to-date symlink: /home/gari/Documents/ROS2/turtle_sim_project/install/my_robot_interfaces/include/my_robot_interfaces/my_robot_interfaces/msg/rosidl_typesupport_introspection_c__visibility_control.h
[1.942s] -- Up-to-date symlink: /home/gari/Documents/ROS2/turtle_sim_project/install/my_robot_interfaces/include/my_robot_interfaces/my_robot_interfaces/srv/detail/catch_turtle__rosidl_typesupport_introspection_c.h
[1.943s] -- Up-to-date symlink: /home/gari/Documents/ROS2/turtle_sim_project/install/my_robot_interfaces/include/my_robot_interfaces/my_robot_interfaces/msg/detail/turtle__builder.hpp
[1.943s] -- Up-to-date symlink: /home/gari/Documents/ROS2/turtle_sim_project/install/my_robot_interfaces/include/my_robot_interfaces/my_robot_interfaces/msg/detail/turtle__struct.hpp
[1.944s] -- Up-to-date symlink: /home/gari/Documents/ROS2/turtle_sim_project/install/my_robot_interfaces/include/my_robot_interfaces/my_robot_interfaces/msg/detail/turtle__traits.hpp
[1.944s] -- Up-to-date symlink: /home/gari/Documents/ROS2/turtle_sim_project/install/my_robot_interfaces/include/my_robot_interfaces/my_robot_interfaces/msg/detail/turtle__type_support.hpp
[1.945s] -- Up-to-date symlink: /home/gari/Documents/ROS2/turtle_sim_project/install/my_robot_interfaces/include/my_robot_interfaces/my_robot_interfaces/msg/detail/turtle_array__builder.hpp
[1.945s] -- Up-to-date symlink: /home/gari/Documents/ROS2/turtle_sim_project/install/my_robot_interfaces/include/my_robot_interfaces/my_robot_interfaces/msg/detail/turtle_array__struct.hpp
[1.945s] -- Up-to-date symlink: /home/gari/Documents/ROS2/turtle_sim_project/install/my_robot_interfaces/include/my_robot_interfaces/my_robot_interfaces/msg/detail/turtle_array__traits.hpp
[1.945s] -- Up-to-date symlink: /home/gari/Documents/ROS2/turtle_sim_project/install/my_robot_interfaces/include/my_robot_interfaces/my_robot_interfaces/msg/detail/turtle_array__type_support.hpp
[1.946s] -- Up-to-date symlink: /home/gari/Documents/ROS2/turtle_sim_project/install/my_robot_interfaces/include/my_robot_interfaces/my_robot_interfaces/msg/rosidl_generator_cpp__visibility_control.hpp
[1.946s] -- Up-to-date symlink: /home/gari/Documents/ROS2/turtle_sim_project/install/my_robot_interfaces/include/my_robot_interfaces/my_robot_interfaces/msg/turtle.hpp
[1.946s] -- Up-to-date symlink: /home/gari/Documents/ROS2/turtle_sim_project/install/my_robot_interfaces/include/my_robot_interfaces/my_robot_interfaces/msg/turtle_array.hpp
[1.946s] -- Up-to-date symlink: /home/gari/Documents/ROS2/turtle_sim_project/install/my_robot_interfaces/include/my_robot_interfaces/my_robot_interfaces/srv/catch_turtle.hpp
[1.947s] -- Up-to-date symlink: /home/gari/Documents/ROS2/turtle_sim_project/install/my_robot_interfaces/include/my_robot_interfaces/my_robot_interfaces/srv/detail/catch_turtle__builder.hpp
[1.947s] -- Up-to-date symlink: /home/gari/Documents/ROS2/turtle_sim_project/install/my_robot_interfaces/include/my_robot_interfaces/my_robot_interfaces/srv/detail/catch_turtle__struct.hpp
[1.947s] -- Up-to-date symlink: /home/gari/Documents/ROS2/turtle_sim_project/install/my_robot_interfaces/include/my_robot_interfaces/my_robot_interfaces/srv/detail/catch_turtle__traits.hpp
[1.947s] -- Up-to-date symlink: /home/gari/Documents/ROS2/turtle_sim_project/install/my_robot_interfaces/include/my_robot_interfaces/my_robot_interfaces/srv/detail/catch_turtle__type_support.hpp
[1.947s] -- Up-to-date symlink: /home/gari/Documents/ROS2/turtle_sim_project/install/my_robot_interfaces/include/my_robot_interfaces/my_robot_interfaces/msg/detail/turtle__rosidl_typesupport_fastrtps_cpp.hpp
[1.948s] -- Up-to-date symlink: /home/gari/Documents/ROS2/turtle_sim_project/install/my_robot_interfaces/include/my_robot_interfaces/my_robot_interfaces/msg/detail/turtle_array__rosidl_typesupport_fastrtps_cpp.hpp
[1.948s] -- Up-to-date symlink: /home/gari/Documents/ROS2/turtle_sim_project/install/my_robot_interfaces/include/my_robot_interfaces/my_robot_interfaces/msg/rosidl_typesupport_fastrtps_cpp__visibility_control.h
[1.948s] -- Up-to-date symlink: /home/gari/Documents/ROS2/turtle_sim_project/install/my_robot_interfaces/include/my_robot_interfaces/my_robot_interfaces/srv/detail/catch_turtle__rosidl_typesupport_fastrtps_cpp.hpp
[1.949s] -- Up-to-date symlink: /home/gari/Documents/ROS2/turtle_sim_project/install/my_robot_interfaces/include/my_robot_interfaces/my_robot_interfaces/msg/detail/turtle__rosidl_typesupport_introspection_cpp.hpp
[1.949s] -- Up-to-date symlink: /home/gari/Documents/ROS2/turtle_sim_project/install/my_robot_interfaces/include/my_robot_interfaces/my_robot_interfaces/msg/detail/turtle_array__rosidl_typesupport_introspection_cpp.hpp
[1.950s] -- Up-to-date symlink: /home/gari/Documents/ROS2/turtle_sim_project/install/my_robot_interfaces/include/my_robot_interfaces/my_robot_interfaces/srv/detail/catch_turtle__rosidl_typesupport_introspection_cpp.hpp
[1.950s] -- Up-to-date symlink: /home/gari/Documents/ROS2/turtle_sim_project/install/my_robot_interfaces/share/my_robot_interfaces/environment/pythonpath.sh
[1.950s] -- Up-to-date symlink: /home/gari/Documents/ROS2/turtle_sim_project/install/my_robot_interfaces/share/my_robot_interfaces/environment/pythonpath.dsv
[1.951s] -- Up-to-date symlink: /home/gari/Documents/ROS2/turtle_sim_project/install/my_robot_interfaces/local/lib/python3.10/dist-packages/my_robot_interfaces-0.0.0-py3.10.egg-info/PKG-INFO
[1.951s] -- Up-to-date symlink: /home/gari/Documents/ROS2/turtle_sim_project/install/my_robot_interfaces/local/lib/python3.10/dist-packages/my_robot_interfaces-0.0.0-py3.10.egg-info/SOURCES.txt
[1.951s] -- Up-to-date symlink: /home/gari/Documents/ROS2/turtle_sim_project/install/my_robot_interfaces/local/lib/python3.10/dist-packages/my_robot_interfaces-0.0.0-py3.10.egg-info/dependency_links.txt
[1.951s] -- Up-to-date symlink: /home/gari/Documents/ROS2/turtle_sim_project/install/my_robot_interfaces/local/lib/python3.10/dist-packages/my_robot_interfaces-0.0.0-py3.10.egg-info/top_level.txt
[1.953s] -- Up-to-date symlink: /home/gari/Documents/ROS2/turtle_sim_project/install/my_robot_interfaces/local/lib/python3.10/dist-packages/my_robot_interfaces/__init__.py
[1.954s] -- Up-to-date symlink: /home/gari/Documents/ROS2/turtle_sim_project/install/my_robot_interfaces/local/lib/python3.10/dist-packages/my_robot_interfaces/_my_robot_interfaces_s.ep.rosidl_typesupport_c.c
[1.954s] -- Up-to-date symlink: /home/gari/Documents/ROS2/turtle_sim_project/install/my_robot_interfaces/local/lib/python3.10/dist-packages/my_robot_interfaces/_my_robot_interfaces_s.ep.rosidl_typesupport_fastrtps_c.c
[1.954s] -- Up-to-date symlink: /home/gari/Documents/ROS2/turtle_sim_project/install/my_robot_interfaces/local/lib/python3.10/dist-packages/my_robot_interfaces/_my_robot_interfaces_s.ep.rosidl_typesupport_introspection_c.c
[1.954s] -- Up-to-date symlink: /home/gari/Documents/ROS2/turtle_sim_project/install/my_robot_interfaces/local/lib/python3.10/dist-packages/my_robot_interfaces/libmy_robot_interfaces__rosidl_generator_py.so
[1.954s] -- Up-to-date symlink: /home/gari/Documents/ROS2/turtle_sim_project/install/my_robot_interfaces/local/lib/python3.10/dist-packages/my_robot_interfaces/msg/__init__.py
[1.955s] -- Up-to-date symlink: /home/gari/Documents/ROS2/turtle_sim_project/install/my_robot_interfaces/local/lib/python3.10/dist-packages/my_robot_interfaces/msg/_turtle.py
[1.955s] -- Up-to-date symlink: /home/gari/Documents/ROS2/turtle_sim_project/install/my_robot_interfaces/local/lib/python3.10/dist-packages/my_robot_interfaces/msg/_turtle_array.py
[1.955s] -- Up-to-date symlink: /home/gari/Documents/ROS2/turtle_sim_project/install/my_robot_interfaces/local/lib/python3.10/dist-packages/my_robot_interfaces/msg/_turtle_array_s.c
[1.955s] -- Up-to-date symlink: /home/gari/Documents/ROS2/turtle_sim_project/install/my_robot_interfaces/local/lib/python3.10/dist-packages/my_robot_interfaces/msg/_turtle_s.c
[1.955s] -- Up-to-date symlink: /home/gari/Documents/ROS2/turtle_sim_project/install/my_robot_interfaces/local/lib/python3.10/dist-packages/my_robot_interfaces/my_robot_interfaces_s__rosidl_typesupport_c.cpython-310-x86_64-linux-gnu.so
[1.956s] -- Up-to-date symlink: /home/gari/Documents/ROS2/turtle_sim_project/install/my_robot_interfaces/local/lib/python3.10/dist-packages/my_robot_interfaces/my_robot_interfaces_s__rosidl_typesupport_fastrtps_c.cpython-310-x86_64-linux-gnu.so
[1.956s] -- Up-to-date symlink: /home/gari/Documents/ROS2/turtle_sim_project/install/my_robot_interfaces/local/lib/python3.10/dist-packages/my_robot_interfaces/my_robot_interfaces_s__rosidl_typesupport_introspection_c.cpython-310-x86_64-linux-gnu.so
[1.956s] -- Up-to-date symlink: /home/gari/Documents/ROS2/turtle_sim_project/install/my_robot_interfaces/local/lib/python3.10/dist-packages/my_robot_interfaces/srv/__init__.py
[1.957s] -- Up-to-date symlink: /home/gari/Documents/ROS2/turtle_sim_project/install/my_robot_interfaces/local/lib/python3.10/dist-packages/my_robot_interfaces/srv/_catch_turtle.py
[1.957s] -- Up-to-date symlink: /home/gari/Documents/ROS2/turtle_sim_project/install/my_robot_interfaces/local/lib/python3.10/dist-packages/my_robot_interfaces/srv/_catch_turtle_s.c
[1.971s] -- Up-to-date symlink: /home/gari/Documents/ROS2/turtle_sim_project/install/my_robot_interfaces/local/lib/python3.10/dist-packages/my_robot_interfaces/my_robot_interfaces_s__rosidl_typesupport_fastrtps_c.cpython-310-x86_64-linux-gnu.so
[1.971s] -- Up-to-date symlink: /home/gari/Documents/ROS2/turtle_sim_project/install/my_robot_interfaces/local/lib/python3.10/dist-packages/my_robot_interfaces/my_robot_interfaces_s__rosidl_typesupport_introspection_c.cpython-310-x86_64-linux-gnu.so
[1.976s] -- Up-to-date symlink: /home/gari/Documents/ROS2/turtle_sim_project/install/my_robot_interfaces/local/lib/python3.10/dist-packages/my_robot_interfaces/my_robot_interfaces_s__rosidl_typesupport_c.cpython-310-x86_64-linux-gnu.so
[1.977s] -- Up-to-date symlink: /home/gari/Documents/ROS2/turtle_sim_project/install/my_robot_interfaces/share/my_robot_interfaces/msg/Turtle.idl
[1.977s] -- Up-to-date symlink: /home/gari/Documents/ROS2/turtle_sim_project/install/my_robot_interfaces/share/my_robot_interfaces/msg/TurtleArray.idl
[1.977s] -- Up-to-date symlink: /home/gari/Documents/ROS2/turtle_sim_project/install/my_robot_interfaces/share/my_robot_interfaces/srv/CatchTurtle.idl
[1.977s] -- Up-to-date symlink: /home/gari/Documents/ROS2/turtle_sim_project/install/my_robot_interfaces/share/my_robot_interfaces/msg/Turtle.msg
[1.977s] -- Up-to-date symlink: /home/gari/Documents/ROS2/turtle_sim_project/install/my_robot_interfaces/share/my_robot_interfaces/msg/TurtleArray.msg
[1.978s] -- Up-to-date symlink: /home/gari/Documents/ROS2/turtle_sim_project/install/my_robot_interfaces/share/my_robot_interfaces/srv/CatchTurtle.srv
[1.978s] -- Up-to-date symlink: /home/gari/Documents/ROS2/turtle_sim_project/install/my_robot_interfaces/share/my_robot_interfaces/srv/CatchTurtle_Request.msg
[1.978s] -- Up-to-date symlink: /home/gari/Documents/ROS2/turtle_sim_project/install/my_robot_interfaces/share/my_robot_interfaces/srv/CatchTurtle_Response.msg
[1.978s] -- Up-to-date symlink: /home/gari/Documents/ROS2/turtle_sim_project/install/my_robot_interfaces/share/ament_index/resource_index/package_run_dependencies/my_robot_interfaces
[1.978s] -- Up-to-date symlink: /home/gari/Documents/ROS2/turtle_sim_project/install/my_robot_interfaces/share/ament_index/resource_index/parent_prefix_path/my_robot_interfaces
[1.979s] -- Up-to-date symlink: /home/gari/Documents/ROS2/turtle_sim_project/install/my_robot_interfaces/share/my_robot_interfaces/environment/ament_prefix_path.sh
[1.979s] -- Up-to-date symlink: /home/gari/Documents/ROS2/turtle_sim_project/install/my_robot_interfaces/share/my_robot_interfaces/environment/ament_prefix_path.dsv
[1.979s] -- Up-to-date symlink: /home/gari/Documents/ROS2/turtle_sim_project/install/my_robot_interfaces/share/my_robot_interfaces/environment/path.sh
[1.979s] -- Up-to-date symlink: /home/gari/Documents/ROS2/turtle_sim_project/install/my_robot_interfaces/share/my_robot_interfaces/environment/path.dsv
[1.979s] -- Up-to-date symlink: /home/gari/Documents/ROS2/turtle_sim_project/install/my_robot_interfaces/share/my_robot_interfaces/local_setup.bash
[1.980s] -- Up-to-date symlink: /home/gari/Documents/ROS2/turtle_sim_project/install/my_robot_interfaces/share/my_robot_interfaces/local_setup.sh
[1.983s] -- Up-to-date symlink: /home/gari/Documents/ROS2/turtle_sim_project/install/my_robot_interfaces/share/my_robot_interfaces/local_setup.zsh
[1.983s] -- Up-to-date symlink: /home/gari/Documents/ROS2/turtle_sim_project/install/my_robot_interfaces/share/my_robot_interfaces/local_setup.dsv
[1.983s] -- Symlinking: /home/gari/Documents/ROS2/turtle_sim_project/install/my_robot_interfaces/share/my_robot_interfaces/package.dsv
[1.991s] -- Up-to-date symlink: /home/gari/Documents/ROS2/turtle_sim_project/install/my_robot_interfaces/share/ament_index/resource_index/packages/my_robot_interfaces
[1.992s] -- Up-to-date symlink: /home/gari/Documents/ROS2/turtle_sim_project/install/my_robot_interfaces/share/my_robot_interfaces/cmake/rosidl_cmake-extras.cmake
[1.992s] -- Up-to-date symlink: /home/gari/Documents/ROS2/turtle_sim_project/install/my_robot_interfaces/share/my_robot_interfaces/cmake/ament_cmake_export_include_directories-extras.cmake
[1.992s] -- Up-to-date symlink: /home/gari/Documents/ROS2/turtle_sim_project/install/my_robot_interfaces/share/my_robot_interfaces/cmake/ament_cmake_export_libraries-extras.cmake
[1.992s] -- Up-to-date symlink: /home/gari/Documents/ROS2/turtle_sim_project/install/my_robot_interfaces/share/my_robot_interfaces/cmake/ament_cmake_export_targets-extras.cmake
[1.992s] -- Up-to-date symlink: /home/gari/Documents/ROS2/turtle_sim_project/install/my_robot_interfaces/share/my_robot_interfaces/cmake/rosidl_cmake_export_typesupport_targets-extras.cmake
[1.994s] -- Up-to-date symlink: /home/gari/Documents/ROS2/turtle_sim_project/install/my_robot_interfaces/share/my_robot_interfaces/cmake/ament_cmake_export_dependencies-extras.cmake
[1.995s] -- Up-to-date symlink: /home/gari/Documents/ROS2/turtle_sim_project/install/my_robot_interfaces/share/my_robot_interfaces/cmake/rosidl_cmake_export_typesupport_libraries-extras.cmake
[1.995s] -- Up-to-date symlink: /home/gari/Documents/ROS2/turtle_sim_project/install/my_robot_interfaces/share/my_robot_interfaces/cmake/my_robot_interfacesConfig.cmake
[1.995s] -- Up-to-date symlink: /home/gari/Documents/ROS2/turtle_sim_project/install/my_robot_interfaces/share/my_robot_interfaces/cmake/my_robot_interfacesConfig-version.cmake
[1.995s] -- Up-to-date symlink: /home/gari/Documents/ROS2/turtle_sim_project/install/my_robot_interfaces/share/my_robot_interfaces/package.xml
[2.019s] -- Up-to-date: /home/gari/Documents/ROS2/turtle_sim_project/install/my_robot_interfaces/lib/libmy_robot_interfaces__rosidl_generator_c.so
[2.019s] -- Up-to-date: /home/gari/Documents/ROS2/turtle_sim_project/install/my_robot_interfaces/lib/libmy_robot_interfaces__rosidl_typesupport_fastrtps_c.so
[2.066s] -- Up-to-date: /home/gari/Documents/ROS2/turtle_sim_project/install/my_robot_interfaces/lib/libmy_robot_interfaces__rosidl_typesupport_introspection_c.so
[2.067s] -- Up-to-date: /home/gari/Documents/ROS2/turtle_sim_project/install/my_robot_interfaces/lib/libmy_robot_interfaces__rosidl_typesupport_c.so
[2.101s] -- Up-to-date: /home/gari/Documents/ROS2/turtle_sim_project/install/my_robot_interfaces/lib/libmy_robot_interfaces__rosidl_typesupport_fastrtps_cpp.so
[2.102s] -- Up-to-date: /home/gari/Documents/ROS2/turtle_sim_project/install/my_robot_interfaces/lib/libmy_robot_interfaces__rosidl_typesupport_introspection_cpp.so
[2.103s] -- Up-to-date: /home/gari/Documents/ROS2/turtle_sim_project/install/my_robot_interfaces/lib/libmy_robot_interfaces__rosidl_typesupport_cpp.so
[2.174s] Listing '/home/gari/Documents/ROS2/turtle_sim_project/install/my_robot_interfaces/local/lib/python3.10/dist-packages/my_robot_interfaces'...
[2.175s] Listing '/home/gari/Documents/ROS2/turtle_sim_project/install/my_robot_interfaces/local/lib/python3.10/dist-packages/my_robot_interfaces/msg'...
[2.175s] Listing '/home/gari/Documents/ROS2/turtle_sim_project/install/my_robot_interfaces/local/lib/python3.10/dist-packages/my_robot_interfaces/srv'...
[2.228s] -- Up-to-date: /home/gari/Documents/ROS2/turtle_sim_project/install/my_robot_interfaces/lib/libmy_robot_interfaces__rosidl_generator_py.so
[2.264s] -- Up-to-date: /home/gari/Documents/ROS2/turtle_sim_project/install/my_robot_interfaces/share/my_robot_interfaces/cmake/export_my_robot_interfaces__rosidl_generator_cExport.cmake
[2.264s] -- Up-to-date: /home/gari/Documents/ROS2/turtle_sim_project/install/my_robot_interfaces/share/my_robot_interfaces/cmake/export_my_robot_interfaces__rosidl_generator_cExport-noconfig.cmake
[2.265s] -- Up-to-date: /home/gari/Documents/ROS2/turtle_sim_project/install/my_robot_interfaces/share/my_robot_interfaces/cmake/export_my_robot_interfaces__rosidl_typesupport_fastrtps_cExport.cmake
[2.265s] -- Up-to-date: /home/gari/Documents/ROS2/turtle_sim_project/install/my_robot_interfaces/share/my_robot_interfaces/cmake/export_my_robot_interfaces__rosidl_typesupport_fastrtps_cExport-noconfig.cmake
[2.270s] -- Up-to-date: /home/gari/Documents/ROS2/turtle_sim_project/install/my_robot_interfaces/share/my_robot_interfaces/cmake/my_robot_interfaces__rosidl_typesupport_introspection_cExport.cmake
[2.270s] -- Up-to-date: /home/gari/Documents/ROS2/turtle_sim_project/install/my_robot_interfaces/share/my_robot_interfaces/cmake/my_robot_interfaces__rosidl_typesupport_introspection_cExport-noconfig.cmake
[2.270s] -- Up-to-date: /home/gari/Documents/ROS2/turtle_sim_project/install/my_robot_interfaces/share/my_robot_interfaces/cmake/my_robot_interfaces__rosidl_typesupport_cExport.cmake
[2.270s] -- Up-to-date: /home/gari/Documents/ROS2/turtle_sim_project/install/my_robot_interfaces/share/my_robot_interfaces/cmake/my_robot_interfaces__rosidl_typesupport_cExport-noconfig.cmake
[2.271s] -- Up-to-date: /home/gari/Documents/ROS2/turtle_sim_project/install/my_robot_interfaces/share/my_robot_interfaces/cmake/export_my_robot_interfaces__rosidl_generator_cppExport.cmake
[2.272s] -- Up-to-date: /home/gari/Documents/ROS2/turtle_sim_project/install/my_robot_interfaces/share/my_robot_interfaces/cmake/export_my_robot_interfaces__rosidl_typesupport_fastrtps_cppExport.cmake
[2.272s] -- Up-to-date: /home/gari/Documents/ROS2/turtle_sim_project/install/my_robot_interfaces/share/my_robot_interfaces/cmake/export_my_robot_interfaces__rosidl_typesupport_fastrtps_cppExport-noconfig.cmake
[2.272s] -- Up-to-date: /home/gari/Documents/ROS2/turtle_sim_project/install/my_robot_interfaces/share/my_robot_interfaces/cmake/my_robot_interfaces__rosidl_typesupport_introspection_cppExport.cmake
[2.272s] -- Up-to-date: /home/gari/Documents/ROS2/turtle_sim_project/install/my_robot_interfaces/share/my_robot_interfaces/cmake/my_robot_interfaces__rosidl_typesupport_introspection_cppExport-noconfig.cmake
[2.273s] -- Up-to-date: /home/gari/Documents/ROS2/turtle_sim_project/install/my_robot_interfaces/share/my_robot_interfaces/cmake/my_robot_interfaces__rosidl_typesupport_cppExport.cmake
[2.273s] -- Up-to-date: /home/gari/Documents/ROS2/turtle_sim_project/install/my_robot_interfaces/share/my_robot_interfaces/cmake/my_robot_interfaces__rosidl_typesupport_cppExport-noconfig.cmake
[2.273s] -- Up-to-date: /home/gari/Documents/ROS2/turtle_sim_project/install/my_robot_interfaces/share/my_robot_interfaces/cmake/export_my_robot_interfaces__rosidl_generator_pyExport.cmake
[2.274s] -- Up-to-date: /home/gari/Documents/ROS2/turtle_sim_project/install/my_robot_interfaces/share/my_robot_interfaces/cmake/export_my_robot_interfaces__rosidl_generator_pyExport-noconfig.cmake
[2.276s] Invoked command in '/home/gari/Documents/ROS2/turtle_sim_project/build/my_robot_interfaces' returned '0': CMAKE_PREFIX_PATH=/opt/ros/humble /usr/bin/cmake --install /home/gari/Documents/ROS2/turtle_sim_project/build/my_robot_interfaces
