[0.133s] Invoking command in '/home/gari/Documents/ROS2/ros2_rviz/build/my_robot_description': CMAKE_PREFIX_PATH=/opt/ros/humble /usr/bin/cmake --build /home/gari/Documents/ROS2/ros2_rviz/build/my_robot_description -- -j12 -l12
[0.793s] Invoked command in '/home/gari/Documents/ROS2/ros2_rviz/build/my_robot_description' returned '0': CMAKE_PREFIX_PATH=/opt/ros/humble /usr/bin/cmake --build /home/gari/Documents/ROS2/ros2_rviz/build/my_robot_description -- -j12 -l12
[0.904s] Invoking command in '/home/gari/Documents/ROS2/ros2_rviz/build/my_robot_description': CMAKE_PREFIX_PATH=/opt/ros/humble /usr/bin/cmake --install /home/gari/Documents/ROS2/ros2_rviz/build/my_robot_description
[1.217s] -- Install configuration: ""
[1.929s] -- Execute custom install script
[1.956s] -- Up-to-date symlink: /home/gari/Documents/ROS2/ros2_rviz/install/my_robot_description/share/my_robot_description//urdf/common_properties.xacro
[1.956s] -- Up-to-date symlink: /home/gari/Documents/ROS2/ros2_rviz/install/my_robot_description/share/my_robot_description//urdf/mobile_base.xacro
[1.957s] -- Up-to-date symlink: /home/gari/Documents/ROS2/ros2_rviz/install/my_robot_description/share/my_robot_description//urdf/my_robot.urdf.xacro
[1.958s] -- Up-to-date symlink: /home/gari/Documents/ROS2/ros2_rviz/install/my_robot_description/share/my_robot_description//launch/display_launch.py
[1.958s] -- Up-to-date symlink: /home/gari/Documents/ROS2/ros2_rviz/install/my_robot_description/share/my_robot_description//launch/display_launch.xml
[1.959s] -- Up-to-date symlink: /home/gari/Documents/ROS2/ros2_rviz/install/my_robot_description/share/my_robot_description//launch/display_launch_gzebo.xml
[1.959s] -- Up-to-date symlink: /home/gari/Documents/ROS2/ros2_rviz/install/my_robot_description/share/my_robot_description//launch/gzebo_launch.py
[1.959s] -- Up-to-date symlink: /home/gari/Documents/ROS2/ros2_rviz/install/my_robot_description/share/ament_index/resource_index/package_run_dependencies/my_robot_description
[1.960s] -- Up-to-date symlink: /home/gari/Documents/ROS2/ros2_rviz/install/my_robot_description/share/ament_index/resource_index/parent_prefix_path/my_robot_description
[1.961s] -- Up-to-date symlink: /home/gari/Documents/ROS2/ros2_rviz/install/my_robot_description/share/my_robot_description/environment/ament_prefix_path.sh
[1.962s] -- Up-to-date symlink: /home/gari/Documents/ROS2/ros2_rviz/install/my_robot_description/share/my_robot_description/environment/ament_prefix_path.dsv
[1.962s] -- Up-to-date symlink: /home/gari/Documents/ROS2/ros2_rviz/install/my_robot_description/share/my_robot_description/environment/path.sh
[1.963s] -- Up-to-date symlink: /home/gari/Documents/ROS2/ros2_rviz/install/my_robot_description/share/my_robot_description/environment/path.dsv
[1.963s] -- Up-to-date symlink: /home/gari/Documents/ROS2/ros2_rviz/install/my_robot_description/share/my_robot_description/local_setup.bash
[1.964s] -- Up-to-date symlink: /home/gari/Documents/ROS2/ros2_rviz/install/my_robot_description/share/my_robot_description/local_setup.sh
[1.965s] -- Up-to-date symlink: /home/gari/Documents/ROS2/ros2_rviz/install/my_robot_description/share/my_robot_description/local_setup.zsh
[1.965s] -- Up-to-date symlink: /home/gari/Documents/ROS2/ros2_rviz/install/my_robot_description/share/my_robot_description/local_setup.dsv
[1.966s] -- Symlinking: /home/gari/Documents/ROS2/ros2_rviz/install/my_robot_description/share/my_robot_description/package.dsv
[1.979s] -- Up-to-date symlink: /home/gari/Documents/ROS2/ros2_rviz/install/my_robot_description/share/ament_index/resource_index/packages/my_robot_description
[1.979s] -- Up-to-date symlink: /home/gari/Documents/ROS2/ros2_rviz/install/my_robot_description/share/my_robot_description/cmake/my_robot_descriptionConfig.cmake
[1.979s] -- Up-to-date symlink: /home/gari/Documents/ROS2/ros2_rviz/install/my_robot_description/share/my_robot_description/cmake/my_robot_descriptionConfig-version.cmake
[1.979s] -- Up-to-date symlink: /home/gari/Documents/ROS2/ros2_rviz/install/my_robot_description/share/my_robot_description/package.xml
[1.981s] Invoked command in '/home/gari/Documents/ROS2/ros2_rviz/build/my_robot_description' returned '0': CMAKE_PREFIX_PATH=/opt/ros/humble /usr/bin/cmake --install /home/gari/Documents/ROS2/ros2_rviz/build/my_robot_description
