[0.084s] Invoking command in '/home/gari/Documents/ROS2/ros2_refer/build/my_robot_bringup': CMAKE_PREFIX_PATH=/opt/ros/humble /usr/bin/cmake --build /home/gari/Documents/ROS2/ros2_refer/build/my_robot_bringup -- -j12 -l12
[0.442s] Invoked command in '/home/gari/Documents/ROS2/ros2_refer/build/my_robot_bringup' returned '0': CMAKE_PREFIX_PATH=/opt/ros/humble /usr/bin/cmake --build /home/gari/Documents/ROS2/ros2_refer/build/my_robot_bringup -- -j12 -l12
[0.444s] Invoking command in '/home/gari/Documents/ROS2/ros2_refer/build/my_robot_bringup': CMAKE_PREFIX_PATH=/opt/ros/humble /usr/bin/cmake --install /home/gari/Documents/ROS2/ros2_refer/build/my_robot_bringup
[0.493s] -- Install configuration: ""
[0.500s] -- Up-to-date: /home/gari/Documents/ROS2/ros2_refer/install/my_robot_bringup/share/my_robot_bringup//launch
[0.501s] -- Installing: /home/gari/Documents/ROS2/ros2_refer/install/my_robot_bringup/share/my_robot_bringup//launch/my_robot_gazebo.launch.xml
[0.502s] -- Installing: /home/gari/Documents/ROS2/ros2_refer/install/my_robot_bringup/share/my_robot_bringup//launch/my_robot_gazebo.launch.py
[0.504s] -- Up-to-date: /home/gari/Documents/ROS2/ros2_refer/install/my_robot_bringup/share/my_robot_bringup//config
[0.504s] -- Up-to-date: /home/gari/Documents/ROS2/ros2_refer/install/my_robot_bringup/share/my_robot_bringup//config/gazebo_bridge.yaml
[0.505s] -- Up-to-date: /home/gari/Documents/ROS2/ros2_refer/install/my_robot_bringup/share/my_robot_bringup//worlds
[0.505s] -- Up-to-date: /home/gari/Documents/ROS2/ros2_refer/install/my_robot_bringup/share/my_robot_bringup//worlds/test_world.sdf
[0.505s] -- Up-to-date: /home/gari/Documents/ROS2/ros2_refer/install/my_robot_bringup/share/ament_index/resource_index/package_run_dependencies/my_robot_bringup
[0.505s] -- Up-to-date: /home/gari/Documents/ROS2/ros2_refer/install/my_robot_bringup/share/ament_index/resource_index/parent_prefix_path/my_robot_bringup
[0.505s] -- Up-to-date: /home/gari/Documents/ROS2/ros2_refer/install/my_robot_bringup/share/my_robot_bringup/environment/ament_prefix_path.sh
[0.505s] -- Up-to-date: /home/gari/Documents/ROS2/ros2_refer/install/my_robot_bringup/share/my_robot_bringup/environment/ament_prefix_path.dsv
[0.506s] -- Up-to-date: /home/gari/Documents/ROS2/ros2_refer/install/my_robot_bringup/share/my_robot_bringup/environment/path.sh
[0.506s] -- Up-to-date: /home/gari/Documents/ROS2/ros2_refer/install/my_robot_bringup/share/my_robot_bringup/environment/path.dsv
[0.506s] -- Up-to-date: /home/gari/Documents/ROS2/ros2_refer/install/my_robot_bringup/share/my_robot_bringup/local_setup.bash
[0.506s] -- Up-to-date: /home/gari/Documents/ROS2/ros2_refer/install/my_robot_bringup/share/my_robot_bringup/local_setup.sh
[0.506s] -- Up-to-date: /home/gari/Documents/ROS2/ros2_refer/install/my_robot_bringup/share/my_robot_bringup/local_setup.zsh
[0.506s] -- Up-to-date: /home/gari/Documents/ROS2/ros2_refer/install/my_robot_bringup/share/my_robot_bringup/local_setup.dsv
[0.506s] -- Installing: /home/gari/Documents/ROS2/ros2_refer/install/my_robot_bringup/share/my_robot_bringup/package.dsv
[0.507s] -- Up-to-date: /home/gari/Documents/ROS2/ros2_refer/install/my_robot_bringup/share/ament_index/resource_index/packages/my_robot_bringup
[0.507s] -- Up-to-date: /home/gari/Documents/ROS2/ros2_refer/install/my_robot_bringup/share/my_robot_bringup/cmake/my_robot_bringupConfig.cmake
[0.507s] -- Up-to-date: /home/gari/Documents/ROS2/ros2_refer/install/my_robot_bringup/share/my_robot_bringup/cmake/my_robot_bringupConfig-version.cmake
[0.507s] -- Up-to-date: /home/gari/Documents/ROS2/ros2_refer/install/my_robot_bringup/share/my_robot_bringup/package.xml
[0.668s] Invoked command in '/home/gari/Documents/ROS2/ros2_refer/build/my_robot_bringup' returned '0': CMAKE_PREFIX_PATH=/opt/ros/humble /usr/bin/cmake --install /home/gari/Documents/ROS2/ros2_refer/build/my_robot_bringup
