[0.184s] DEBUG:colcon:Command line arguments: ['/usr/bin/colcon', 'list', '-p', '--base-paths', '/home/gari/Documents/ROS2/ros2_refer']
[0.184s] DEBUG:colcon:Parsed command line arguments: Namespace(log_base=None, log_level=None, verb_name='list', build_base='build', ignore_user_meta=False, metas=['./colcon.meta'], base_paths=['/home/gari/Documents/ROS2/ros2_refer'], packages_ignore=None, packages_ignore_regex=None, paths=None, packages_up_to=None, packages_up_to_regex=None, packages_above=None, packages_above_and_dependencies=None, packages_above_depth=None, packages_select_by_dep=None, packages_skip_by_dep=None, packages_skip_up_to=None, packages_select_build_failed=False, packages_skip_build_finished=False, packages_select_test_failures=False, packages_skip_test_passed=False, packages_select=None, packages_skip=None, packages_select_regex=None, packages_skip_regex=None, packages_start=None, packages_end=None, allow_overriding=[], topological_order=False, names_only=False, paths_only=True, topological_graph=False, topological_graph_dot=False, topological_graph_density=False, topological_graph_legend=False, topological_graph_dot_cluster=False, topological_graph_dot_include_skipped=False, mixin_files=None, mixin=None, verb_parser=<colcon_mixin.mixin.mixin_argument.MixinArgumentDecorator object at 0x7026df556260>, verb_extension=<colcon_package_information.verb.list.ListVerb object at 0x7026df555180>, main=<bound method ListVerb.main of <colcon_package_information.verb.list.ListVerb object at 0x7026df555180>>, mixin_verb=('list',))
[0.501s] Level 1:colcon.colcon_core.package_discovery:discover_packages(colcon_meta) check parameters
[0.501s] Level 1:colcon.colcon_core.package_discovery:discover_packages(recursive) check parameters
[0.501s] Level 1:colcon.colcon_core.package_discovery:discover_packages(ignore) check parameters
[0.501s] Level 1:colcon.colcon_core.package_discovery:discover_packages(path) check parameters
[0.501s] Level 1:colcon.colcon_core.package_discovery:discover_packages(recursive) discover
[0.502s] INFO:colcon.colcon_core.package_discovery:Crawling recursively for packages in '/home/gari/Documents/ROS2/ros2_refer'
[0.502s] Level 1:colcon.colcon_core.package_identification:_identify(/home/gari/Documents/ROS2/ros2_refer) by extensions ['ignore', 'ignore_ament_install']
[0.502s] Level 1:colcon.colcon_core.package_identification:_identify(/home/gari/Documents/ROS2/ros2_refer) by extension 'ignore'
[0.502s] Level 1:colcon.colcon_core.package_identification:_identify(/home/gari/Documents/ROS2/ros2_refer) by extension 'ignore_ament_install'
[0.502s] Level 1:colcon.colcon_core.package_identification:_identify(/home/gari/Documents/ROS2/ros2_refer) by extensions ['colcon_pkg']
[0.502s] Level 1:colcon.colcon_core.package_identification:_identify(/home/gari/Documents/ROS2/ros2_refer) by extension 'colcon_pkg'
[0.502s] Level 1:colcon.colcon_core.package_identification:_identify(/home/gari/Documents/ROS2/ros2_refer) by extensions ['colcon_meta']
[0.502s] Level 1:colcon.colcon_core.package_identification:_identify(/home/gari/Documents/ROS2/ros2_refer) by extension 'colcon_meta'
[0.503s] Level 1:colcon.colcon_core.package_identification:_identify(/home/gari/Documents/ROS2/ros2_refer) by extensions ['ros']
[0.503s] Level 1:colcon.colcon_core.package_identification:_identify(/home/gari/Documents/ROS2/ros2_refer) by extension 'ros'
[0.528s] Level 1:colcon.colcon_core.package_identification:_identify(/home/gari/Documents/ROS2/ros2_refer) by extensions ['cmake', 'python']
[0.529s] Level 1:colcon.colcon_core.package_identification:_identify(/home/gari/Documents/ROS2/ros2_refer) by extension 'cmake'
[0.529s] Level 1:colcon.colcon_core.package_identification:_identify(/home/gari/Documents/ROS2/ros2_refer) by extension 'python'
[0.529s] Level 1:colcon.colcon_core.package_identification:_identify(/home/gari/Documents/ROS2/ros2_refer) by extensions ['python_setup_py']
[0.529s] Level 1:colcon.colcon_core.package_identification:_identify(/home/gari/Documents/ROS2/ros2_refer) by extension 'python_setup_py'
[0.529s] Level 1:colcon.colcon_core.package_identification:_identify(/home/gari/Documents/ROS2/ros2_refer/build) by extensions ['ignore', 'ignore_ament_install']
[0.529s] Level 1:colcon.colcon_core.package_identification:_identify(/home/gari/Documents/ROS2/ros2_refer/build) by extension 'ignore'
[0.529s] Level 1:colcon.colcon_core.package_identification:_identify(/home/gari/Documents/ROS2/ros2_refer/build) ignored
[0.530s] Level 1:colcon.colcon_core.package_identification:_identify(/home/gari/Documents/ROS2/ros2_refer/install) by extensions ['ignore', 'ignore_ament_install']
[0.530s] Level 1:colcon.colcon_core.package_identification:_identify(/home/gari/Documents/ROS2/ros2_refer/install) by extension 'ignore'
[0.530s] Level 1:colcon.colcon_core.package_identification:_identify(/home/gari/Documents/ROS2/ros2_refer/install) ignored
[0.531s] Level 1:colcon.colcon_core.package_identification:_identify(/home/gari/Documents/ROS2/ros2_refer/log) by extensions ['ignore', 'ignore_ament_install']
[0.531s] Level 1:colcon.colcon_core.package_identification:_identify(/home/gari/Documents/ROS2/ros2_refer/log) by extension 'ignore'
[0.532s] Level 1:colcon.colcon_core.package_identification:_identify(/home/gari/Documents/ROS2/ros2_refer/log) ignored
[0.532s] Level 1:colcon.colcon_core.package_identification:_identify(/home/gari/Documents/ROS2/ros2_refer/src) by extensions ['ignore', 'ignore_ament_install']
[0.532s] Level 1:colcon.colcon_core.package_identification:_identify(/home/gari/Documents/ROS2/ros2_refer/src) by extension 'ignore'
[0.532s] Level 1:colcon.colcon_core.package_identification:_identify(/home/gari/Documents/ROS2/ros2_refer/src) by extension 'ignore_ament_install'
[0.532s] Level 1:colcon.colcon_core.package_identification:_identify(/home/gari/Documents/ROS2/ros2_refer/src) by extensions ['colcon_pkg']
[0.533s] Level 1:colcon.colcon_core.package_identification:_identify(/home/gari/Documents/ROS2/ros2_refer/src) by extension 'colcon_pkg'
[0.533s] Level 1:colcon.colcon_core.package_identification:_identify(/home/gari/Documents/ROS2/ros2_refer/src) by extensions ['colcon_meta']
[0.533s] Level 1:colcon.colcon_core.package_identification:_identify(/home/gari/Documents/ROS2/ros2_refer/src) by extension 'colcon_meta'
[0.533s] Level 1:colcon.colcon_core.package_identification:_identify(/home/gari/Documents/ROS2/ros2_refer/src) by extensions ['ros']
[0.533s] Level 1:colcon.colcon_core.package_identification:_identify(/home/gari/Documents/ROS2/ros2_refer/src) by extension 'ros'
[0.533s] Level 1:colcon.colcon_core.package_identification:_identify(/home/gari/Documents/ROS2/ros2_refer/src) by extensions ['cmake', 'python']
[0.533s] Level 1:colcon.colcon_core.package_identification:_identify(/home/gari/Documents/ROS2/ros2_refer/src) by extension 'cmake'
[0.533s] Level 1:colcon.colcon_core.package_identification:_identify(/home/gari/Documents/ROS2/ros2_refer/src) by extension 'python'
[0.533s] Level 1:colcon.colcon_core.package_identification:_identify(/home/gari/Documents/ROS2/ros2_refer/src) by extensions ['python_setup_py']
[0.534s] Level 1:colcon.colcon_core.package_identification:_identify(/home/gari/Documents/ROS2/ros2_refer/src) by extension 'python_setup_py'
[0.534s] Level 1:colcon.colcon_core.package_identification:_identify(/home/gari/Documents/ROS2/ros2_refer/src/my_robot_bringup) by extensions ['ignore', 'ignore_ament_install']
[0.534s] Level 1:colcon.colcon_core.package_identification:_identify(/home/gari/Documents/ROS2/ros2_refer/src/my_robot_bringup) by extension 'ignore'
[0.534s] Level 1:colcon.colcon_core.package_identification:_identify(/home/gari/Documents/ROS2/ros2_refer/src/my_robot_bringup) by extension 'ignore_ament_install'
[0.534s] Level 1:colcon.colcon_core.package_identification:_identify(/home/gari/Documents/ROS2/ros2_refer/src/my_robot_bringup) by extensions ['colcon_pkg']
[0.534s] Level 1:colcon.colcon_core.package_identification:_identify(/home/gari/Documents/ROS2/ros2_refer/src/my_robot_bringup) by extension 'colcon_pkg'
[0.534s] Level 1:colcon.colcon_core.package_identification:_identify(/home/gari/Documents/ROS2/ros2_refer/src/my_robot_bringup) by extensions ['colcon_meta']
[0.535s] Level 1:colcon.colcon_core.package_identification:_identify(/home/gari/Documents/ROS2/ros2_refer/src/my_robot_bringup) by extension 'colcon_meta'
[0.535s] Level 1:colcon.colcon_core.package_identification:_identify(/home/gari/Documents/ROS2/ros2_refer/src/my_robot_bringup) by extensions ['ros']
[0.535s] Level 1:colcon.colcon_core.package_identification:_identify(/home/gari/Documents/ROS2/ros2_refer/src/my_robot_bringup) by extension 'ros'
[0.540s] DEBUG:colcon.colcon_core.package_identification:Package '/home/gari/Documents/ROS2/ros2_refer/src/my_robot_bringup' with type 'ros.ament_cmake' and name 'my_robot_bringup'
[0.540s] Level 1:colcon.colcon_core.package_identification:_identify(/home/gari/Documents/ROS2/ros2_refer/src/my_robot_description) by extensions ['ignore', 'ignore_ament_install']
[0.540s] Level 1:colcon.colcon_core.package_identification:_identify(/home/gari/Documents/ROS2/ros2_refer/src/my_robot_description) by extension 'ignore'
[0.541s] Level 1:colcon.colcon_core.package_identification:_identify(/home/gari/Documents/ROS2/ros2_refer/src/my_robot_description) by extension 'ignore_ament_install'
[0.541s] Level 1:colcon.colcon_core.package_identification:_identify(/home/gari/Documents/ROS2/ros2_refer/src/my_robot_description) by extensions ['colcon_pkg']
[0.541s] Level 1:colcon.colcon_core.package_identification:_identify(/home/gari/Documents/ROS2/ros2_refer/src/my_robot_description) by extension 'colcon_pkg'
[0.541s] Level 1:colcon.colcon_core.package_identification:_identify(/home/gari/Documents/ROS2/ros2_refer/src/my_robot_description) by extensions ['colcon_meta']
[0.541s] Level 1:colcon.colcon_core.package_identification:_identify(/home/gari/Documents/ROS2/ros2_refer/src/my_robot_description) by extension 'colcon_meta'
[0.541s] Level 1:colcon.colcon_core.package_identification:_identify(/home/gari/Documents/ROS2/ros2_refer/src/my_robot_description) by extensions ['ros']
[0.541s] Level 1:colcon.colcon_core.package_identification:_identify(/home/gari/Documents/ROS2/ros2_refer/src/my_robot_description) by extension 'ros'
[0.542s] DEBUG:colcon.colcon_core.package_identification:Package '/home/gari/Documents/ROS2/ros2_refer/src/my_robot_description' with type 'ros.ament_cmake' and name 'my_robot_description'
[0.542s] Level 1:colcon.colcon_core.package_discovery:discover_packages(recursive) using defaults
