[0.150s] DEBUG:colcon:Command line arguments: ['/usr/bin/colcon', 'build']
[0.151s] DEBUG:colcon:Parsed command line arguments: Namespace(log_base=None, log_level=None, verb_name='build', build_base='build', install_base='install', merge_install=False, symlink_install=False, test_result_base=None, continue_on_error=False, executor='parallel', parallel_workers=12, event_handlers=None, ignore_user_meta=False, metas=['./colcon.meta'], base_paths=['.'], packages_ignore=None, packages_ignore_regex=None, paths=None, packages_up_to=None, packages_up_to_regex=None, packages_above=None, packages_above_and_dependencies=None, packages_above_depth=None, packages_select_by_dep=None, packages_skip_by_dep=None, packages_skip_up_to=None, packages_select_build_failed=False, packages_skip_build_finished=False, packages_select_test_failures=False, packages_skip_test_passed=False, packages_select=None, packages_skip=None, packages_select_regex=None, packages_skip_regex=None, packages_start=None, packages_end=None, allow_overriding=[], cmake_args=None, cmake_target=None, cmake_target_skip_unavailable=False, cmake_clean_cache=False, cmake_clean_first=False, cmake_force_configure=False, ament_cmake_args=None, catkin_cmake_args=None, catkin_skip_building_tests=False, mixin_files=None, mixin=None, verb_parser=<colcon_mixin.mixin.mixin_argument.MixinArgumentDecorator object at 0x7468c6d4d4b0>, verb_extension=<colcon_core.verb.build.BuildVerb object at 0x7468c6d4d000>, main=<bound method BuildVerb.main of <colcon_core.verb.build.BuildVerb object at 0x7468c6d4d000>>, mixin_verb=('build',))
[2.787s] Level 1:colcon.colcon_core.package_discovery:discover_packages(colcon_meta) check parameters
[2.788s] Level 1:colcon.colcon_core.package_discovery:discover_packages(recursive) check parameters
[2.788s] Level 1:colcon.colcon_core.package_discovery:discover_packages(ignore) check parameters
[2.788s] Level 1:colcon.colcon_core.package_discovery:discover_packages(path) check parameters
[2.788s] Level 1:colcon.colcon_core.package_discovery:discover_packages(colcon_meta) discover
[2.788s] Level 1:colcon.colcon_core.package_discovery:discover_packages(recursive) discover
[2.788s] INFO:colcon.colcon_core.package_discovery:Crawling recursively for packages in '/home/gari/Documents/ROS2/ros2_rviz'
[2.788s] Level 1:colcon.colcon_core.package_identification:_identify(.) by extensions ['ignore', 'ignore_ament_install']
[2.788s] Level 1:colcon.colcon_core.package_identification:_identify(.) by extension 'ignore'
[2.789s] Level 1:colcon.colcon_core.package_identification:_identify(.) by extension 'ignore_ament_install'
[2.789s] Level 1:colcon.colcon_core.package_identification:_identify(.) by extensions ['colcon_pkg']
[2.789s] Level 1:colcon.colcon_core.package_identification:_identify(.) by extension 'colcon_pkg'
[2.789s] Level 1:colcon.colcon_core.package_identification:_identify(.) by extensions ['colcon_meta']
[2.789s] Level 1:colcon.colcon_core.package_identification:_identify(.) by extension 'colcon_meta'
[2.789s] Level 1:colcon.colcon_core.package_identification:_identify(.) by extensions ['ros']
[2.789s] Level 1:colcon.colcon_core.package_identification:_identify(.) by extension 'ros'
[2.804s] Level 1:colcon.colcon_core.package_identification:_identify(.) by extensions ['cmake', 'python']
[2.804s] Level 1:colcon.colcon_core.package_identification:_identify(.) by extension 'cmake'
[2.804s] Level 1:colcon.colcon_core.package_identification:_identify(.) by extension 'python'
[2.804s] Level 1:colcon.colcon_core.package_identification:_identify(.) by extensions ['python_setup_py']
[2.805s] Level 1:colcon.colcon_core.package_identification:_identify(.) by extension 'python_setup_py'
[2.805s] Level 1:colcon.colcon_core.package_identification:_identify(build) by extensions ['ignore', 'ignore_ament_install']
[2.805s] Level 1:colcon.colcon_core.package_identification:_identify(build) by extension 'ignore'
[2.805s] Level 1:colcon.colcon_core.package_identification:_identify(build) ignored
[2.805s] Level 1:colcon.colcon_core.package_identification:_identify(install) by extensions ['ignore', 'ignore_ament_install']
[2.805s] Level 1:colcon.colcon_core.package_identification:_identify(install) by extension 'ignore'
[2.805s] Level 1:colcon.colcon_core.package_identification:_identify(install) ignored
[2.805s] Level 1:colcon.colcon_core.package_identification:_identify(log) by extensions ['ignore', 'ignore_ament_install']
[2.805s] Level 1:colcon.colcon_core.package_identification:_identify(log) by extension 'ignore'
[2.806s] Level 1:colcon.colcon_core.package_identification:_identify(log) ignored
[2.806s] Level 1:colcon.colcon_core.package_identification:_identify(src) by extensions ['ignore', 'ignore_ament_install']
[2.806s] Level 1:colcon.colcon_core.package_identification:_identify(src) by extension 'ignore'
[2.806s] Level 1:colcon.colcon_core.package_identification:_identify(src) by extension 'ignore_ament_install'
[2.806s] Level 1:colcon.colcon_core.package_identification:_identify(src) by extensions ['colcon_pkg']
[2.806s] Level 1:colcon.colcon_core.package_identification:_identify(src) by extension 'colcon_pkg'
[2.806s] Level 1:colcon.colcon_core.package_identification:_identify(src) by extensions ['colcon_meta']
[2.806s] Level 1:colcon.colcon_core.package_identification:_identify(src) by extension 'colcon_meta'
[2.806s] Level 1:colcon.colcon_core.package_identification:_identify(src) by extensions ['ros']
[2.806s] Level 1:colcon.colcon_core.package_identification:_identify(src) by extension 'ros'
[2.806s] Level 1:colcon.colcon_core.package_identification:_identify(src) by extensions ['cmake', 'python']
[2.806s] Level 1:colcon.colcon_core.package_identification:_identify(src) by extension 'cmake'
[2.807s] Level 1:colcon.colcon_core.package_identification:_identify(src) by extension 'python'
[2.807s] Level 1:colcon.colcon_core.package_identification:_identify(src) by extensions ['python_setup_py']
[2.807s] Level 1:colcon.colcon_core.package_identification:_identify(src) by extension 'python_setup_py'
[2.807s] Level 1:colcon.colcon_core.package_identification:_identify(src/my_robot_description) by extensions ['ignore', 'ignore_ament_install']
[2.807s] Level 1:colcon.colcon_core.package_identification:_identify(src/my_robot_description) by extension 'ignore'
[2.807s] Level 1:colcon.colcon_core.package_identification:_identify(src/my_robot_description) by extension 'ignore_ament_install'
[2.807s] Level 1:colcon.colcon_core.package_identification:_identify(src/my_robot_description) by extensions ['colcon_pkg']
[2.807s] Level 1:colcon.colcon_core.package_identification:_identify(src/my_robot_description) by extension 'colcon_pkg'
[2.807s] Level 1:colcon.colcon_core.package_identification:_identify(src/my_robot_description) by extensions ['colcon_meta']
[2.807s] Level 1:colcon.colcon_core.package_identification:_identify(src/my_robot_description) by extension 'colcon_meta'
[2.807s] Level 1:colcon.colcon_core.package_identification:_identify(src/my_robot_description) by extensions ['ros']
[2.807s] Level 1:colcon.colcon_core.package_identification:_identify(src/my_robot_description) by extension 'ros'
[2.818s] DEBUG:colcon.colcon_core.package_identification:Package 'src/my_robot_description' with type 'ros.ament_cmake' and name 'my_robot_description'
[2.818s] Level 1:colcon.colcon_core.package_discovery:discover_packages(recursive) using defaults
[2.819s] Level 1:colcon.colcon_core.package_discovery:discover_packages(ignore) discover
[2.819s] Level 1:colcon.colcon_core.package_discovery:discover_packages(ignore) using defaults
[2.819s] Level 1:colcon.colcon_core.package_discovery:discover_packages(path) discover
[2.819s] Level 1:colcon.colcon_core.package_discovery:discover_packages(path) using defaults
[2.888s] Level 1:colcon.colcon_core.package_discovery:discover_packages(prefix_path) check parameters
[2.888s] Level 1:colcon.colcon_core.package_discovery:discover_packages(prefix_path) discover
[2.891s] DEBUG:colcon.colcon_installed_package_information.package_discovery:Found 286 installed packages in /opt/ros/humble
[2.893s] Level 1:colcon.colcon_core.package_discovery:discover_packages(prefix_path) using defaults
[2.946s] Level 5:colcon.colcon_core.verb:set package 'my_robot_description' build argument 'cmake_args' from command line to 'None'
[2.946s] Level 5:colcon.colcon_core.verb:set package 'my_robot_description' build argument 'cmake_target' from command line to 'None'
[2.946s] Level 5:colcon.colcon_core.verb:set package 'my_robot_description' build argument 'cmake_target_skip_unavailable' from command line to 'False'
[2.946s] Level 5:colcon.colcon_core.verb:set package 'my_robot_description' build argument 'cmake_clean_cache' from command line to 'False'
[2.946s] Level 5:colcon.colcon_core.verb:set package 'my_robot_description' build argument 'cmake_clean_first' from command line to 'False'
[2.946s] Level 5:colcon.colcon_core.verb:set package 'my_robot_description' build argument 'cmake_force_configure' from command line to 'False'
[2.946s] Level 5:colcon.colcon_core.verb:set package 'my_robot_description' build argument 'ament_cmake_args' from command line to 'None'
[2.946s] Level 5:colcon.colcon_core.verb:set package 'my_robot_description' build argument 'catkin_cmake_args' from command line to 'None'
[2.947s] Level 5:colcon.colcon_core.verb:set package 'my_robot_description' build argument 'catkin_skip_building_tests' from command line to 'False'
[2.947s] DEBUG:colcon.colcon_core.verb:Building package 'my_robot_description' with the following arguments: {'ament_cmake_args': None, 'build_base': '/home/gari/Documents/ROS2/ros2_rviz/build/my_robot_description', 'catkin_cmake_args': None, 'catkin_skip_building_tests': False, 'cmake_args': None, 'cmake_clean_cache': False, 'cmake_clean_first': False, 'cmake_force_configure': False, 'cmake_target': None, 'cmake_target_skip_unavailable': False, 'install_base': '/home/gari/Documents/ROS2/ros2_rviz/install/my_robot_description', 'merge_install': False, 'path': '/home/gari/Documents/ROS2/ros2_rviz/src/my_robot_description', 'symlink_install': False, 'test_result_base': None}
[2.947s] INFO:colcon.colcon_core.executor:Executing jobs using 'parallel' executor
[2.948s] DEBUG:colcon.colcon_parallel_executor.executor.parallel:run_until_complete
[2.949s] INFO:colcon.colcon_ros.task.ament_cmake.build:Building ROS package in '/home/gari/Documents/ROS2/ros2_rviz/src/my_robot_description' with build type 'ament_cmake'
[2.949s] INFO:colcon.colcon_cmake.task.cmake.build:Building CMake package in '/home/gari/Documents/ROS2/ros2_rviz/src/my_robot_description'
[2.951s] INFO:colcon.colcon_core.plugin_system:Skipping extension 'colcon_core.shell.bat': Not used on non-Windows systems
[2.952s] INFO:colcon.colcon_core.shell:Skip shell extension 'powershell' for command environment: Not usable outside of PowerShell
[2.952s] DEBUG:colcon.colcon_core.shell:Skip shell extension 'dsv' for command environment
[2.988s] DEBUG:colcon.colcon_core.event_handler.log_command:Invoking command in '/home/gari/Documents/ROS2/ros2_rviz/build/my_robot_description': CMAKE_PREFIX_PATH=/opt/ros/humble /usr/bin/cmake --build /home/gari/Documents/ROS2/ros2_rviz/build/my_robot_description -- -j12 -l12
[3.088s] DEBUG:colcon.colcon_core.event_handler.log_command:Invoked command in '/home/gari/Documents/ROS2/ros2_rviz/build/my_robot_description' returned '0': CMAKE_PREFIX_PATH=/opt/ros/humble /usr/bin/cmake --build /home/gari/Documents/ROS2/ros2_rviz/build/my_robot_description -- -j12 -l12
[3.219s] DEBUG:colcon.colcon_core.event_handler.log_command:Invoking command in '/home/gari/Documents/ROS2/ros2_rviz/build/my_robot_description': CMAKE_PREFIX_PATH=/opt/ros/humble /usr/bin/cmake --install /home/gari/Documents/ROS2/ros2_rviz/build/my_robot_description
[3.266s] Level 1:colcon.colcon_core.environment:create_environment_scripts_only(my_robot_description)
[3.267s] DEBUG:colcon.colcon_core.event_handler.log_command:Invoked command in '/home/gari/Documents/ROS2/ros2_rviz/build/my_robot_description' returned '0': CMAKE_PREFIX_PATH=/opt/ros/humble /usr/bin/cmake --install /home/gari/Documents/ROS2/ros2_rviz/build/my_robot_description
[3.270s] Level 1:colcon.colcon_core.environment:checking '/home/gari/Documents/ROS2/ros2_rviz/install/my_robot_description' for CMake module files
[3.270s] Level 1:colcon.colcon_core.environment:checking '/home/gari/Documents/ROS2/ros2_rviz/install/my_robot_description' for CMake config files
[3.270s] Level 1:colcon.colcon_core.shell:create_environment_hook('my_robot_description', 'cmake_prefix_path')
[3.271s] INFO:colcon.colcon_core.shell:Creating environment hook '/home/gari/Documents/ROS2/ros2_rviz/install/my_robot_description/share/my_robot_description/hook/cmake_prefix_path.ps1'
[3.272s] INFO:colcon.colcon_core.shell:Creating environment descriptor '/home/gari/Documents/ROS2/ros2_rviz/install/my_robot_description/share/my_robot_description/hook/cmake_prefix_path.dsv'
[3.272s] INFO:colcon.colcon_core.shell:Creating environment hook '/home/gari/Documents/ROS2/ros2_rviz/install/my_robot_description/share/my_robot_description/hook/cmake_prefix_path.sh'
[3.273s] Level 1:colcon.colcon_core.environment:checking '/home/gari/Documents/ROS2/ros2_rviz/install/my_robot_description/bin'
[3.274s] Level 1:colcon.colcon_core.environment:checking '/home/gari/Documents/ROS2/ros2_rviz/install/my_robot_description/lib/pkgconfig/my_robot_description.pc'
[3.274s] Level 1:colcon.colcon_core.environment:checking '/home/gari/Documents/ROS2/ros2_rviz/install/my_robot_description/lib/python3.10/site-packages'
[3.274s] Level 1:colcon.colcon_core.environment:checking '/home/gari/Documents/ROS2/ros2_rviz/install/my_robot_description/bin'
[3.275s] INFO:colcon.colcon_core.shell:Creating package script '/home/gari/Documents/ROS2/ros2_rviz/install/my_robot_description/share/my_robot_description/package.ps1'
[3.276s] INFO:colcon.colcon_core.shell:Creating package descriptor '/home/gari/Documents/ROS2/ros2_rviz/install/my_robot_description/share/my_robot_description/package.dsv'
[3.277s] INFO:colcon.colcon_core.shell:Creating package script '/home/gari/Documents/ROS2/ros2_rviz/install/my_robot_description/share/my_robot_description/package.sh'
[3.278s] INFO:colcon.colcon_core.shell:Creating package script '/home/gari/Documents/ROS2/ros2_rviz/install/my_robot_description/share/my_robot_description/package.bash'
[3.279s] INFO:colcon.colcon_core.shell:Creating package script '/home/gari/Documents/ROS2/ros2_rviz/install/my_robot_description/share/my_robot_description/package.zsh'
[3.279s] Level 1:colcon.colcon_core.environment:create_file_with_runtime_dependencies(/home/gari/Documents/ROS2/ros2_rviz/install/my_robot_description/share/colcon-core/packages/my_robot_description)
[3.280s] Level 1:colcon.colcon_core.environment:create_environment_scripts_only(my_robot_description)
[3.281s] Level 1:colcon.colcon_core.environment:checking '/home/gari/Documents/ROS2/ros2_rviz/install/my_robot_description' for CMake module files
[3.281s] Level 1:colcon.colcon_core.environment:checking '/home/gari/Documents/ROS2/ros2_rviz/install/my_robot_description' for CMake config files
[3.282s] Level 1:colcon.colcon_core.shell:create_environment_hook('my_robot_description', 'cmake_prefix_path')
[3.282s] INFO:colcon.colcon_core.shell:Creating environment hook '/home/gari/Documents/ROS2/ros2_rviz/install/my_robot_description/share/my_robot_description/hook/cmake_prefix_path.ps1'
[3.305s] INFO:colcon.colcon_core.shell:Creating environment descriptor '/home/gari/Documents/ROS2/ros2_rviz/install/my_robot_description/share/my_robot_description/hook/cmake_prefix_path.dsv'
[3.305s] INFO:colcon.colcon_core.shell:Creating environment hook '/home/gari/Documents/ROS2/ros2_rviz/install/my_robot_description/share/my_robot_description/hook/cmake_prefix_path.sh'
[3.306s] Level 1:colcon.colcon_core.environment:checking '/home/gari/Documents/ROS2/ros2_rviz/install/my_robot_description/bin'
[3.306s] Level 1:colcon.colcon_core.environment:checking '/home/gari/Documents/ROS2/ros2_rviz/install/my_robot_description/lib/pkgconfig/my_robot_description.pc'
[3.307s] Level 1:colcon.colcon_core.environment:checking '/home/gari/Documents/ROS2/ros2_rviz/install/my_robot_description/lib/python3.10/site-packages'
[3.307s] Level 1:colcon.colcon_core.environment:checking '/home/gari/Documents/ROS2/ros2_rviz/install/my_robot_description/bin'
[3.307s] INFO:colcon.colcon_core.shell:Creating package script '/home/gari/Documents/ROS2/ros2_rviz/install/my_robot_description/share/my_robot_description/package.ps1'
[3.308s] INFO:colcon.colcon_core.shell:Creating package descriptor '/home/gari/Documents/ROS2/ros2_rviz/install/my_robot_description/share/my_robot_description/package.dsv'
[3.309s] INFO:colcon.colcon_core.shell:Creating package script '/home/gari/Documents/ROS2/ros2_rviz/install/my_robot_description/share/my_robot_description/package.sh'
[3.309s] INFO:colcon.colcon_core.shell:Creating package script '/home/gari/Documents/ROS2/ros2_rviz/install/my_robot_description/share/my_robot_description/package.bash'
[3.310s] INFO:colcon.colcon_core.shell:Creating package script '/home/gari/Documents/ROS2/ros2_rviz/install/my_robot_description/share/my_robot_description/package.zsh'
[3.311s] Level 1:colcon.colcon_core.environment:create_file_with_runtime_dependencies(/home/gari/Documents/ROS2/ros2_rviz/install/my_robot_description/share/colcon-core/packages/my_robot_description)
[3.311s] DEBUG:colcon.colcon_parallel_executor.executor.parallel:closing loop
[3.311s] DEBUG:colcon.colcon_parallel_executor.executor.parallel:loop closed
[3.311s] DEBUG:colcon.colcon_parallel_executor.executor.parallel:run_until_complete finished with '0'
[3.311s] DEBUG:colcon.colcon_core.event_reactor:joining thread
[3.355s] INFO:colcon.colcon_core.plugin_system:Skipping extension 'colcon_notification.desktop_notification.terminal_notifier': Not used on non-Darwin systems
[3.355s] INFO:colcon.colcon_core.plugin_system:Skipping extension 'colcon_notification.desktop_notification.win32': Not used on non-Windows systems
[3.355s] INFO:colcon.colcon_notification.desktop_notification:Sending desktop notification using 'notify2'
[3.469s] DEBUG:colcon.colcon_core.event_reactor:joined thread
[3.470s] INFO:colcon.colcon_core.shell:Creating prefix script '/home/gari/Documents/ROS2/ros2_rviz/install/local_setup.ps1'
[3.471s] INFO:colcon.colcon_core.shell:Creating prefix util module '/home/gari/Documents/ROS2/ros2_rviz/install/_local_setup_util_ps1.py'
[3.473s] INFO:colcon.colcon_core.shell:Creating prefix chain script '/home/gari/Documents/ROS2/ros2_rviz/install/setup.ps1'
[3.475s] INFO:colcon.colcon_core.shell:Creating prefix script '/home/gari/Documents/ROS2/ros2_rviz/install/local_setup.sh'
[3.476s] INFO:colcon.colcon_core.shell:Creating prefix util module '/home/gari/Documents/ROS2/ros2_rviz/install/_local_setup_util_sh.py'
[3.476s] INFO:colcon.colcon_core.shell:Creating prefix chain script '/home/gari/Documents/ROS2/ros2_rviz/install/setup.sh'
[3.478s] INFO:colcon.colcon_core.shell:Creating prefix script '/home/gari/Documents/ROS2/ros2_rviz/install/local_setup.bash'
[3.478s] INFO:colcon.colcon_core.shell:Creating prefix chain script '/home/gari/Documents/ROS2/ros2_rviz/install/setup.bash'
[3.480s] INFO:colcon.colcon_core.shell:Creating prefix script '/home/gari/Documents/ROS2/ros2_rviz/install/local_setup.zsh'
[3.480s] INFO:colcon.colcon_core.shell:Creating prefix chain script '/home/gari/Documents/ROS2/ros2_rviz/install/setup.zsh'
