[0.036s] Invoking command in '/home/gari/Documents/ROS2/turtle_sim_project/build/my_robot_interfaces': CMAKE_PREFIX_PATH=${CMAKE_PREFIX_PATH}:/home/gari/Documents/ROS2/turtle_sim_project/install/catch_turtle_sim:/opt/ros/humble /usr/bin/cmake --build /home/gari/Documents/ROS2/turtle_sim_project/build/my_robot_interfaces -- -j12 -l12
[0.119s] [35m[1mConsolidate compiler generated dependencies of target my_robot_interfaces__rosidl_generator_c[0m
[0.124s] [  2%] Built target my_robot_interfaces__cpp
[0.132s] [ 12%] Built target my_robot_interfaces__rosidl_generator_c
[0.132s] [ 12%] Built target ament_cmake_python_symlink_my_robot_interfaces
[0.204s] [35m[1mConsolidate compiler generated dependencies of target my_robot_interfaces__rosidl_typesupport_c[0m
[0.216s] [ 23%] Built target my_robot_interfaces__rosidl_typesupport_c
[0.240s] [35m[1mConsolidate compiler generated dependencies of target my_robot_interfaces__rosidl_typesupport_introspection_c[0m
[0.253s] [ 34%] Built target my_robot_interfaces__rosidl_typesupport_introspection_c
[0.266s] [35m[1mConsolidate compiler generated dependencies of target my_robot_interfaces__rosidl_typesupport_introspection_cpp[0m
[0.266s] [35m[1mConsolidate compiler generated dependencies of target my_robot_interfaces__rosidl_typesupport_cpp[0m
[0.267s] [35m[1mConsolidate compiler generated dependencies of target my_robot_interfaces__rosidl_typesupport_fastrtps_c[0m
[0.281s] [ 44%] Built target my_robot_interfaces__rosidl_typesupport_cpp
[0.282s] [ 55%] Built target my_robot_interfaces__rosidl_typesupport_introspection_cpp
[0.283s] [ 65%] Built target my_robot_interfaces__rosidl_typesupport_fastrtps_c
[0.295s] [35m[1mConsolidate compiler generated dependencies of target my_robot_interfaces__rosidl_typesupport_fastrtps_cpp[0m
[0.311s] [ 76%] Built target my_robot_interfaces__rosidl_typesupport_fastrtps_cpp
[0.332s] [ 76%] Built target my_robot_interfaces
[0.354s] [ 78%] Built target my_robot_interfaces__py
[0.370s] [35m[1mConsolidate compiler generated dependencies of target my_robot_interfaces__rosidl_generator_py[0m
[0.385s] [ 87%] Built target my_robot_interfaces__rosidl_generator_py
[0.405s] [35m[1mConsolidate compiler generated dependencies of target my_robot_interfaces__rosidl_typesupport_fastrtps_c__pyext[0m
[0.419s] [ 91%] Built target my_robot_interfaces__rosidl_typesupport_fastrtps_c__pyext
[0.459s] running egg_info
[0.460s] writing my_robot_interfaces.egg-info/PKG-INFO
[0.461s] writing dependency_links to my_robot_interfaces.egg-info/dependency_links.txt
[0.461s] writing top-level names to my_robot_interfaces.egg-info/top_level.txt
[0.463s] reading manifest file 'my_robot_interfaces.egg-info/SOURCES.txt'
[0.679s] writing manifest file 'my_robot_interfaces.egg-info/SOURCES.txt'
[0.686s] [35m[1mConsolidate compiler generated dependencies of target my_robot_interfaces__rosidl_typesupport_introspection_c__pyext[0m
[0.687s] [35m[1mConsolidate compiler generated dependencies of target my_robot_interfaces__rosidl_typesupport_c__pyext[0m
[0.703s] [ 95%] Built target my_robot_interfaces__rosidl_typesupport_c__pyext
[0.703s] [100%] Built target my_robot_interfaces__rosidl_typesupport_introspection_c__pyext
[0.712s] [100%] Built target ament_cmake_python_build_my_robot_interfaces_egg
[0.727s] Invoked command in '/home/gari/Documents/ROS2/turtle_sim_project/build/my_robot_interfaces' returned '0': CMAKE_PREFIX_PATH=${CMAKE_PREFIX_PATH}:/home/gari/Documents/ROS2/turtle_sim_project/install/catch_turtle_sim:/opt/ros/humble /usr/bin/cmake --build /home/gari/Documents/ROS2/turtle_sim_project/build/my_robot_interfaces -- -j12 -l12
[0.741s] Invoking command in '/home/gari/Documents/ROS2/turtle_sim_project/build/my_robot_interfaces': CMAKE_PREFIX_PATH=${CMAKE_PREFIX_PATH}:/home/gari/Documents/ROS2/turtle_sim_project/install/catch_turtle_sim:/opt/ros/humble /usr/bin/cmake --install /home/gari/Documents/ROS2/turtle_sim_project/build/my_robot_interfaces
[0.750s] -- Install configuration: ""
[0.751s] -- Execute custom install script
[0.751s] -- Up-to-date symlink: /home/gari/Documents/ROS2/turtle_sim_project/install/my_robot_interfaces/share/ament_index/resource_index/rosidl_interfaces/my_robot_interfaces
[0.752s] -- Up-to-date symlink: /home/gari/Documents/ROS2/turtle_sim_project/install/my_robot_interfaces/include/my_robot_interfaces/my_robot_interfaces/msg/detail/turtle__functions.h
[0.752s] -- Up-to-date symlink: /home/gari/Documents/ROS2/turtle_sim_project/install/my_robot_interfaces/include/my_robot_interfaces/my_robot_interfaces/msg/detail/turtle__struct.h
[0.752s] -- Up-to-date symlink: /home/gari/Documents/ROS2/turtle_sim_project/install/my_robot_interfaces/include/my_robot_interfaces/my_robot_interfaces/msg/detail/turtle__type_support.h
[0.752s] -- Up-to-date symlink: /home/gari/Documents/ROS2/turtle_sim_project/install/my_robot_interfaces/include/my_robot_interfaces/my_robot_interfaces/msg/detail/turtle_array__functions.h
[0.752s] -- Up-to-date symlink: /home/gari/Documents/ROS2/turtle_sim_project/install/my_robot_interfaces/include/my_robot_interfaces/my_robot_interfaces/msg/detail/turtle_array__struct.h
[0.753s] -- Up-to-date symlink: /home/gari/Documents/ROS2/turtle_sim_project/install/my_robot_interfaces/include/my_robot_interfaces/my_robot_interfaces/msg/detail/turtle_array__type_support.h
[0.753s] -- Up-to-date symlink: /home/gari/Documents/ROS2/turtle_sim_project/install/my_robot_interfaces/include/my_robot_interfaces/my_robot_interfaces/msg/rosidl_generator_c__visibility_control.h
[0.753s] -- Up-to-date symlink: /home/gari/Documents/ROS2/turtle_sim_project/install/my_robot_interfaces/include/my_robot_interfaces/my_robot_interfaces/msg/turtle.h
[0.753s] -- Up-to-date symlink: /home/gari/Documents/ROS2/turtle_sim_project/install/my_robot_interfaces/include/my_robot_interfaces/my_robot_interfaces/msg/turtle_array.h
[0.753s] -- Up-to-date symlink: /home/gari/Documents/ROS2/turtle_sim_project/install/my_robot_interfaces/include/my_robot_interfaces/my_robot_interfaces/srv/catch_turtle.h
[0.753s] -- Up-to-date symlink: /home/gari/Documents/ROS2/turtle_sim_project/install/my_robot_interfaces/include/my_robot_interfaces/my_robot_interfaces/srv/detail/catch_turtle__functions.h
[0.754s] -- Up-to-date symlink: /home/gari/Documents/ROS2/turtle_sim_project/install/my_robot_interfaces/include/my_robot_interfaces/my_robot_interfaces/srv/detail/catch_turtle__struct.h
[0.754s] -- Up-to-date symlink: /home/gari/Documents/ROS2/turtle_sim_project/install/my_robot_interfaces/include/my_robot_interfaces/my_robot_interfaces/srv/detail/catch_turtle__type_support.h
[0.754s] -- Up-to-date symlink: /home/gari/Documents/ROS2/turtle_sim_project/install/my_robot_interfaces/share/my_robot_interfaces/environment/library_path.sh
[0.754s] -- Up-to-date symlink: /home/gari/Documents/ROS2/turtle_sim_project/install/my_robot_interfaces/share/my_robot_interfaces/environment/library_path.dsv
[0.755s] -- Up-to-date symlink: /home/gari/Documents/ROS2/turtle_sim_project/install/my_robot_interfaces/include/my_robot_interfaces/my_robot_interfaces/msg/detail/turtle__rosidl_typesupport_fastrtps_c.h
[0.755s] -- Up-to-date symlink: /home/gari/Documents/ROS2/turtle_sim_project/install/my_robot_interfaces/include/my_robot_interfaces/my_robot_interfaces/msg/detail/turtle_array__rosidl_typesupport_fastrtps_c.h
[0.755s] -- Up-to-date symlink: /home/gari/Documents/ROS2/turtle_sim_project/install/my_robot_interfaces/include/my_robot_interfaces/my_robot_interfaces/msg/rosidl_typesupport_fastrtps_c__visibility_control.h
[0.755s] -- Up-to-date symlink: /home/gari/Documents/ROS2/turtle_sim_project/install/my_robot_interfaces/include/my_robot_interfaces/my_robot_interfaces/srv/detail/catch_turtle__rosidl_typesupport_fastrtps_c.h
[0.756s] -- Up-to-date symlink: /home/gari/Documents/ROS2/turtle_sim_project/install/my_robot_interfaces/include/my_robot_interfaces/my_robot_interfaces/msg/detail/turtle__rosidl_typesupport_introspection_c.h
[0.756s] -- Up-to-date symlink: /home/gari/Documents/ROS2/turtle_sim_project/install/my_robot_interfaces/include/my_robot_interfaces/my_robot_interfaces/msg/detail/turtle_array__rosidl_typesupport_introspection_c.h
[0.756s] -- Up-to-date symlink: /home/gari/Documents/ROS2/turtle_sim_project/install/my_robot_interfaces/include/my_robot_interfaces/my_robot_interfaces/msg/rosidl_typesupport_introspection_c__visibility_control.h
[0.756s] -- Up-to-date symlink: /home/gari/Documents/ROS2/turtle_sim_project/install/my_robot_interfaces/include/my_robot_interfaces/my_robot_interfaces/srv/detail/catch_turtle__rosidl_typesupport_introspection_c.h
[0.757s] -- Up-to-date symlink: /home/gari/Documents/ROS2/turtle_sim_project/install/my_robot_interfaces/include/my_robot_interfaces/my_robot_interfaces/msg/detail/turtle__builder.hpp
[0.757s] -- Up-to-date symlink: /home/gari/Documents/ROS2/turtle_sim_project/install/my_robot_interfaces/include/my_robot_interfaces/my_robot_interfaces/msg/detail/turtle__struct.hpp
[0.758s] -- Up-to-date symlink: /home/gari/Documents/ROS2/turtle_sim_project/install/my_robot_interfaces/include/my_robot_interfaces/my_robot_interfaces/msg/detail/turtle__traits.hpp
[0.758s] -- Up-to-date symlink: /home/gari/Documents/ROS2/turtle_sim_project/install/my_robot_interfaces/include/my_robot_interfaces/my_robot_interfaces/msg/detail/turtle__type_support.hpp
[0.758s] -- Up-to-date symlink: /home/gari/Documents/ROS2/turtle_sim_project/install/my_robot_interfaces/include/my_robot_interfaces/my_robot_interfaces/msg/detail/turtle_array__builder.hpp
[0.758s] -- Up-to-date symlink: /home/gari/Documents/ROS2/turtle_sim_project/install/my_robot_interfaces/include/my_robot_interfaces/my_robot_interfaces/msg/detail/turtle_array__struct.hpp
[0.758s] -- Up-to-date symlink: /home/gari/Documents/ROS2/turtle_sim_project/install/my_robot_interfaces/include/my_robot_interfaces/my_robot_interfaces/msg/detail/turtle_array__traits.hpp
[0.758s] -- Up-to-date symlink: /home/gari/Documents/ROS2/turtle_sim_project/install/my_robot_interfaces/include/my_robot_interfaces/my_robot_interfaces/msg/detail/turtle_array__type_support.hpp
[0.759s] -- Up-to-date symlink: /home/gari/Documents/ROS2/turtle_sim_project/install/my_robot_interfaces/include/my_robot_interfaces/my_robot_interfaces/msg/rosidl_generator_cpp__visibility_control.hpp
[0.759s] -- Up-to-date symlink: /home/gari/Documents/ROS2/turtle_sim_project/install/my_robot_interfaces/include/my_robot_interfaces/my_robot_interfaces/msg/turtle.hpp
[0.759s] -- Up-to-date symlink: /home/gari/Documents/ROS2/turtle_sim_project/install/my_robot_interfaces/include/my_robot_interfaces/my_robot_interfaces/msg/turtle_array.hpp
[0.759s] -- Up-to-date symlink: /home/gari/Documents/ROS2/turtle_sim_project/install/my_robot_interfaces/include/my_robot_interfaces/my_robot_interfaces/srv/catch_turtle.hpp
[0.759s] -- Up-to-date symlink: /home/gari/Documents/ROS2/turtle_sim_project/install/my_robot_interfaces/include/my_robot_interfaces/my_robot_interfaces/srv/detail/catch_turtle__builder.hpp
[0.760s] -- Up-to-date symlink: /home/gari/Documents/ROS2/turtle_sim_project/install/my_robot_interfaces/include/my_robot_interfaces/my_robot_interfaces/srv/detail/catch_turtle__struct.hpp
[0.760s] -- Up-to-date symlink: /home/gari/Documents/ROS2/turtle_sim_project/install/my_robot_interfaces/include/my_robot_interfaces/my_robot_interfaces/srv/detail/catch_turtle__traits.hpp
[0.760s] -- Up-to-date symlink: /home/gari/Documents/ROS2/turtle_sim_project/install/my_robot_interfaces/include/my_robot_interfaces/my_robot_interfaces/srv/detail/catch_turtle__type_support.hpp
[0.760s] -- Up-to-date symlink: /home/gari/Documents/ROS2/turtle_sim_project/install/my_robot_interfaces/include/my_robot_interfaces/my_robot_interfaces/msg/detail/turtle__rosidl_typesupport_fastrtps_cpp.hpp
[0.761s] -- Up-to-date symlink: /home/gari/Documents/ROS2/turtle_sim_project/install/my_robot_interfaces/include/my_robot_interfaces/my_robot_interfaces/msg/detail/turtle_array__rosidl_typesupport_fastrtps_cpp.hpp
[0.761s] -- Up-to-date symlink: /home/gari/Documents/ROS2/turtle_sim_project/install/my_robot_interfaces/include/my_robot_interfaces/my_robot_interfaces/msg/rosidl_typesupport_fastrtps_cpp__visibility_control.h
[0.761s] -- Up-to-date symlink: /home/gari/Documents/ROS2/turtle_sim_project/install/my_robot_interfaces/include/my_robot_interfaces/my_robot_interfaces/srv/detail/catch_turtle__rosidl_typesupport_fastrtps_cpp.hpp
[0.762s] -- Up-to-date symlink: /home/gari/Documents/ROS2/turtle_sim_project/install/my_robot_interfaces/include/my_robot_interfaces/my_robot_interfaces/msg/detail/turtle__rosidl_typesupport_introspection_cpp.hpp
[0.762s] -- Up-to-date symlink: /home/gari/Documents/ROS2/turtle_sim_project/install/my_robot_interfaces/include/my_robot_interfaces/my_robot_interfaces/msg/detail/turtle_array__rosidl_typesupport_introspection_cpp.hpp
[0.762s] -- Up-to-date symlink: /home/gari/Documents/ROS2/turtle_sim_project/install/my_robot_interfaces/include/my_robot_interfaces/my_robot_interfaces/srv/detail/catch_turtle__rosidl_typesupport_introspection_cpp.hpp
[0.763s] -- Up-to-date symlink: /home/gari/Documents/ROS2/turtle_sim_project/install/my_robot_interfaces/share/my_robot_interfaces/environment/pythonpath.sh
[0.763s] -- Up-to-date symlink: /home/gari/Documents/ROS2/turtle_sim_project/install/my_robot_interfaces/share/my_robot_interfaces/environment/pythonpath.dsv
[0.763s] -- Up-to-date symlink: /home/gari/Documents/ROS2/turtle_sim_project/install/my_robot_interfaces/local/lib/python3.10/dist-packages/my_robot_interfaces-0.0.0-py3.10.egg-info/PKG-INFO
[0.764s] -- Up-to-date symlink: /home/gari/Documents/ROS2/turtle_sim_project/install/my_robot_interfaces/local/lib/python3.10/dist-packages/my_robot_interfaces-0.0.0-py3.10.egg-info/SOURCES.txt
[0.764s] -- Up-to-date symlink: /home/gari/Documents/ROS2/turtle_sim_project/install/my_robot_interfaces/local/lib/python3.10/dist-packages/my_robot_interfaces-0.0.0-py3.10.egg-info/dependency_links.txt
[0.764s] -- Up-to-date symlink: /home/gari/Documents/ROS2/turtle_sim_project/install/my_robot_interfaces/local/lib/python3.10/dist-packages/my_robot_interfaces-0.0.0-py3.10.egg-info/top_level.txt
[0.765s] -- Up-to-date symlink: /home/gari/Documents/ROS2/turtle_sim_project/install/my_robot_interfaces/local/lib/python3.10/dist-packages/my_robot_interfaces/__init__.py
[0.766s] -- Up-to-date symlink: /home/gari/Documents/ROS2/turtle_sim_project/install/my_robot_interfaces/local/lib/python3.10/dist-packages/my_robot_interfaces/_my_robot_interfaces_s.ep.rosidl_typesupport_c.c
[0.766s] -- Up-to-date symlink: /home/gari/Documents/ROS2/turtle_sim_project/install/my_robot_interfaces/local/lib/python3.10/dist-packages/my_robot_interfaces/_my_robot_interfaces_s.ep.rosidl_typesupport_fastrtps_c.c
[0.766s] -- Up-to-date symlink: /home/gari/Documents/ROS2/turtle_sim_project/install/my_robot_interfaces/local/lib/python3.10/dist-packages/my_robot_interfaces/_my_robot_interfaces_s.ep.rosidl_typesupport_introspection_c.c
[0.766s] -- Up-to-date symlink: /home/gari/Documents/ROS2/turtle_sim_project/install/my_robot_interfaces/local/lib/python3.10/dist-packages/my_robot_interfaces/libmy_robot_interfaces__rosidl_generator_py.so
[0.766s] -- Up-to-date symlink: /home/gari/Documents/ROS2/turtle_sim_project/install/my_robot_interfaces/local/lib/python3.10/dist-packages/my_robot_interfaces/msg/__init__.py
[0.767s] -- Up-to-date symlink: /home/gari/Documents/ROS2/turtle_sim_project/install/my_robot_interfaces/local/lib/python3.10/dist-packages/my_robot_interfaces/msg/_turtle.py
[0.767s] -- Up-to-date symlink: /home/gari/Documents/ROS2/turtle_sim_project/install/my_robot_interfaces/local/lib/python3.10/dist-packages/my_robot_interfaces/msg/_turtle_array.py
[0.767s] -- Up-to-date symlink: /home/gari/Documents/ROS2/turtle_sim_project/install/my_robot_interfaces/local/lib/python3.10/dist-packages/my_robot_interfaces/msg/_turtle_array_s.c
[0.767s] -- Up-to-date symlink: /home/gari/Documents/ROS2/turtle_sim_project/install/my_robot_interfaces/local/lib/python3.10/dist-packages/my_robot_interfaces/msg/_turtle_s.c
[0.768s] -- Up-to-date symlink: /home/gari/Documents/ROS2/turtle_sim_project/install/my_robot_interfaces/local/lib/python3.10/dist-packages/my_robot_interfaces/my_robot_interfaces_s__rosidl_typesupport_c.cpython-310-x86_64-linux-gnu.so
[0.768s] -- Up-to-date symlink: /home/gari/Documents/ROS2/turtle_sim_project/install/my_robot_interfaces/local/lib/python3.10/dist-packages/my_robot_interfaces/my_robot_interfaces_s__rosidl_typesupport_fastrtps_c.cpython-310-x86_64-linux-gnu.so
[0.768s] -- Up-to-date symlink: /home/gari/Documents/ROS2/turtle_sim_project/install/my_robot_interfaces/local/lib/python3.10/dist-packages/my_robot_interfaces/my_robot_interfaces_s__rosidl_typesupport_introspection_c.cpython-310-x86_64-linux-gnu.so
[0.768s] -- Up-to-date symlink: /home/gari/Documents/ROS2/turtle_sim_project/install/my_robot_interfaces/local/lib/python3.10/dist-packages/my_robot_interfaces/srv/__init__.py
[0.769s] -- Up-to-date symlink: /home/gari/Documents/ROS2/turtle_sim_project/install/my_robot_interfaces/local/lib/python3.10/dist-packages/my_robot_interfaces/srv/_catch_turtle.py
[0.769s] -- Up-to-date symlink: /home/gari/Documents/ROS2/turtle_sim_project/install/my_robot_interfaces/local/lib/python3.10/dist-packages/my_robot_interfaces/srv/_catch_turtle_s.c
[0.769s] -- Up-to-date symlink: /home/gari/Documents/ROS2/turtle_sim_project/install/my_robot_interfaces/local/lib/python3.10/dist-packages/my_robot_interfaces/my_robot_interfaces_s__rosidl_typesupport_fastrtps_c.cpython-310-x86_64-linux-gnu.so
[0.770s] -- Up-to-date symlink: /home/gari/Documents/ROS2/turtle_sim_project/install/my_robot_interfaces/local/lib/python3.10/dist-packages/my_robot_interfaces/my_robot_interfaces_s__rosidl_typesupport_introspection_c.cpython-310-x86_64-linux-gnu.so
[0.770s] -- Up-to-date symlink: /home/gari/Documents/ROS2/turtle_sim_project/install/my_robot_interfaces/local/lib/python3.10/dist-packages/my_robot_interfaces/my_robot_interfaces_s__rosidl_typesupport_c.cpython-310-x86_64-linux-gnu.so
[0.770s] -- Up-to-date symlink: /home/gari/Documents/ROS2/turtle_sim_project/install/my_robot_interfaces/share/my_robot_interfaces/msg/Turtle.idl
[0.771s] -- Up-to-date symlink: /home/gari/Documents/ROS2/turtle_sim_project/install/my_robot_interfaces/share/my_robot_interfaces/msg/TurtleArray.idl
[0.771s] -- Up-to-date symlink: /home/gari/Documents/ROS2/turtle_sim_project/install/my_robot_interfaces/share/my_robot_interfaces/srv/CatchTurtle.idl
[0.771s] -- Up-to-date symlink: /home/gari/Documents/ROS2/turtle_sim_project/install/my_robot_interfaces/share/my_robot_interfaces/msg/Turtle.msg
[0.772s] -- Up-to-date symlink: /home/gari/Documents/ROS2/turtle_sim_project/install/my_robot_interfaces/share/my_robot_interfaces/msg/TurtleArray.msg
[0.772s] -- Up-to-date symlink: /home/gari/Documents/ROS2/turtle_sim_project/install/my_robot_interfaces/share/my_robot_interfaces/srv/CatchTurtle.srv
[0.772s] -- Up-to-date symlink: /home/gari/Documents/ROS2/turtle_sim_project/install/my_robot_interfaces/share/my_robot_interfaces/srv/CatchTurtle_Request.msg
[0.773s] -- Up-to-date symlink: /home/gari/Documents/ROS2/turtle_sim_project/install/my_robot_interfaces/share/my_robot_interfaces/srv/CatchTurtle_Response.msg
[0.773s] -- Up-to-date symlink: /home/gari/Documents/ROS2/turtle_sim_project/install/my_robot_interfaces/share/ament_index/resource_index/package_run_dependencies/my_robot_interfaces
[0.773s] -- Up-to-date symlink: /home/gari/Documents/ROS2/turtle_sim_project/install/my_robot_interfaces/share/ament_index/resource_index/parent_prefix_path/my_robot_interfaces
[0.774s] -- Up-to-date symlink: /home/gari/Documents/ROS2/turtle_sim_project/install/my_robot_interfaces/share/my_robot_interfaces/environment/ament_prefix_path.sh
[0.774s] -- Up-to-date symlink: /home/gari/Documents/ROS2/turtle_sim_project/install/my_robot_interfaces/share/my_robot_interfaces/environment/ament_prefix_path.dsv
[0.774s] -- Up-to-date symlink: /home/gari/Documents/ROS2/turtle_sim_project/install/my_robot_interfaces/share/my_robot_interfaces/environment/path.sh
[0.774s] -- Up-to-date symlink: /home/gari/Documents/ROS2/turtle_sim_project/install/my_robot_interfaces/share/my_robot_interfaces/environment/path.dsv
[0.774s] -- Up-to-date symlink: /home/gari/Documents/ROS2/turtle_sim_project/install/my_robot_interfaces/share/my_robot_interfaces/local_setup.bash
[0.775s] -- Up-to-date symlink: /home/gari/Documents/ROS2/turtle_sim_project/install/my_robot_interfaces/share/my_robot_interfaces/local_setup.sh
[0.775s] -- Up-to-date symlink: /home/gari/Documents/ROS2/turtle_sim_project/install/my_robot_interfaces/share/my_robot_interfaces/local_setup.zsh
[0.775s] -- Up-to-date symlink: /home/gari/Documents/ROS2/turtle_sim_project/install/my_robot_interfaces/share/my_robot_interfaces/local_setup.dsv
[0.775s] -- Symlinking: /home/gari/Documents/ROS2/turtle_sim_project/install/my_robot_interfaces/share/my_robot_interfaces/package.dsv
[0.786s] -- Up-to-date symlink: /home/gari/Documents/ROS2/turtle_sim_project/install/my_robot_interfaces/share/ament_index/resource_index/packages/my_robot_interfaces
[0.787s] -- Up-to-date symlink: /home/gari/Documents/ROS2/turtle_sim_project/install/my_robot_interfaces/share/my_robot_interfaces/cmake/rosidl_cmake-extras.cmake
[0.787s] -- Up-to-date symlink: /home/gari/Documents/ROS2/turtle_sim_project/install/my_robot_interfaces/share/my_robot_interfaces/cmake/ament_cmake_export_include_directories-extras.cmake
[0.787s] -- Up-to-date symlink: /home/gari/Documents/ROS2/turtle_sim_project/install/my_robot_interfaces/share/my_robot_interfaces/cmake/ament_cmake_export_libraries-extras.cmake
[0.788s] -- Up-to-date symlink: /home/gari/Documents/ROS2/turtle_sim_project/install/my_robot_interfaces/share/my_robot_interfaces/cmake/ament_cmake_export_targets-extras.cmake
[0.788s] -- Up-to-date symlink: /home/gari/Documents/ROS2/turtle_sim_project/install/my_robot_interfaces/share/my_robot_interfaces/cmake/rosidl_cmake_export_typesupport_targets-extras.cmake
[0.788s] -- Up-to-date symlink: /home/gari/Documents/ROS2/turtle_sim_project/install/my_robot_interfaces/share/my_robot_interfaces/cmake/ament_cmake_export_dependencies-extras.cmake
[0.788s] -- Up-to-date symlink: /home/gari/Documents/ROS2/turtle_sim_project/install/my_robot_interfaces/share/my_robot_interfaces/cmake/rosidl_cmake_export_typesupport_libraries-extras.cmake
[0.788s] -- Up-to-date symlink: /home/gari/Documents/ROS2/turtle_sim_project/install/my_robot_interfaces/share/my_robot_interfaces/cmake/my_robot_interfacesConfig.cmake
[0.789s] -- Up-to-date symlink: /home/gari/Documents/ROS2/turtle_sim_project/install/my_robot_interfaces/share/my_robot_interfaces/cmake/my_robot_interfacesConfig-version.cmake
[0.789s] -- Up-to-date symlink: /home/gari/Documents/ROS2/turtle_sim_project/install/my_robot_interfaces/share/my_robot_interfaces/package.xml
[0.789s] -- Up-to-date: /home/gari/Documents/ROS2/turtle_sim_project/install/my_robot_interfaces/lib/libmy_robot_interfaces__rosidl_generator_c.so
[0.790s] -- Up-to-date: /home/gari/Documents/ROS2/turtle_sim_project/install/my_robot_interfaces/lib/libmy_robot_interfaces__rosidl_typesupport_fastrtps_c.so
[0.790s] -- Up-to-date: /home/gari/Documents/ROS2/turtle_sim_project/install/my_robot_interfaces/lib/libmy_robot_interfaces__rosidl_typesupport_introspection_c.so
[0.790s] -- Up-to-date: /home/gari/Documents/ROS2/turtle_sim_project/install/my_robot_interfaces/lib/libmy_robot_interfaces__rosidl_typesupport_c.so
[0.790s] -- Up-to-date: /home/gari/Documents/ROS2/turtle_sim_project/install/my_robot_interfaces/lib/libmy_robot_interfaces__rosidl_typesupport_fastrtps_cpp.so
[0.791s] -- Up-to-date: /home/gari/Documents/ROS2/turtle_sim_project/install/my_robot_interfaces/lib/libmy_robot_interfaces__rosidl_typesupport_introspection_cpp.so
[0.791s] -- Up-to-date: /home/gari/Documents/ROS2/turtle_sim_project/install/my_robot_interfaces/lib/libmy_robot_interfaces__rosidl_typesupport_cpp.so
[0.835s] Listing '/home/gari/Documents/ROS2/turtle_sim_project/install/my_robot_interfaces/local/lib/python3.10/dist-packages/my_robot_interfaces'...
[0.835s] Listing '/home/gari/Documents/ROS2/turtle_sim_project/install/my_robot_interfaces/local/lib/python3.10/dist-packages/my_robot_interfaces/msg'...
[0.835s] Listing '/home/gari/Documents/ROS2/turtle_sim_project/install/my_robot_interfaces/local/lib/python3.10/dist-packages/my_robot_interfaces/srv'...
[0.842s] -- Up-to-date: /home/gari/Documents/ROS2/turtle_sim_project/install/my_robot_interfaces/lib/libmy_robot_interfaces__rosidl_generator_py.so
[0.842s] -- Up-to-date: /home/gari/Documents/ROS2/turtle_sim_project/install/my_robot_interfaces/share/my_robot_interfaces/cmake/export_my_robot_interfaces__rosidl_generator_cExport.cmake
[0.842s] -- Up-to-date: /home/gari/Documents/ROS2/turtle_sim_project/install/my_robot_interfaces/share/my_robot_interfaces/cmake/export_my_robot_interfaces__rosidl_generator_cExport-noconfig.cmake
[0.842s] -- Up-to-date: /home/gari/Documents/ROS2/turtle_sim_project/install/my_robot_interfaces/share/my_robot_interfaces/cmake/export_my_robot_interfaces__rosidl_typesupport_fastrtps_cExport.cmake
[0.842s] -- Up-to-date: /home/gari/Documents/ROS2/turtle_sim_project/install/my_robot_interfaces/share/my_robot_interfaces/cmake/export_my_robot_interfaces__rosidl_typesupport_fastrtps_cExport-noconfig.cmake
[0.843s] -- Up-to-date: /home/gari/Documents/ROS2/turtle_sim_project/install/my_robot_interfaces/share/my_robot_interfaces/cmake/my_robot_interfaces__rosidl_typesupport_introspection_cExport.cmake
[0.843s] -- Up-to-date: /home/gari/Documents/ROS2/turtle_sim_project/install/my_robot_interfaces/share/my_robot_interfaces/cmake/my_robot_interfaces__rosidl_typesupport_introspection_cExport-noconfig.cmake
[0.843s] -- Up-to-date: /home/gari/Documents/ROS2/turtle_sim_project/install/my_robot_interfaces/share/my_robot_interfaces/cmake/my_robot_interfaces__rosidl_typesupport_cExport.cmake
[0.843s] -- Up-to-date: /home/gari/Documents/ROS2/turtle_sim_project/install/my_robot_interfaces/share/my_robot_interfaces/cmake/my_robot_interfaces__rosidl_typesupport_cExport-noconfig.cmake
[0.843s] -- Up-to-date: /home/gari/Documents/ROS2/turtle_sim_project/install/my_robot_interfaces/share/my_robot_interfaces/cmake/export_my_robot_interfaces__rosidl_generator_cppExport.cmake
[0.843s] -- Up-to-date: /home/gari/Documents/ROS2/turtle_sim_project/install/my_robot_interfaces/share/my_robot_interfaces/cmake/export_my_robot_interfaces__rosidl_typesupport_fastrtps_cppExport.cmake
[0.843s] -- Up-to-date: /home/gari/Documents/ROS2/turtle_sim_project/install/my_robot_interfaces/share/my_robot_interfaces/cmake/export_my_robot_interfaces__rosidl_typesupport_fastrtps_cppExport-noconfig.cmake
[0.844s] -- Up-to-date: /home/gari/Documents/ROS2/turtle_sim_project/install/my_robot_interfaces/share/my_robot_interfaces/cmake/my_robot_interfaces__rosidl_typesupport_introspection_cppExport.cmake
[0.844s] -- Up-to-date: /home/gari/Documents/ROS2/turtle_sim_project/install/my_robot_interfaces/share/my_robot_interfaces/cmake/my_robot_interfaces__rosidl_typesupport_introspection_cppExport-noconfig.cmake
[0.844s] -- Up-to-date: /home/gari/Documents/ROS2/turtle_sim_project/install/my_robot_interfaces/share/my_robot_interfaces/cmake/my_robot_interfaces__rosidl_typesupport_cppExport.cmake
[0.844s] -- Up-to-date: /home/gari/Documents/ROS2/turtle_sim_project/install/my_robot_interfaces/share/my_robot_interfaces/cmake/my_robot_interfaces__rosidl_typesupport_cppExport-noconfig.cmake
[0.844s] -- Up-to-date: /home/gari/Documents/ROS2/turtle_sim_project/install/my_robot_interfaces/share/my_robot_interfaces/cmake/export_my_robot_interfaces__rosidl_generator_pyExport.cmake
[0.844s] -- Up-to-date: /home/gari/Documents/ROS2/turtle_sim_project/install/my_robot_interfaces/share/my_robot_interfaces/cmake/export_my_robot_interfaces__rosidl_generator_pyExport-noconfig.cmake
[0.846s] Invoked command in '/home/gari/Documents/ROS2/turtle_sim_project/build/my_robot_interfaces' returned '0': CMAKE_PREFIX_PATH=${CMAKE_PREFIX_PATH}:/home/gari/Documents/ROS2/turtle_sim_project/install/catch_turtle_sim:/opt/ros/humble /usr/bin/cmake --install /home/gari/Documents/ROS2/turtle_sim_project/build/my_robot_interfaces
