[0.679s] Invoking command in '/home/gari/Documents/ROS2/ros2_rviz/build/my_robot_description': CMAKE_PREFIX_PATH=/opt/ros/humble /usr/bin/cmake --build /home/gari/Documents/ROS2/ros2_rviz/build/my_robot_description -- -j12 -l12
[4.047s] Invoked command in '/home/gari/Documents/ROS2/ros2_rviz/build/my_robot_description' returned '0': CMAKE_PREFIX_PATH=/opt/ros/humble /usr/bin/cmake --build /home/gari/Documents/ROS2/ros2_rviz/build/my_robot_description -- -j12 -l12
[4.405s] Invoking command in '/home/gari/Documents/ROS2/ros2_rviz/build/my_robot_description': CMAKE_PREFIX_PATH=/opt/ros/humble /usr/bin/cmake --install /home/gari/Documents/ROS2/ros2_rviz/build/my_robot_description
[4.623s] -- Install configuration: ""
[4.694s] -- Execute custom install script
[4.700s] -- Up-to-date symlink: /home/gari/Documents/ROS2/ros2_rviz/install/my_robot_description/share/my_robot_description//urdf/common_properties.xacro
[4.700s] -- Up-to-date symlink: /home/gari/Documents/ROS2/ros2_rviz/install/my_robot_description/share/my_robot_description//urdf/mobile_base.xacro
[4.700s] -- Up-to-date symlink: /home/gari/Documents/ROS2/ros2_rviz/install/my_robot_description/share/my_robot_description//urdf/my_robot.urdf.xacro
[4.700s] -- Up-to-date symlink: /home/gari/Documents/ROS2/ros2_rviz/install/my_robot_description/share/my_robot_description//launch/display_launch.py
[4.700s] -- Up-to-date symlink: /home/gari/Documents/ROS2/ros2_rviz/install/my_robot_description/share/my_robot_description//launch/display_launch.xml
[4.701s] -- Up-to-date symlink: /home/gari/Documents/ROS2/ros2_rviz/install/my_robot_description/share/my_robot_description//launch/display_launch_gzebo.xml
[4.701s] -- Up-to-date symlink: /home/gari/Documents/ROS2/ros2_rviz/install/my_robot_description/share/my_robot_description//launch/gzebo_launch.py
[4.701s] -- Up-to-date symlink: /home/gari/Documents/ROS2/ros2_rviz/install/my_robot_description/share/ament_index/resource_index/package_run_dependencies/my_robot_description
[4.701s] -- Up-to-date symlink: /home/gari/Documents/ROS2/ros2_rviz/install/my_robot_description/share/ament_index/resource_index/parent_prefix_path/my_robot_description
[4.701s] -- Up-to-date symlink: /home/gari/Documents/ROS2/ros2_rviz/install/my_robot_description/share/my_robot_description/environment/ament_prefix_path.sh
[4.702s] -- Up-to-date symlink: /home/gari/Documents/ROS2/ros2_rviz/install/my_robot_description/share/my_robot_description/environment/ament_prefix_path.dsv
[4.702s] -- Up-to-date symlink: /home/gari/Documents/ROS2/ros2_rviz/install/my_robot_description/share/my_robot_description/environment/path.sh
[4.702s] -- Up-to-date symlink: /home/gari/Documents/ROS2/ros2_rviz/install/my_robot_description/share/my_robot_description/environment/path.dsv
[4.702s] -- Up-to-date symlink: /home/gari/Documents/ROS2/ros2_rviz/install/my_robot_description/share/my_robot_description/local_setup.bash
[4.703s] -- Up-to-date symlink: /home/gari/Documents/ROS2/ros2_rviz/install/my_robot_description/share/my_robot_description/local_setup.sh
[4.703s] -- Up-to-date symlink: /home/gari/Documents/ROS2/ros2_rviz/install/my_robot_description/share/my_robot_description/local_setup.zsh
[4.703s] -- Up-to-date symlink: /home/gari/Documents/ROS2/ros2_rviz/install/my_robot_description/share/my_robot_description/local_setup.dsv
[4.704s] -- Symlinking: /home/gari/Documents/ROS2/ros2_rviz/install/my_robot_description/share/my_robot_description/package.dsv
[4.716s] -- Up-to-date symlink: /home/gari/Documents/ROS2/ros2_rviz/install/my_robot_description/share/ament_index/resource_index/packages/my_robot_description
[4.716s] -- Up-to-date symlink: /home/gari/Documents/ROS2/ros2_rviz/install/my_robot_description/share/my_robot_description/cmake/my_robot_descriptionConfig.cmake
[4.716s] -- Up-to-date symlink: /home/gari/Documents/ROS2/ros2_rviz/install/my_robot_description/share/my_robot_description/cmake/my_robot_descriptionConfig-version.cmake
[4.716s] -- Up-to-date symlink: /home/gari/Documents/ROS2/ros2_rviz/install/my_robot_description/share/my_robot_description/package.xml
[4.719s] Invoked command in '/home/gari/Documents/ROS2/ros2_rviz/build/my_robot_description' returned '0': CMAKE_PREFIX_PATH=/opt/ros/humble /usr/bin/cmake --install /home/gari/Documents/ROS2/ros2_rviz/build/my_robot_description
