[0.009s] Invoking command in '/home/gari/Documents/ROS2/turtle_sim_project/build/my_robot_bringup': AMENT_PREFIX_PATH=/home/gari/Documents/ROS2/turtle_sim_project/install/catch_turtle_sim:/home/gari/Documents/ROS2/turtle_sim_project/install/my_robot_interfaces:${AMENT_PREFIX_PATH} CMAKE_PREFIX_PATH=/home/gari/Documents/ROS2/turtle_sim_project/install/my_robot_interfaces:/opt/ros/humble LD_LIBRARY_PATH=/home/gari/Documents/ROS2/turtle_sim_project/install/my_robot_interfaces/lib:${LD_LIBRARY_PATH} PYTHONPATH=/home/gari/Documents/ROS2/turtle_sim_project/build/catch_turtle_sim:/home/gari/Documents/ROS2/turtle_sim_project/install/catch_turtle_sim/lib/python3.10/site-packages:/home/gari/Documents/ROS2/turtle_sim_project/install/my_robot_interfaces/local/lib/python3.10/dist-packages:${PYTHONPATH} /usr/bin/cmake --build /home/gari/Documents/ROS2/turtle_sim_project/build/my_robot_bringup -- -j12 -l12
[0.033s] -- Found ament_cmake: 1.3.11 (/opt/ros/humble/share/ament_cmake/cmake)
[0.177s] -- Override CMake install command with custom implementation using symlinks instead of copying resources
[0.267s] -- Configuring done
[0.270s] -- Generating done
[0.272s] -- Build files have been written to: /home/gari/Documents/ROS2/turtle_sim_project/build/my_robot_bringup
[0.294s] Invoked command in '/home/gari/Documents/ROS2/turtle_sim_project/build/my_robot_bringup' returned '0': AMENT_PREFIX_PATH=/home/gari/Documents/ROS2/turtle_sim_project/install/catch_turtle_sim:/home/gari/Documents/ROS2/turtle_sim_project/install/my_robot_interfaces:${AMENT_PREFIX_PATH} CMAKE_PREFIX_PATH=/home/gari/Documents/ROS2/turtle_sim_project/install/my_robot_interfaces:/opt/ros/humble LD_LIBRARY_PATH=/home/gari/Documents/ROS2/turtle_sim_project/install/my_robot_interfaces/lib:${LD_LIBRARY_PATH} PYTHONPATH=/home/gari/Documents/ROS2/turtle_sim_project/build/catch_turtle_sim:/home/gari/Documents/ROS2/turtle_sim_project/install/catch_turtle_sim/lib/python3.10/site-packages:/home/gari/Documents/ROS2/turtle_sim_project/install/my_robot_interfaces/local/lib/python3.10/dist-packages:${PYTHONPATH} /usr/bin/cmake --build /home/gari/Documents/ROS2/turtle_sim_project/build/my_robot_bringup -- -j12 -l12
[0.296s] Invoking command in '/home/gari/Documents/ROS2/turtle_sim_project/build/my_robot_bringup': AMENT_PREFIX_PATH=/home/gari/Documents/ROS2/turtle_sim_project/install/catch_turtle_sim:/home/gari/Documents/ROS2/turtle_sim_project/install/my_robot_interfaces:${AMENT_PREFIX_PATH} CMAKE_PREFIX_PATH=/home/gari/Documents/ROS2/turtle_sim_project/install/my_robot_interfaces:/opt/ros/humble LD_LIBRARY_PATH=/home/gari/Documents/ROS2/turtle_sim_project/install/my_robot_interfaces/lib:${LD_LIBRARY_PATH} PYTHONPATH=/home/gari/Documents/ROS2/turtle_sim_project/build/catch_turtle_sim:/home/gari/Documents/ROS2/turtle_sim_project/install/catch_turtle_sim/lib/python3.10/site-packages:/home/gari/Documents/ROS2/turtle_sim_project/install/my_robot_interfaces/local/lib/python3.10/dist-packages:${PYTHONPATH} /usr/bin/cmake --install /home/gari/Documents/ROS2/turtle_sim_project/build/my_robot_bringup
[0.304s] -- Install configuration: ""
[0.304s] -- Execute custom install script
[0.304s] -- Up-to-date symlink: /home/gari/Documents/ROS2/turtle_sim_project/install/my_robot_bringup/share/my_robot_bringup//launch/turtlesim_catch_themall_launch.xml
[0.304s] -- Up-to-date symlink: /home/gari/Documents/ROS2/turtle_sim_project/install/my_robot_bringup/share/ament_index/resource_index/package_run_dependencies/my_robot_bringup
[0.305s] -- Up-to-date symlink: /home/gari/Documents/ROS2/turtle_sim_project/install/my_robot_bringup/share/ament_index/resource_index/parent_prefix_path/my_robot_bringup
[0.305s] -- Up-to-date symlink: /home/gari/Documents/ROS2/turtle_sim_project/install/my_robot_bringup/share/my_robot_bringup/environment/ament_prefix_path.sh
[0.305s] -- Up-to-date symlink: /home/gari/Documents/ROS2/turtle_sim_project/install/my_robot_bringup/share/my_robot_bringup/environment/ament_prefix_path.dsv
[0.305s] -- Up-to-date symlink: /home/gari/Documents/ROS2/turtle_sim_project/install/my_robot_bringup/share/my_robot_bringup/environment/path.sh
[0.305s] -- Up-to-date symlink: /home/gari/Documents/ROS2/turtle_sim_project/install/my_robot_bringup/share/my_robot_bringup/environment/path.dsv
[0.306s] -- Up-to-date symlink: /home/gari/Documents/ROS2/turtle_sim_project/install/my_robot_bringup/share/my_robot_bringup/local_setup.bash
[0.306s] -- Up-to-date symlink: /home/gari/Documents/ROS2/turtle_sim_project/install/my_robot_bringup/share/my_robot_bringup/local_setup.sh
[0.306s] -- Up-to-date symlink: /home/gari/Documents/ROS2/turtle_sim_project/install/my_robot_bringup/share/my_robot_bringup/local_setup.zsh
[0.306s] -- Up-to-date symlink: /home/gari/Documents/ROS2/turtle_sim_project/install/my_robot_bringup/share/my_robot_bringup/local_setup.dsv
[0.306s] -- Symlinking: /home/gari/Documents/ROS2/turtle_sim_project/install/my_robot_bringup/share/my_robot_bringup/package.dsv
[0.316s] -- Up-to-date symlink: /home/gari/Documents/ROS2/turtle_sim_project/install/my_robot_bringup/share/ament_index/resource_index/packages/my_robot_bringup
[0.316s] -- Up-to-date symlink: /home/gari/Documents/ROS2/turtle_sim_project/install/my_robot_bringup/share/my_robot_bringup/cmake/my_robot_bringupConfig.cmake
[0.316s] -- Up-to-date symlink: /home/gari/Documents/ROS2/turtle_sim_project/install/my_robot_bringup/share/my_robot_bringup/cmake/my_robot_bringupConfig-version.cmake
[0.317s] -- Up-to-date symlink: /home/gari/Documents/ROS2/turtle_sim_project/install/my_robot_bringup/share/my_robot_bringup/package.xml
[0.319s] Invoked command in '/home/gari/Documents/ROS2/turtle_sim_project/build/my_robot_bringup' returned '0': AMENT_PREFIX_PATH=/home/gari/Documents/ROS2/turtle_sim_project/install/catch_turtle_sim:/home/gari/Documents/ROS2/turtle_sim_project/install/my_robot_interfaces:${AMENT_PREFIX_PATH} CMAKE_PREFIX_PATH=/home/gari/Documents/ROS2/turtle_sim_project/install/my_robot_interfaces:/opt/ros/humble LD_LIBRARY_PATH=/home/gari/Documents/ROS2/turtle_sim_project/install/my_robot_interfaces/lib:${LD_LIBRARY_PATH} PYTHONPATH=/home/gari/Documents/ROS2/turtle_sim_project/build/catch_turtle_sim:/home/gari/Documents/ROS2/turtle_sim_project/install/catch_turtle_sim/lib/python3.10/site-packages:/home/gari/Documents/ROS2/turtle_sim_project/install/my_robot_interfaces/local/lib/python3.10/dist-packages:${PYTHONPATH} /usr/bin/cmake --install /home/gari/Documents/ROS2/turtle_sim_project/build/my_robot_bringup
