[0.041s] Invoking command in '/home/gari/Documents/ROS2/ros2_refer/build/my_robot_bringup': CMAKE_PREFIX_PATH=${CMAKE_PREFIX_PATH}:/opt/ros/humble /usr/bin/cmake /home/gari/Documents/ROS2/ros2_refer/src/my_robot_bringup -DAMENT_CMAKE_SYMLINK_INSTALL=1 -DCMAKE_INSTALL_PREFIX=/home/gari/Documents/ROS2/ros2_refer/install/my_robot_bringup
[0.055s] -- Found ament_cmake: 1.3.11 (/opt/ros/humble/share/ament_cmake/cmake)
[0.206s] -- Override CMake install command with custom implementation using symlinks instead of copying resources
[0.315s] -- Configuring done
[0.389s] -- Generating done
[0.396s] -- Build files have been written to: /home/gari/Documents/ROS2/ros2_refer/build/my_robot_bringup
[0.398s] Invoked command in '/home/gari/Documents/ROS2/ros2_refer/build/my_robot_bringup' returned '0': CMAKE_PREFIX_PATH=${CMAKE_PREFIX_PATH}:/opt/ros/humble /usr/bin/cmake /home/gari/Documents/ROS2/ros2_refer/src/my_robot_bringup -DAMENT_CMAKE_SYMLINK_INSTALL=1 -DCMAKE_INSTALL_PREFIX=/home/gari/Documents/ROS2/ros2_refer/install/my_robot_bringup
[0.400s] Invoking command in '/home/gari/Documents/ROS2/ros2_refer/build/my_robot_bringup': CMAKE_PREFIX_PATH=${CMAKE_PREFIX_PATH}:/opt/ros/humble /usr/bin/cmake --build /home/gari/Documents/ROS2/ros2_refer/build/my_robot_bringup -- -j12 -l12
[0.452s] Invoked command in '/home/gari/Documents/ROS2/ros2_refer/build/my_robot_bringup' returned '0': CMAKE_PREFIX_PATH=${CMAKE_PREFIX_PATH}:/opt/ros/humble /usr/bin/cmake --build /home/gari/Documents/ROS2/ros2_refer/build/my_robot_bringup -- -j12 -l12
[0.454s] Invoking command in '/home/gari/Documents/ROS2/ros2_refer/build/my_robot_bringup': CMAKE_PREFIX_PATH=${CMAKE_PREFIX_PATH}:/opt/ros/humble /usr/bin/cmake --install /home/gari/Documents/ROS2/ros2_refer/build/my_robot_bringup
[0.461s] -- Install configuration: ""
[0.462s] -- Execute custom install script
[0.462s] -- Up-to-date symlink: /home/gari/Documents/ROS2/ros2_refer/install/my_robot_bringup/share/my_robot_bringup//launch/my_robot_gazebo.launch.py
[0.462s] -- Up-to-date symlink: /home/gari/Documents/ROS2/ros2_refer/install/my_robot_bringup/share/my_robot_bringup//launch/my_robot_gazebo.launch.xml
[0.463s] -- Up-to-date symlink: /home/gari/Documents/ROS2/ros2_refer/install/my_robot_bringup/share/my_robot_bringup//config/gazebo_bridge.yaml
[0.463s] -- Up-to-date symlink: /home/gari/Documents/ROS2/ros2_refer/install/my_robot_bringup/share/my_robot_bringup//worlds/test_world.sdf
[0.463s] -- Up-to-date symlink: /home/gari/Documents/ROS2/ros2_refer/install/my_robot_bringup/share/ament_index/resource_index/package_run_dependencies/my_robot_bringup
[0.463s] -- Up-to-date symlink: /home/gari/Documents/ROS2/ros2_refer/install/my_robot_bringup/share/ament_index/resource_index/parent_prefix_path/my_robot_bringup
[0.464s] -- Up-to-date symlink: /home/gari/Documents/ROS2/ros2_refer/install/my_robot_bringup/share/my_robot_bringup/environment/ament_prefix_path.sh
[0.464s] -- Up-to-date symlink: /home/gari/Documents/ROS2/ros2_refer/install/my_robot_bringup/share/my_robot_bringup/environment/ament_prefix_path.dsv
[0.464s] -- Up-to-date symlink: /home/gari/Documents/ROS2/ros2_refer/install/my_robot_bringup/share/my_robot_bringup/environment/path.sh
[0.464s] -- Up-to-date symlink: /home/gari/Documents/ROS2/ros2_refer/install/my_robot_bringup/share/my_robot_bringup/environment/path.dsv
[0.465s] -- Up-to-date symlink: /home/gari/Documents/ROS2/ros2_refer/install/my_robot_bringup/share/my_robot_bringup/local_setup.bash
[0.465s] -- Up-to-date symlink: /home/gari/Documents/ROS2/ros2_refer/install/my_robot_bringup/share/my_robot_bringup/local_setup.sh
[0.465s] -- Up-to-date symlink: /home/gari/Documents/ROS2/ros2_refer/install/my_robot_bringup/share/my_robot_bringup/local_setup.zsh
[0.465s] -- Up-to-date symlink: /home/gari/Documents/ROS2/ros2_refer/install/my_robot_bringup/share/my_robot_bringup/local_setup.dsv
[0.465s] -- Symlinking: /home/gari/Documents/ROS2/ros2_refer/install/my_robot_bringup/share/my_robot_bringup/package.dsv
[0.475s] -- Up-to-date symlink: /home/gari/Documents/ROS2/ros2_refer/install/my_robot_bringup/share/ament_index/resource_index/packages/my_robot_bringup
[0.475s] -- Up-to-date symlink: /home/gari/Documents/ROS2/ros2_refer/install/my_robot_bringup/share/my_robot_bringup/cmake/my_robot_bringupConfig.cmake
[0.475s] -- Up-to-date symlink: /home/gari/Documents/ROS2/ros2_refer/install/my_robot_bringup/share/my_robot_bringup/cmake/my_robot_bringupConfig-version.cmake
[0.476s] -- Up-to-date symlink: /home/gari/Documents/ROS2/ros2_refer/install/my_robot_bringup/share/my_robot_bringup/package.xml
[0.479s] Invoked command in '/home/gari/Documents/ROS2/ros2_refer/build/my_robot_bringup' returned '0': CMAKE_PREFIX_PATH=${CMAKE_PREFIX_PATH}:/opt/ros/humble /usr/bin/cmake --install /home/gari/Documents/ROS2/ros2_refer/build/my_robot_bringup
