[3.519s] DEBUG:colcon:Command line arguments: ['/usr/bin/colcon', 'build', '--symlink-install']
[3.519s] DEBUG:colcon:Parsed command line arguments: Namespace(log_base=None, log_level=None, verb_name='build', build_base='build', install_base='install', merge_install=False, symlink_install=True, test_result_base=None, continue_on_error=False, executor='parallel', parallel_workers=12, event_handlers=None, ignore_user_meta=False, metas=['./colcon.meta'], base_paths=['.'], packages_ignore=None, packages_ignore_regex=None, paths=None, packages_up_to=None, packages_up_to_regex=None, packages_above=None, packages_above_and_dependencies=None, packages_above_depth=None, packages_select_by_dep=None, packages_skip_by_dep=None, packages_skip_up_to=None, packages_select_build_failed=False, packages_skip_build_finished=False, packages_select_test_failures=False, packages_skip_test_passed=False, packages_select=None, packages_skip=None, packages_select_regex=None, packages_skip_regex=None, packages_start=None, packages_end=None, allow_overriding=[], cmake_args=None, cmake_target=None, cmake_target_skip_unavailable=False, cmake_clean_cache=False, cmake_clean_first=False, cmake_force_configure=False, ament_cmake_args=None, catkin_cmake_args=None, catkin_skip_building_tests=False, mixin_files=None, mixin=None, verb_parser=<colcon_mixin.mixin.mixin_argument.MixinArgumentDecorator object at 0x7eb7be0395d0>, verb_extension=<colcon_core.verb.build.BuildVerb object at 0x7eb7be039120>, main=<bound method BuildVerb.main of <colcon_core.verb.build.BuildVerb object at 0x7eb7be039120>>, mixin_verb=('build',))
[10.618s] Level 1:colcon.colcon_core.package_discovery:discover_packages(colcon_meta) check parameters
[10.618s] Level 1:colcon.colcon_core.package_discovery:discover_packages(recursive) check parameters
[10.618s] Level 1:colcon.colcon_core.package_discovery:discover_packages(ignore) check parameters
[10.619s] Level 1:colcon.colcon_core.package_discovery:discover_packages(path) check parameters
[10.619s] Level 1:colcon.colcon_core.package_discovery:discover_packages(colcon_meta) discover
[10.619s] Level 1:colcon.colcon_core.package_discovery:discover_packages(recursive) discover
[10.619s] INFO:colcon.colcon_core.package_discovery:Crawling recursively for packages in '/home/gari/Documents/ROS2/ros2_refer'
[10.620s] Level 1:colcon.colcon_core.package_identification:_identify(.) by extensions ['ignore', 'ignore_ament_install']
[10.620s] Level 1:colcon.colcon_core.package_identification:_identify(.) by extension 'ignore'
[10.620s] Level 1:colcon.colcon_core.package_identification:_identify(.) by extension 'ignore_ament_install'
[10.620s] Level 1:colcon.colcon_core.package_identification:_identify(.) by extensions ['colcon_pkg']
[10.621s] Level 1:colcon.colcon_core.package_identification:_identify(.) by extension 'colcon_pkg'
[10.621s] Level 1:colcon.colcon_core.package_identification:_identify(.) by extensions ['colcon_meta']
[10.621s] Level 1:colcon.colcon_core.package_identification:_identify(.) by extension 'colcon_meta'
[10.621s] Level 1:colcon.colcon_core.package_identification:_identify(.) by extensions ['ros']
[10.621s] Level 1:colcon.colcon_core.package_identification:_identify(.) by extension 'ros'
[10.721s] Level 1:colcon.colcon_core.package_identification:_identify(.) by extensions ['cmake', 'python']
[10.721s] Level 1:colcon.colcon_core.package_identification:_identify(.) by extension 'cmake'
[10.722s] Level 1:colcon.colcon_core.package_identification:_identify(.) by extension 'python'
[10.722s] Level 1:colcon.colcon_core.package_identification:_identify(.) by extensions ['python_setup_py']
[10.722s] Level 1:colcon.colcon_core.package_identification:_identify(.) by extension 'python_setup_py'
[10.723s] Level 1:colcon.colcon_core.package_identification:_identify(build) by extensions ['ignore', 'ignore_ament_install']
[10.723s] Level 1:colcon.colcon_core.package_identification:_identify(build) by extension 'ignore'
[10.723s] Level 1:colcon.colcon_core.package_identification:_identify(build) ignored
[10.724s] Level 1:colcon.colcon_core.package_identification:_identify(install) by extensions ['ignore', 'ignore_ament_install']
[10.724s] Level 1:colcon.colcon_core.package_identification:_identify(install) by extension 'ignore'
[10.724s] Level 1:colcon.colcon_core.package_identification:_identify(install) ignored
[10.724s] Level 1:colcon.colcon_core.package_identification:_identify(log) by extensions ['ignore', 'ignore_ament_install']
[10.725s] Level 1:colcon.colcon_core.package_identification:_identify(log) by extension 'ignore'
[10.725s] Level 1:colcon.colcon_core.package_identification:_identify(log) ignored
[10.725s] Level 1:colcon.colcon_core.package_identification:_identify(src) by extensions ['ignore', 'ignore_ament_install']
[10.726s] Level 1:colcon.colcon_core.package_identification:_identify(src) by extension 'ignore'
[10.726s] Level 1:colcon.colcon_core.package_identification:_identify(src) by extension 'ignore_ament_install'
[10.726s] Level 1:colcon.colcon_core.package_identification:_identify(src) by extensions ['colcon_pkg']
[10.726s] Level 1:colcon.colcon_core.package_identification:_identify(src) by extension 'colcon_pkg'
[10.726s] Level 1:colcon.colcon_core.package_identification:_identify(src) by extensions ['colcon_meta']
[10.727s] Level 1:colcon.colcon_core.package_identification:_identify(src) by extension 'colcon_meta'
[10.727s] Level 1:colcon.colcon_core.package_identification:_identify(src) by extensions ['ros']
[10.727s] Level 1:colcon.colcon_core.package_identification:_identify(src) by extension 'ros'
[10.727s] Level 1:colcon.colcon_core.package_identification:_identify(src) by extensions ['cmake', 'python']
[10.727s] Level 1:colcon.colcon_core.package_identification:_identify(src) by extension 'cmake'
[10.728s] Level 1:colcon.colcon_core.package_identification:_identify(src) by extension 'python'
[10.728s] Level 1:colcon.colcon_core.package_identification:_identify(src) by extensions ['python_setup_py']
[10.728s] Level 1:colcon.colcon_core.package_identification:_identify(src) by extension 'python_setup_py'
[10.728s] Level 1:colcon.colcon_core.package_identification:_identify(src/my_robot_bringup) by extensions ['ignore', 'ignore_ament_install']
[10.728s] Level 1:colcon.colcon_core.package_identification:_identify(src/my_robot_bringup) by extension 'ignore'
[10.729s] Level 1:colcon.colcon_core.package_identification:_identify(src/my_robot_bringup) by extension 'ignore_ament_install'
[10.729s] Level 1:colcon.colcon_core.package_identification:_identify(src/my_robot_bringup) by extensions ['colcon_pkg']
[10.729s] Level 1:colcon.colcon_core.package_identification:_identify(src/my_robot_bringup) by extension 'colcon_pkg'
[10.729s] Level 1:colcon.colcon_core.package_identification:_identify(src/my_robot_bringup) by extensions ['colcon_meta']
[10.729s] Level 1:colcon.colcon_core.package_identification:_identify(src/my_robot_bringup) by extension 'colcon_meta'
[10.729s] Level 1:colcon.colcon_core.package_identification:_identify(src/my_robot_bringup) by extensions ['ros']
[10.729s] Level 1:colcon.colcon_core.package_identification:_identify(src/my_robot_bringup) by extension 'ros'
[10.769s] DEBUG:colcon.colcon_core.package_identification:Package 'src/my_robot_bringup' with type 'ros.ament_cmake' and name 'my_robot_bringup'
[10.769s] Level 1:colcon.colcon_core.package_identification:_identify(src/my_robot_description) by extensions ['ignore', 'ignore_ament_install']
[10.770s] Level 1:colcon.colcon_core.package_identification:_identify(src/my_robot_description) by extension 'ignore'
[10.770s] Level 1:colcon.colcon_core.package_identification:_identify(src/my_robot_description) by extension 'ignore_ament_install'
[10.770s] Level 1:colcon.colcon_core.package_identification:_identify(src/my_robot_description) by extensions ['colcon_pkg']
[10.770s] Level 1:colcon.colcon_core.package_identification:_identify(src/my_robot_description) by extension 'colcon_pkg'
[10.770s] Level 1:colcon.colcon_core.package_identification:_identify(src/my_robot_description) by extensions ['colcon_meta']
[10.770s] Level 1:colcon.colcon_core.package_identification:_identify(src/my_robot_description) by extension 'colcon_meta'
[10.771s] Level 1:colcon.colcon_core.package_identification:_identify(src/my_robot_description) by extensions ['ros']
[10.771s] Level 1:colcon.colcon_core.package_identification:_identify(src/my_robot_description) by extension 'ros'
[10.773s] DEBUG:colcon.colcon_core.package_identification:Package 'src/my_robot_description' with type 'ros.ament_cmake' and name 'my_robot_description'
[10.773s] Level 1:colcon.colcon_core.package_discovery:discover_packages(recursive) using defaults
[10.773s] Level 1:colcon.colcon_core.package_discovery:discover_packages(ignore) discover
[10.773s] Level 1:colcon.colcon_core.package_discovery:discover_packages(ignore) using defaults
[10.773s] Level 1:colcon.colcon_core.package_discovery:discover_packages(path) discover
[10.773s] Level 1:colcon.colcon_core.package_discovery:discover_packages(path) using defaults
[11.081s] Level 1:colcon.colcon_core.package_discovery:discover_packages(prefix_path) check parameters
[11.081s] Level 1:colcon.colcon_core.package_discovery:discover_packages(prefix_path) discover
[11.098s] DEBUG:colcon.colcon_installed_package_information.package_discovery:Found 290 installed packages in /opt/ros/humble
[11.101s] Level 1:colcon.colcon_core.package_discovery:discover_packages(prefix_path) using defaults
[11.203s] Level 5:colcon.colcon_core.verb:set package 'my_robot_bringup' build argument 'cmake_args' from command line to 'None'
[11.204s] Level 5:colcon.colcon_core.verb:set package 'my_robot_bringup' build argument 'cmake_target' from command line to 'None'
[11.204s] Level 5:colcon.colcon_core.verb:set package 'my_robot_bringup' build argument 'cmake_target_skip_unavailable' from command line to 'False'
[11.204s] Level 5:colcon.colcon_core.verb:set package 'my_robot_bringup' build argument 'cmake_clean_cache' from command line to 'False'
[11.204s] Level 5:colcon.colcon_core.verb:set package 'my_robot_bringup' build argument 'cmake_clean_first' from command line to 'False'
[11.204s] Level 5:colcon.colcon_core.verb:set package 'my_robot_bringup' build argument 'cmake_force_configure' from command line to 'False'
[11.204s] Level 5:colcon.colcon_core.verb:set package 'my_robot_bringup' build argument 'ament_cmake_args' from command line to 'None'
[11.204s] Level 5:colcon.colcon_core.verb:set package 'my_robot_bringup' build argument 'catkin_cmake_args' from command line to 'None'
[11.204s] Level 5:colcon.colcon_core.verb:set package 'my_robot_bringup' build argument 'catkin_skip_building_tests' from command line to 'False'
[11.204s] DEBUG:colcon.colcon_core.verb:Building package 'my_robot_bringup' with the following arguments: {'ament_cmake_args': None, 'build_base': '/home/gari/Documents/ROS2/ros2_refer/build/my_robot_bringup', 'catkin_cmake_args': None, 'catkin_skip_building_tests': False, 'cmake_args': None, 'cmake_clean_cache': False, 'cmake_clean_first': False, 'cmake_force_configure': False, 'cmake_target': None, 'cmake_target_skip_unavailable': False, 'install_base': '/home/gari/Documents/ROS2/ros2_refer/install/my_robot_bringup', 'merge_install': False, 'path': '/home/gari/Documents/ROS2/ros2_refer/src/my_robot_bringup', 'symlink_install': True, 'test_result_base': None}
[11.204s] Level 5:colcon.colcon_core.verb:set package 'my_robot_description' build argument 'cmake_args' from command line to 'None'
[11.204s] Level 5:colcon.colcon_core.verb:set package 'my_robot_description' build argument 'cmake_target' from command line to 'None'
[11.204s] Level 5:colcon.colcon_core.verb:set package 'my_robot_description' build argument 'cmake_target_skip_unavailable' from command line to 'False'
[11.205s] Level 5:colcon.colcon_core.verb:set package 'my_robot_description' build argument 'cmake_clean_cache' from command line to 'False'
[11.205s] Level 5:colcon.colcon_core.verb:set package 'my_robot_description' build argument 'cmake_clean_first' from command line to 'False'
[11.205s] Level 5:colcon.colcon_core.verb:set package 'my_robot_description' build argument 'cmake_force_configure' from command line to 'False'
[11.205s] Level 5:colcon.colcon_core.verb:set package 'my_robot_description' build argument 'ament_cmake_args' from command line to 'None'
[11.205s] Level 5:colcon.colcon_core.verb:set package 'my_robot_description' build argument 'catkin_cmake_args' from command line to 'None'
[11.205s] Level 5:colcon.colcon_core.verb:set package 'my_robot_description' build argument 'catkin_skip_building_tests' from command line to 'False'
[11.205s] DEBUG:colcon.colcon_core.verb:Building package 'my_robot_description' with the following arguments: {'ament_cmake_args': None, 'build_base': '/home/gari/Documents/ROS2/ros2_refer/build/my_robot_description', 'catkin_cmake_args': None, 'catkin_skip_building_tests': False, 'cmake_args': None, 'cmake_clean_cache': False, 'cmake_clean_first': False, 'cmake_force_configure': False, 'cmake_target': None, 'cmake_target_skip_unavailable': False, 'install_base': '/home/gari/Documents/ROS2/ros2_refer/install/my_robot_description', 'merge_install': False, 'path': '/home/gari/Documents/ROS2/ros2_refer/src/my_robot_description', 'symlink_install': True, 'test_result_base': None}
[11.205s] INFO:colcon.colcon_core.executor:Executing jobs using 'parallel' executor
[11.206s] DEBUG:colcon.colcon_parallel_executor.executor.parallel:run_until_complete
[11.206s] INFO:colcon.colcon_ros.task.ament_cmake.build:Building ROS package in '/home/gari/Documents/ROS2/ros2_refer/src/my_robot_bringup' with build type 'ament_cmake'
[11.207s] INFO:colcon.colcon_cmake.task.cmake.build:Building CMake package in '/home/gari/Documents/ROS2/ros2_refer/src/my_robot_bringup'
[11.268s] INFO:colcon.colcon_core.plugin_system:Skipping extension 'colcon_core.shell.bat': Not used on non-Windows systems
[11.268s] INFO:colcon.colcon_core.shell:Skip shell extension 'powershell' for command environment: Not usable outside of PowerShell
[11.268s] DEBUG:colcon.colcon_core.shell:Skip shell extension 'dsv' for command environment
[11.293s] INFO:colcon.colcon_ros.task.ament_cmake.build:Building ROS package in '/home/gari/Documents/ROS2/ros2_refer/src/my_robot_description' with build type 'ament_cmake'
[11.293s] INFO:colcon.colcon_cmake.task.cmake.build:Building CMake package in '/home/gari/Documents/ROS2/ros2_refer/src/my_robot_description'
[11.294s] INFO:colcon.colcon_core.shell:Skip shell extension 'powershell' for command environment: Not usable outside of PowerShell
[11.294s] DEBUG:colcon.colcon_core.shell:Skip shell extension 'dsv' for command environment
[11.339s] DEBUG:colcon.colcon_core.event_handler.log_command:Invoking command in '/home/gari/Documents/ROS2/ros2_refer/build/my_robot_bringup': CMAKE_PREFIX_PATH=/opt/ros/humble /usr/bin/cmake --build /home/gari/Documents/ROS2/ros2_refer/build/my_robot_bringup -- -j12 -l12
[11.427s] DEBUG:colcon.colcon_core.event_handler.log_command:Invoking command in '/home/gari/Documents/ROS2/ros2_refer/build/my_robot_description': CMAKE_PREFIX_PATH=/opt/ros/humble /usr/bin/cmake --build /home/gari/Documents/ROS2/ros2_refer/build/my_robot_description -- -j12 -l12
[12.322s] DEBUG:colcon.colcon_core.event_handler.log_command:Invoked command in '/home/gari/Documents/ROS2/ros2_refer/build/my_robot_description' returned '0': CMAKE_PREFIX_PATH=/opt/ros/humble /usr/bin/cmake --build /home/gari/Documents/ROS2/ros2_refer/build/my_robot_description -- -j12 -l12
[12.389s] DEBUG:colcon.colcon_core.event_handler.log_command:Invoking command in '/home/gari/Documents/ROS2/ros2_refer/build/my_robot_description': CMAKE_PREFIX_PATH=/opt/ros/humble /usr/bin/cmake --install /home/gari/Documents/ROS2/ros2_refer/build/my_robot_description
[12.390s] DEBUG:colcon.colcon_core.event_handler.log_command:Invoked command in '/home/gari/Documents/ROS2/ros2_refer/build/my_robot_bringup' returned '0': CMAKE_PREFIX_PATH=/opt/ros/humble /usr/bin/cmake --build /home/gari/Documents/ROS2/ros2_refer/build/my_robot_bringup -- -j12 -l12
[12.395s] DEBUG:colcon.colcon_core.event_handler.log_command:Invoking command in '/home/gari/Documents/ROS2/ros2_refer/build/my_robot_bringup': CMAKE_PREFIX_PATH=/opt/ros/humble /usr/bin/cmake --install /home/gari/Documents/ROS2/ros2_refer/build/my_robot_bringup
[12.443s] Level 1:colcon.colcon_core.environment:create_environment_scripts_only(my_robot_bringup)
[12.444s] DEBUG:colcon.colcon_core.event_handler.log_command:Invoked command in '/home/gari/Documents/ROS2/ros2_refer/build/my_robot_bringup' returned '0': CMAKE_PREFIX_PATH=/opt/ros/humble /usr/bin/cmake --install /home/gari/Documents/ROS2/ros2_refer/build/my_robot_bringup
[12.509s] Level 1:colcon.colcon_core.environment:checking '/home/gari/Documents/ROS2/ros2_refer/install/my_robot_bringup' for CMake module files
[12.511s] Level 1:colcon.colcon_core.environment:checking '/home/gari/Documents/ROS2/ros2_refer/install/my_robot_bringup' for CMake config files
[12.512s] Level 1:colcon.colcon_core.shell:create_environment_hook('my_robot_bringup', 'cmake_prefix_path')
[12.513s] INFO:colcon.colcon_core.shell:Creating environment hook '/home/gari/Documents/ROS2/ros2_refer/install/my_robot_bringup/share/my_robot_bringup/hook/cmake_prefix_path.ps1'
[12.526s] INFO:colcon.colcon_core.shell:Creating environment descriptor '/home/gari/Documents/ROS2/ros2_refer/install/my_robot_bringup/share/my_robot_bringup/hook/cmake_prefix_path.dsv'
[12.528s] INFO:colcon.colcon_core.shell:Creating environment hook '/home/gari/Documents/ROS2/ros2_refer/install/my_robot_bringup/share/my_robot_bringup/hook/cmake_prefix_path.sh'
[12.533s] Level 1:colcon.colcon_core.environment:checking '/home/gari/Documents/ROS2/ros2_refer/install/my_robot_bringup/bin'
[12.533s] Level 1:colcon.colcon_core.environment:checking '/home/gari/Documents/ROS2/ros2_refer/install/my_robot_bringup/lib/pkgconfig/my_robot_bringup.pc'
[12.534s] Level 1:colcon.colcon_core.environment:checking '/home/gari/Documents/ROS2/ros2_refer/install/my_robot_bringup/lib/python3.10/site-packages'
[12.535s] Level 1:colcon.colcon_core.environment:checking '/home/gari/Documents/ROS2/ros2_refer/install/my_robot_bringup/bin'
[12.536s] INFO:colcon.colcon_core.shell:Creating package script '/home/gari/Documents/ROS2/ros2_refer/install/my_robot_bringup/share/my_robot_bringup/package.ps1'
[12.543s] INFO:colcon.colcon_core.shell:Creating package descriptor '/home/gari/Documents/ROS2/ros2_refer/install/my_robot_bringup/share/my_robot_bringup/package.dsv'
[12.545s] INFO:colcon.colcon_core.shell:Creating package script '/home/gari/Documents/ROS2/ros2_refer/install/my_robot_bringup/share/my_robot_bringup/package.sh'
[12.549s] INFO:colcon.colcon_core.shell:Creating package script '/home/gari/Documents/ROS2/ros2_refer/install/my_robot_bringup/share/my_robot_bringup/package.bash'
[12.573s] INFO:colcon.colcon_core.shell:Creating package script '/home/gari/Documents/ROS2/ros2_refer/install/my_robot_bringup/share/my_robot_bringup/package.zsh'
[12.596s] Level 1:colcon.colcon_core.environment:create_file_with_runtime_dependencies(/home/gari/Documents/ROS2/ros2_refer/install/my_robot_bringup/share/colcon-core/packages/my_robot_bringup)
[12.599s] Level 1:colcon.colcon_core.environment:create_environment_scripts_only(my_robot_bringup)
[12.600s] Level 1:colcon.colcon_core.environment:checking '/home/gari/Documents/ROS2/ros2_refer/install/my_robot_bringup' for CMake module files
[12.601s] Level 1:colcon.colcon_core.environment:checking '/home/gari/Documents/ROS2/ros2_refer/install/my_robot_bringup' for CMake config files
[12.602s] Level 1:colcon.colcon_core.shell:create_environment_hook('my_robot_bringup', 'cmake_prefix_path')
[12.603s] INFO:colcon.colcon_core.shell:Creating environment hook '/home/gari/Documents/ROS2/ros2_refer/install/my_robot_bringup/share/my_robot_bringup/hook/cmake_prefix_path.ps1'
[12.605s] INFO:colcon.colcon_core.shell:Creating environment descriptor '/home/gari/Documents/ROS2/ros2_refer/install/my_robot_bringup/share/my_robot_bringup/hook/cmake_prefix_path.dsv'
[12.606s] INFO:colcon.colcon_core.shell:Creating environment hook '/home/gari/Documents/ROS2/ros2_refer/install/my_robot_bringup/share/my_robot_bringup/hook/cmake_prefix_path.sh'
[12.608s] Level 1:colcon.colcon_core.environment:checking '/home/gari/Documents/ROS2/ros2_refer/install/my_robot_bringup/bin'
[12.608s] Level 1:colcon.colcon_core.environment:checking '/home/gari/Documents/ROS2/ros2_refer/install/my_robot_bringup/lib/pkgconfig/my_robot_bringup.pc'
[12.609s] Level 1:colcon.colcon_core.environment:checking '/home/gari/Documents/ROS2/ros2_refer/install/my_robot_bringup/lib/python3.10/site-packages'
[12.610s] Level 1:colcon.colcon_core.environment:checking '/home/gari/Documents/ROS2/ros2_refer/install/my_robot_bringup/bin'
[12.611s] INFO:colcon.colcon_core.shell:Creating package script '/home/gari/Documents/ROS2/ros2_refer/install/my_robot_bringup/share/my_robot_bringup/package.ps1'
[12.613s] INFO:colcon.colcon_core.shell:Creating package descriptor '/home/gari/Documents/ROS2/ros2_refer/install/my_robot_bringup/share/my_robot_bringup/package.dsv'
[12.615s] INFO:colcon.colcon_core.shell:Creating package script '/home/gari/Documents/ROS2/ros2_refer/install/my_robot_bringup/share/my_robot_bringup/package.sh'
[12.616s] INFO:colcon.colcon_core.shell:Creating package script '/home/gari/Documents/ROS2/ros2_refer/install/my_robot_bringup/share/my_robot_bringup/package.bash'
[12.616s] INFO:colcon.colcon_core.shell:Creating package script '/home/gari/Documents/ROS2/ros2_refer/install/my_robot_bringup/share/my_robot_bringup/package.zsh'
[12.617s] Level 1:colcon.colcon_core.environment:create_file_with_runtime_dependencies(/home/gari/Documents/ROS2/ros2_refer/install/my_robot_bringup/share/colcon-core/packages/my_robot_bringup)
[12.618s] Level 1:colcon.colcon_core.environment:create_environment_scripts_only(my_robot_description)
[12.618s] Level 1:colcon.colcon_core.environment:checking '/home/gari/Documents/ROS2/ros2_refer/install/my_robot_description' for CMake module files
[12.619s] DEBUG:colcon.colcon_core.event_handler.log_command:Invoked command in '/home/gari/Documents/ROS2/ros2_refer/build/my_robot_description' returned '0': CMAKE_PREFIX_PATH=/opt/ros/humble /usr/bin/cmake --install /home/gari/Documents/ROS2/ros2_refer/build/my_robot_description
[12.619s] Level 1:colcon.colcon_core.environment:checking '/home/gari/Documents/ROS2/ros2_refer/install/my_robot_description' for CMake config files
[12.620s] Level 1:colcon.colcon_core.shell:create_environment_hook('my_robot_description', 'cmake_prefix_path')
[12.620s] INFO:colcon.colcon_core.shell:Creating environment hook '/home/gari/Documents/ROS2/ros2_refer/install/my_robot_description/share/my_robot_description/hook/cmake_prefix_path.ps1'
[12.620s] INFO:colcon.colcon_core.shell:Creating environment descriptor '/home/gari/Documents/ROS2/ros2_refer/install/my_robot_description/share/my_robot_description/hook/cmake_prefix_path.dsv'
[12.621s] INFO:colcon.colcon_core.shell:Creating environment hook '/home/gari/Documents/ROS2/ros2_refer/install/my_robot_description/share/my_robot_description/hook/cmake_prefix_path.sh'
[12.622s] Level 1:colcon.colcon_core.environment:checking '/home/gari/Documents/ROS2/ros2_refer/install/my_robot_description/bin'
[12.622s] Level 1:colcon.colcon_core.environment:checking '/home/gari/Documents/ROS2/ros2_refer/install/my_robot_description/lib/pkgconfig/my_robot_description.pc'
[12.622s] Level 1:colcon.colcon_core.environment:checking '/home/gari/Documents/ROS2/ros2_refer/install/my_robot_description/lib/python3.10/site-packages'
[12.622s] Level 1:colcon.colcon_core.environment:checking '/home/gari/Documents/ROS2/ros2_refer/install/my_robot_description/bin'
[12.623s] INFO:colcon.colcon_core.shell:Creating package script '/home/gari/Documents/ROS2/ros2_refer/install/my_robot_description/share/my_robot_description/package.ps1'
[12.623s] INFO:colcon.colcon_core.shell:Creating package descriptor '/home/gari/Documents/ROS2/ros2_refer/install/my_robot_description/share/my_robot_description/package.dsv'
[12.624s] INFO:colcon.colcon_core.shell:Creating package script '/home/gari/Documents/ROS2/ros2_refer/install/my_robot_description/share/my_robot_description/package.sh'
[12.624s] INFO:colcon.colcon_core.shell:Creating package script '/home/gari/Documents/ROS2/ros2_refer/install/my_robot_description/share/my_robot_description/package.bash'
[12.625s] INFO:colcon.colcon_core.shell:Creating package script '/home/gari/Documents/ROS2/ros2_refer/install/my_robot_description/share/my_robot_description/package.zsh'
[12.625s] Level 1:colcon.colcon_core.environment:create_file_with_runtime_dependencies(/home/gari/Documents/ROS2/ros2_refer/install/my_robot_description/share/colcon-core/packages/my_robot_description)
[12.626s] Level 1:colcon.colcon_core.environment:create_environment_scripts_only(my_robot_description)
[12.626s] Level 1:colcon.colcon_core.environment:checking '/home/gari/Documents/ROS2/ros2_refer/install/my_robot_description' for CMake module files
[12.626s] Level 1:colcon.colcon_core.environment:checking '/home/gari/Documents/ROS2/ros2_refer/install/my_robot_description' for CMake config files
[12.627s] Level 1:colcon.colcon_core.shell:create_environment_hook('my_robot_description', 'cmake_prefix_path')
[12.627s] INFO:colcon.colcon_core.shell:Creating environment hook '/home/gari/Documents/ROS2/ros2_refer/install/my_robot_description/share/my_robot_description/hook/cmake_prefix_path.ps1'
[12.628s] INFO:colcon.colcon_core.shell:Creating environment descriptor '/home/gari/Documents/ROS2/ros2_refer/install/my_robot_description/share/my_robot_description/hook/cmake_prefix_path.dsv'
[12.628s] INFO:colcon.colcon_core.shell:Creating environment hook '/home/gari/Documents/ROS2/ros2_refer/install/my_robot_description/share/my_robot_description/hook/cmake_prefix_path.sh'
[12.629s] Level 1:colcon.colcon_core.environment:checking '/home/gari/Documents/ROS2/ros2_refer/install/my_robot_description/bin'
[12.629s] Level 1:colcon.colcon_core.environment:checking '/home/gari/Documents/ROS2/ros2_refer/install/my_robot_description/lib/pkgconfig/my_robot_description.pc'
[12.629s] Level 1:colcon.colcon_core.environment:checking '/home/gari/Documents/ROS2/ros2_refer/install/my_robot_description/lib/python3.10/site-packages'
[12.629s] Level 1:colcon.colcon_core.environment:checking '/home/gari/Documents/ROS2/ros2_refer/install/my_robot_description/bin'
[12.630s] INFO:colcon.colcon_core.shell:Creating package script '/home/gari/Documents/ROS2/ros2_refer/install/my_robot_description/share/my_robot_description/package.ps1'
[12.630s] INFO:colcon.colcon_core.shell:Creating package descriptor '/home/gari/Documents/ROS2/ros2_refer/install/my_robot_description/share/my_robot_description/package.dsv'
[12.631s] INFO:colcon.colcon_core.shell:Creating package script '/home/gari/Documents/ROS2/ros2_refer/install/my_robot_description/share/my_robot_description/package.sh'
[12.632s] INFO:colcon.colcon_core.shell:Creating package script '/home/gari/Documents/ROS2/ros2_refer/install/my_robot_description/share/my_robot_description/package.bash'
[12.632s] INFO:colcon.colcon_core.shell:Creating package script '/home/gari/Documents/ROS2/ros2_refer/install/my_robot_description/share/my_robot_description/package.zsh'
[12.633s] Level 1:colcon.colcon_core.environment:create_file_with_runtime_dependencies(/home/gari/Documents/ROS2/ros2_refer/install/my_robot_description/share/colcon-core/packages/my_robot_description)
[12.633s] DEBUG:colcon.colcon_parallel_executor.executor.parallel:closing loop
[12.633s] DEBUG:colcon.colcon_parallel_executor.executor.parallel:loop closed
[12.633s] DEBUG:colcon.colcon_parallel_executor.executor.parallel:run_until_complete finished with '0'
[12.633s] DEBUG:colcon.colcon_core.event_reactor:joining thread
[12.651s] INFO:colcon.colcon_core.plugin_system:Skipping extension 'colcon_notification.desktop_notification.terminal_notifier': Not used on non-Darwin systems
[12.651s] INFO:colcon.colcon_core.plugin_system:Skipping extension 'colcon_notification.desktop_notification.win32': Not used on non-Windows systems
[12.651s] INFO:colcon.colcon_notification.desktop_notification:Sending desktop notification using 'notify2'
[12.664s] DEBUG:colcon.colcon_core.event_reactor:joined thread
[12.665s] INFO:colcon.colcon_core.shell:Creating prefix script '/home/gari/Documents/ROS2/ros2_refer/install/local_setup.ps1'
[12.689s] INFO:colcon.colcon_core.shell:Creating prefix util module '/home/gari/Documents/ROS2/ros2_refer/install/_local_setup_util_ps1.py'
[12.691s] INFO:colcon.colcon_core.shell:Creating prefix chain script '/home/gari/Documents/ROS2/ros2_refer/install/setup.ps1'
[12.709s] INFO:colcon.colcon_core.shell:Creating prefix script '/home/gari/Documents/ROS2/ros2_refer/install/local_setup.sh'
[12.710s] INFO:colcon.colcon_core.shell:Creating prefix util module '/home/gari/Documents/ROS2/ros2_refer/install/_local_setup_util_sh.py'
[12.711s] INFO:colcon.colcon_core.shell:Creating prefix chain script '/home/gari/Documents/ROS2/ros2_refer/install/setup.sh'
[12.714s] INFO:colcon.colcon_core.shell:Creating prefix script '/home/gari/Documents/ROS2/ros2_refer/install/local_setup.bash'
[12.715s] INFO:colcon.colcon_core.shell:Creating prefix chain script '/home/gari/Documents/ROS2/ros2_refer/install/setup.bash'
[12.716s] INFO:colcon.colcon_core.shell:Creating prefix script '/home/gari/Documents/ROS2/ros2_refer/install/local_setup.zsh'
[12.717s] INFO:colcon.colcon_core.shell:Creating prefix chain script '/home/gari/Documents/ROS2/ros2_refer/install/setup.zsh'
