[1.630s] Invoking command in '/home/gari/Documents/ROS2/turtle_sim_project/build/catch_turtle_sim': PYTHONPATH=/home/gari/Documents/ROS2/turtle_sim_project/build/catch_turtle_sim/prefix_override:/usr/lib/python3/dist-packages/colcon_core/task/python/colcon_distutils_commands:/home/gari/Documents/ROS2/turtle_sim_project/install/catch_turtle_sim/lib/python3.10/site-packages:${PYTHONPATH} /usr/bin/python3 -W ignore:setup.py install is deprecated -W ignore:easy_install command is deprecated setup.py develop --editable --build-directory /home/gari/Documents/ROS2/turtle_sim_project/build/catch_turtle_sim/build --no-deps symlink_data
[1.937s] running develop
[2.123s] running egg_info
[2.123s] creating catch_turtle_sim.egg-info
[2.123s] writing catch_turtle_sim.egg-info/PKG-INFO
[2.123s] writing dependency_links to catch_turtle_sim.egg-info/dependency_links.txt
[2.124s] writing entry points to catch_turtle_sim.egg-info/entry_points.txt
[2.124s] writing requirements to catch_turtle_sim.egg-info/requires.txt
[2.124s] writing top-level names to catch_turtle_sim.egg-info/top_level.txt
[2.124s] writing manifest file 'catch_turtle_sim.egg-info/SOURCES.txt'
[2.126s] reading manifest file 'catch_turtle_sim.egg-info/SOURCES.txt'
[2.127s] writing manifest file 'catch_turtle_sim.egg-info/SOURCES.txt'
[2.128s] running build_ext
[2.128s] Creating /home/gari/Documents/ROS2/turtle_sim_project/install/catch_turtle_sim/lib/python3.10/site-packages/catch-turtle-sim.egg-link (link to .)
[2.129s] Installing turtle_controller script to /home/gari/Documents/ROS2/turtle_sim_project/install/catch_turtle_sim/lib/catch_turtle_sim
[2.130s] 
[2.130s] Installed /home/gari/Documents/ROS2/turtle_sim_project/build/catch_turtle_sim
[2.130s] running symlink_data
[2.130s] creating /home/gari/Documents/ROS2/turtle_sim_project/install/catch_turtle_sim/share/ament_index
[2.130s] creating /home/gari/Documents/ROS2/turtle_sim_project/install/catch_turtle_sim/share/ament_index/resource_index
[2.130s] creating /home/gari/Documents/ROS2/turtle_sim_project/install/catch_turtle_sim/share/ament_index/resource_index/packages
[2.130s] symbolically linking /home/gari/Documents/ROS2/turtle_sim_project/build/catch_turtle_sim/resource/catch_turtle_sim -> /home/gari/Documents/ROS2/turtle_sim_project/install/catch_turtle_sim/share/ament_index/resource_index/packages
[2.130s] symbolically linking /home/gari/Documents/ROS2/turtle_sim_project/build/catch_turtle_sim/package.xml -> /home/gari/Documents/ROS2/turtle_sim_project/install/catch_turtle_sim/share/catch_turtle_sim
[2.157s] Invoked command in '/home/gari/Documents/ROS2/turtle_sim_project/build/catch_turtle_sim' returned '0': PYTHONPATH=/home/gari/Documents/ROS2/turtle_sim_project/build/catch_turtle_sim/prefix_override:/usr/lib/python3/dist-packages/colcon_core/task/python/colcon_distutils_commands:/home/gari/Documents/ROS2/turtle_sim_project/install/catch_turtle_sim/lib/python3.10/site-packages:${PYTHONPATH} /usr/bin/python3 -W ignore:setup.py install is deprecated -W ignore:easy_install command is deprecated setup.py develop --editable --build-directory /home/gari/Documents/ROS2/turtle_sim_project/build/catch_turtle_sim/build --no-deps symlink_data
