[0.153s] DEBUG:colcon:Command line arguments: ['/usr/bin/colcon', 'list', '-p', '--base-paths', '/home/gari/Documents/ROS2/turtle_sim_project']
[0.153s] DEBUG:colcon:Parsed command line arguments: Namespace(log_base=None, log_level=None, verb_name='list', build_base='build', ignore_user_meta=False, metas=['./colcon.meta'], base_paths=['/home/gari/Documents/ROS2/turtle_sim_project'], packages_ignore=None, packages_ignore_regex=None, paths=None, packages_up_to=None, packages_up_to_regex=None, packages_above=None, packages_above_and_dependencies=None, packages_above_depth=None, packages_select_by_dep=None, packages_skip_by_dep=None, packages_skip_up_to=None, packages_select_build_failed=False, packages_skip_build_finished=False, packages_select_test_failures=False, packages_skip_test_passed=False, packages_select=None, packages_skip=None, packages_select_regex=None, packages_skip_regex=None, packages_start=None, packages_end=None, allow_overriding=[], topological_order=False, names_only=False, paths_only=True, topological_graph=False, topological_graph_dot=False, topological_graph_density=False, topological_graph_legend=False, topological_graph_dot_cluster=False, topological_graph_dot_include_skipped=False, verb_parser=<colcon_defaults.argument_parser.defaults.DefaultArgumentsDecorator object at 0x76e623308910>, verb_extension=<colcon_package_information.verb.list.ListVerb object at 0x76e6232d3820>, main=<bound method ListVerb.main of <colcon_package_information.verb.list.ListVerb object at 0x76e6232d3820>>)
[0.389s] Level 1:colcon.colcon_core.package_discovery:discover_packages(colcon_meta) check parameters
[0.389s] Level 1:colcon.colcon_core.package_discovery:discover_packages(recursive) check parameters
[0.389s] Level 1:colcon.colcon_core.package_discovery:discover_packages(ignore) check parameters
[0.389s] Level 1:colcon.colcon_core.package_discovery:discover_packages(path) check parameters
[0.389s] Level 1:colcon.colcon_core.package_discovery:discover_packages(recursive) discover
[0.390s] INFO:colcon.colcon_core.package_discovery:Crawling recursively for packages in '/home/gari/Documents/ROS2/turtle_sim_project'
[0.390s] Level 1:colcon.colcon_core.package_identification:_identify(/home/gari/Documents/ROS2/turtle_sim_project) by extensions ['ignore', 'ignore_ament_install']
[0.390s] Level 1:colcon.colcon_core.package_identification:_identify(/home/gari/Documents/ROS2/turtle_sim_project) by extension 'ignore'
[0.390s] Level 1:colcon.colcon_core.package_identification:_identify(/home/gari/Documents/ROS2/turtle_sim_project) by extension 'ignore_ament_install'
[0.390s] Level 1:colcon.colcon_core.package_identification:_identify(/home/gari/Documents/ROS2/turtle_sim_project) by extensions ['colcon_pkg']
[0.390s] Level 1:colcon.colcon_core.package_identification:_identify(/home/gari/Documents/ROS2/turtle_sim_project) by extension 'colcon_pkg'
[0.390s] Level 1:colcon.colcon_core.package_identification:_identify(/home/gari/Documents/ROS2/turtle_sim_project) by extensions ['colcon_meta']
[0.390s] Level 1:colcon.colcon_core.package_identification:_identify(/home/gari/Documents/ROS2/turtle_sim_project) by extension 'colcon_meta'
[0.390s] Level 1:colcon.colcon_core.package_identification:_identify(/home/gari/Documents/ROS2/turtle_sim_project) by extensions ['ros']
[0.391s] Level 1:colcon.colcon_core.package_identification:_identify(/home/gari/Documents/ROS2/turtle_sim_project) by extension 'ros'
[0.407s] Level 1:colcon.colcon_core.package_identification:_identify(/home/gari/Documents/ROS2/turtle_sim_project) by extensions ['cmake', 'python']
[0.407s] Level 1:colcon.colcon_core.package_identification:_identify(/home/gari/Documents/ROS2/turtle_sim_project) by extension 'cmake'
[0.407s] Level 1:colcon.colcon_core.package_identification:_identify(/home/gari/Documents/ROS2/turtle_sim_project) by extension 'python'
[0.407s] Level 1:colcon.colcon_core.package_identification:_identify(/home/gari/Documents/ROS2/turtle_sim_project) by extensions ['python_setup_py']
[0.408s] Level 1:colcon.colcon_core.package_identification:_identify(/home/gari/Documents/ROS2/turtle_sim_project) by extension 'python_setup_py'
[0.408s] Level 1:colcon.colcon_core.package_identification:_identify(/home/gari/Documents/ROS2/turtle_sim_project/build) by extensions ['ignore', 'ignore_ament_install']
[0.408s] Level 1:colcon.colcon_core.package_identification:_identify(/home/gari/Documents/ROS2/turtle_sim_project/build) by extension 'ignore'
[0.408s] Level 1:colcon.colcon_core.package_identification:_identify(/home/gari/Documents/ROS2/turtle_sim_project/build) ignored
[0.408s] Level 1:colcon.colcon_core.package_identification:_identify(/home/gari/Documents/ROS2/turtle_sim_project/install) by extensions ['ignore', 'ignore_ament_install']
[0.408s] Level 1:colcon.colcon_core.package_identification:_identify(/home/gari/Documents/ROS2/turtle_sim_project/install) by extension 'ignore'
[0.409s] Level 1:colcon.colcon_core.package_identification:_identify(/home/gari/Documents/ROS2/turtle_sim_project/install) ignored
[0.409s] Level 1:colcon.colcon_core.package_identification:_identify(/home/gari/Documents/ROS2/turtle_sim_project/log) by extensions ['ignore', 'ignore_ament_install']
[0.409s] Level 1:colcon.colcon_core.package_identification:_identify(/home/gari/Documents/ROS2/turtle_sim_project/log) by extension 'ignore'
[0.409s] Level 1:colcon.colcon_core.package_identification:_identify(/home/gari/Documents/ROS2/turtle_sim_project/log) ignored
[0.409s] Level 1:colcon.colcon_core.package_identification:_identify(/home/gari/Documents/ROS2/turtle_sim_project/src) by extensions ['ignore', 'ignore_ament_install']
[0.409s] Level 1:colcon.colcon_core.package_identification:_identify(/home/gari/Documents/ROS2/turtle_sim_project/src) by extension 'ignore'
[0.409s] Level 1:colcon.colcon_core.package_identification:_identify(/home/gari/Documents/ROS2/turtle_sim_project/src) by extension 'ignore_ament_install'
[0.409s] Level 1:colcon.colcon_core.package_identification:_identify(/home/gari/Documents/ROS2/turtle_sim_project/src) by extensions ['colcon_pkg']
[0.409s] Level 1:colcon.colcon_core.package_identification:_identify(/home/gari/Documents/ROS2/turtle_sim_project/src) by extension 'colcon_pkg'
[0.409s] Level 1:colcon.colcon_core.package_identification:_identify(/home/gari/Documents/ROS2/turtle_sim_project/src) by extensions ['colcon_meta']
[0.410s] Level 1:colcon.colcon_core.package_identification:_identify(/home/gari/Documents/ROS2/turtle_sim_project/src) by extension 'colcon_meta'
[0.410s] Level 1:colcon.colcon_core.package_identification:_identify(/home/gari/Documents/ROS2/turtle_sim_project/src) by extensions ['ros']
[0.410s] Level 1:colcon.colcon_core.package_identification:_identify(/home/gari/Documents/ROS2/turtle_sim_project/src) by extension 'ros'
[0.410s] Level 1:colcon.colcon_core.package_identification:_identify(/home/gari/Documents/ROS2/turtle_sim_project/src) by extensions ['cmake', 'python']
[0.410s] Level 1:colcon.colcon_core.package_identification:_identify(/home/gari/Documents/ROS2/turtle_sim_project/src) by extension 'cmake'
[0.410s] Level 1:colcon.colcon_core.package_identification:_identify(/home/gari/Documents/ROS2/turtle_sim_project/src) by extension 'python'
[0.410s] Level 1:colcon.colcon_core.package_identification:_identify(/home/gari/Documents/ROS2/turtle_sim_project/src) by extensions ['python_setup_py']
[0.410s] Level 1:colcon.colcon_core.package_identification:_identify(/home/gari/Documents/ROS2/turtle_sim_project/src) by extension 'python_setup_py'
[0.410s] Level 1:colcon.colcon_core.package_identification:_identify(/home/gari/Documents/ROS2/turtle_sim_project/src/build) by extensions ['ignore', 'ignore_ament_install']
[0.410s] Level 1:colcon.colcon_core.package_identification:_identify(/home/gari/Documents/ROS2/turtle_sim_project/src/build) by extension 'ignore'
[0.410s] Level 1:colcon.colcon_core.package_identification:_identify(/home/gari/Documents/ROS2/turtle_sim_project/src/build) ignored
[0.410s] Level 1:colcon.colcon_core.package_identification:_identify(/home/gari/Documents/ROS2/turtle_sim_project/src/catch_turtle_sim) by extensions ['ignore', 'ignore_ament_install']
[0.411s] Level 1:colcon.colcon_core.package_identification:_identify(/home/gari/Documents/ROS2/turtle_sim_project/src/catch_turtle_sim) by extension 'ignore'
[0.411s] Level 1:colcon.colcon_core.package_identification:_identify(/home/gari/Documents/ROS2/turtle_sim_project/src/catch_turtle_sim) by extension 'ignore_ament_install'
[0.411s] Level 1:colcon.colcon_core.package_identification:_identify(/home/gari/Documents/ROS2/turtle_sim_project/src/catch_turtle_sim) by extensions ['colcon_pkg']
[0.411s] Level 1:colcon.colcon_core.package_identification:_identify(/home/gari/Documents/ROS2/turtle_sim_project/src/catch_turtle_sim) by extension 'colcon_pkg'
[0.411s] Level 1:colcon.colcon_core.package_identification:_identify(/home/gari/Documents/ROS2/turtle_sim_project/src/catch_turtle_sim) by extensions ['colcon_meta']
[0.411s] Level 1:colcon.colcon_core.package_identification:_identify(/home/gari/Documents/ROS2/turtle_sim_project/src/catch_turtle_sim) by extension 'colcon_meta'
[0.411s] Level 1:colcon.colcon_core.package_identification:_identify(/home/gari/Documents/ROS2/turtle_sim_project/src/catch_turtle_sim) by extensions ['ros']
[0.411s] Level 1:colcon.colcon_core.package_identification:_identify(/home/gari/Documents/ROS2/turtle_sim_project/src/catch_turtle_sim) by extension 'ros'
[0.415s] DEBUG:colcon.colcon_core.package_identification:Package '/home/gari/Documents/ROS2/turtle_sim_project/src/catch_turtle_sim' with type 'ros.ament_python' and name 'catch_turtle_sim'
[0.415s] Level 1:colcon.colcon_core.package_identification:_identify(/home/gari/Documents/ROS2/turtle_sim_project/src/install) by extensions ['ignore', 'ignore_ament_install']
[0.415s] Level 1:colcon.colcon_core.package_identification:_identify(/home/gari/Documents/ROS2/turtle_sim_project/src/install) by extension 'ignore'
[0.415s] Level 1:colcon.colcon_core.package_identification:_identify(/home/gari/Documents/ROS2/turtle_sim_project/src/install) ignored
[0.415s] Level 1:colcon.colcon_core.package_identification:_identify(/home/gari/Documents/ROS2/turtle_sim_project/src/log) by extensions ['ignore', 'ignore_ament_install']
[0.416s] Level 1:colcon.colcon_core.package_identification:_identify(/home/gari/Documents/ROS2/turtle_sim_project/src/log) by extension 'ignore'
[0.416s] Level 1:colcon.colcon_core.package_identification:_identify(/home/gari/Documents/ROS2/turtle_sim_project/src/log) ignored
[0.416s] Level 1:colcon.colcon_core.package_identification:_identify(/home/gari/Documents/ROS2/turtle_sim_project/src/my_robot_interfaces) by extensions ['ignore', 'ignore_ament_install']
[0.416s] Level 1:colcon.colcon_core.package_identification:_identify(/home/gari/Documents/ROS2/turtle_sim_project/src/my_robot_interfaces) by extension 'ignore'
[0.416s] Level 1:colcon.colcon_core.package_identification:_identify(/home/gari/Documents/ROS2/turtle_sim_project/src/my_robot_interfaces) by extension 'ignore_ament_install'
[0.416s] Level 1:colcon.colcon_core.package_identification:_identify(/home/gari/Documents/ROS2/turtle_sim_project/src/my_robot_interfaces) by extensions ['colcon_pkg']
[0.416s] Level 1:colcon.colcon_core.package_identification:_identify(/home/gari/Documents/ROS2/turtle_sim_project/src/my_robot_interfaces) by extension 'colcon_pkg'
[0.416s] Level 1:colcon.colcon_core.package_identification:_identify(/home/gari/Documents/ROS2/turtle_sim_project/src/my_robot_interfaces) by extensions ['colcon_meta']
[0.416s] Level 1:colcon.colcon_core.package_identification:_identify(/home/gari/Documents/ROS2/turtle_sim_project/src/my_robot_interfaces) by extension 'colcon_meta'
[0.416s] Level 1:colcon.colcon_core.package_identification:_identify(/home/gari/Documents/ROS2/turtle_sim_project/src/my_robot_interfaces) by extensions ['ros']
[0.416s] Level 1:colcon.colcon_core.package_identification:_identify(/home/gari/Documents/ROS2/turtle_sim_project/src/my_robot_interfaces) by extension 'ros'
[0.417s] DEBUG:colcon.colcon_core.package_identification:Package '/home/gari/Documents/ROS2/turtle_sim_project/src/my_robot_interfaces' with type 'ros.ament_cmake' and name 'my_robot_interfaces'
[0.417s] Level 1:colcon.colcon_core.package_discovery:discover_packages(recursive) using defaults
