[0.018s] Invoking command in '/home/gari/Documents/ROS2/ros2_refer/build/my_robot_bringup': CMAKE_PREFIX_PATH=/opt/ros/humble /usr/bin/cmake /home/gari/Documents/ROS2/ros2_refer/src/my_robot_bringup -DCMAKE_INSTALL_PREFIX=/home/gari/Documents/ROS2/ros2_refer/install/my_robot_bringup
[1.471s] -- The C compiler identification is GNU 11.4.0
[1.987s] -- The CXX compiler identification is GNU 11.4.0
[2.003s] -- Detecting C compiler ABI info
[2.331s] -- Detecting C compiler ABI info - done
[2.344s] -- Check for working C compiler: /usr/bin/cc - skipped
[2.358s] -- Detecting C compile features
[2.409s] -- Detecting C compile features - done
[2.531s] -- Detecting CXX compiler ABI info
[2.698s] -- Detecting CXX compiler ABI info - done
[2.711s] -- Check for working CXX compiler: /usr/bin/c++ - skipped
[2.712s] -- Detecting CXX compile features
[2.712s] -- Detecting CXX compile features - done
[2.773s] -- Found ament_cmake: 1.3.11 (/opt/ros/humble/share/ament_cmake/cmake)
[3.342s] -- Found Python3: /usr/bin/python3 (found version "3.10.12") found components: Interpreter 
[6.354s] -- Configuring done
[6.358s] -- Generating done
[6.361s] -- Build files have been written to: /home/gari/Documents/ROS2/ros2_refer/build/my_robot_bringup
[6.368s] Invoked command in '/home/gari/Documents/ROS2/ros2_refer/build/my_robot_bringup' returned '0': CMAKE_PREFIX_PATH=/opt/ros/humble /usr/bin/cmake /home/gari/Documents/ROS2/ros2_refer/src/my_robot_bringup -DCMAKE_INSTALL_PREFIX=/home/gari/Documents/ROS2/ros2_refer/install/my_robot_bringup
[6.370s] Invoking command in '/home/gari/Documents/ROS2/ros2_refer/build/my_robot_bringup': CMAKE_PREFIX_PATH=/opt/ros/humble /usr/bin/cmake --build /home/gari/Documents/ROS2/ros2_refer/build/my_robot_bringup -- -j12 -l12
[6.434s] Invoked command in '/home/gari/Documents/ROS2/ros2_refer/build/my_robot_bringup' returned '0': CMAKE_PREFIX_PATH=/opt/ros/humble /usr/bin/cmake --build /home/gari/Documents/ROS2/ros2_refer/build/my_robot_bringup -- -j12 -l12
[6.435s] Invoking command in '/home/gari/Documents/ROS2/ros2_refer/build/my_robot_bringup': CMAKE_PREFIX_PATH=/opt/ros/humble /usr/bin/cmake --install /home/gari/Documents/ROS2/ros2_refer/build/my_robot_bringup
[6.445s] -- Install configuration: ""
[6.445s] -- Installing: /home/gari/Documents/ROS2/ros2_refer/install/my_robot_bringup/share/my_robot_bringup//launch
[6.445s] -- Installing: /home/gari/Documents/ROS2/ros2_refer/install/my_robot_bringup/share/my_robot_bringup//launch/my_robot_gazebo.launch.xml
[6.445s] -- Installing: /home/gari/Documents/ROS2/ros2_refer/install/my_robot_bringup/share/my_robot_bringup//config
[6.445s] -- Installing: /home/gari/Documents/ROS2/ros2_refer/install/my_robot_bringup/share/my_robot_bringup//config/gazebo_bridge.yaml
[6.446s] -- Installing: /home/gari/Documents/ROS2/ros2_refer/install/my_robot_bringup/share/my_robot_bringup//worlds
[6.446s] -- Installing: /home/gari/Documents/ROS2/ros2_refer/install/my_robot_bringup/share/my_robot_bringup//worlds/test_world.sdf
[6.446s] -- Installing: /home/gari/Documents/ROS2/ros2_refer/install/my_robot_bringup/share/ament_index/resource_index/package_run_dependencies/my_robot_bringup
[6.446s] -- Installing: /home/gari/Documents/ROS2/ros2_refer/install/my_robot_bringup/share/ament_index/resource_index/parent_prefix_path/my_robot_bringup
[6.447s] -- Installing: /home/gari/Documents/ROS2/ros2_refer/install/my_robot_bringup/share/my_robot_bringup/environment/ament_prefix_path.sh
[6.447s] -- Installing: /home/gari/Documents/ROS2/ros2_refer/install/my_robot_bringup/share/my_robot_bringup/environment/ament_prefix_path.dsv
[6.447s] -- Installing: /home/gari/Documents/ROS2/ros2_refer/install/my_robot_bringup/share/my_robot_bringup/environment/path.sh
[6.447s] -- Installing: /home/gari/Documents/ROS2/ros2_refer/install/my_robot_bringup/share/my_robot_bringup/environment/path.dsv
[6.447s] -- Installing: /home/gari/Documents/ROS2/ros2_refer/install/my_robot_bringup/share/my_robot_bringup/local_setup.bash
[6.447s] -- Installing: /home/gari/Documents/ROS2/ros2_refer/install/my_robot_bringup/share/my_robot_bringup/local_setup.sh
[6.448s] -- Installing: /home/gari/Documents/ROS2/ros2_refer/install/my_robot_bringup/share/my_robot_bringup/local_setup.zsh
[6.448s] -- Installing: /home/gari/Documents/ROS2/ros2_refer/install/my_robot_bringup/share/my_robot_bringup/local_setup.dsv
[6.448s] -- Installing: /home/gari/Documents/ROS2/ros2_refer/install/my_robot_bringup/share/my_robot_bringup/package.dsv
[6.448s] -- Installing: /home/gari/Documents/ROS2/ros2_refer/install/my_robot_bringup/share/ament_index/resource_index/packages/my_robot_bringup
[6.448s] -- Installing: /home/gari/Documents/ROS2/ros2_refer/install/my_robot_bringup/share/my_robot_bringup/cmake/my_robot_bringupConfig.cmake
[6.448s] -- Installing: /home/gari/Documents/ROS2/ros2_refer/install/my_robot_bringup/share/my_robot_bringup/cmake/my_robot_bringupConfig-version.cmake
[6.449s] -- Installing: /home/gari/Documents/ROS2/ros2_refer/install/my_robot_bringup/share/my_robot_bringup/package.xml
[6.451s] Invoked command in '/home/gari/Documents/ROS2/ros2_refer/build/my_robot_bringup' returned '0': CMAKE_PREFIX_PATH=/opt/ros/humble /usr/bin/cmake --install /home/gari/Documents/ROS2/ros2_refer/build/my_robot_bringup
