running develop
running egg_info
creating catch_turtle_sim.egg-info
writing catch_turtle_sim.egg-info/PKG-INFO
writing dependency_links to catch_turtle_sim.egg-info/dependency_links.txt
writing entry points to catch_turtle_sim.egg-info/entry_points.txt
writing requirements to catch_turtle_sim.egg-info/requires.txt
writing top-level names to catch_turtle_sim.egg-info/top_level.txt
writing manifest file 'catch_turtle_sim.egg-info/SOURCES.txt'
reading manifest file 'catch_turtle_sim.egg-info/SOURCES.txt'
writing manifest file 'catch_turtle_sim.egg-info/SOURCES.txt'
running build_ext
Creating /home/gari/Documents/ROS2/turtle_sim_project/src/install/catch_turtle_sim/lib/python3.10/site-packages/catch-turtle-sim.egg-link (link to .)
Installing spawner script to /home/gari/Documents/ROS2/turtle_sim_project/src/install/catch_turtle_sim/lib/catch_turtle_sim
Installing turtle_controller script to /home/gari/Documents/ROS2/turtle_sim_project/src/install/catch_turtle_sim/lib/catch_turtle_sim

Installed /home/gari/Documents/ROS2/turtle_sim_project/src/build/catch_turtle_sim
running symlink_data
creating /home/gari/Documents/ROS2/turtle_sim_project/src/install/catch_turtle_sim/share/ament_index
creating /home/gari/Documents/ROS2/turtle_sim_project/src/install/catch_turtle_sim/share/ament_index/resource_index
creating /home/gari/Documents/ROS2/turtle_sim_project/src/install/catch_turtle_sim/share/ament_index/resource_index/packages
symbolically linking /home/gari/Documents/ROS2/turtle_sim_project/src/build/catch_turtle_sim/resource/catch_turtle_sim -> /home/gari/Documents/ROS2/turtle_sim_project/src/install/catch_turtle_sim/share/ament_index/resource_index/packages
symbolically linking /home/gari/Documents/ROS2/turtle_sim_project/src/build/catch_turtle_sim/package.xml -> /home/gari/Documents/ROS2/turtle_sim_project/src/install/catch_turtle_sim/share/catch_turtle_sim
