[0.785s] Invoking command in '/home/gari/Documents/ROS2/turtle_sim_project/src/build/catch_turtle_sim': PYTHONPATH=/home/gari/Documents/ROS2/turtle_sim_project/src/build/catch_turtle_sim/prefix_override:/usr/lib/python3/dist-packages/colcon_core/task/python/colcon_distutils_commands:/home/gari/Documents/ROS2/turtle_sim_project/src/install/catch_turtle_sim/lib/python3.10/site-packages:${PYTHONPATH} /usr/bin/python3 -W ignore:setup.py install is deprecated -W ignore:easy_install command is deprecated setup.py develop --editable --build-directory /home/gari/Documents/ROS2/turtle_sim_project/src/build/catch_turtle_sim/build --no-deps symlink_data
[1.156s] running develop
[1.397s] running egg_info
[1.397s] creating catch_turtle_sim.egg-info
[1.398s] writing catch_turtle_sim.egg-info/PKG-INFO
[1.398s] writing dependency_links to catch_turtle_sim.egg-info/dependency_links.txt
[1.398s] writing entry points to catch_turtle_sim.egg-info/entry_points.txt
[1.398s] writing requirements to catch_turtle_sim.egg-info/requires.txt
[1.398s] writing top-level names to catch_turtle_sim.egg-info/top_level.txt
[1.399s] writing manifest file 'catch_turtle_sim.egg-info/SOURCES.txt'
[1.402s] reading manifest file 'catch_turtle_sim.egg-info/SOURCES.txt'
[1.402s] writing manifest file 'catch_turtle_sim.egg-info/SOURCES.txt'
[1.404s] running build_ext
[1.404s] Creating /home/gari/Documents/ROS2/turtle_sim_project/src/install/catch_turtle_sim/lib/python3.10/site-packages/catch-turtle-sim.egg-link (link to .)
[1.405s] Installing spawner script to /home/gari/Documents/ROS2/turtle_sim_project/src/install/catch_turtle_sim/lib/catch_turtle_sim
[1.406s] Installing turtle_controller script to /home/gari/Documents/ROS2/turtle_sim_project/src/install/catch_turtle_sim/lib/catch_turtle_sim
[1.406s] 
[1.406s] Installed /home/gari/Documents/ROS2/turtle_sim_project/src/build/catch_turtle_sim
[1.406s] running symlink_data
[1.407s] creating /home/gari/Documents/ROS2/turtle_sim_project/src/install/catch_turtle_sim/share/ament_index
[1.407s] creating /home/gari/Documents/ROS2/turtle_sim_project/src/install/catch_turtle_sim/share/ament_index/resource_index
[1.407s] creating /home/gari/Documents/ROS2/turtle_sim_project/src/install/catch_turtle_sim/share/ament_index/resource_index/packages
[1.407s] symbolically linking /home/gari/Documents/ROS2/turtle_sim_project/src/build/catch_turtle_sim/resource/catch_turtle_sim -> /home/gari/Documents/ROS2/turtle_sim_project/src/install/catch_turtle_sim/share/ament_index/resource_index/packages
[1.407s] symbolically linking /home/gari/Documents/ROS2/turtle_sim_project/src/build/catch_turtle_sim/package.xml -> /home/gari/Documents/ROS2/turtle_sim_project/src/install/catch_turtle_sim/share/catch_turtle_sim
[1.446s] Invoked command in '/home/gari/Documents/ROS2/turtle_sim_project/src/build/catch_turtle_sim' returned '0': PYTHONPATH=/home/gari/Documents/ROS2/turtle_sim_project/src/build/catch_turtle_sim/prefix_override:/usr/lib/python3/dist-packages/colcon_core/task/python/colcon_distutils_commands:/home/gari/Documents/ROS2/turtle_sim_project/src/install/catch_turtle_sim/lib/python3.10/site-packages:${PYTHONPATH} /usr/bin/python3 -W ignore:setup.py install is deprecated -W ignore:easy_install command is deprecated setup.py develop --editable --build-directory /home/gari/Documents/ROS2/turtle_sim_project/src/build/catch_turtle_sim/build --no-deps symlink_data
