[0.132s] DEBUG:colcon:Command line arguments: ['/usr/bin/colcon', 'build', '--symlink-install']
[0.132s] DEBUG:colcon:Parsed command line arguments: Namespace(log_base=None, log_level=None, verb_name='build', build_base='build', install_base='install', merge_install=False, symlink_install=True, test_result_base=None, continue_on_error=False, executor='parallel', parallel_workers=12, event_handlers=None, ignore_user_meta=False, metas=['./colcon.meta'], base_paths=['.'], packages_ignore=None, packages_ignore_regex=None, paths=None, packages_up_to=None, packages_up_to_regex=None, packages_above=None, packages_above_and_dependencies=None, packages_above_depth=None, packages_select_by_dep=None, packages_skip_by_dep=None, packages_skip_up_to=None, packages_select_build_failed=False, packages_skip_build_finished=False, packages_select_test_failures=False, packages_skip_test_passed=False, packages_select=None, packages_skip=None, packages_select_regex=None, packages_skip_regex=None, packages_start=None, packages_end=None, allow_overriding=[], cmake_args=None, cmake_target=None, cmake_target_skip_unavailable=False, cmake_clean_cache=False, cmake_clean_first=False, cmake_force_configure=False, ament_cmake_args=None, catkin_cmake_args=None, catkin_skip_building_tests=False, verb_parser=<colcon_defaults.argument_parser.defaults.DefaultArgumentsDecorator object at 0x7e28ca73beb0>, verb_extension=<colcon_core.verb.build.BuildVerb object at 0x7e28ca73b910>, main=<bound method BuildVerb.main of <colcon_core.verb.build.BuildVerb object at 0x7e28ca73b910>>)
[0.795s] Level 1:colcon.colcon_core.package_discovery:discover_packages(colcon_meta) check parameters
[0.796s] Level 1:colcon.colcon_core.package_discovery:discover_packages(recursive) check parameters
[0.796s] Level 1:colcon.colcon_core.package_discovery:discover_packages(ignore) check parameters
[0.796s] Level 1:colcon.colcon_core.package_discovery:discover_packages(path) check parameters
[0.796s] Level 1:colcon.colcon_core.package_discovery:discover_packages(colcon_meta) discover
[0.796s] Level 1:colcon.colcon_core.package_discovery:discover_packages(recursive) discover
[0.796s] INFO:colcon.colcon_core.package_discovery:Crawling recursively for packages in '/home/gari/Documents/ROS2/turtle_sim_project'
[0.796s] Level 1:colcon.colcon_core.package_identification:_identify(.) by extensions ['ignore', 'ignore_ament_install']
[0.796s] Level 1:colcon.colcon_core.package_identification:_identify(.) by extension 'ignore'
[0.796s] Level 1:colcon.colcon_core.package_identification:_identify(.) by extension 'ignore_ament_install'
[0.796s] Level 1:colcon.colcon_core.package_identification:_identify(.) by extensions ['colcon_pkg']
[0.796s] Level 1:colcon.colcon_core.package_identification:_identify(.) by extension 'colcon_pkg'
[0.797s] Level 1:colcon.colcon_core.package_identification:_identify(.) by extensions ['colcon_meta']
[0.797s] Level 1:colcon.colcon_core.package_identification:_identify(.) by extension 'colcon_meta'
[0.797s] Level 1:colcon.colcon_core.package_identification:_identify(.) by extensions ['ros']
[0.797s] Level 1:colcon.colcon_core.package_identification:_identify(.) by extension 'ros'
[0.811s] Level 1:colcon.colcon_core.package_identification:_identify(.) by extensions ['cmake', 'python']
[0.812s] Level 1:colcon.colcon_core.package_identification:_identify(.) by extension 'cmake'
[0.812s] Level 1:colcon.colcon_core.package_identification:_identify(.) by extension 'python'
[0.812s] Level 1:colcon.colcon_core.package_identification:_identify(.) by extensions ['python_setup_py']
[0.812s] Level 1:colcon.colcon_core.package_identification:_identify(.) by extension 'python_setup_py'
[0.812s] Level 1:colcon.colcon_core.package_identification:_identify(build) by extensions ['ignore', 'ignore_ament_install']
[0.812s] Level 1:colcon.colcon_core.package_identification:_identify(build) by extension 'ignore'
[0.812s] Level 1:colcon.colcon_core.package_identification:_identify(build) ignored
[0.812s] Level 1:colcon.colcon_core.package_identification:_identify(install) by extensions ['ignore', 'ignore_ament_install']
[0.812s] Level 1:colcon.colcon_core.package_identification:_identify(install) by extension 'ignore'
[0.812s] Level 1:colcon.colcon_core.package_identification:_identify(install) ignored
[0.813s] Level 1:colcon.colcon_core.package_identification:_identify(log) by extensions ['ignore', 'ignore_ament_install']
[0.813s] Level 1:colcon.colcon_core.package_identification:_identify(log) by extension 'ignore'
[0.813s] Level 1:colcon.colcon_core.package_identification:_identify(log) ignored
[0.813s] Level 1:colcon.colcon_core.package_identification:_identify(src) by extensions ['ignore', 'ignore_ament_install']
[0.813s] Level 1:colcon.colcon_core.package_identification:_identify(src) by extension 'ignore'
[0.813s] Level 1:colcon.colcon_core.package_identification:_identify(src) by extension 'ignore_ament_install'
[0.813s] Level 1:colcon.colcon_core.package_identification:_identify(src) by extensions ['colcon_pkg']
[0.813s] Level 1:colcon.colcon_core.package_identification:_identify(src) by extension 'colcon_pkg'
[0.813s] Level 1:colcon.colcon_core.package_identification:_identify(src) by extensions ['colcon_meta']
[0.813s] Level 1:colcon.colcon_core.package_identification:_identify(src) by extension 'colcon_meta'
[0.813s] Level 1:colcon.colcon_core.package_identification:_identify(src) by extensions ['ros']
[0.813s] Level 1:colcon.colcon_core.package_identification:_identify(src) by extension 'ros'
[0.814s] Level 1:colcon.colcon_core.package_identification:_identify(src) by extensions ['cmake', 'python']
[0.814s] Level 1:colcon.colcon_core.package_identification:_identify(src) by extension 'cmake'
[0.814s] Level 1:colcon.colcon_core.package_identification:_identify(src) by extension 'python'
[0.814s] Level 1:colcon.colcon_core.package_identification:_identify(src) by extensions ['python_setup_py']
[0.814s] Level 1:colcon.colcon_core.package_identification:_identify(src) by extension 'python_setup_py'
[0.814s] Level 1:colcon.colcon_core.package_identification:_identify(src/build) by extensions ['ignore', 'ignore_ament_install']
[0.814s] Level 1:colcon.colcon_core.package_identification:_identify(src/build) by extension 'ignore'
[0.814s] Level 1:colcon.colcon_core.package_identification:_identify(src/build) ignored
[0.814s] Level 1:colcon.colcon_core.package_identification:_identify(src/catch_turtle_sim) by extensions ['ignore', 'ignore_ament_install']
[0.814s] Level 1:colcon.colcon_core.package_identification:_identify(src/catch_turtle_sim) by extension 'ignore'
[0.814s] Level 1:colcon.colcon_core.package_identification:_identify(src/catch_turtle_sim) by extension 'ignore_ament_install'
[0.814s] Level 1:colcon.colcon_core.package_identification:_identify(src/catch_turtle_sim) by extensions ['colcon_pkg']
[0.815s] Level 1:colcon.colcon_core.package_identification:_identify(src/catch_turtle_sim) by extension 'colcon_pkg'
[0.815s] Level 1:colcon.colcon_core.package_identification:_identify(src/catch_turtle_sim) by extensions ['colcon_meta']
[0.815s] Level 1:colcon.colcon_core.package_identification:_identify(src/catch_turtle_sim) by extension 'colcon_meta'
[0.815s] Level 1:colcon.colcon_core.package_identification:_identify(src/catch_turtle_sim) by extensions ['ros']
[0.815s] Level 1:colcon.colcon_core.package_identification:_identify(src/catch_turtle_sim) by extension 'ros'
[0.818s] DEBUG:colcon.colcon_core.package_identification:Package 'src/catch_turtle_sim' with type 'ros.ament_python' and name 'catch_turtle_sim'
[0.818s] Level 1:colcon.colcon_core.package_identification:_identify(src/install) by extensions ['ignore', 'ignore_ament_install']
[0.818s] Level 1:colcon.colcon_core.package_identification:_identify(src/install) by extension 'ignore'
[0.819s] Level 1:colcon.colcon_core.package_identification:_identify(src/install) ignored
[0.819s] Level 1:colcon.colcon_core.package_identification:_identify(src/log) by extensions ['ignore', 'ignore_ament_install']
[0.819s] Level 1:colcon.colcon_core.package_identification:_identify(src/log) by extension 'ignore'
[0.819s] Level 1:colcon.colcon_core.package_identification:_identify(src/log) ignored
[0.819s] Level 1:colcon.colcon_core.package_identification:_identify(src/my_robot_bringup) by extensions ['ignore', 'ignore_ament_install']
[0.819s] Level 1:colcon.colcon_core.package_identification:_identify(src/my_robot_bringup) by extension 'ignore'
[0.819s] Level 1:colcon.colcon_core.package_identification:_identify(src/my_robot_bringup) by extension 'ignore_ament_install'
[0.819s] Level 1:colcon.colcon_core.package_identification:_identify(src/my_robot_bringup) by extensions ['colcon_pkg']
[0.819s] Level 1:colcon.colcon_core.package_identification:_identify(src/my_robot_bringup) by extension 'colcon_pkg'
[0.819s] Level 1:colcon.colcon_core.package_identification:_identify(src/my_robot_bringup) by extensions ['colcon_meta']
[0.819s] Level 1:colcon.colcon_core.package_identification:_identify(src/my_robot_bringup) by extension 'colcon_meta'
[0.820s] Level 1:colcon.colcon_core.package_identification:_identify(src/my_robot_bringup) by extensions ['ros']
[0.820s] Level 1:colcon.colcon_core.package_identification:_identify(src/my_robot_bringup) by extension 'ros'
[0.820s] DEBUG:colcon.colcon_core.package_identification:Package 'src/my_robot_bringup' with type 'ros.ament_cmake' and name 'my_robot_bringup'
[0.821s] Level 1:colcon.colcon_core.package_identification:_identify(src/my_robot_interfaces) by extensions ['ignore', 'ignore_ament_install']
[0.821s] Level 1:colcon.colcon_core.package_identification:_identify(src/my_robot_interfaces) by extension 'ignore'
[0.821s] Level 1:colcon.colcon_core.package_identification:_identify(src/my_robot_interfaces) by extension 'ignore_ament_install'
[0.821s] Level 1:colcon.colcon_core.package_identification:_identify(src/my_robot_interfaces) by extensions ['colcon_pkg']
[0.821s] Level 1:colcon.colcon_core.package_identification:_identify(src/my_robot_interfaces) by extension 'colcon_pkg'
[0.821s] Level 1:colcon.colcon_core.package_identification:_identify(src/my_robot_interfaces) by extensions ['colcon_meta']
[0.821s] Level 1:colcon.colcon_core.package_identification:_identify(src/my_robot_interfaces) by extension 'colcon_meta'
[0.821s] Level 1:colcon.colcon_core.package_identification:_identify(src/my_robot_interfaces) by extensions ['ros']
[0.821s] Level 1:colcon.colcon_core.package_identification:_identify(src/my_robot_interfaces) by extension 'ros'
[0.822s] DEBUG:colcon.colcon_core.package_identification:Package 'src/my_robot_interfaces' with type 'ros.ament_cmake' and name 'my_robot_interfaces'
[0.822s] Level 1:colcon.colcon_core.package_discovery:discover_packages(recursive) using defaults
[0.822s] Level 1:colcon.colcon_core.package_discovery:discover_packages(ignore) discover
[0.822s] Level 1:colcon.colcon_core.package_discovery:discover_packages(ignore) using defaults
[0.822s] Level 1:colcon.colcon_core.package_discovery:discover_packages(path) discover
[0.822s] Level 1:colcon.colcon_core.package_discovery:discover_packages(path) using defaults
[0.848s] Level 1:colcon.colcon_core.package_discovery:discover_packages(prefix_path) check parameters
[0.848s] Level 1:colcon.colcon_core.package_discovery:discover_packages(prefix_path) discover
[0.850s] DEBUG:colcon.colcon_installed_package_information.package_discovery:Found 3 installed packages in /home/gari/Documents/ROS2/turtle_sim_project/install
[0.851s] DEBUG:colcon.colcon_installed_package_information.package_discovery:Found 271 installed packages in /opt/ros/humble
[0.854s] Level 1:colcon.colcon_core.package_discovery:discover_packages(prefix_path) using defaults
[0.910s] Level 5:colcon.colcon_core.verb:set package 'my_robot_interfaces' build argument 'cmake_args' from command line to 'None'
[0.910s] Level 5:colcon.colcon_core.verb:set package 'my_robot_interfaces' build argument 'cmake_target' from command line to 'None'
[0.910s] Level 5:colcon.colcon_core.verb:set package 'my_robot_interfaces' build argument 'cmake_target_skip_unavailable' from command line to 'False'
[0.910s] Level 5:colcon.colcon_core.verb:set package 'my_robot_interfaces' build argument 'cmake_clean_cache' from command line to 'False'
[0.910s] Level 5:colcon.colcon_core.verb:set package 'my_robot_interfaces' build argument 'cmake_clean_first' from command line to 'False'
[0.910s] Level 5:colcon.colcon_core.verb:set package 'my_robot_interfaces' build argument 'cmake_force_configure' from command line to 'False'
[0.910s] Level 5:colcon.colcon_core.verb:set package 'my_robot_interfaces' build argument 'ament_cmake_args' from command line to 'None'
[0.910s] Level 5:colcon.colcon_core.verb:set package 'my_robot_interfaces' build argument 'catkin_cmake_args' from command line to 'None'
[0.910s] Level 5:colcon.colcon_core.verb:set package 'my_robot_interfaces' build argument 'catkin_skip_building_tests' from command line to 'False'
[0.910s] DEBUG:colcon.colcon_core.verb:Building package 'my_robot_interfaces' with the following arguments: {'ament_cmake_args': None, 'build_base': '/home/gari/Documents/ROS2/turtle_sim_project/build/my_robot_interfaces', 'catkin_cmake_args': None, 'catkin_skip_building_tests': False, 'cmake_args': None, 'cmake_clean_cache': False, 'cmake_clean_first': False, 'cmake_force_configure': False, 'cmake_target': None, 'cmake_target_skip_unavailable': False, 'install_base': '/home/gari/Documents/ROS2/turtle_sim_project/install/my_robot_interfaces', 'merge_install': False, 'path': '/home/gari/Documents/ROS2/turtle_sim_project/src/my_robot_interfaces', 'symlink_install': True, 'test_result_base': None}
[0.911s] Level 5:colcon.colcon_core.verb:set package 'catch_turtle_sim' build argument 'cmake_args' from command line to 'None'
[0.911s] Level 5:colcon.colcon_core.verb:set package 'catch_turtle_sim' build argument 'cmake_target' from command line to 'None'
[0.911s] Level 5:colcon.colcon_core.verb:set package 'catch_turtle_sim' build argument 'cmake_target_skip_unavailable' from command line to 'False'
[0.911s] Level 5:colcon.colcon_core.verb:set package 'catch_turtle_sim' build argument 'cmake_clean_cache' from command line to 'False'
[0.911s] Level 5:colcon.colcon_core.verb:set package 'catch_turtle_sim' build argument 'cmake_clean_first' from command line to 'False'
[0.911s] Level 5:colcon.colcon_core.verb:set package 'catch_turtle_sim' build argument 'cmake_force_configure' from command line to 'False'
[0.911s] Level 5:colcon.colcon_core.verb:set package 'catch_turtle_sim' build argument 'ament_cmake_args' from command line to 'None'
[0.911s] Level 5:colcon.colcon_core.verb:set package 'catch_turtle_sim' build argument 'catkin_cmake_args' from command line to 'None'
[0.911s] Level 5:colcon.colcon_core.verb:set package 'catch_turtle_sim' build argument 'catkin_skip_building_tests' from command line to 'False'
[0.911s] DEBUG:colcon.colcon_core.verb:Building package 'catch_turtle_sim' with the following arguments: {'ament_cmake_args': None, 'build_base': '/home/gari/Documents/ROS2/turtle_sim_project/build/catch_turtle_sim', 'catkin_cmake_args': None, 'catkin_skip_building_tests': False, 'cmake_args': None, 'cmake_clean_cache': False, 'cmake_clean_first': False, 'cmake_force_configure': False, 'cmake_target': None, 'cmake_target_skip_unavailable': False, 'install_base': '/home/gari/Documents/ROS2/turtle_sim_project/install/catch_turtle_sim', 'merge_install': False, 'path': '/home/gari/Documents/ROS2/turtle_sim_project/src/catch_turtle_sim', 'symlink_install': True, 'test_result_base': None}
[0.912s] Level 5:colcon.colcon_core.verb:set package 'my_robot_bringup' build argument 'cmake_args' from command line to 'None'
[0.912s] Level 5:colcon.colcon_core.verb:set package 'my_robot_bringup' build argument 'cmake_target' from command line to 'None'
[0.912s] Level 5:colcon.colcon_core.verb:set package 'my_robot_bringup' build argument 'cmake_target_skip_unavailable' from command line to 'False'
[0.912s] Level 5:colcon.colcon_core.verb:set package 'my_robot_bringup' build argument 'cmake_clean_cache' from command line to 'False'
[0.912s] Level 5:colcon.colcon_core.verb:set package 'my_robot_bringup' build argument 'cmake_clean_first' from command line to 'False'
[0.912s] Level 5:colcon.colcon_core.verb:set package 'my_robot_bringup' build argument 'cmake_force_configure' from command line to 'False'
[0.912s] Level 5:colcon.colcon_core.verb:set package 'my_robot_bringup' build argument 'ament_cmake_args' from command line to 'None'
[0.912s] Level 5:colcon.colcon_core.verb:set package 'my_robot_bringup' build argument 'catkin_cmake_args' from command line to 'None'
[0.912s] Level 5:colcon.colcon_core.verb:set package 'my_robot_bringup' build argument 'catkin_skip_building_tests' from command line to 'False'
[0.912s] DEBUG:colcon.colcon_core.verb:Building package 'my_robot_bringup' with the following arguments: {'ament_cmake_args': None, 'build_base': '/home/gari/Documents/ROS2/turtle_sim_project/build/my_robot_bringup', 'catkin_cmake_args': None, 'catkin_skip_building_tests': False, 'cmake_args': None, 'cmake_clean_cache': False, 'cmake_clean_first': False, 'cmake_force_configure': False, 'cmake_target': None, 'cmake_target_skip_unavailable': False, 'install_base': '/home/gari/Documents/ROS2/turtle_sim_project/install/my_robot_bringup', 'merge_install': False, 'path': '/home/gari/Documents/ROS2/turtle_sim_project/src/my_robot_bringup', 'symlink_install': True, 'test_result_base': None}
[0.912s] INFO:colcon.colcon_core.executor:Executing jobs using 'parallel' executor
[0.913s] DEBUG:colcon.colcon_parallel_executor.executor.parallel:run_until_complete
[0.914s] INFO:colcon.colcon_ros.task.ament_cmake.build:Building ROS package in '/home/gari/Documents/ROS2/turtle_sim_project/src/my_robot_interfaces' with build type 'ament_cmake'
[0.914s] INFO:colcon.colcon_cmake.task.cmake.build:Building CMake package in '/home/gari/Documents/ROS2/turtle_sim_project/src/my_robot_interfaces'
[0.916s] INFO:colcon.colcon_core.plugin_system:Skipping extension 'colcon_core.shell.bat': Not used on non-Windows systems
[0.916s] INFO:colcon.colcon_core.shell:Skip shell extension 'powershell' for command environment: Not usable outside of PowerShell
[0.916s] DEBUG:colcon.colcon_core.shell:Skip shell extension 'dsv' for command environment
[0.956s] DEBUG:colcon.colcon_core.event_handler.log_command:Invoking command in '/home/gari/Documents/ROS2/turtle_sim_project/build/my_robot_interfaces': CMAKE_PREFIX_PATH=${CMAKE_PREFIX_PATH}:/home/gari/Documents/ROS2/turtle_sim_project/install/catch_turtle_sim:/opt/ros/humble /usr/bin/cmake --build /home/gari/Documents/ROS2/turtle_sim_project/build/my_robot_interfaces -- -j12 -l12
[1.478s] DEBUG:colcon.colcon_core.event_handler.log_command:Invoked command in '/home/gari/Documents/ROS2/turtle_sim_project/build/my_robot_interfaces' returned '0': CMAKE_PREFIX_PATH=${CMAKE_PREFIX_PATH}:/home/gari/Documents/ROS2/turtle_sim_project/install/catch_turtle_sim:/opt/ros/humble /usr/bin/cmake --build /home/gari/Documents/ROS2/turtle_sim_project/build/my_robot_interfaces -- -j12 -l12
[1.489s] DEBUG:colcon.colcon_core.event_handler.log_command:Invoking command in '/home/gari/Documents/ROS2/turtle_sim_project/build/my_robot_interfaces': CMAKE_PREFIX_PATH=${CMAKE_PREFIX_PATH}:/home/gari/Documents/ROS2/turtle_sim_project/install/catch_turtle_sim:/opt/ros/humble /usr/bin/cmake --install /home/gari/Documents/ROS2/turtle_sim_project/build/my_robot_interfaces
[1.577s] Level 1:colcon.colcon_core.environment:create_environment_scripts_only(my_robot_interfaces)
[1.578s] DEBUG:colcon.colcon_core.event_handler.log_command:Invoked command in '/home/gari/Documents/ROS2/turtle_sim_project/build/my_robot_interfaces' returned '0': CMAKE_PREFIX_PATH=${CMAKE_PREFIX_PATH}:/home/gari/Documents/ROS2/turtle_sim_project/install/catch_turtle_sim:/opt/ros/humble /usr/bin/cmake --install /home/gari/Documents/ROS2/turtle_sim_project/build/my_robot_interfaces
[1.580s] Level 1:colcon.colcon_core.environment:checking '/home/gari/Documents/ROS2/turtle_sim_project/install/my_robot_interfaces' for CMake module files
[1.581s] Level 1:colcon.colcon_core.environment:checking '/home/gari/Documents/ROS2/turtle_sim_project/install/my_robot_interfaces' for CMake config files
[1.582s] Level 1:colcon.colcon_core.shell:create_environment_hook('my_robot_interfaces', 'cmake_prefix_path')
[1.582s] INFO:colcon.colcon_core.shell:Creating environment hook '/home/gari/Documents/ROS2/turtle_sim_project/install/my_robot_interfaces/share/my_robot_interfaces/hook/cmake_prefix_path.ps1'
[1.583s] INFO:colcon.colcon_core.shell:Creating environment descriptor '/home/gari/Documents/ROS2/turtle_sim_project/install/my_robot_interfaces/share/my_robot_interfaces/hook/cmake_prefix_path.dsv'
[1.583s] INFO:colcon.colcon_core.shell:Creating environment hook '/home/gari/Documents/ROS2/turtle_sim_project/install/my_robot_interfaces/share/my_robot_interfaces/hook/cmake_prefix_path.sh'
[1.584s] Level 1:colcon.colcon_core.environment:checking '/home/gari/Documents/ROS2/turtle_sim_project/install/my_robot_interfaces/lib'
[1.585s] Level 1:colcon.colcon_core.shell:create_environment_hook('my_robot_interfaces', 'ld_library_path_lib')
[1.585s] INFO:colcon.colcon_core.shell:Creating environment hook '/home/gari/Documents/ROS2/turtle_sim_project/install/my_robot_interfaces/share/my_robot_interfaces/hook/ld_library_path_lib.ps1'
[1.585s] INFO:colcon.colcon_core.shell:Creating environment descriptor '/home/gari/Documents/ROS2/turtle_sim_project/install/my_robot_interfaces/share/my_robot_interfaces/hook/ld_library_path_lib.dsv'
[1.586s] INFO:colcon.colcon_core.shell:Creating environment hook '/home/gari/Documents/ROS2/turtle_sim_project/install/my_robot_interfaces/share/my_robot_interfaces/hook/ld_library_path_lib.sh'
[1.586s] Level 1:colcon.colcon_core.environment:checking '/home/gari/Documents/ROS2/turtle_sim_project/install/my_robot_interfaces/bin'
[1.586s] Level 1:colcon.colcon_core.environment:checking '/home/gari/Documents/ROS2/turtle_sim_project/install/my_robot_interfaces/lib/pkgconfig/my_robot_interfaces.pc'
[1.587s] Level 1:colcon.colcon_core.environment:checking '/home/gari/Documents/ROS2/turtle_sim_project/install/my_robot_interfaces/lib/python3.10/site-packages'
[1.587s] Level 1:colcon.colcon_core.environment:checking '/home/gari/Documents/ROS2/turtle_sim_project/install/my_robot_interfaces/bin'
[1.587s] INFO:colcon.colcon_core.shell:Creating package script '/home/gari/Documents/ROS2/turtle_sim_project/install/my_robot_interfaces/share/my_robot_interfaces/package.ps1'
[1.588s] INFO:colcon.colcon_core.shell:Creating package descriptor '/home/gari/Documents/ROS2/turtle_sim_project/install/my_robot_interfaces/share/my_robot_interfaces/package.dsv'
[1.589s] INFO:colcon.colcon_core.shell:Creating package script '/home/gari/Documents/ROS2/turtle_sim_project/install/my_robot_interfaces/share/my_robot_interfaces/package.sh'
[1.590s] INFO:colcon.colcon_core.shell:Creating package script '/home/gari/Documents/ROS2/turtle_sim_project/install/my_robot_interfaces/share/my_robot_interfaces/package.bash'
[1.591s] INFO:colcon.colcon_core.shell:Creating package script '/home/gari/Documents/ROS2/turtle_sim_project/install/my_robot_interfaces/share/my_robot_interfaces/package.zsh'
[1.592s] Level 1:colcon.colcon_core.environment:create_file_with_runtime_dependencies(/home/gari/Documents/ROS2/turtle_sim_project/install/my_robot_interfaces/share/colcon-core/packages/my_robot_interfaces)
[1.592s] Level 1:colcon.colcon_core.environment:create_environment_scripts_only(my_robot_interfaces)
[1.593s] Level 1:colcon.colcon_core.environment:checking '/home/gari/Documents/ROS2/turtle_sim_project/install/my_robot_interfaces' for CMake module files
[1.594s] Level 1:colcon.colcon_core.environment:checking '/home/gari/Documents/ROS2/turtle_sim_project/install/my_robot_interfaces' for CMake config files
[1.594s] Level 1:colcon.colcon_core.shell:create_environment_hook('my_robot_interfaces', 'cmake_prefix_path')
[1.594s] INFO:colcon.colcon_core.shell:Creating environment hook '/home/gari/Documents/ROS2/turtle_sim_project/install/my_robot_interfaces/share/my_robot_interfaces/hook/cmake_prefix_path.ps1'
[1.690s] INFO:colcon.colcon_core.shell:Creating environment descriptor '/home/gari/Documents/ROS2/turtle_sim_project/install/my_robot_interfaces/share/my_robot_interfaces/hook/cmake_prefix_path.dsv'
[1.691s] INFO:colcon.colcon_core.shell:Creating environment hook '/home/gari/Documents/ROS2/turtle_sim_project/install/my_robot_interfaces/share/my_robot_interfaces/hook/cmake_prefix_path.sh'
[1.692s] Level 1:colcon.colcon_core.environment:checking '/home/gari/Documents/ROS2/turtle_sim_project/install/my_robot_interfaces/lib'
[1.692s] Level 1:colcon.colcon_core.shell:create_environment_hook('my_robot_interfaces', 'ld_library_path_lib')
[1.692s] INFO:colcon.colcon_core.shell:Creating environment hook '/home/gari/Documents/ROS2/turtle_sim_project/install/my_robot_interfaces/share/my_robot_interfaces/hook/ld_library_path_lib.ps1'
[1.693s] INFO:colcon.colcon_core.shell:Creating environment descriptor '/home/gari/Documents/ROS2/turtle_sim_project/install/my_robot_interfaces/share/my_robot_interfaces/hook/ld_library_path_lib.dsv'
[1.693s] INFO:colcon.colcon_core.shell:Creating environment hook '/home/gari/Documents/ROS2/turtle_sim_project/install/my_robot_interfaces/share/my_robot_interfaces/hook/ld_library_path_lib.sh'
[1.694s] Level 1:colcon.colcon_core.environment:checking '/home/gari/Documents/ROS2/turtle_sim_project/install/my_robot_interfaces/bin'
[1.694s] Level 1:colcon.colcon_core.environment:checking '/home/gari/Documents/ROS2/turtle_sim_project/install/my_robot_interfaces/lib/pkgconfig/my_robot_interfaces.pc'
[1.694s] Level 1:colcon.colcon_core.environment:checking '/home/gari/Documents/ROS2/turtle_sim_project/install/my_robot_interfaces/lib/python3.10/site-packages'
[1.694s] Level 1:colcon.colcon_core.environment:checking '/home/gari/Documents/ROS2/turtle_sim_project/install/my_robot_interfaces/bin'
[1.695s] INFO:colcon.colcon_core.shell:Creating package script '/home/gari/Documents/ROS2/turtle_sim_project/install/my_robot_interfaces/share/my_robot_interfaces/package.ps1'
[1.696s] INFO:colcon.colcon_core.shell:Creating package descriptor '/home/gari/Documents/ROS2/turtle_sim_project/install/my_robot_interfaces/share/my_robot_interfaces/package.dsv'
[1.696s] INFO:colcon.colcon_core.shell:Creating package script '/home/gari/Documents/ROS2/turtle_sim_project/install/my_robot_interfaces/share/my_robot_interfaces/package.sh'
[1.697s] INFO:colcon.colcon_core.shell:Creating package script '/home/gari/Documents/ROS2/turtle_sim_project/install/my_robot_interfaces/share/my_robot_interfaces/package.bash'
[1.697s] INFO:colcon.colcon_core.shell:Creating package script '/home/gari/Documents/ROS2/turtle_sim_project/install/my_robot_interfaces/share/my_robot_interfaces/package.zsh'
[1.698s] Level 1:colcon.colcon_core.environment:create_file_with_runtime_dependencies(/home/gari/Documents/ROS2/turtle_sim_project/install/my_robot_interfaces/share/colcon-core/packages/my_robot_interfaces)
[1.698s] INFO:colcon.colcon_ros.task.ament_python.build:Building ROS package in '/home/gari/Documents/ROS2/turtle_sim_project/src/catch_turtle_sim' with build type 'ament_python'
[1.698s] Level 1:colcon.colcon_core.shell:create_environment_hook('catch_turtle_sim', 'ament_prefix_path')
[1.699s] INFO:colcon.colcon_core.shell:Creating environment hook '/home/gari/Documents/ROS2/turtle_sim_project/install/catch_turtle_sim/share/catch_turtle_sim/hook/ament_prefix_path.ps1'
[1.700s] INFO:colcon.colcon_core.shell:Creating environment descriptor '/home/gari/Documents/ROS2/turtle_sim_project/install/catch_turtle_sim/share/catch_turtle_sim/hook/ament_prefix_path.dsv'
[1.700s] INFO:colcon.colcon_core.shell:Creating environment hook '/home/gari/Documents/ROS2/turtle_sim_project/install/catch_turtle_sim/share/catch_turtle_sim/hook/ament_prefix_path.sh'
[1.701s] INFO:colcon.colcon_core.shell:Skip shell extension 'powershell' for command environment: Not usable outside of PowerShell
[1.701s] DEBUG:colcon.colcon_core.shell:Skip shell extension 'dsv' for command environment
[2.008s] INFO:colcon.colcon_core.task.python.build:Building Python package in '/home/gari/Documents/ROS2/turtle_sim_project/src/catch_turtle_sim'
[2.008s] INFO:colcon.colcon_core.shell:Skip shell extension 'powershell' for command environment: Not usable outside of PowerShell
[2.008s] DEBUG:colcon.colcon_core.shell:Skip shell extension 'dsv' for command environment
[2.504s] DEBUG:colcon.colcon_core.event_handler.log_command:Invoking command in '/home/gari/Documents/ROS2/turtle_sim_project/build/catch_turtle_sim': CMAKE_PREFIX_PATH=/home/gari/Documents/ROS2/turtle_sim_project/install/my_robot_interfaces:/home/gari/Documents/ROS2/turtle_sim_project/install/my_robot_bringup PYTHONPATH=/home/gari/Documents/ROS2/turtle_sim_project/build/catch_turtle_sim/prefix_override:/usr/lib/python3/dist-packages/colcon_core/task/python/colcon_distutils_commands:/home/gari/Documents/ROS2/turtle_sim_project/install/catch_turtle_sim/lib/python3.10/site-packages:${PYTHONPATH} /usr/bin/python3 -W ignore:setup.py install is deprecated -W ignore:easy_install command is deprecated setup.py develop --editable --build-directory /home/gari/Documents/ROS2/turtle_sim_project/build/catch_turtle_sim/build --no-deps symlink_data
[3.074s] Level 1:colcon.colcon_core.shell:create_environment_hook('catch_turtle_sim', 'pythonpath_develop')
[3.075s] DEBUG:colcon.colcon_core.event_handler.log_command:Invoked command in '/home/gari/Documents/ROS2/turtle_sim_project/build/catch_turtle_sim' returned '0': CMAKE_PREFIX_PATH=/home/gari/Documents/ROS2/turtle_sim_project/install/my_robot_interfaces:/home/gari/Documents/ROS2/turtle_sim_project/install/my_robot_bringup PYTHONPATH=/home/gari/Documents/ROS2/turtle_sim_project/build/catch_turtle_sim/prefix_override:/usr/lib/python3/dist-packages/colcon_core/task/python/colcon_distutils_commands:/home/gari/Documents/ROS2/turtle_sim_project/install/catch_turtle_sim/lib/python3.10/site-packages:${PYTHONPATH} /usr/bin/python3 -W ignore:setup.py install is deprecated -W ignore:easy_install command is deprecated setup.py develop --editable --build-directory /home/gari/Documents/ROS2/turtle_sim_project/build/catch_turtle_sim/build --no-deps symlink_data
[3.075s] INFO:colcon.colcon_core.shell:Creating environment hook '/home/gari/Documents/ROS2/turtle_sim_project/build/catch_turtle_sim/share/catch_turtle_sim/hook/pythonpath_develop.ps1'
[3.076s] INFO:colcon.colcon_core.shell:Creating environment descriptor '/home/gari/Documents/ROS2/turtle_sim_project/build/catch_turtle_sim/share/catch_turtle_sim/hook/pythonpath_develop.dsv'
[3.076s] INFO:colcon.colcon_core.shell:Creating environment hook '/home/gari/Documents/ROS2/turtle_sim_project/build/catch_turtle_sim/share/catch_turtle_sim/hook/pythonpath_develop.sh'
[3.077s] Level 1:colcon.colcon_core.environment:checking '/home/gari/Documents/ROS2/turtle_sim_project/install/catch_turtle_sim' for CMake module files
[3.077s] Level 1:colcon.colcon_core.environment:checking '/home/gari/Documents/ROS2/turtle_sim_project/install/catch_turtle_sim' for CMake config files
[3.078s] Level 1:colcon.colcon_core.environment:checking '/home/gari/Documents/ROS2/turtle_sim_project/install/catch_turtle_sim/lib'
[3.078s] Level 1:colcon.colcon_core.environment:checking '/home/gari/Documents/ROS2/turtle_sim_project/install/catch_turtle_sim/bin'
[3.078s] Level 1:colcon.colcon_core.environment:checking '/home/gari/Documents/ROS2/turtle_sim_project/install/catch_turtle_sim/lib/pkgconfig/catch_turtle_sim.pc'
[3.078s] Level 1:colcon.colcon_core.environment:checking '/home/gari/Documents/ROS2/turtle_sim_project/install/catch_turtle_sim/lib/python3.10/site-packages'
[3.078s] Level 1:colcon.colcon_core.shell:create_environment_hook('catch_turtle_sim', 'pythonpath')
[3.078s] INFO:colcon.colcon_core.shell:Creating environment hook '/home/gari/Documents/ROS2/turtle_sim_project/install/catch_turtle_sim/share/catch_turtle_sim/hook/pythonpath.ps1'
[3.079s] INFO:colcon.colcon_core.shell:Creating environment descriptor '/home/gari/Documents/ROS2/turtle_sim_project/install/catch_turtle_sim/share/catch_turtle_sim/hook/pythonpath.dsv'
[3.079s] INFO:colcon.colcon_core.shell:Creating environment hook '/home/gari/Documents/ROS2/turtle_sim_project/install/catch_turtle_sim/share/catch_turtle_sim/hook/pythonpath.sh'
[3.080s] Level 1:colcon.colcon_core.environment:checking '/home/gari/Documents/ROS2/turtle_sim_project/install/catch_turtle_sim/bin'
[3.080s] Level 1:colcon.colcon_core.environment:create_environment_scripts_only(catch_turtle_sim)
[3.081s] INFO:colcon.colcon_core.shell:Creating package script '/home/gari/Documents/ROS2/turtle_sim_project/install/catch_turtle_sim/share/catch_turtle_sim/package.ps1'
[3.081s] INFO:colcon.colcon_core.shell:Creating package descriptor '/home/gari/Documents/ROS2/turtle_sim_project/install/catch_turtle_sim/share/catch_turtle_sim/package.dsv'
[3.082s] INFO:colcon.colcon_core.shell:Creating package script '/home/gari/Documents/ROS2/turtle_sim_project/install/catch_turtle_sim/share/catch_turtle_sim/package.sh'
[3.083s] INFO:colcon.colcon_core.shell:Creating package script '/home/gari/Documents/ROS2/turtle_sim_project/install/catch_turtle_sim/share/catch_turtle_sim/package.bash'
[3.083s] INFO:colcon.colcon_core.shell:Creating package script '/home/gari/Documents/ROS2/turtle_sim_project/install/catch_turtle_sim/share/catch_turtle_sim/package.zsh'
[3.083s] Level 1:colcon.colcon_core.environment:create_file_with_runtime_dependencies(/home/gari/Documents/ROS2/turtle_sim_project/install/catch_turtle_sim/share/colcon-core/packages/catch_turtle_sim)
[3.084s] INFO:colcon.colcon_ros.task.ament_cmake.build:Building ROS package in '/home/gari/Documents/ROS2/turtle_sim_project/src/my_robot_bringup' with build type 'ament_cmake'
[3.084s] INFO:colcon.colcon_cmake.task.cmake.build:Building CMake package in '/home/gari/Documents/ROS2/turtle_sim_project/src/my_robot_bringup'
[3.084s] INFO:colcon.colcon_core.shell:Skip shell extension 'powershell' for command environment: Not usable outside of PowerShell
[3.084s] DEBUG:colcon.colcon_core.shell:Skip shell extension 'dsv' for command environment
[3.123s] DEBUG:colcon.colcon_core.event_handler.log_command:Invoking command in '/home/gari/Documents/ROS2/turtle_sim_project/build/my_robot_bringup': AMENT_PREFIX_PATH=/home/gari/Documents/ROS2/turtle_sim_project/install/catch_turtle_sim:/home/gari/Documents/ROS2/turtle_sim_project/install/my_robot_bringup:/home/gari/Documents/ROS2/turtle_sim_project/install/my_robot_interfaces:/opt/ros/humble CMAKE_PREFIX_PATH=/home/gari/Documents/ROS2/turtle_sim_project/install/my_robot_interfaces:/home/gari/Documents/ROS2/turtle_sim_project/install/my_robot_bringup:/home/gari/Documents/ROS2/turtle_sim_project/install/catch_turtle_sim:/opt/ros/humble /usr/bin/cmake --build /home/gari/Documents/ROS2/turtle_sim_project/build/my_robot_bringup -- -j12 -l12
[3.161s] DEBUG:colcon.colcon_core.event_handler.log_command:Invoked command in '/home/gari/Documents/ROS2/turtle_sim_project/build/my_robot_bringup' returned '0': AMENT_PREFIX_PATH=/home/gari/Documents/ROS2/turtle_sim_project/install/catch_turtle_sim:/home/gari/Documents/ROS2/turtle_sim_project/install/my_robot_bringup:/home/gari/Documents/ROS2/turtle_sim_project/install/my_robot_interfaces:/opt/ros/humble CMAKE_PREFIX_PATH=/home/gari/Documents/ROS2/turtle_sim_project/install/my_robot_interfaces:/home/gari/Documents/ROS2/turtle_sim_project/install/my_robot_bringup:/home/gari/Documents/ROS2/turtle_sim_project/install/catch_turtle_sim:/opt/ros/humble /usr/bin/cmake --build /home/gari/Documents/ROS2/turtle_sim_project/build/my_robot_bringup -- -j12 -l12
[3.163s] DEBUG:colcon.colcon_core.event_handler.log_command:Invoking command in '/home/gari/Documents/ROS2/turtle_sim_project/build/my_robot_bringup': AMENT_PREFIX_PATH=/home/gari/Documents/ROS2/turtle_sim_project/install/catch_turtle_sim:/home/gari/Documents/ROS2/turtle_sim_project/install/my_robot_bringup:/home/gari/Documents/ROS2/turtle_sim_project/install/my_robot_interfaces:/opt/ros/humble CMAKE_PREFIX_PATH=/home/gari/Documents/ROS2/turtle_sim_project/install/my_robot_interfaces:/home/gari/Documents/ROS2/turtle_sim_project/install/my_robot_bringup:/home/gari/Documents/ROS2/turtle_sim_project/install/catch_turtle_sim:/opt/ros/humble /usr/bin/cmake --install /home/gari/Documents/ROS2/turtle_sim_project/build/my_robot_bringup
[3.193s] Level 1:colcon.colcon_core.environment:create_environment_scripts_only(my_robot_bringup)
[3.193s] Level 1:colcon.colcon_core.environment:checking '/home/gari/Documents/ROS2/turtle_sim_project/install/my_robot_bringup' for CMake module files
[3.194s] DEBUG:colcon.colcon_core.event_handler.log_command:Invoked command in '/home/gari/Documents/ROS2/turtle_sim_project/build/my_robot_bringup' returned '0': AMENT_PREFIX_PATH=/home/gari/Documents/ROS2/turtle_sim_project/install/catch_turtle_sim:/home/gari/Documents/ROS2/turtle_sim_project/install/my_robot_bringup:/home/gari/Documents/ROS2/turtle_sim_project/install/my_robot_interfaces:/opt/ros/humble CMAKE_PREFIX_PATH=/home/gari/Documents/ROS2/turtle_sim_project/install/my_robot_interfaces:/home/gari/Documents/ROS2/turtle_sim_project/install/my_robot_bringup:/home/gari/Documents/ROS2/turtle_sim_project/install/catch_turtle_sim:/opt/ros/humble /usr/bin/cmake --install /home/gari/Documents/ROS2/turtle_sim_project/build/my_robot_bringup
[3.194s] Level 1:colcon.colcon_core.environment:checking '/home/gari/Documents/ROS2/turtle_sim_project/install/my_robot_bringup' for CMake config files
[3.195s] Level 1:colcon.colcon_core.shell:create_environment_hook('my_robot_bringup', 'cmake_prefix_path')
[3.195s] INFO:colcon.colcon_core.shell:Creating environment hook '/home/gari/Documents/ROS2/turtle_sim_project/install/my_robot_bringup/share/my_robot_bringup/hook/cmake_prefix_path.ps1'
[3.195s] INFO:colcon.colcon_core.shell:Creating environment descriptor '/home/gari/Documents/ROS2/turtle_sim_project/install/my_robot_bringup/share/my_robot_bringup/hook/cmake_prefix_path.dsv'
[3.196s] INFO:colcon.colcon_core.shell:Creating environment hook '/home/gari/Documents/ROS2/turtle_sim_project/install/my_robot_bringup/share/my_robot_bringup/hook/cmake_prefix_path.sh'
[3.196s] Level 1:colcon.colcon_core.environment:checking '/home/gari/Documents/ROS2/turtle_sim_project/install/my_robot_bringup/bin'
[3.197s] Level 1:colcon.colcon_core.environment:checking '/home/gari/Documents/ROS2/turtle_sim_project/install/my_robot_bringup/lib/pkgconfig/my_robot_bringup.pc'
[3.197s] Level 1:colcon.colcon_core.environment:checking '/home/gari/Documents/ROS2/turtle_sim_project/install/my_robot_bringup/lib/python3.10/site-packages'
[3.197s] Level 1:colcon.colcon_core.environment:checking '/home/gari/Documents/ROS2/turtle_sim_project/install/my_robot_bringup/bin'
[3.197s] INFO:colcon.colcon_core.shell:Creating package script '/home/gari/Documents/ROS2/turtle_sim_project/install/my_robot_bringup/share/my_robot_bringup/package.ps1'
[3.198s] INFO:colcon.colcon_core.shell:Creating package descriptor '/home/gari/Documents/ROS2/turtle_sim_project/install/my_robot_bringup/share/my_robot_bringup/package.dsv'
[3.198s] INFO:colcon.colcon_core.shell:Creating package script '/home/gari/Documents/ROS2/turtle_sim_project/install/my_robot_bringup/share/my_robot_bringup/package.sh'
[3.199s] INFO:colcon.colcon_core.shell:Creating package script '/home/gari/Documents/ROS2/turtle_sim_project/install/my_robot_bringup/share/my_robot_bringup/package.bash'
[3.199s] INFO:colcon.colcon_core.shell:Creating package script '/home/gari/Documents/ROS2/turtle_sim_project/install/my_robot_bringup/share/my_robot_bringup/package.zsh'
[3.200s] Level 1:colcon.colcon_core.environment:create_file_with_runtime_dependencies(/home/gari/Documents/ROS2/turtle_sim_project/install/my_robot_bringup/share/colcon-core/packages/my_robot_bringup)
[3.200s] Level 1:colcon.colcon_core.environment:create_environment_scripts_only(my_robot_bringup)
[3.201s] Level 1:colcon.colcon_core.environment:checking '/home/gari/Documents/ROS2/turtle_sim_project/install/my_robot_bringup' for CMake module files
[3.201s] Level 1:colcon.colcon_core.environment:checking '/home/gari/Documents/ROS2/turtle_sim_project/install/my_robot_bringup' for CMake config files
[3.202s] Level 1:colcon.colcon_core.shell:create_environment_hook('my_robot_bringup', 'cmake_prefix_path')
[3.202s] INFO:colcon.colcon_core.shell:Creating environment hook '/home/gari/Documents/ROS2/turtle_sim_project/install/my_robot_bringup/share/my_robot_bringup/hook/cmake_prefix_path.ps1'
[3.206s] INFO:colcon.colcon_core.shell:Creating environment descriptor '/home/gari/Documents/ROS2/turtle_sim_project/install/my_robot_bringup/share/my_robot_bringup/hook/cmake_prefix_path.dsv'
[3.206s] INFO:colcon.colcon_core.shell:Creating environment hook '/home/gari/Documents/ROS2/turtle_sim_project/install/my_robot_bringup/share/my_robot_bringup/hook/cmake_prefix_path.sh'
[3.207s] Level 1:colcon.colcon_core.environment:checking '/home/gari/Documents/ROS2/turtle_sim_project/install/my_robot_bringup/bin'
[3.207s] Level 1:colcon.colcon_core.environment:checking '/home/gari/Documents/ROS2/turtle_sim_project/install/my_robot_bringup/lib/pkgconfig/my_robot_bringup.pc'
[3.207s] Level 1:colcon.colcon_core.environment:checking '/home/gari/Documents/ROS2/turtle_sim_project/install/my_robot_bringup/lib/python3.10/site-packages'
[3.207s] Level 1:colcon.colcon_core.environment:checking '/home/gari/Documents/ROS2/turtle_sim_project/install/my_robot_bringup/bin'
[3.208s] INFO:colcon.colcon_core.shell:Creating package script '/home/gari/Documents/ROS2/turtle_sim_project/install/my_robot_bringup/share/my_robot_bringup/package.ps1'
[3.208s] INFO:colcon.colcon_core.shell:Creating package descriptor '/home/gari/Documents/ROS2/turtle_sim_project/install/my_robot_bringup/share/my_robot_bringup/package.dsv'
[3.209s] INFO:colcon.colcon_core.shell:Creating package script '/home/gari/Documents/ROS2/turtle_sim_project/install/my_robot_bringup/share/my_robot_bringup/package.sh'
[3.209s] INFO:colcon.colcon_core.shell:Creating package script '/home/gari/Documents/ROS2/turtle_sim_project/install/my_robot_bringup/share/my_robot_bringup/package.bash'
[3.210s] INFO:colcon.colcon_core.shell:Creating package script '/home/gari/Documents/ROS2/turtle_sim_project/install/my_robot_bringup/share/my_robot_bringup/package.zsh'
[3.210s] Level 1:colcon.colcon_core.environment:create_file_with_runtime_dependencies(/home/gari/Documents/ROS2/turtle_sim_project/install/my_robot_bringup/share/colcon-core/packages/my_robot_bringup)
[3.211s] DEBUG:colcon.colcon_parallel_executor.executor.parallel:closing loop
[3.211s] DEBUG:colcon.colcon_parallel_executor.executor.parallel:loop closed
[3.211s] DEBUG:colcon.colcon_parallel_executor.executor.parallel:run_until_complete finished with '0'
[3.211s] DEBUG:colcon.colcon_core.event_reactor:joining thread
[3.217s] INFO:colcon.colcon_core.plugin_system:Skipping extension 'colcon_notification.desktop_notification.terminal_notifier': Not used on non-Darwin systems
[3.217s] INFO:colcon.colcon_core.plugin_system:Skipping extension 'colcon_notification.desktop_notification.win32': Not used on non-Windows systems
[3.217s] INFO:colcon.colcon_notification.desktop_notification:Sending desktop notification using 'notify2'
[3.229s] DEBUG:colcon.colcon_core.event_reactor:joined thread
[3.230s] INFO:colcon.colcon_core.shell:Creating prefix script '/home/gari/Documents/ROS2/turtle_sim_project/install/local_setup.ps1'
[3.232s] INFO:colcon.colcon_core.shell:Creating prefix util module '/home/gari/Documents/ROS2/turtle_sim_project/install/_local_setup_util_ps1.py'
[3.235s] INFO:colcon.colcon_core.shell:Creating prefix chain script '/home/gari/Documents/ROS2/turtle_sim_project/install/setup.ps1'
[3.237s] INFO:colcon.colcon_core.shell:Creating prefix script '/home/gari/Documents/ROS2/turtle_sim_project/install/local_setup.sh'
[3.238s] INFO:colcon.colcon_core.shell:Creating prefix util module '/home/gari/Documents/ROS2/turtle_sim_project/install/_local_setup_util_sh.py'
[3.239s] INFO:colcon.colcon_core.shell:Creating prefix chain script '/home/gari/Documents/ROS2/turtle_sim_project/install/setup.sh'
[3.241s] INFO:colcon.colcon_core.shell:Creating prefix script '/home/gari/Documents/ROS2/turtle_sim_project/install/local_setup.bash'
[3.242s] INFO:colcon.colcon_core.shell:Creating prefix chain script '/home/gari/Documents/ROS2/turtle_sim_project/install/setup.bash'
[3.243s] INFO:colcon.colcon_core.shell:Creating prefix script '/home/gari/Documents/ROS2/turtle_sim_project/install/local_setup.zsh'
[3.244s] INFO:colcon.colcon_core.shell:Creating prefix chain script '/home/gari/Documents/ROS2/turtle_sim_project/install/setup.zsh'
