[0.136s] DEBUG:colcon:Command line arguments: ['/usr/bin/colcon', 'build', '--symlink-install']
[0.136s] DEBUG:colcon:Parsed command line arguments: Namespace(log_base=None, log_level=None, verb_name='build', build_base='build', install_base='install', merge_install=False, symlink_install=True, test_result_base=None, continue_on_error=False, executor='parallel', parallel_workers=12, event_handlers=None, ignore_user_meta=False, metas=['./colcon.meta'], base_paths=['.'], packages_ignore=None, packages_ignore_regex=None, paths=None, packages_up_to=None, packages_up_to_regex=None, packages_above=None, packages_above_and_dependencies=None, packages_above_depth=None, packages_select_by_dep=None, packages_skip_by_dep=None, packages_skip_up_to=None, packages_select_build_failed=False, packages_skip_build_finished=False, packages_select_test_failures=False, packages_skip_test_passed=False, packages_select=None, packages_skip=None, packages_select_regex=None, packages_skip_regex=None, packages_start=None, packages_end=None, allow_overriding=[], cmake_args=None, cmake_target=None, cmake_target_skip_unavailable=False, cmake_clean_cache=False, cmake_clean_first=False, cmake_force_configure=False, ament_cmake_args=None, catkin_cmake_args=None, catkin_skip_building_tests=False, verb_parser=<colcon_defaults.argument_parser.defaults.DefaultArgumentsDecorator object at 0x7edbd06b7100>, verb_extension=<colcon_core.verb.build.BuildVerb object at 0x7edbd06b6b60>, main=<bound method BuildVerb.main of <colcon_core.verb.build.BuildVerb object at 0x7edbd06b6b60>>)
[0.345s] Level 1:colcon.colcon_core.package_discovery:discover_packages(colcon_meta) check parameters
[0.345s] Level 1:colcon.colcon_core.package_discovery:discover_packages(recursive) check parameters
[0.345s] Level 1:colcon.colcon_core.package_discovery:discover_packages(ignore) check parameters
[0.345s] Level 1:colcon.colcon_core.package_discovery:discover_packages(path) check parameters
[0.345s] Level 1:colcon.colcon_core.package_discovery:discover_packages(colcon_meta) discover
[0.345s] Level 1:colcon.colcon_core.package_discovery:discover_packages(recursive) discover
[0.345s] INFO:colcon.colcon_core.package_discovery:Crawling recursively for packages in '/home/gari/Documents/ROS2/turtle_sim_project'
[0.345s] Level 1:colcon.colcon_core.package_identification:_identify(.) by extensions ['ignore', 'ignore_ament_install']
[0.346s] Level 1:colcon.colcon_core.package_identification:_identify(.) by extension 'ignore'
[0.346s] Level 1:colcon.colcon_core.package_identification:_identify(.) by extension 'ignore_ament_install'
[0.346s] Level 1:colcon.colcon_core.package_identification:_identify(.) by extensions ['colcon_pkg']
[0.346s] Level 1:colcon.colcon_core.package_identification:_identify(.) by extension 'colcon_pkg'
[0.346s] Level 1:colcon.colcon_core.package_identification:_identify(.) by extensions ['colcon_meta']
[0.346s] Level 1:colcon.colcon_core.package_identification:_identify(.) by extension 'colcon_meta'
[0.346s] Level 1:colcon.colcon_core.package_identification:_identify(.) by extensions ['ros']
[0.346s] Level 1:colcon.colcon_core.package_identification:_identify(.) by extension 'ros'
[0.360s] Level 1:colcon.colcon_core.package_identification:_identify(.) by extensions ['cmake', 'python']
[0.360s] Level 1:colcon.colcon_core.package_identification:_identify(.) by extension 'cmake'
[0.361s] Level 1:colcon.colcon_core.package_identification:_identify(.) by extension 'python'
[0.361s] Level 1:colcon.colcon_core.package_identification:_identify(.) by extensions ['python_setup_py']
[0.361s] Level 1:colcon.colcon_core.package_identification:_identify(.) by extension 'python_setup_py'
[0.361s] Level 1:colcon.colcon_core.package_identification:_identify(build) by extensions ['ignore', 'ignore_ament_install']
[0.361s] Level 1:colcon.colcon_core.package_identification:_identify(build) by extension 'ignore'
[0.361s] Level 1:colcon.colcon_core.package_identification:_identify(build) ignored
[0.361s] Level 1:colcon.colcon_core.package_identification:_identify(install) by extensions ['ignore', 'ignore_ament_install']
[0.361s] Level 1:colcon.colcon_core.package_identification:_identify(install) by extension 'ignore'
[0.361s] Level 1:colcon.colcon_core.package_identification:_identify(install) ignored
[0.362s] Level 1:colcon.colcon_core.package_identification:_identify(log) by extensions ['ignore', 'ignore_ament_install']
[0.362s] Level 1:colcon.colcon_core.package_identification:_identify(log) by extension 'ignore'
[0.362s] Level 1:colcon.colcon_core.package_identification:_identify(log) ignored
[0.362s] Level 1:colcon.colcon_core.package_identification:_identify(src) by extensions ['ignore', 'ignore_ament_install']
[0.362s] Level 1:colcon.colcon_core.package_identification:_identify(src) by extension 'ignore'
[0.362s] Level 1:colcon.colcon_core.package_identification:_identify(src) by extension 'ignore_ament_install'
[0.362s] Level 1:colcon.colcon_core.package_identification:_identify(src) by extensions ['colcon_pkg']
[0.362s] Level 1:colcon.colcon_core.package_identification:_identify(src) by extension 'colcon_pkg'
[0.362s] Level 1:colcon.colcon_core.package_identification:_identify(src) by extensions ['colcon_meta']
[0.362s] Level 1:colcon.colcon_core.package_identification:_identify(src) by extension 'colcon_meta'
[0.362s] Level 1:colcon.colcon_core.package_identification:_identify(src) by extensions ['ros']
[0.362s] Level 1:colcon.colcon_core.package_identification:_identify(src) by extension 'ros'
[0.363s] Level 1:colcon.colcon_core.package_identification:_identify(src) by extensions ['cmake', 'python']
[0.363s] Level 1:colcon.colcon_core.package_identification:_identify(src) by extension 'cmake'
[0.363s] Level 1:colcon.colcon_core.package_identification:_identify(src) by extension 'python'
[0.363s] Level 1:colcon.colcon_core.package_identification:_identify(src) by extensions ['python_setup_py']
[0.363s] Level 1:colcon.colcon_core.package_identification:_identify(src) by extension 'python_setup_py'
[0.363s] Level 1:colcon.colcon_core.package_identification:_identify(src/build) by extensions ['ignore', 'ignore_ament_install']
[0.363s] Level 1:colcon.colcon_core.package_identification:_identify(src/build) by extension 'ignore'
[0.363s] Level 1:colcon.colcon_core.package_identification:_identify(src/build) ignored
[0.363s] Level 1:colcon.colcon_core.package_identification:_identify(src/catch_turtle_sim) by extensions ['ignore', 'ignore_ament_install']
[0.363s] Level 1:colcon.colcon_core.package_identification:_identify(src/catch_turtle_sim) by extension 'ignore'
[0.363s] Level 1:colcon.colcon_core.package_identification:_identify(src/catch_turtle_sim) by extension 'ignore_ament_install'
[0.363s] Level 1:colcon.colcon_core.package_identification:_identify(src/catch_turtle_sim) by extensions ['colcon_pkg']
[0.364s] Level 1:colcon.colcon_core.package_identification:_identify(src/catch_turtle_sim) by extension 'colcon_pkg'
[0.364s] Level 1:colcon.colcon_core.package_identification:_identify(src/catch_turtle_sim) by extensions ['colcon_meta']
[0.364s] Level 1:colcon.colcon_core.package_identification:_identify(src/catch_turtle_sim) by extension 'colcon_meta'
[0.364s] Level 1:colcon.colcon_core.package_identification:_identify(src/catch_turtle_sim) by extensions ['ros']
[0.364s] Level 1:colcon.colcon_core.package_identification:_identify(src/catch_turtle_sim) by extension 'ros'
[0.368s] DEBUG:colcon.colcon_core.package_identification:Package 'src/catch_turtle_sim' with type 'ros.ament_python' and name 'catch_turtle_sim'
[0.368s] Level 1:colcon.colcon_core.package_identification:_identify(src/install) by extensions ['ignore', 'ignore_ament_install']
[0.368s] Level 1:colcon.colcon_core.package_identification:_identify(src/install) by extension 'ignore'
[0.368s] Level 1:colcon.colcon_core.package_identification:_identify(src/install) ignored
[0.368s] Level 1:colcon.colcon_core.package_identification:_identify(src/log) by extensions ['ignore', 'ignore_ament_install']
[0.369s] Level 1:colcon.colcon_core.package_identification:_identify(src/log) by extension 'ignore'
[0.369s] Level 1:colcon.colcon_core.package_identification:_identify(src/log) ignored
[0.369s] Level 1:colcon.colcon_core.package_identification:_identify(src/my_robot_interfaces) by extensions ['ignore', 'ignore_ament_install']
[0.369s] Level 1:colcon.colcon_core.package_identification:_identify(src/my_robot_interfaces) by extension 'ignore'
[0.369s] Level 1:colcon.colcon_core.package_identification:_identify(src/my_robot_interfaces) by extension 'ignore_ament_install'
[0.369s] Level 1:colcon.colcon_core.package_identification:_identify(src/my_robot_interfaces) by extensions ['colcon_pkg']
[0.369s] Level 1:colcon.colcon_core.package_identification:_identify(src/my_robot_interfaces) by extension 'colcon_pkg'
[0.369s] Level 1:colcon.colcon_core.package_identification:_identify(src/my_robot_interfaces) by extensions ['colcon_meta']
[0.369s] Level 1:colcon.colcon_core.package_identification:_identify(src/my_robot_interfaces) by extension 'colcon_meta'
[0.369s] Level 1:colcon.colcon_core.package_identification:_identify(src/my_robot_interfaces) by extensions ['ros']
[0.369s] Level 1:colcon.colcon_core.package_identification:_identify(src/my_robot_interfaces) by extension 'ros'
[0.370s] DEBUG:colcon.colcon_core.package_identification:Package 'src/my_robot_interfaces' with type 'ros.ament_cmake' and name 'my_robot_interfaces'
[0.370s] Level 1:colcon.colcon_core.package_discovery:discover_packages(recursive) using defaults
[0.370s] Level 1:colcon.colcon_core.package_discovery:discover_packages(ignore) discover
[0.370s] Level 1:colcon.colcon_core.package_discovery:discover_packages(ignore) using defaults
[0.370s] Level 1:colcon.colcon_core.package_discovery:discover_packages(path) discover
[0.370s] Level 1:colcon.colcon_core.package_discovery:discover_packages(path) using defaults
[0.395s] Level 1:colcon.colcon_core.package_discovery:discover_packages(prefix_path) check parameters
[0.395s] Level 1:colcon.colcon_core.package_discovery:discover_packages(prefix_path) discover
[0.398s] DEBUG:colcon.colcon_installed_package_information.package_discovery:Found 271 installed packages in /opt/ros/humble
[0.401s] Level 1:colcon.colcon_core.package_discovery:discover_packages(prefix_path) using defaults
[0.459s] Level 5:colcon.colcon_core.verb:set package 'catch_turtle_sim' build argument 'cmake_args' from command line to 'None'
[0.459s] Level 5:colcon.colcon_core.verb:set package 'catch_turtle_sim' build argument 'cmake_target' from command line to 'None'
[0.459s] Level 5:colcon.colcon_core.verb:set package 'catch_turtle_sim' build argument 'cmake_target_skip_unavailable' from command line to 'False'
[0.460s] Level 5:colcon.colcon_core.verb:set package 'catch_turtle_sim' build argument 'cmake_clean_cache' from command line to 'False'
[0.460s] Level 5:colcon.colcon_core.verb:set package 'catch_turtle_sim' build argument 'cmake_clean_first' from command line to 'False'
[0.460s] Level 5:colcon.colcon_core.verb:set package 'catch_turtle_sim' build argument 'cmake_force_configure' from command line to 'False'
[0.460s] Level 5:colcon.colcon_core.verb:set package 'catch_turtle_sim' build argument 'ament_cmake_args' from command line to 'None'
[0.460s] Level 5:colcon.colcon_core.verb:set package 'catch_turtle_sim' build argument 'catkin_cmake_args' from command line to 'None'
[0.460s] Level 5:colcon.colcon_core.verb:set package 'catch_turtle_sim' build argument 'catkin_skip_building_tests' from command line to 'False'
[0.460s] DEBUG:colcon.colcon_core.verb:Building package 'catch_turtle_sim' with the following arguments: {'ament_cmake_args': None, 'build_base': '/home/gari/Documents/ROS2/turtle_sim_project/build/catch_turtle_sim', 'catkin_cmake_args': None, 'catkin_skip_building_tests': False, 'cmake_args': None, 'cmake_clean_cache': False, 'cmake_clean_first': False, 'cmake_force_configure': False, 'cmake_target': None, 'cmake_target_skip_unavailable': False, 'install_base': '/home/gari/Documents/ROS2/turtle_sim_project/install/catch_turtle_sim', 'merge_install': False, 'path': '/home/gari/Documents/ROS2/turtle_sim_project/src/catch_turtle_sim', 'symlink_install': True, 'test_result_base': None}
[0.460s] Level 5:colcon.colcon_core.verb:set package 'my_robot_interfaces' build argument 'cmake_args' from command line to 'None'
[0.460s] Level 5:colcon.colcon_core.verb:set package 'my_robot_interfaces' build argument 'cmake_target' from command line to 'None'
[0.460s] Level 5:colcon.colcon_core.verb:set package 'my_robot_interfaces' build argument 'cmake_target_skip_unavailable' from command line to 'False'
[0.460s] Level 5:colcon.colcon_core.verb:set package 'my_robot_interfaces' build argument 'cmake_clean_cache' from command line to 'False'
[0.460s] Level 5:colcon.colcon_core.verb:set package 'my_robot_interfaces' build argument 'cmake_clean_first' from command line to 'False'
[0.460s] Level 5:colcon.colcon_core.verb:set package 'my_robot_interfaces' build argument 'cmake_force_configure' from command line to 'False'
[0.460s] Level 5:colcon.colcon_core.verb:set package 'my_robot_interfaces' build argument 'ament_cmake_args' from command line to 'None'
[0.460s] Level 5:colcon.colcon_core.verb:set package 'my_robot_interfaces' build argument 'catkin_cmake_args' from command line to 'None'
[0.461s] Level 5:colcon.colcon_core.verb:set package 'my_robot_interfaces' build argument 'catkin_skip_building_tests' from command line to 'False'
[0.461s] DEBUG:colcon.colcon_core.verb:Building package 'my_robot_interfaces' with the following arguments: {'ament_cmake_args': None, 'build_base': '/home/gari/Documents/ROS2/turtle_sim_project/build/my_robot_interfaces', 'catkin_cmake_args': None, 'catkin_skip_building_tests': False, 'cmake_args': None, 'cmake_clean_cache': False, 'cmake_clean_first': False, 'cmake_force_configure': False, 'cmake_target': None, 'cmake_target_skip_unavailable': False, 'install_base': '/home/gari/Documents/ROS2/turtle_sim_project/install/my_robot_interfaces', 'merge_install': False, 'path': '/home/gari/Documents/ROS2/turtle_sim_project/src/my_robot_interfaces', 'symlink_install': True, 'test_result_base': None}
[0.461s] INFO:colcon.colcon_core.executor:Executing jobs using 'parallel' executor
[0.462s] DEBUG:colcon.colcon_parallel_executor.executor.parallel:run_until_complete
[0.462s] INFO:colcon.colcon_ros.task.ament_python.build:Building ROS package in '/home/gari/Documents/ROS2/turtle_sim_project/src/catch_turtle_sim' with build type 'ament_python'
[0.462s] Level 1:colcon.colcon_core.shell:create_environment_hook('catch_turtle_sim', 'ament_prefix_path')
[0.465s] INFO:colcon.colcon_core.plugin_system:Skipping extension 'colcon_core.shell.bat': Not used on non-Windows systems
[0.465s] INFO:colcon.colcon_core.shell:Creating environment hook '/home/gari/Documents/ROS2/turtle_sim_project/install/catch_turtle_sim/share/catch_turtle_sim/hook/ament_prefix_path.ps1'
[0.466s] INFO:colcon.colcon_core.shell:Creating environment descriptor '/home/gari/Documents/ROS2/turtle_sim_project/install/catch_turtle_sim/share/catch_turtle_sim/hook/ament_prefix_path.dsv'
[0.467s] INFO:colcon.colcon_core.shell:Creating environment hook '/home/gari/Documents/ROS2/turtle_sim_project/install/catch_turtle_sim/share/catch_turtle_sim/hook/ament_prefix_path.sh'
[0.468s] INFO:colcon.colcon_core.shell:Skip shell extension 'powershell' for command environment: Not usable outside of PowerShell
[0.468s] DEBUG:colcon.colcon_core.shell:Skip shell extension 'dsv' for command environment
[0.471s] INFO:colcon.colcon_ros.task.ament_cmake.build:Building ROS package in '/home/gari/Documents/ROS2/turtle_sim_project/src/my_robot_interfaces' with build type 'ament_cmake'
[0.471s] INFO:colcon.colcon_cmake.task.cmake.build:Building CMake package in '/home/gari/Documents/ROS2/turtle_sim_project/src/my_robot_interfaces'
[0.472s] INFO:colcon.colcon_core.shell:Skip shell extension 'powershell' for command environment: Not usable outside of PowerShell
[0.472s] DEBUG:colcon.colcon_core.shell:Skip shell extension 'dsv' for command environment
[0.788s] INFO:colcon.colcon_core.task.python.build:Building Python package in '/home/gari/Documents/ROS2/turtle_sim_project/src/catch_turtle_sim'
[0.788s] INFO:colcon.colcon_core.shell:Skip shell extension 'powershell' for command environment: Not usable outside of PowerShell
[0.788s] DEBUG:colcon.colcon_core.shell:Skip shell extension 'dsv' for command environment
[0.818s] DEBUG:colcon.colcon_core.event_handler.log_command:Invoking command in '/home/gari/Documents/ROS2/turtle_sim_project/build/my_robot_interfaces': CMAKE_PREFIX_PATH=/opt/ros/humble /usr/bin/cmake --build /home/gari/Documents/ROS2/turtle_sim_project/build/my_robot_interfaces -- -j12 -l12
[1.243s] DEBUG:colcon.colcon_core.event_handler.log_command:Invoking command in '/home/gari/Documents/ROS2/turtle_sim_project/build/catch_turtle_sim': PYTHONPATH=/home/gari/Documents/ROS2/turtle_sim_project/build/catch_turtle_sim/prefix_override:/usr/lib/python3/dist-packages/colcon_core/task/python/colcon_distutils_commands:/home/gari/Documents/ROS2/turtle_sim_project/install/catch_turtle_sim/lib/python3.10/site-packages:${PYTHONPATH} /usr/bin/python3 -W ignore:setup.py install is deprecated -W ignore:easy_install command is deprecated setup.py develop --editable --build-directory /home/gari/Documents/ROS2/turtle_sim_project/build/catch_turtle_sim/build --no-deps symlink_data
[1.269s] DEBUG:colcon.colcon_core.event_handler.log_command:Invoked command in '/home/gari/Documents/ROS2/turtle_sim_project/build/my_robot_interfaces' returned '0': CMAKE_PREFIX_PATH=/opt/ros/humble /usr/bin/cmake --build /home/gari/Documents/ROS2/turtle_sim_project/build/my_robot_interfaces -- -j12 -l12
[1.281s] DEBUG:colcon.colcon_core.event_handler.log_command:Invoking command in '/home/gari/Documents/ROS2/turtle_sim_project/build/my_robot_interfaces': CMAKE_PREFIX_PATH=/opt/ros/humble /usr/bin/cmake --install /home/gari/Documents/ROS2/turtle_sim_project/build/my_robot_interfaces
[1.384s] Level 1:colcon.colcon_core.environment:create_environment_scripts_only(my_robot_interfaces)
[1.385s] DEBUG:colcon.colcon_core.event_handler.log_command:Invoked command in '/home/gari/Documents/ROS2/turtle_sim_project/build/my_robot_interfaces' returned '0': CMAKE_PREFIX_PATH=/opt/ros/humble /usr/bin/cmake --install /home/gari/Documents/ROS2/turtle_sim_project/build/my_robot_interfaces
[1.388s] Level 1:colcon.colcon_core.environment:checking '/home/gari/Documents/ROS2/turtle_sim_project/install/my_robot_interfaces' for CMake module files
[1.389s] Level 1:colcon.colcon_core.environment:checking '/home/gari/Documents/ROS2/turtle_sim_project/install/my_robot_interfaces' for CMake config files
[1.390s] Level 1:colcon.colcon_core.shell:create_environment_hook('my_robot_interfaces', 'cmake_prefix_path')
[1.391s] INFO:colcon.colcon_core.shell:Creating environment hook '/home/gari/Documents/ROS2/turtle_sim_project/install/my_robot_interfaces/share/my_robot_interfaces/hook/cmake_prefix_path.ps1'
[1.391s] INFO:colcon.colcon_core.shell:Creating environment descriptor '/home/gari/Documents/ROS2/turtle_sim_project/install/my_robot_interfaces/share/my_robot_interfaces/hook/cmake_prefix_path.dsv'
[1.392s] INFO:colcon.colcon_core.shell:Creating environment hook '/home/gari/Documents/ROS2/turtle_sim_project/install/my_robot_interfaces/share/my_robot_interfaces/hook/cmake_prefix_path.sh'
[1.393s] Level 1:colcon.colcon_core.environment:checking '/home/gari/Documents/ROS2/turtle_sim_project/install/my_robot_interfaces/lib'
[1.393s] Level 1:colcon.colcon_core.shell:create_environment_hook('my_robot_interfaces', 'ld_library_path_lib')
[1.393s] INFO:colcon.colcon_core.shell:Creating environment hook '/home/gari/Documents/ROS2/turtle_sim_project/install/my_robot_interfaces/share/my_robot_interfaces/hook/ld_library_path_lib.ps1'
[1.394s] INFO:colcon.colcon_core.shell:Creating environment descriptor '/home/gari/Documents/ROS2/turtle_sim_project/install/my_robot_interfaces/share/my_robot_interfaces/hook/ld_library_path_lib.dsv'
[1.394s] INFO:colcon.colcon_core.shell:Creating environment hook '/home/gari/Documents/ROS2/turtle_sim_project/install/my_robot_interfaces/share/my_robot_interfaces/hook/ld_library_path_lib.sh'
[1.395s] Level 1:colcon.colcon_core.environment:checking '/home/gari/Documents/ROS2/turtle_sim_project/install/my_robot_interfaces/bin'
[1.395s] Level 1:colcon.colcon_core.environment:checking '/home/gari/Documents/ROS2/turtle_sim_project/install/my_robot_interfaces/lib/pkgconfig/my_robot_interfaces.pc'
[1.395s] Level 1:colcon.colcon_core.environment:checking '/home/gari/Documents/ROS2/turtle_sim_project/install/my_robot_interfaces/lib/python3.10/site-packages'
[1.396s] Level 1:colcon.colcon_core.environment:checking '/home/gari/Documents/ROS2/turtle_sim_project/install/my_robot_interfaces/bin'
[1.397s] INFO:colcon.colcon_core.shell:Creating package script '/home/gari/Documents/ROS2/turtle_sim_project/install/my_robot_interfaces/share/my_robot_interfaces/package.ps1'
[1.399s] INFO:colcon.colcon_core.shell:Creating package descriptor '/home/gari/Documents/ROS2/turtle_sim_project/install/my_robot_interfaces/share/my_robot_interfaces/package.dsv'
[1.399s] INFO:colcon.colcon_core.shell:Creating package script '/home/gari/Documents/ROS2/turtle_sim_project/install/my_robot_interfaces/share/my_robot_interfaces/package.sh'
[1.400s] INFO:colcon.colcon_core.shell:Creating package script '/home/gari/Documents/ROS2/turtle_sim_project/install/my_robot_interfaces/share/my_robot_interfaces/package.bash'
[1.402s] INFO:colcon.colcon_core.shell:Creating package script '/home/gari/Documents/ROS2/turtle_sim_project/install/my_robot_interfaces/share/my_robot_interfaces/package.zsh'
[1.402s] Level 1:colcon.colcon_core.environment:create_file_with_runtime_dependencies(/home/gari/Documents/ROS2/turtle_sim_project/install/my_robot_interfaces/share/colcon-core/packages/my_robot_interfaces)
[1.404s] Level 1:colcon.colcon_core.environment:create_environment_scripts_only(my_robot_interfaces)
[1.404s] Level 1:colcon.colcon_core.environment:checking '/home/gari/Documents/ROS2/turtle_sim_project/install/my_robot_interfaces' for CMake module files
[1.405s] Level 1:colcon.colcon_core.environment:checking '/home/gari/Documents/ROS2/turtle_sim_project/install/my_robot_interfaces' for CMake config files
[1.406s] Level 1:colcon.colcon_core.shell:create_environment_hook('my_robot_interfaces', 'cmake_prefix_path')
[1.406s] INFO:colcon.colcon_core.shell:Creating environment hook '/home/gari/Documents/ROS2/turtle_sim_project/install/my_robot_interfaces/share/my_robot_interfaces/hook/cmake_prefix_path.ps1'
[1.407s] INFO:colcon.colcon_core.shell:Creating environment descriptor '/home/gari/Documents/ROS2/turtle_sim_project/install/my_robot_interfaces/share/my_robot_interfaces/hook/cmake_prefix_path.dsv'
[1.407s] INFO:colcon.colcon_core.shell:Creating environment hook '/home/gari/Documents/ROS2/turtle_sim_project/install/my_robot_interfaces/share/my_robot_interfaces/hook/cmake_prefix_path.sh'
[1.408s] Level 1:colcon.colcon_core.environment:checking '/home/gari/Documents/ROS2/turtle_sim_project/install/my_robot_interfaces/lib'
[1.408s] Level 1:colcon.colcon_core.shell:create_environment_hook('my_robot_interfaces', 'ld_library_path_lib')
[1.408s] INFO:colcon.colcon_core.shell:Creating environment hook '/home/gari/Documents/ROS2/turtle_sim_project/install/my_robot_interfaces/share/my_robot_interfaces/hook/ld_library_path_lib.ps1'
[1.409s] INFO:colcon.colcon_core.shell:Creating environment descriptor '/home/gari/Documents/ROS2/turtle_sim_project/install/my_robot_interfaces/share/my_robot_interfaces/hook/ld_library_path_lib.dsv'
[1.409s] INFO:colcon.colcon_core.shell:Creating environment hook '/home/gari/Documents/ROS2/turtle_sim_project/install/my_robot_interfaces/share/my_robot_interfaces/hook/ld_library_path_lib.sh'
[1.410s] Level 1:colcon.colcon_core.environment:checking '/home/gari/Documents/ROS2/turtle_sim_project/install/my_robot_interfaces/bin'
[1.410s] Level 1:colcon.colcon_core.environment:checking '/home/gari/Documents/ROS2/turtle_sim_project/install/my_robot_interfaces/lib/pkgconfig/my_robot_interfaces.pc'
[1.411s] Level 1:colcon.colcon_core.environment:checking '/home/gari/Documents/ROS2/turtle_sim_project/install/my_robot_interfaces/lib/python3.10/site-packages'
[1.411s] Level 1:colcon.colcon_core.environment:checking '/home/gari/Documents/ROS2/turtle_sim_project/install/my_robot_interfaces/bin'
[1.411s] INFO:colcon.colcon_core.shell:Creating package script '/home/gari/Documents/ROS2/turtle_sim_project/install/my_robot_interfaces/share/my_robot_interfaces/package.ps1'
[1.412s] INFO:colcon.colcon_core.shell:Creating package descriptor '/home/gari/Documents/ROS2/turtle_sim_project/install/my_robot_interfaces/share/my_robot_interfaces/package.dsv'
[1.413s] INFO:colcon.colcon_core.shell:Creating package script '/home/gari/Documents/ROS2/turtle_sim_project/install/my_robot_interfaces/share/my_robot_interfaces/package.sh'
[1.414s] INFO:colcon.colcon_core.shell:Creating package script '/home/gari/Documents/ROS2/turtle_sim_project/install/my_robot_interfaces/share/my_robot_interfaces/package.bash'
[1.414s] INFO:colcon.colcon_core.shell:Creating package script '/home/gari/Documents/ROS2/turtle_sim_project/install/my_robot_interfaces/share/my_robot_interfaces/package.zsh'
[1.415s] Level 1:colcon.colcon_core.environment:create_file_with_runtime_dependencies(/home/gari/Documents/ROS2/turtle_sim_project/install/my_robot_interfaces/share/colcon-core/packages/my_robot_interfaces)
[2.015s] Level 1:colcon.colcon_core.shell:create_environment_hook('catch_turtle_sim', 'pythonpath_develop')
[2.016s] INFO:colcon.colcon_core.shell:Creating environment hook '/home/gari/Documents/ROS2/turtle_sim_project/build/catch_turtle_sim/share/catch_turtle_sim/hook/pythonpath_develop.ps1'
[2.016s] DEBUG:colcon.colcon_core.event_handler.log_command:Invoked command in '/home/gari/Documents/ROS2/turtle_sim_project/build/catch_turtle_sim' returned '0': PYTHONPATH=/home/gari/Documents/ROS2/turtle_sim_project/build/catch_turtle_sim/prefix_override:/usr/lib/python3/dist-packages/colcon_core/task/python/colcon_distutils_commands:/home/gari/Documents/ROS2/turtle_sim_project/install/catch_turtle_sim/lib/python3.10/site-packages:${PYTHONPATH} /usr/bin/python3 -W ignore:setup.py install is deprecated -W ignore:easy_install command is deprecated setup.py develop --editable --build-directory /home/gari/Documents/ROS2/turtle_sim_project/build/catch_turtle_sim/build --no-deps symlink_data
[2.016s] INFO:colcon.colcon_core.shell:Creating environment descriptor '/home/gari/Documents/ROS2/turtle_sim_project/build/catch_turtle_sim/share/catch_turtle_sim/hook/pythonpath_develop.dsv'
[2.017s] INFO:colcon.colcon_core.shell:Creating environment hook '/home/gari/Documents/ROS2/turtle_sim_project/build/catch_turtle_sim/share/catch_turtle_sim/hook/pythonpath_develop.sh'
[2.018s] Level 1:colcon.colcon_core.environment:checking '/home/gari/Documents/ROS2/turtle_sim_project/install/catch_turtle_sim' for CMake module files
[2.018s] Level 1:colcon.colcon_core.environment:checking '/home/gari/Documents/ROS2/turtle_sim_project/install/catch_turtle_sim' for CMake config files
[2.019s] Level 1:colcon.colcon_core.environment:checking '/home/gari/Documents/ROS2/turtle_sim_project/install/catch_turtle_sim/lib'
[2.019s] Level 1:colcon.colcon_core.environment:checking '/home/gari/Documents/ROS2/turtle_sim_project/install/catch_turtle_sim/bin'
[2.019s] Level 1:colcon.colcon_core.environment:checking '/home/gari/Documents/ROS2/turtle_sim_project/install/catch_turtle_sim/lib/pkgconfig/catch_turtle_sim.pc'
[2.019s] Level 1:colcon.colcon_core.environment:checking '/home/gari/Documents/ROS2/turtle_sim_project/install/catch_turtle_sim/lib/python3.10/site-packages'
[2.019s] Level 1:colcon.colcon_core.shell:create_environment_hook('catch_turtle_sim', 'pythonpath')
[2.019s] INFO:colcon.colcon_core.shell:Creating environment hook '/home/gari/Documents/ROS2/turtle_sim_project/install/catch_turtle_sim/share/catch_turtle_sim/hook/pythonpath.ps1'
[2.020s] INFO:colcon.colcon_core.shell:Creating environment descriptor '/home/gari/Documents/ROS2/turtle_sim_project/install/catch_turtle_sim/share/catch_turtle_sim/hook/pythonpath.dsv'
[2.020s] INFO:colcon.colcon_core.shell:Creating environment hook '/home/gari/Documents/ROS2/turtle_sim_project/install/catch_turtle_sim/share/catch_turtle_sim/hook/pythonpath.sh'
[2.021s] Level 1:colcon.colcon_core.environment:checking '/home/gari/Documents/ROS2/turtle_sim_project/install/catch_turtle_sim/bin'
[2.021s] Level 1:colcon.colcon_core.environment:create_environment_scripts_only(catch_turtle_sim)
[2.021s] INFO:colcon.colcon_core.shell:Creating package script '/home/gari/Documents/ROS2/turtle_sim_project/install/catch_turtle_sim/share/catch_turtle_sim/package.ps1'
[2.022s] INFO:colcon.colcon_core.shell:Creating package descriptor '/home/gari/Documents/ROS2/turtle_sim_project/install/catch_turtle_sim/share/catch_turtle_sim/package.dsv'
[2.023s] INFO:colcon.colcon_core.shell:Creating package script '/home/gari/Documents/ROS2/turtle_sim_project/install/catch_turtle_sim/share/catch_turtle_sim/package.sh'
[2.023s] INFO:colcon.colcon_core.shell:Creating package script '/home/gari/Documents/ROS2/turtle_sim_project/install/catch_turtle_sim/share/catch_turtle_sim/package.bash'
[2.024s] INFO:colcon.colcon_core.shell:Creating package script '/home/gari/Documents/ROS2/turtle_sim_project/install/catch_turtle_sim/share/catch_turtle_sim/package.zsh'
[2.024s] Level 1:colcon.colcon_core.environment:create_file_with_runtime_dependencies(/home/gari/Documents/ROS2/turtle_sim_project/install/catch_turtle_sim/share/colcon-core/packages/catch_turtle_sim)
[2.024s] DEBUG:colcon.colcon_parallel_executor.executor.parallel:closing loop
[2.025s] DEBUG:colcon.colcon_parallel_executor.executor.parallel:loop closed
[2.025s] DEBUG:colcon.colcon_parallel_executor.executor.parallel:run_until_complete finished with '0'
[2.025s] DEBUG:colcon.colcon_core.event_reactor:joining thread
[2.031s] INFO:colcon.colcon_core.plugin_system:Skipping extension 'colcon_notification.desktop_notification.terminal_notifier': Not used on non-Darwin systems
[2.031s] INFO:colcon.colcon_core.plugin_system:Skipping extension 'colcon_notification.desktop_notification.win32': Not used on non-Windows systems
[2.031s] INFO:colcon.colcon_notification.desktop_notification:Sending desktop notification using 'notify2'
[2.043s] DEBUG:colcon.colcon_core.event_reactor:joined thread
[2.044s] INFO:colcon.colcon_core.shell:Creating prefix script '/home/gari/Documents/ROS2/turtle_sim_project/install/local_setup.ps1'
[2.045s] INFO:colcon.colcon_core.shell:Creating prefix util module '/home/gari/Documents/ROS2/turtle_sim_project/install/_local_setup_util_ps1.py'
[2.047s] INFO:colcon.colcon_core.shell:Creating prefix chain script '/home/gari/Documents/ROS2/turtle_sim_project/install/setup.ps1'
[2.048s] INFO:colcon.colcon_core.shell:Creating prefix script '/home/gari/Documents/ROS2/turtle_sim_project/install/local_setup.sh'
[2.049s] INFO:colcon.colcon_core.shell:Creating prefix util module '/home/gari/Documents/ROS2/turtle_sim_project/install/_local_setup_util_sh.py'
[2.049s] INFO:colcon.colcon_core.shell:Creating prefix chain script '/home/gari/Documents/ROS2/turtle_sim_project/install/setup.sh'
[2.051s] INFO:colcon.colcon_core.shell:Creating prefix script '/home/gari/Documents/ROS2/turtle_sim_project/install/local_setup.bash'
[2.051s] INFO:colcon.colcon_core.shell:Creating prefix chain script '/home/gari/Documents/ROS2/turtle_sim_project/install/setup.bash'
[2.052s] INFO:colcon.colcon_core.shell:Creating prefix script '/home/gari/Documents/ROS2/turtle_sim_project/install/local_setup.zsh'
[2.053s] INFO:colcon.colcon_core.shell:Creating prefix chain script '/home/gari/Documents/ROS2/turtle_sim_project/install/setup.zsh'
