[0.012s] Invoking command in '/home/gari/Documents/ROS2/turtle_sim_project/build/my_robot_bringup': AMENT_PREFIX_PATH=/home/gari/Documents/ROS2/turtle_sim_project/install/catch_turtle_sim:/home/gari/Documents/ROS2/turtle_sim_project/install/my_robot_bringup:/home/gari/Documents/ROS2/turtle_sim_project/install/my_robot_interfaces:/opt/ros/humble CMAKE_PREFIX_PATH=/home/gari/Documents/ROS2/turtle_sim_project/install/my_robot_interfaces:/home/gari/Documents/ROS2/turtle_sim_project/install/my_robot_bringup:/home/gari/Documents/ROS2/turtle_sim_project/install/catch_turtle_sim:/opt/ros/humble /usr/bin/cmake --build /home/gari/Documents/ROS2/turtle_sim_project/build/my_robot_bringup -- -j12 -l12
[0.083s] Invoked command in '/home/gari/Documents/ROS2/turtle_sim_project/build/my_robot_bringup' returned '0': AMENT_PREFIX_PATH=/home/gari/Documents/ROS2/turtle_sim_project/install/catch_turtle_sim:/home/gari/Documents/ROS2/turtle_sim_project/install/my_robot_bringup:/home/gari/Documents/ROS2/turtle_sim_project/install/my_robot_interfaces:/opt/ros/humble CMAKE_PREFIX_PATH=/home/gari/Documents/ROS2/turtle_sim_project/install/my_robot_interfaces:/home/gari/Documents/ROS2/turtle_sim_project/install/my_robot_bringup:/home/gari/Documents/ROS2/turtle_sim_project/install/catch_turtle_sim:/opt/ros/humble /usr/bin/cmake --build /home/gari/Documents/ROS2/turtle_sim_project/build/my_robot_bringup -- -j12 -l12
[0.085s] Invoking command in '/home/gari/Documents/ROS2/turtle_sim_project/build/my_robot_bringup': AMENT_PREFIX_PATH=/home/gari/Documents/ROS2/turtle_sim_project/install/catch_turtle_sim:/home/gari/Documents/ROS2/turtle_sim_project/install/my_robot_bringup:/home/gari/Documents/ROS2/turtle_sim_project/install/my_robot_interfaces:/opt/ros/humble CMAKE_PREFIX_PATH=/home/gari/Documents/ROS2/turtle_sim_project/install/my_robot_interfaces:/home/gari/Documents/ROS2/turtle_sim_project/install/my_robot_bringup:/home/gari/Documents/ROS2/turtle_sim_project/install/catch_turtle_sim:/opt/ros/humble /usr/bin/cmake --install /home/gari/Documents/ROS2/turtle_sim_project/build/my_robot_bringup
[0.093s] -- Install configuration: ""
[0.093s] -- Execute custom install script
[0.094s] -- Up-to-date symlink: /home/gari/Documents/ROS2/turtle_sim_project/install/my_robot_bringup/share/my_robot_bringup//launch/turtlesim_catch_themall_launch.py
[0.094s] -- Up-to-date symlink: /home/gari/Documents/ROS2/turtle_sim_project/install/my_robot_bringup/share/my_robot_bringup//config/catch_them_all_config.yaml
[0.094s] -- Up-to-date symlink: /home/gari/Documents/ROS2/turtle_sim_project/install/my_robot_bringup/share/ament_index/resource_index/package_run_dependencies/my_robot_bringup
[0.094s] -- Up-to-date symlink: /home/gari/Documents/ROS2/turtle_sim_project/install/my_robot_bringup/share/ament_index/resource_index/parent_prefix_path/my_robot_bringup
[0.094s] -- Up-to-date symlink: /home/gari/Documents/ROS2/turtle_sim_project/install/my_robot_bringup/share/my_robot_bringup/environment/ament_prefix_path.sh
[0.095s] -- Up-to-date symlink: /home/gari/Documents/ROS2/turtle_sim_project/install/my_robot_bringup/share/my_robot_bringup/environment/ament_prefix_path.dsv
[0.095s] -- Up-to-date symlink: /home/gari/Documents/ROS2/turtle_sim_project/install/my_robot_bringup/share/my_robot_bringup/environment/path.sh
[0.095s] -- Up-to-date symlink: /home/gari/Documents/ROS2/turtle_sim_project/install/my_robot_bringup/share/my_robot_bringup/environment/path.dsv
[0.095s] -- Up-to-date symlink: /home/gari/Documents/ROS2/turtle_sim_project/install/my_robot_bringup/share/my_robot_bringup/local_setup.bash
[0.095s] -- Up-to-date symlink: /home/gari/Documents/ROS2/turtle_sim_project/install/my_robot_bringup/share/my_robot_bringup/local_setup.sh
[0.096s] -- Up-to-date symlink: /home/gari/Documents/ROS2/turtle_sim_project/install/my_robot_bringup/share/my_robot_bringup/local_setup.zsh
[0.096s] -- Up-to-date symlink: /home/gari/Documents/ROS2/turtle_sim_project/install/my_robot_bringup/share/my_robot_bringup/local_setup.dsv
[0.096s] -- Symlinking: /home/gari/Documents/ROS2/turtle_sim_project/install/my_robot_bringup/share/my_robot_bringup/package.dsv
[0.105s] -- Up-to-date symlink: /home/gari/Documents/ROS2/turtle_sim_project/install/my_robot_bringup/share/ament_index/resource_index/packages/my_robot_bringup
[0.105s] -- Up-to-date symlink: /home/gari/Documents/ROS2/turtle_sim_project/install/my_robot_bringup/share/my_robot_bringup/cmake/my_robot_bringupConfig.cmake
[0.105s] -- Up-to-date symlink: /home/gari/Documents/ROS2/turtle_sim_project/install/my_robot_bringup/share/my_robot_bringup/cmake/my_robot_bringupConfig-version.cmake
[0.105s] -- Up-to-date symlink: /home/gari/Documents/ROS2/turtle_sim_project/install/my_robot_bringup/share/my_robot_bringup/package.xml
[0.108s] Invoked command in '/home/gari/Documents/ROS2/turtle_sim_project/build/my_robot_bringup' returned '0': AMENT_PREFIX_PATH=/home/gari/Documents/ROS2/turtle_sim_project/install/catch_turtle_sim:/home/gari/Documents/ROS2/turtle_sim_project/install/my_robot_bringup:/home/gari/Documents/ROS2/turtle_sim_project/install/my_robot_interfaces:/opt/ros/humble CMAKE_PREFIX_PATH=/home/gari/Documents/ROS2/turtle_sim_project/install/my_robot_interfaces:/home/gari/Documents/ROS2/turtle_sim_project/install/my_robot_bringup:/home/gari/Documents/ROS2/turtle_sim_project/install/catch_turtle_sim:/opt/ros/humble /usr/bin/cmake --install /home/gari/Documents/ROS2/turtle_sim_project/build/my_robot_bringup
