[0.643s] Invoking command in '/home/gari/Documents/ROS2/ros2_rviz/build/my_robot_description': CMAKE_PREFIX_PATH=${CMAKE_PREFIX_PATH}:/opt/ros/humble /usr/bin/cmake --build /home/gari/Documents/ROS2/ros2_rviz/build/my_robot_description -- -j12 -l12
[0.742s] Invoked command in '/home/gari/Documents/ROS2/ros2_rviz/build/my_robot_description' returned '0': CMAKE_PREFIX_PATH=${CMAKE_PREFIX_PATH}:/opt/ros/humble /usr/bin/cmake --build /home/gari/Documents/ROS2/ros2_rviz/build/my_robot_description -- -j12 -l12
[0.752s] Invoking command in '/home/gari/Documents/ROS2/ros2_rviz/build/my_robot_description': CMAKE_PREFIX_PATH=${CMAKE_PREFIX_PATH}:/opt/ros/humble /usr/bin/cmake --install /home/gari/Documents/ROS2/ros2_rviz/build/my_robot_description
[0.760s] -- Install configuration: ""
[0.760s] -- Execute custom install script
[0.761s] -- Up-to-date symlink: /home/gari/Documents/ROS2/ros2_rviz/install/my_robot_description/share/my_robot_description//urdf/common_properties.xacro
[0.761s] -- Up-to-date symlink: /home/gari/Documents/ROS2/ros2_rviz/install/my_robot_description/share/my_robot_description//urdf/mobile_base.xacro
[0.761s] -- Up-to-date symlink: /home/gari/Documents/ROS2/ros2_rviz/install/my_robot_description/share/my_robot_description//urdf/my_robot.urdf.xacro
[0.762s] -- Up-to-date symlink: /home/gari/Documents/ROS2/ros2_rviz/install/my_robot_description/share/my_robot_description//launch/display_launch.py
[0.762s] -- Up-to-date symlink: /home/gari/Documents/ROS2/ros2_rviz/install/my_robot_description/share/my_robot_description//launch/display_launch.xml
[0.762s] -- Up-to-date symlink: /home/gari/Documents/ROS2/ros2_rviz/install/my_robot_description/share/my_robot_description//launch/display_launch_gzebo.py
[0.762s] -- Up-to-date symlink: /home/gari/Documents/ROS2/ros2_rviz/install/my_robot_description/share/my_robot_description//launch/display_launch_gzebo.xml
[0.763s] -- Up-to-date symlink: /home/gari/Documents/ROS2/ros2_rviz/install/my_robot_description/share/ament_index/resource_index/package_run_dependencies/my_robot_description
[0.763s] -- Up-to-date symlink: /home/gari/Documents/ROS2/ros2_rviz/install/my_robot_description/share/ament_index/resource_index/parent_prefix_path/my_robot_description
[0.763s] -- Up-to-date symlink: /home/gari/Documents/ROS2/ros2_rviz/install/my_robot_description/share/my_robot_description/environment/ament_prefix_path.sh
[0.764s] -- Up-to-date symlink: /home/gari/Documents/ROS2/ros2_rviz/install/my_robot_description/share/my_robot_description/environment/ament_prefix_path.dsv
[0.764s] -- Up-to-date symlink: /home/gari/Documents/ROS2/ros2_rviz/install/my_robot_description/share/my_robot_description/environment/path.sh
[0.764s] -- Up-to-date symlink: /home/gari/Documents/ROS2/ros2_rviz/install/my_robot_description/share/my_robot_description/environment/path.dsv
[0.765s] -- Up-to-date symlink: /home/gari/Documents/ROS2/ros2_rviz/install/my_robot_description/share/my_robot_description/local_setup.bash
[0.765s] -- Up-to-date symlink: /home/gari/Documents/ROS2/ros2_rviz/install/my_robot_description/share/my_robot_description/local_setup.sh
[0.765s] -- Up-to-date symlink: /home/gari/Documents/ROS2/ros2_rviz/install/my_robot_description/share/my_robot_description/local_setup.zsh
[0.766s] -- Up-to-date symlink: /home/gari/Documents/ROS2/ros2_rviz/install/my_robot_description/share/my_robot_description/local_setup.dsv
[0.766s] -- Symlinking: /home/gari/Documents/ROS2/ros2_rviz/install/my_robot_description/share/my_robot_description/package.dsv
[0.776s] -- Up-to-date symlink: /home/gari/Documents/ROS2/ros2_rviz/install/my_robot_description/share/ament_index/resource_index/packages/my_robot_description
[0.776s] -- Up-to-date symlink: /home/gari/Documents/ROS2/ros2_rviz/install/my_robot_description/share/my_robot_description/cmake/my_robot_descriptionConfig.cmake
[0.776s] -- Up-to-date symlink: /home/gari/Documents/ROS2/ros2_rviz/install/my_robot_description/share/my_robot_description/cmake/my_robot_descriptionConfig-version.cmake
[0.776s] -- Up-to-date symlink: /home/gari/Documents/ROS2/ros2_rviz/install/my_robot_description/share/my_robot_description/package.xml
[0.778s] Invoked command in '/home/gari/Documents/ROS2/ros2_rviz/build/my_robot_description' returned '0': CMAKE_PREFIX_PATH=${CMAKE_PREFIX_PATH}:/opt/ros/humble /usr/bin/cmake --install /home/gari/Documents/ROS2/ros2_rviz/build/my_robot_description
