[0.413s] Invoking command in '/home/gari/Documents/ROS2/turtle_sim_project/build/my_robot_interfaces': CMAKE_PREFIX_PATH=/opt/ros/humble /usr/bin/cmake /home/gari/Documents/ROS2/turtle_sim_project/src/my_robot_interfaces -DAMENT_CMAKE_SYMLINK_INSTALL=1 -DCMAKE_INSTALL_PREFIX=/home/gari/Documents/ROS2/turtle_sim_project/install/my_robot_interfaces
[3.073s] -- The C compiler identification is GNU 11.4.0
[4.662s] -- The CXX compiler identification is GNU 11.4.0
[4.814s] -- Detecting C compiler ABI info
[5.368s] -- Detecting C compiler ABI info - done
[5.384s] -- Check for working C compiler: /usr/bin/cc - skipped
[5.393s] -- Detecting C compile features
[5.449s] -- Detecting C compile features - done
[5.460s] -- Detecting CXX compiler ABI info
[5.767s] -- Detecting CXX compiler ABI info - done
[5.778s] -- Check for working CXX compiler: /usr/bin/c++ - skipped
[5.778s] -- Detecting CXX compile features
[5.779s] -- Detecting CXX compile features - done
[5.917s] -- Found ament_cmake: 1.3.11 (/opt/ros/humble/share/ament_cmake/cmake)
[7.075s] -- Found Python3: /usr/bin/python3 (found version "3.10.12") found components: Interpreter 
[7.514s] -- Override CMake install command with custom implementation using symlinks instead of copying resources
[8.595s] -- Found rosidl_default_generators: 1.2.0 (/opt/ros/humble/share/rosidl_default_generators/cmake)
[9.398s] -- Using all available rosidl_typesupport_c: rosidl_typesupport_fastrtps_c;rosidl_typesupport_introspection_c
[9.581s] -- Found rosidl_adapter: 3.1.6 (/opt/ros/humble/share/rosidl_adapter/cmake)
[9.932s] -- Using all available rosidl_typesupport_cpp: rosidl_typesupport_fastrtps_cpp;rosidl_typesupport_introspection_cpp
[10.656s] [31mCMake Error at /opt/ros/humble/share/rosidl_adapter/cmake/rosidl_adapt_interfaces.cmake:59 (message):
[10.656s]   execute_process(/usr/bin/python3 -m rosidl_adapter --package-name
[10.656s]   my_robot_interfaces --arguments-file
[10.657s]   /home/gari/Documents/ROS2/turtle_sim_project/build/my_robot_interfaces/rosidl_adapter__arguments__my_robot_interfaces.json
[10.657s]   --output-dir
[10.657s]   /home/gari/Documents/ROS2/turtle_sim_project/build/my_robot_interfaces/rosidl_adapter/my_robot_interfaces
[10.657s]   --output-file
[10.657s]   /home/gari/Documents/ROS2/turtle_sim_project/build/my_robot_interfaces/rosidl_adapter/my_robot_interfaces.idls)
[10.657s]   returned error code 1:
[10.657s] 
[10.657s]   Traceback (most recent call last):
[10.657s] 
[10.657s]     File "/usr/lib/python3.10/runpy.py", line 196, in _run_module_as_main
[10.657s]       return _run_code(code, main_globals, None,
[10.657s]     File "/usr/lib/python3.10/runpy.py", line 86, in _run_code
[10.658s]       exec(code, run_globals)
[10.658s]     File "/opt/ros/humble/local/lib/python3.10/dist-packages/rosidl_adapter/__main__.py", line 19, in <module>
[10.658s]       sys.exit(main())
[10.658s]     File "/opt/ros/humble/local/lib/python3.10/dist-packages/rosidl_adapter/main.py", line 53, in main
[10.658s]       abs_idl_file = convert_to_idl(
[10.658s]     File "/opt/ros/humble/local/lib/python3.10/dist-packages/rosidl_adapter/__init__.py", line 19, in convert_to_idl
[10.658s]       return convert_msg_to_idl(
[10.659s]     File "/opt/ros/humble/local/lib/python3.10/dist-packages/rosidl_adapter/msg/__init__.py", line 28, in convert_msg_to_idl
[10.659s]       msg = parse_message_string(package_name, input_file.stem, content)
[10.659s]     File "/opt/ros/humble/local/lib/python3.10/dist-packages/rosidl_adapter/parser.py", line 544, in parse_message_string
[10.659s]       msg = MessageSpecification(pkg_name, msg_name, fields, constants)
[10.659s]     File "/opt/ros/humble/local/lib/python3.10/dist-packages/rosidl_adapter/parser.py", line 388, in __init__
[10.659s]       self.base_type = BaseType(
[10.659s]     File "/opt/ros/humble/local/lib/python3.10/dist-packages/rosidl_adapter/parser.py", line 205, in __init__
[10.660s]       raise InvalidResourceName(
[10.660s] 
[10.660s]   rosidl_adapter.parser.InvalidResourceName: 'turtle' is an invalid message
[10.660s]   name.  It should have the pattern '^[A-Z][A-Za-z0-9]*$'
[10.660s] 
[10.660s] Call Stack (most recent call first):
[10.660s]   /opt/ros/humble/share/rosidl_cmake/cmake/rosidl_generate_interfaces.cmake:130 (rosidl_adapt_interfaces)
[10.660s]   CMakeLists.txt:12 (rosidl_generate_interfaces)
[10.661s] 
[10.661s] [0m
[10.661s] -- Configuring incomplete, errors occurred!
[10.661s] See also "/home/gari/Documents/ROS2/turtle_sim_project/build/my_robot_interfaces/CMakeFiles/CMakeOutput.log".
[10.665s] Invoked command in '/home/gari/Documents/ROS2/turtle_sim_project/build/my_robot_interfaces' returned '1': CMAKE_PREFIX_PATH=/opt/ros/humble /usr/bin/cmake /home/gari/Documents/ROS2/turtle_sim_project/src/my_robot_interfaces -DAMENT_CMAKE_SYMLINK_INSTALL=1 -DCMAKE_INSTALL_PREFIX=/home/gari/Documents/ROS2/turtle_sim_project/install/my_robot_interfaces
