[0.343s] Invoking command in '/home/gari/Documents/ROS2/turtle_sim_project/src/build/my_robot_interfaces': CMAKE_PREFIX_PATH=${CMAKE_PREFIX_PATH}:/home/gari/Documents/ROS2/turtle_sim_project/install/catch_turtle_sim:/opt/ros/humble /usr/bin/cmake /home/gari/Documents/ROS2/turtle_sim_project/src/my_robot_interfaces -DAMENT_CMAKE_SYMLINK_INSTALL=1 -DCMAKE_INSTALL_PREFIX=/home/gari/Documents/ROS2/turtle_sim_project/src/install/my_robot_interfaces
[0.818s] -- The C compiler identification is GNU 11.4.0
[0.891s] -- The CXX compiler identification is GNU 11.4.0
[0.900s] -- Detecting C compiler ABI info
[0.987s] -- Detecting C compiler ABI info - done
[0.998s] -- Check for working C compiler: /usr/bin/cc - skipped
[0.999s] -- Detecting C compile features
[0.999s] -- Detecting C compile features - done
[1.003s] -- Detecting CXX compiler ABI info
[1.111s] -- Detecting CXX compiler ABI info - done
[1.122s] -- Check for working CXX compiler: /usr/bin/c++ - skipped
[1.123s] -- Detecting CXX compile features
[1.123s] -- Detecting CXX compile features - done
[1.126s] -- Found ament_cmake: 1.3.11 (/opt/ros/humble/share/ament_cmake/cmake)
[1.332s] -- Found Python3: /usr/bin/python3 (found version "3.10.12") found components: Interpreter 
[1.424s] -- Override CMake install command with custom implementation using symlinks instead of copying resources
[1.454s] -- Found rosidl_default_generators: 1.2.0 (/opt/ros/humble/share/rosidl_default_generators/cmake)
[1.458s] -- Using all available rosidl_typesupport_c: rosidl_typesupport_fastrtps_c;rosidl_typesupport_introspection_c
[1.465s] -- Found rosidl_adapter: 3.1.6 (/opt/ros/humble/share/rosidl_adapter/cmake)
[1.516s] -- Using all available rosidl_typesupport_cpp: rosidl_typesupport_fastrtps_cpp;rosidl_typesupport_introspection_cpp
[1.878s] -- Found ament_cmake_ros: 0.10.0 (/opt/ros/humble/share/ament_cmake_ros/cmake)
[2.126s] -- Using all available rosidl_typesupport_c: rosidl_typesupport_fastrtps_c;rosidl_typesupport_introspection_c
[2.445s] -- Using all available rosidl_typesupport_cpp: rosidl_typesupport_fastrtps_cpp;rosidl_typesupport_introspection_cpp
[2.474s] -- Found PythonInterp: /usr/bin/python3 (found suitable version "3.10.12", minimum required is "3.6") 
[2.476s] -- Found python_cmake_module: 0.10.0 (/opt/ros/humble/share/python_cmake_module/cmake)
[2.509s] -- Found PythonLibs: /usr/lib/x86_64-linux-gnu/libpython3.10.so (found suitable version "3.10.12", minimum required is "3.5") 
[2.509s] -- Using PYTHON_EXECUTABLE: /usr/bin/python3
[2.509s] -- Using PYTHON_INCLUDE_DIRS: /usr/include/python3.10
[2.509s] -- Using PYTHON_LIBRARIES: /usr/lib/x86_64-linux-gnu/libpython3.10.so
[2.537s] -- Found PythonExtra: .so  
[2.594s] -- Configuring done
[2.633s] -- Generating done
[2.647s] -- Build files have been written to: /home/gari/Documents/ROS2/turtle_sim_project/src/build/my_robot_interfaces
[2.654s] Invoked command in '/home/gari/Documents/ROS2/turtle_sim_project/src/build/my_robot_interfaces' returned '0': CMAKE_PREFIX_PATH=${CMAKE_PREFIX_PATH}:/home/gari/Documents/ROS2/turtle_sim_project/install/catch_turtle_sim:/opt/ros/humble /usr/bin/cmake /home/gari/Documents/ROS2/turtle_sim_project/src/my_robot_interfaces -DAMENT_CMAKE_SYMLINK_INSTALL=1 -DCMAKE_INSTALL_PREFIX=/home/gari/Documents/ROS2/turtle_sim_project/src/install/my_robot_interfaces
[2.656s] Invoking command in '/home/gari/Documents/ROS2/turtle_sim_project/src/build/my_robot_interfaces': CMAKE_PREFIX_PATH=${CMAKE_PREFIX_PATH}:/home/gari/Documents/ROS2/turtle_sim_project/install/catch_turtle_sim:/opt/ros/humble /usr/bin/cmake --build /home/gari/Documents/ROS2/turtle_sim_project/src/build/my_robot_interfaces -- -j12 -l12
[2.702s] [  2%] [34m[1mGenerating C code for ROS interfaces[0m
[2.714s] [  5%] [34m[1mGenerating C++ code for ROS interfaces[0m
[2.724s] [  5%] Built target ament_cmake_python_symlink_my_robot_interfaces
[3.215s] running egg_info
[3.217s] creating my_robot_interfaces.egg-info
[3.217s] writing my_robot_interfaces.egg-info/PKG-INFO
[3.218s] writing dependency_links to my_robot_interfaces.egg-info/dependency_links.txt
[3.218s] writing top-level names to my_robot_interfaces.egg-info/top_level.txt
[3.218s] writing manifest file 'my_robot_interfaces.egg-info/SOURCES.txt'
[3.222s] reading manifest file 'my_robot_interfaces.egg-info/SOURCES.txt'
[3.223s] writing manifest file 'my_robot_interfaces.egg-info/SOURCES.txt'
[3.278s] [  5%] Built target ament_cmake_python_build_my_robot_interfaces_egg
[3.291s] [  5%] Built target my_robot_interfaces__cpp
[3.303s] [  7%] [34m[1mGenerating C++ introspection for ROS interfaces[0m
[3.304s] [ 10%] [34m[1mGenerating C++ type support for eProsima Fast-RTPS[0m
[3.305s] [ 12%] [34m[1mGenerating C++ type support dispatch for ROS interfaces[0m
[3.318s] [ 15%] [32mBuilding C object CMakeFiles/my_robot_interfaces__rosidl_generator_c.dir/rosidl_generator_c/my_robot_interfaces/msg/detail/turtle__functions.c.o[0m
[3.323s] [ 17%] [32mBuilding C object CMakeFiles/my_robot_interfaces__rosidl_generator_c.dir/rosidl_generator_c/my_robot_interfaces/msg/detail/turtle_array__functions.c.o[0m
[3.720s] [ 23%] [32mBuilding CXX object CMakeFiles/my_robot_interfaces__rosidl_typesupport_cpp.dir/rosidl_typesupport_cpp/my_robot_interfaces/msg/turtle__type_support.cpp.o[0m
[3.720s] [ 23%] [32mBuilding CXX object CMakeFiles/my_robot_interfaces__rosidl_typesupport_cpp.dir/rosidl_typesupport_cpp/my_robot_interfaces/msg/turtle_array__type_support.cpp.o[0m
[3.742s] [ 28%] [32mBuilding CXX object CMakeFiles/my_robot_interfaces__rosidl_typesupport_introspection_cpp.dir/rosidl_typesupport_introspection_cpp/my_robot_interfaces/msg/detail/turtle__type_support.cpp.o[0m
[3.742s] [ 28%] [32mBuilding CXX object CMakeFiles/my_robot_interfaces__rosidl_typesupport_introspection_cpp.dir/rosidl_typesupport_introspection_cpp/my_robot_interfaces/msg/detail/turtle_array__type_support.cpp.o[0m
[3.786s] [ 30%] [32mBuilding CXX object CMakeFiles/my_robot_interfaces__rosidl_typesupport_fastrtps_cpp.dir/rosidl_typesupport_fastrtps_cpp/my_robot_interfaces/msg/detail/dds_fastrtps/turtle__type_support.cpp.o[0m
[3.786s] [ 33%] [32mBuilding CXX object CMakeFiles/my_robot_interfaces__rosidl_typesupport_fastrtps_cpp.dir/rosidl_typesupport_fastrtps_cpp/my_robot_interfaces/msg/detail/dds_fastrtps/turtle_array__type_support.cpp.o[0m
[4.005s] [ 35%] [32m[1mLinking C shared library libmy_robot_interfaces__rosidl_generator_c.so[0m
[4.077s] [ 35%] Built target my_robot_interfaces__rosidl_generator_c
[4.098s] [ 38%] [34m[1mGenerating C type support for eProsima Fast-RTPS[0m
[4.103s] [ 43%] [34m[1mGenerating C type support dispatch for ROS interfaces[0m
[4.104s] [ 43%] [34m[1mGenerating C introspection for ROS interfaces[0m
[4.327s] [ 46%] [32m[1mLinking CXX shared library libmy_robot_interfaces__rosidl_typesupport_cpp.so[0m
[4.409s] [ 46%] Built target my_robot_interfaces__rosidl_typesupport_cpp
[4.563s] [ 48%] [32m[1mLinking CXX shared library libmy_robot_interfaces__rosidl_typesupport_introspection_cpp.so[0m
[4.592s] [ 51%] [32mBuilding CXX object CMakeFiles/my_robot_interfaces__rosidl_typesupport_c.dir/rosidl_typesupport_c/my_robot_interfaces/msg/turtle_array__type_support.cpp.o[0m
[4.593s] [ 53%] [32mBuilding CXX object CMakeFiles/my_robot_interfaces__rosidl_typesupport_c.dir/rosidl_typesupport_c/my_robot_interfaces/msg/turtle__type_support.cpp.o[0m
[4.643s] [ 56%] [32m[1mLinking CXX shared library libmy_robot_interfaces__rosidl_typesupport_c.so[0m
[4.677s] [ 56%] Built target my_robot_interfaces__rosidl_typesupport_introspection_cpp
[4.691s] [ 56%] Built target my_robot_interfaces__rosidl_typesupport_c
[4.703s] [ 61%] [32mBuilding CXX object CMakeFiles/my_robot_interfaces__rosidl_typesupport_fastrtps_c.dir/rosidl_typesupport_fastrtps_c/my_robot_interfaces/msg/detail/turtle__type_support_c.cpp.o[0m
[4.703s] [ 61%] [32mBuilding CXX object CMakeFiles/my_robot_interfaces__rosidl_typesupport_fastrtps_c.dir/rosidl_typesupport_fastrtps_c/my_robot_interfaces/msg/detail/turtle_array__type_support_c.cpp.o[0m
[4.721s] [ 64%] [32m[1mLinking CXX shared library libmy_robot_interfaces__rosidl_typesupport_fastrtps_cpp.so[0m
[4.761s] [ 66%] [32mBuilding C object CMakeFiles/my_robot_interfaces__rosidl_typesupport_introspection_c.dir/rosidl_typesupport_introspection_c/my_robot_interfaces/msg/detail/turtle__type_support.c.o[0m
[4.761s] [ 69%] [32mBuilding C object CMakeFiles/my_robot_interfaces__rosidl_typesupport_introspection_c.dir/rosidl_typesupport_introspection_c/my_robot_interfaces/msg/detail/turtle_array__type_support.c.o[0m
[4.803s] [ 71%] [32m[1mLinking C shared library libmy_robot_interfaces__rosidl_typesupport_introspection_c.so[0m
[4.807s] [ 71%] Built target my_robot_interfaces__rosidl_typesupport_fastrtps_cpp
[4.837s] [ 71%] Built target my_robot_interfaces__rosidl_typesupport_introspection_c
[5.160s] [ 74%] [32m[1mLinking CXX shared library libmy_robot_interfaces__rosidl_typesupport_fastrtps_c.so[0m
[5.254s] [ 74%] Built target my_robot_interfaces__rosidl_typesupport_fastrtps_c
[5.276s] [ 74%] Built target my_robot_interfaces
[5.298s] [ 76%] [34m[1mGenerating Python code for ROS interfaces[0m
[5.830s] [ 76%] Built target my_robot_interfaces__py
[5.853s] [ 82%] [32mBuilding C object CMakeFiles/my_robot_interfaces__rosidl_generator_py.dir/rosidl_generator_py/my_robot_interfaces/msg/_turtle_s.c.o[0m
[5.853s] [ 82%] [32mBuilding C object CMakeFiles/my_robot_interfaces__rosidl_generator_py.dir/rosidl_generator_py/my_robot_interfaces/msg/_turtle_array_s.c.o[0m
[6.293s] [ 84%] [32m[1mLinking C shared library rosidl_generator_py/my_robot_interfaces/libmy_robot_interfaces__rosidl_generator_py.so[0m
[6.348s] [ 84%] Built target my_robot_interfaces__rosidl_generator_py
[6.369s] [ 92%] [32mBuilding C object CMakeFiles/my_robot_interfaces__rosidl_typesupport_introspection_c__pyext.dir/rosidl_generator_py/my_robot_interfaces/_my_robot_interfaces_s.ep.rosidl_typesupport_introspection_c.c.o[0m
[6.369s] [ 92%] [32mBuilding C object CMakeFiles/my_robot_interfaces__rosidl_typesupport_c__pyext.dir/rosidl_generator_py/my_robot_interfaces/_my_robot_interfaces_s.ep.rosidl_typesupport_c.c.o[0m
[6.369s] [ 92%] [32mBuilding C object CMakeFiles/my_robot_interfaces__rosidl_typesupport_fastrtps_c__pyext.dir/rosidl_generator_py/my_robot_interfaces/_my_robot_interfaces_s.ep.rosidl_typesupport_fastrtps_c.c.o[0m
[6.488s] [ 94%] [32m[1mLinking C shared library rosidl_generator_py/my_robot_interfaces/my_robot_interfaces_s__rosidl_typesupport_c.cpython-310-x86_64-linux-gnu.so[0m
[6.488s] [ 97%] [32m[1mLinking C shared library rosidl_generator_py/my_robot_interfaces/my_robot_interfaces_s__rosidl_typesupport_introspection_c.cpython-310-x86_64-linux-gnu.so[0m
[6.514s] [100%] [32m[1mLinking C shared library rosidl_generator_py/my_robot_interfaces/my_robot_interfaces_s__rosidl_typesupport_fastrtps_c.cpython-310-x86_64-linux-gnu.so[0m
[6.527s] [100%] Built target my_robot_interfaces__rosidl_typesupport_c__pyext
[6.528s] [100%] Built target my_robot_interfaces__rosidl_typesupport_introspection_c__pyext
[6.559s] [100%] Built target my_robot_interfaces__rosidl_typesupport_fastrtps_c__pyext
[6.573s] Invoked command in '/home/gari/Documents/ROS2/turtle_sim_project/src/build/my_robot_interfaces' returned '0': CMAKE_PREFIX_PATH=${CMAKE_PREFIX_PATH}:/home/gari/Documents/ROS2/turtle_sim_project/install/catch_turtle_sim:/opt/ros/humble /usr/bin/cmake --build /home/gari/Documents/ROS2/turtle_sim_project/src/build/my_robot_interfaces -- -j12 -l12
[6.585s] Invoking command in '/home/gari/Documents/ROS2/turtle_sim_project/src/build/my_robot_interfaces': CMAKE_PREFIX_PATH=${CMAKE_PREFIX_PATH}:/home/gari/Documents/ROS2/turtle_sim_project/install/catch_turtle_sim:/opt/ros/humble /usr/bin/cmake --install /home/gari/Documents/ROS2/turtle_sim_project/src/build/my_robot_interfaces
[6.594s] -- Install configuration: ""
[6.594s] -- Execute custom install script
[6.595s] -- Symlinking: /home/gari/Documents/ROS2/turtle_sim_project/src/install/my_robot_interfaces/share/ament_index/resource_index/rosidl_interfaces/my_robot_interfaces
[6.606s] -- Symlinking: /home/gari/Documents/ROS2/turtle_sim_project/src/install/my_robot_interfaces/include/my_robot_interfaces/my_robot_interfaces/msg/detail/turtle__functions.h
[6.617s] -- Symlinking: /home/gari/Documents/ROS2/turtle_sim_project/src/install/my_robot_interfaces/include/my_robot_interfaces/my_robot_interfaces/msg/detail/turtle__struct.h
[6.627s] -- Symlinking: /home/gari/Documents/ROS2/turtle_sim_project/src/install/my_robot_interfaces/include/my_robot_interfaces/my_robot_interfaces/msg/detail/turtle__type_support.h
[6.638s] -- Symlinking: /home/gari/Documents/ROS2/turtle_sim_project/src/install/my_robot_interfaces/include/my_robot_interfaces/my_robot_interfaces/msg/detail/turtle_array__functions.h
[6.648s] -- Symlinking: /home/gari/Documents/ROS2/turtle_sim_project/src/install/my_robot_interfaces/include/my_robot_interfaces/my_robot_interfaces/msg/detail/turtle_array__struct.h
[6.659s] -- Symlinking: /home/gari/Documents/ROS2/turtle_sim_project/src/install/my_robot_interfaces/include/my_robot_interfaces/my_robot_interfaces/msg/detail/turtle_array__type_support.h
[6.668s] -- Symlinking: /home/gari/Documents/ROS2/turtle_sim_project/src/install/my_robot_interfaces/include/my_robot_interfaces/my_robot_interfaces/msg/rosidl_generator_c__visibility_control.h
[6.678s] -- Symlinking: /home/gari/Documents/ROS2/turtle_sim_project/src/install/my_robot_interfaces/include/my_robot_interfaces/my_robot_interfaces/msg/turtle.h
[6.688s] -- Symlinking: /home/gari/Documents/ROS2/turtle_sim_project/src/install/my_robot_interfaces/include/my_robot_interfaces/my_robot_interfaces/msg/turtle_array.h
[6.698s] -- Symlinking: /home/gari/Documents/ROS2/turtle_sim_project/src/install/my_robot_interfaces/share/my_robot_interfaces/environment/library_path.sh
[6.708s] -- Symlinking: /home/gari/Documents/ROS2/turtle_sim_project/src/install/my_robot_interfaces/share/my_robot_interfaces/environment/library_path.dsv
[6.719s] -- Symlinking: /home/gari/Documents/ROS2/turtle_sim_project/src/install/my_robot_interfaces/include/my_robot_interfaces/my_robot_interfaces/msg/detail/turtle__rosidl_typesupport_fastrtps_c.h
[6.728s] -- Symlinking: /home/gari/Documents/ROS2/turtle_sim_project/src/install/my_robot_interfaces/include/my_robot_interfaces/my_robot_interfaces/msg/detail/turtle_array__rosidl_typesupport_fastrtps_c.h
[6.738s] -- Symlinking: /home/gari/Documents/ROS2/turtle_sim_project/src/install/my_robot_interfaces/include/my_robot_interfaces/my_robot_interfaces/msg/rosidl_typesupport_fastrtps_c__visibility_control.h
[6.749s] -- Symlinking: /home/gari/Documents/ROS2/turtle_sim_project/src/install/my_robot_interfaces/include/my_robot_interfaces/my_robot_interfaces/msg/detail/turtle__rosidl_typesupport_introspection_c.h
[6.759s] -- Symlinking: /home/gari/Documents/ROS2/turtle_sim_project/src/install/my_robot_interfaces/include/my_robot_interfaces/my_robot_interfaces/msg/detail/turtle_array__rosidl_typesupport_introspection_c.h
[6.769s] -- Symlinking: /home/gari/Documents/ROS2/turtle_sim_project/src/install/my_robot_interfaces/include/my_robot_interfaces/my_robot_interfaces/msg/rosidl_typesupport_introspection_c__visibility_control.h
[6.779s] -- Symlinking: /home/gari/Documents/ROS2/turtle_sim_project/src/install/my_robot_interfaces/include/my_robot_interfaces/my_robot_interfaces/msg/detail/turtle__builder.hpp
[6.788s] -- Symlinking: /home/gari/Documents/ROS2/turtle_sim_project/src/install/my_robot_interfaces/include/my_robot_interfaces/my_robot_interfaces/msg/detail/turtle__struct.hpp
[6.798s] -- Symlinking: /home/gari/Documents/ROS2/turtle_sim_project/src/install/my_robot_interfaces/include/my_robot_interfaces/my_robot_interfaces/msg/detail/turtle__traits.hpp
[6.809s] -- Symlinking: /home/gari/Documents/ROS2/turtle_sim_project/src/install/my_robot_interfaces/include/my_robot_interfaces/my_robot_interfaces/msg/detail/turtle__type_support.hpp
[6.819s] -- Symlinking: /home/gari/Documents/ROS2/turtle_sim_project/src/install/my_robot_interfaces/include/my_robot_interfaces/my_robot_interfaces/msg/detail/turtle_array__builder.hpp
[6.829s] -- Symlinking: /home/gari/Documents/ROS2/turtle_sim_project/src/install/my_robot_interfaces/include/my_robot_interfaces/my_robot_interfaces/msg/detail/turtle_array__struct.hpp
[6.839s] -- Symlinking: /home/gari/Documents/ROS2/turtle_sim_project/src/install/my_robot_interfaces/include/my_robot_interfaces/my_robot_interfaces/msg/detail/turtle_array__traits.hpp
[6.849s] -- Symlinking: /home/gari/Documents/ROS2/turtle_sim_project/src/install/my_robot_interfaces/include/my_robot_interfaces/my_robot_interfaces/msg/detail/turtle_array__type_support.hpp
[6.859s] -- Symlinking: /home/gari/Documents/ROS2/turtle_sim_project/src/install/my_robot_interfaces/include/my_robot_interfaces/my_robot_interfaces/msg/rosidl_generator_cpp__visibility_control.hpp
[6.869s] -- Symlinking: /home/gari/Documents/ROS2/turtle_sim_project/src/install/my_robot_interfaces/include/my_robot_interfaces/my_robot_interfaces/msg/turtle.hpp
[6.879s] -- Symlinking: /home/gari/Documents/ROS2/turtle_sim_project/src/install/my_robot_interfaces/include/my_robot_interfaces/my_robot_interfaces/msg/turtle_array.hpp
[6.889s] -- Symlinking: /home/gari/Documents/ROS2/turtle_sim_project/src/install/my_robot_interfaces/include/my_robot_interfaces/my_robot_interfaces/msg/detail/turtle__rosidl_typesupport_fastrtps_cpp.hpp
[6.899s] -- Symlinking: /home/gari/Documents/ROS2/turtle_sim_project/src/install/my_robot_interfaces/include/my_robot_interfaces/my_robot_interfaces/msg/detail/turtle_array__rosidl_typesupport_fastrtps_cpp.hpp
[6.909s] -- Symlinking: /home/gari/Documents/ROS2/turtle_sim_project/src/install/my_robot_interfaces/include/my_robot_interfaces/my_robot_interfaces/msg/rosidl_typesupport_fastrtps_cpp__visibility_control.h
[6.919s] -- Symlinking: /home/gari/Documents/ROS2/turtle_sim_project/src/install/my_robot_interfaces/include/my_robot_interfaces/my_robot_interfaces/msg/detail/turtle__rosidl_typesupport_introspection_cpp.hpp
[6.929s] -- Symlinking: /home/gari/Documents/ROS2/turtle_sim_project/src/install/my_robot_interfaces/include/my_robot_interfaces/my_robot_interfaces/msg/detail/turtle_array__rosidl_typesupport_introspection_cpp.hpp
[6.940s] -- Symlinking: /home/gari/Documents/ROS2/turtle_sim_project/src/install/my_robot_interfaces/share/my_robot_interfaces/environment/pythonpath.sh
[6.950s] -- Symlinking: /home/gari/Documents/ROS2/turtle_sim_project/src/install/my_robot_interfaces/share/my_robot_interfaces/environment/pythonpath.dsv
[6.961s] -- Symlinking: /home/gari/Documents/ROS2/turtle_sim_project/src/install/my_robot_interfaces/local/lib/python3.10/dist-packages/my_robot_interfaces-0.0.0-py3.10.egg-info/PKG-INFO
[6.971s] -- Symlinking: /home/gari/Documents/ROS2/turtle_sim_project/src/install/my_robot_interfaces/local/lib/python3.10/dist-packages/my_robot_interfaces-0.0.0-py3.10.egg-info/SOURCES.txt
[6.981s] -- Symlinking: /home/gari/Documents/ROS2/turtle_sim_project/src/install/my_robot_interfaces/local/lib/python3.10/dist-packages/my_robot_interfaces-0.0.0-py3.10.egg-info/dependency_links.txt
[6.991s] -- Symlinking: /home/gari/Documents/ROS2/turtle_sim_project/src/install/my_robot_interfaces/local/lib/python3.10/dist-packages/my_robot_interfaces-0.0.0-py3.10.egg-info/top_level.txt
[7.002s] -- Symlinking: /home/gari/Documents/ROS2/turtle_sim_project/src/install/my_robot_interfaces/local/lib/python3.10/dist-packages/my_robot_interfaces/__init__.py
[7.012s] -- Symlinking: /home/gari/Documents/ROS2/turtle_sim_project/src/install/my_robot_interfaces/local/lib/python3.10/dist-packages/my_robot_interfaces/_my_robot_interfaces_s.ep.rosidl_typesupport_c.c
[7.022s] -- Symlinking: /home/gari/Documents/ROS2/turtle_sim_project/src/install/my_robot_interfaces/local/lib/python3.10/dist-packages/my_robot_interfaces/_my_robot_interfaces_s.ep.rosidl_typesupport_fastrtps_c.c
[7.032s] -- Symlinking: /home/gari/Documents/ROS2/turtle_sim_project/src/install/my_robot_interfaces/local/lib/python3.10/dist-packages/my_robot_interfaces/_my_robot_interfaces_s.ep.rosidl_typesupport_introspection_c.c
[7.042s] -- Symlinking: /home/gari/Documents/ROS2/turtle_sim_project/src/install/my_robot_interfaces/local/lib/python3.10/dist-packages/my_robot_interfaces/libmy_robot_interfaces__rosidl_generator_py.so
[7.052s] -- Symlinking: /home/gari/Documents/ROS2/turtle_sim_project/src/install/my_robot_interfaces/local/lib/python3.10/dist-packages/my_robot_interfaces/msg/__init__.py
[7.062s] -- Symlinking: /home/gari/Documents/ROS2/turtle_sim_project/src/install/my_robot_interfaces/local/lib/python3.10/dist-packages/my_robot_interfaces/msg/_turtle.py
[7.072s] -- Symlinking: /home/gari/Documents/ROS2/turtle_sim_project/src/install/my_robot_interfaces/local/lib/python3.10/dist-packages/my_robot_interfaces/msg/_turtle_array.py
[7.082s] -- Symlinking: /home/gari/Documents/ROS2/turtle_sim_project/src/install/my_robot_interfaces/local/lib/python3.10/dist-packages/my_robot_interfaces/msg/_turtle_array_s.c
[7.091s] -- Symlinking: /home/gari/Documents/ROS2/turtle_sim_project/src/install/my_robot_interfaces/local/lib/python3.10/dist-packages/my_robot_interfaces/msg/_turtle_s.c
[7.101s] -- Symlinking: /home/gari/Documents/ROS2/turtle_sim_project/src/install/my_robot_interfaces/local/lib/python3.10/dist-packages/my_robot_interfaces/my_robot_interfaces_s__rosidl_typesupport_c.cpython-310-x86_64-linux-gnu.so
[7.111s] -- Symlinking: /home/gari/Documents/ROS2/turtle_sim_project/src/install/my_robot_interfaces/local/lib/python3.10/dist-packages/my_robot_interfaces/my_robot_interfaces_s__rosidl_typesupport_fastrtps_c.cpython-310-x86_64-linux-gnu.so
[7.121s] -- Symlinking: /home/gari/Documents/ROS2/turtle_sim_project/src/install/my_robot_interfaces/local/lib/python3.10/dist-packages/my_robot_interfaces/my_robot_interfaces_s__rosidl_typesupport_introspection_c.cpython-310-x86_64-linux-gnu.so
[7.131s] -- Up-to-date symlink: /home/gari/Documents/ROS2/turtle_sim_project/src/install/my_robot_interfaces/local/lib/python3.10/dist-packages/my_robot_interfaces/my_robot_interfaces_s__rosidl_typesupport_fastrtps_c.cpython-310-x86_64-linux-gnu.so
[7.131s] -- Up-to-date symlink: /home/gari/Documents/ROS2/turtle_sim_project/src/install/my_robot_interfaces/local/lib/python3.10/dist-packages/my_robot_interfaces/my_robot_interfaces_s__rosidl_typesupport_introspection_c.cpython-310-x86_64-linux-gnu.so
[7.131s] -- Up-to-date symlink: /home/gari/Documents/ROS2/turtle_sim_project/src/install/my_robot_interfaces/local/lib/python3.10/dist-packages/my_robot_interfaces/my_robot_interfaces_s__rosidl_typesupport_c.cpython-310-x86_64-linux-gnu.so
[7.132s] -- Symlinking: /home/gari/Documents/ROS2/turtle_sim_project/src/install/my_robot_interfaces/share/my_robot_interfaces/msg/Turtle.idl
[7.142s] -- Symlinking: /home/gari/Documents/ROS2/turtle_sim_project/src/install/my_robot_interfaces/share/my_robot_interfaces/msg/TurtleArray.idl
[7.152s] -- Symlinking: /home/gari/Documents/ROS2/turtle_sim_project/src/install/my_robot_interfaces/share/my_robot_interfaces/msg/Turtle.msg
[7.163s] -- Symlinking: /home/gari/Documents/ROS2/turtle_sim_project/src/install/my_robot_interfaces/share/my_robot_interfaces/msg/TurtleArray.msg
[7.173s] -- Symlinking: /home/gari/Documents/ROS2/turtle_sim_project/src/install/my_robot_interfaces/share/ament_index/resource_index/package_run_dependencies/my_robot_interfaces
[7.183s] -- Symlinking: /home/gari/Documents/ROS2/turtle_sim_project/src/install/my_robot_interfaces/share/ament_index/resource_index/parent_prefix_path/my_robot_interfaces
[7.194s] -- Symlinking: /home/gari/Documents/ROS2/turtle_sim_project/src/install/my_robot_interfaces/share/my_robot_interfaces/environment/ament_prefix_path.sh
[7.204s] -- Symlinking: /home/gari/Documents/ROS2/turtle_sim_project/src/install/my_robot_interfaces/share/my_robot_interfaces/environment/ament_prefix_path.dsv
[7.215s] -- Symlinking: /home/gari/Documents/ROS2/turtle_sim_project/src/install/my_robot_interfaces/share/my_robot_interfaces/environment/path.sh
[7.229s] -- Symlinking: /home/gari/Documents/ROS2/turtle_sim_project/src/install/my_robot_interfaces/share/my_robot_interfaces/environment/path.dsv
[7.240s] -- Symlinking: /home/gari/Documents/ROS2/turtle_sim_project/src/install/my_robot_interfaces/share/my_robot_interfaces/local_setup.bash
[7.250s] -- Symlinking: /home/gari/Documents/ROS2/turtle_sim_project/src/install/my_robot_interfaces/share/my_robot_interfaces/local_setup.sh
[7.260s] -- Symlinking: /home/gari/Documents/ROS2/turtle_sim_project/src/install/my_robot_interfaces/share/my_robot_interfaces/local_setup.zsh
[7.270s] -- Symlinking: /home/gari/Documents/ROS2/turtle_sim_project/src/install/my_robot_interfaces/share/my_robot_interfaces/local_setup.dsv
[7.280s] -- Symlinking: /home/gari/Documents/ROS2/turtle_sim_project/src/install/my_robot_interfaces/share/my_robot_interfaces/package.dsv
[7.290s] -- Symlinking: /home/gari/Documents/ROS2/turtle_sim_project/src/install/my_robot_interfaces/share/ament_index/resource_index/packages/my_robot_interfaces
[7.300s] -- Symlinking: /home/gari/Documents/ROS2/turtle_sim_project/src/install/my_robot_interfaces/share/my_robot_interfaces/cmake/rosidl_cmake-extras.cmake
[7.311s] -- Symlinking: /home/gari/Documents/ROS2/turtle_sim_project/src/install/my_robot_interfaces/share/my_robot_interfaces/cmake/ament_cmake_export_include_directories-extras.cmake
[7.322s] -- Symlinking: /home/gari/Documents/ROS2/turtle_sim_project/src/install/my_robot_interfaces/share/my_robot_interfaces/cmake/ament_cmake_export_libraries-extras.cmake
[7.332s] -- Symlinking: /home/gari/Documents/ROS2/turtle_sim_project/src/install/my_robot_interfaces/share/my_robot_interfaces/cmake/ament_cmake_export_targets-extras.cmake
[7.342s] -- Symlinking: /home/gari/Documents/ROS2/turtle_sim_project/src/install/my_robot_interfaces/share/my_robot_interfaces/cmake/rosidl_cmake_export_typesupport_targets-extras.cmake
[7.353s] -- Symlinking: /home/gari/Documents/ROS2/turtle_sim_project/src/install/my_robot_interfaces/share/my_robot_interfaces/cmake/ament_cmake_export_dependencies-extras.cmake
[7.365s] -- Symlinking: /home/gari/Documents/ROS2/turtle_sim_project/src/install/my_robot_interfaces/share/my_robot_interfaces/cmake/rosidl_cmake_export_typesupport_libraries-extras.cmake
[7.375s] -- Symlinking: /home/gari/Documents/ROS2/turtle_sim_project/src/install/my_robot_interfaces/share/my_robot_interfaces/cmake/my_robot_interfacesConfig.cmake
[7.385s] -- Symlinking: /home/gari/Documents/ROS2/turtle_sim_project/src/install/my_robot_interfaces/share/my_robot_interfaces/cmake/my_robot_interfacesConfig-version.cmake
[7.396s] -- Symlinking: /home/gari/Documents/ROS2/turtle_sim_project/src/install/my_robot_interfaces/share/my_robot_interfaces/package.xml
[7.406s] -- Installing: /home/gari/Documents/ROS2/turtle_sim_project/src/install/my_robot_interfaces/lib/libmy_robot_interfaces__rosidl_generator_c.so
[7.406s] -- Set runtime path of "/home/gari/Documents/ROS2/turtle_sim_project/src/install/my_robot_interfaces/lib/libmy_robot_interfaces__rosidl_generator_c.so" to ""
[7.407s] -- Installing: /home/gari/Documents/ROS2/turtle_sim_project/src/install/my_robot_interfaces/lib/libmy_robot_interfaces__rosidl_typesupport_fastrtps_c.so
[7.407s] -- Set runtime path of "/home/gari/Documents/ROS2/turtle_sim_project/src/install/my_robot_interfaces/lib/libmy_robot_interfaces__rosidl_typesupport_fastrtps_c.so" to ""
[7.407s] -- Installing: /home/gari/Documents/ROS2/turtle_sim_project/src/install/my_robot_interfaces/lib/libmy_robot_interfaces__rosidl_typesupport_introspection_c.so
[7.408s] -- Set runtime path of "/home/gari/Documents/ROS2/turtle_sim_project/src/install/my_robot_interfaces/lib/libmy_robot_interfaces__rosidl_typesupport_introspection_c.so" to ""
[7.408s] -- Installing: /home/gari/Documents/ROS2/turtle_sim_project/src/install/my_robot_interfaces/lib/libmy_robot_interfaces__rosidl_typesupport_c.so
[7.408s] -- Set runtime path of "/home/gari/Documents/ROS2/turtle_sim_project/src/install/my_robot_interfaces/lib/libmy_robot_interfaces__rosidl_typesupport_c.so" to ""
[7.408s] -- Installing: /home/gari/Documents/ROS2/turtle_sim_project/src/install/my_robot_interfaces/lib/libmy_robot_interfaces__rosidl_typesupport_fastrtps_cpp.so
[7.408s] -- Set runtime path of "/home/gari/Documents/ROS2/turtle_sim_project/src/install/my_robot_interfaces/lib/libmy_robot_interfaces__rosidl_typesupport_fastrtps_cpp.so" to ""
[7.409s] -- Installing: /home/gari/Documents/ROS2/turtle_sim_project/src/install/my_robot_interfaces/lib/libmy_robot_interfaces__rosidl_typesupport_introspection_cpp.so
[7.409s] -- Set runtime path of "/home/gari/Documents/ROS2/turtle_sim_project/src/install/my_robot_interfaces/lib/libmy_robot_interfaces__rosidl_typesupport_introspection_cpp.so" to ""
[7.410s] -- Installing: /home/gari/Documents/ROS2/turtle_sim_project/src/install/my_robot_interfaces/lib/libmy_robot_interfaces__rosidl_typesupport_cpp.so
[7.410s] -- Set runtime path of "/home/gari/Documents/ROS2/turtle_sim_project/src/install/my_robot_interfaces/lib/libmy_robot_interfaces__rosidl_typesupport_cpp.so" to ""
[7.459s] Listing '/home/gari/Documents/ROS2/turtle_sim_project/src/install/my_robot_interfaces/local/lib/python3.10/dist-packages/my_robot_interfaces'...
[7.459s] Compiling '/home/gari/Documents/ROS2/turtle_sim_project/src/install/my_robot_interfaces/local/lib/python3.10/dist-packages/my_robot_interfaces/__init__.py'...
[7.459s] Listing '/home/gari/Documents/ROS2/turtle_sim_project/src/install/my_robot_interfaces/local/lib/python3.10/dist-packages/my_robot_interfaces/msg'...
[7.459s] Compiling '/home/gari/Documents/ROS2/turtle_sim_project/src/install/my_robot_interfaces/local/lib/python3.10/dist-packages/my_robot_interfaces/msg/__init__.py'...
[7.459s] Compiling '/home/gari/Documents/ROS2/turtle_sim_project/src/install/my_robot_interfaces/local/lib/python3.10/dist-packages/my_robot_interfaces/msg/_turtle.py'...
[7.460s] Compiling '/home/gari/Documents/ROS2/turtle_sim_project/src/install/my_robot_interfaces/local/lib/python3.10/dist-packages/my_robot_interfaces/msg/_turtle_array.py'...
[7.466s] -- Installing: /home/gari/Documents/ROS2/turtle_sim_project/src/install/my_robot_interfaces/lib/libmy_robot_interfaces__rosidl_generator_py.so
[7.466s] -- Set runtime path of "/home/gari/Documents/ROS2/turtle_sim_project/src/install/my_robot_interfaces/lib/libmy_robot_interfaces__rosidl_generator_py.so" to ""
[7.467s] -- Installing: /home/gari/Documents/ROS2/turtle_sim_project/src/install/my_robot_interfaces/share/my_robot_interfaces/cmake/export_my_robot_interfaces__rosidl_generator_cExport.cmake
[7.467s] -- Installing: /home/gari/Documents/ROS2/turtle_sim_project/src/install/my_robot_interfaces/share/my_robot_interfaces/cmake/export_my_robot_interfaces__rosidl_generator_cExport-noconfig.cmake
[7.467s] -- Installing: /home/gari/Documents/ROS2/turtle_sim_project/src/install/my_robot_interfaces/share/my_robot_interfaces/cmake/export_my_robot_interfaces__rosidl_typesupport_fastrtps_cExport.cmake
[7.467s] -- Installing: /home/gari/Documents/ROS2/turtle_sim_project/src/install/my_robot_interfaces/share/my_robot_interfaces/cmake/export_my_robot_interfaces__rosidl_typesupport_fastrtps_cExport-noconfig.cmake
[7.467s] -- Installing: /home/gari/Documents/ROS2/turtle_sim_project/src/install/my_robot_interfaces/share/my_robot_interfaces/cmake/my_robot_interfaces__rosidl_typesupport_introspection_cExport.cmake
[7.467s] -- Installing: /home/gari/Documents/ROS2/turtle_sim_project/src/install/my_robot_interfaces/share/my_robot_interfaces/cmake/my_robot_interfaces__rosidl_typesupport_introspection_cExport-noconfig.cmake
[7.468s] -- Installing: /home/gari/Documents/ROS2/turtle_sim_project/src/install/my_robot_interfaces/share/my_robot_interfaces/cmake/my_robot_interfaces__rosidl_typesupport_cExport.cmake
[7.468s] -- Installing: /home/gari/Documents/ROS2/turtle_sim_project/src/install/my_robot_interfaces/share/my_robot_interfaces/cmake/my_robot_interfaces__rosidl_typesupport_cExport-noconfig.cmake
[7.468s] -- Installing: /home/gari/Documents/ROS2/turtle_sim_project/src/install/my_robot_interfaces/share/my_robot_interfaces/cmake/export_my_robot_interfaces__rosidl_generator_cppExport.cmake
[7.468s] -- Installing: /home/gari/Documents/ROS2/turtle_sim_project/src/install/my_robot_interfaces/share/my_robot_interfaces/cmake/export_my_robot_interfaces__rosidl_typesupport_fastrtps_cppExport.cmake
[7.468s] -- Installing: /home/gari/Documents/ROS2/turtle_sim_project/src/install/my_robot_interfaces/share/my_robot_interfaces/cmake/export_my_robot_interfaces__rosidl_typesupport_fastrtps_cppExport-noconfig.cmake
[7.469s] -- Installing: /home/gari/Documents/ROS2/turtle_sim_project/src/install/my_robot_interfaces/share/my_robot_interfaces/cmake/my_robot_interfaces__rosidl_typesupport_introspection_cppExport.cmake
[7.469s] -- Installing: /home/gari/Documents/ROS2/turtle_sim_project/src/install/my_robot_interfaces/share/my_robot_interfaces/cmake/my_robot_interfaces__rosidl_typesupport_introspection_cppExport-noconfig.cmake
[7.469s] -- Installing: /home/gari/Documents/ROS2/turtle_sim_project/src/install/my_robot_interfaces/share/my_robot_interfaces/cmake/my_robot_interfaces__rosidl_typesupport_cppExport.cmake
[7.469s] -- Installing: /home/gari/Documents/ROS2/turtle_sim_project/src/install/my_robot_interfaces/share/my_robot_interfaces/cmake/my_robot_interfaces__rosidl_typesupport_cppExport-noconfig.cmake
[7.469s] -- Installing: /home/gari/Documents/ROS2/turtle_sim_project/src/install/my_robot_interfaces/share/my_robot_interfaces/cmake/export_my_robot_interfaces__rosidl_generator_pyExport.cmake
[7.470s] -- Installing: /home/gari/Documents/ROS2/turtle_sim_project/src/install/my_robot_interfaces/share/my_robot_interfaces/cmake/export_my_robot_interfaces__rosidl_generator_pyExport-noconfig.cmake
[7.473s] Invoked command in '/home/gari/Documents/ROS2/turtle_sim_project/src/build/my_robot_interfaces' returned '0': CMAKE_PREFIX_PATH=${CMAKE_PREFIX_PATH}:/home/gari/Documents/ROS2/turtle_sim_project/install/catch_turtle_sim:/opt/ros/humble /usr/bin/cmake --install /home/gari/Documents/ROS2/turtle_sim_project/src/build/my_robot_interfaces
