[0.137s] DEBUG:colcon:Command line arguments: ['/usr/bin/colcon', 'build', '--symlink-install']
[0.137s] DEBUG:colcon:Parsed command line arguments: Namespace(log_base=None, log_level=None, verb_name='build', build_base='build', install_base='install', merge_install=False, symlink_install=True, test_result_base=None, continue_on_error=False, executor='parallel', parallel_workers=12, event_handlers=None, ignore_user_meta=False, metas=['./colcon.meta'], base_paths=['.'], packages_ignore=None, packages_ignore_regex=None, paths=None, packages_up_to=None, packages_up_to_regex=None, packages_above=None, packages_above_and_dependencies=None, packages_above_depth=None, packages_select_by_dep=None, packages_skip_by_dep=None, packages_skip_up_to=None, packages_select_build_failed=False, packages_skip_build_finished=False, packages_select_test_failures=False, packages_skip_test_passed=False, packages_select=None, packages_skip=None, packages_select_regex=None, packages_skip_regex=None, packages_start=None, packages_end=None, allow_overriding=[], cmake_args=None, cmake_target=None, cmake_target_skip_unavailable=False, cmake_clean_cache=False, cmake_clean_first=False, cmake_force_configure=False, ament_cmake_args=None, catkin_cmake_args=None, catkin_skip_building_tests=False, mixin_files=None, mixin=None, verb_parser=<colcon_mixin.mixin.mixin_argument.MixinArgumentDecorator object at 0x7147e38515a0>, verb_extension=<colcon_core.verb.build.BuildVerb object at 0x7147e38510f0>, main=<bound method BuildVerb.main of <colcon_core.verb.build.BuildVerb object at 0x7147e38510f0>>, mixin_verb=('build',))
[0.352s] Level 1:colcon.colcon_core.package_discovery:discover_packages(colcon_meta) check parameters
[0.352s] Level 1:colcon.colcon_core.package_discovery:discover_packages(recursive) check parameters
[0.353s] Level 1:colcon.colcon_core.package_discovery:discover_packages(ignore) check parameters
[0.353s] Level 1:colcon.colcon_core.package_discovery:discover_packages(path) check parameters
[0.353s] Level 1:colcon.colcon_core.package_discovery:discover_packages(colcon_meta) discover
[0.353s] Level 1:colcon.colcon_core.package_discovery:discover_packages(recursive) discover
[0.353s] INFO:colcon.colcon_core.package_discovery:Crawling recursively for packages in '/home/gari/Documents/ROS2/ros2_refer'
[0.353s] Level 1:colcon.colcon_core.package_identification:_identify(.) by extensions ['ignore', 'ignore_ament_install']
[0.353s] Level 1:colcon.colcon_core.package_identification:_identify(.) by extension 'ignore'
[0.353s] Level 1:colcon.colcon_core.package_identification:_identify(.) by extension 'ignore_ament_install'
[0.353s] Level 1:colcon.colcon_core.package_identification:_identify(.) by extensions ['colcon_pkg']
[0.353s] Level 1:colcon.colcon_core.package_identification:_identify(.) by extension 'colcon_pkg'
[0.353s] Level 1:colcon.colcon_core.package_identification:_identify(.) by extensions ['colcon_meta']
[0.353s] Level 1:colcon.colcon_core.package_identification:_identify(.) by extension 'colcon_meta'
[0.353s] Level 1:colcon.colcon_core.package_identification:_identify(.) by extensions ['ros']
[0.353s] Level 1:colcon.colcon_core.package_identification:_identify(.) by extension 'ros'
[0.367s] Level 1:colcon.colcon_core.package_identification:_identify(.) by extensions ['cmake', 'python']
[0.367s] Level 1:colcon.colcon_core.package_identification:_identify(.) by extension 'cmake'
[0.367s] Level 1:colcon.colcon_core.package_identification:_identify(.) by extension 'python'
[0.367s] Level 1:colcon.colcon_core.package_identification:_identify(.) by extensions ['python_setup_py']
[0.367s] Level 1:colcon.colcon_core.package_identification:_identify(.) by extension 'python_setup_py'
[0.367s] Level 1:colcon.colcon_core.package_identification:_identify(build) by extensions ['ignore', 'ignore_ament_install']
[0.367s] Level 1:colcon.colcon_core.package_identification:_identify(build) by extension 'ignore'
[0.368s] Level 1:colcon.colcon_core.package_identification:_identify(build) ignored
[0.368s] Level 1:colcon.colcon_core.package_identification:_identify(install) by extensions ['ignore', 'ignore_ament_install']
[0.368s] Level 1:colcon.colcon_core.package_identification:_identify(install) by extension 'ignore'
[0.368s] Level 1:colcon.colcon_core.package_identification:_identify(install) ignored
[0.368s] Level 1:colcon.colcon_core.package_identification:_identify(log) by extensions ['ignore', 'ignore_ament_install']
[0.368s] Level 1:colcon.colcon_core.package_identification:_identify(log) by extension 'ignore'
[0.368s] Level 1:colcon.colcon_core.package_identification:_identify(log) ignored
[0.368s] Level 1:colcon.colcon_core.package_identification:_identify(src) by extensions ['ignore', 'ignore_ament_install']
[0.368s] Level 1:colcon.colcon_core.package_identification:_identify(src) by extension 'ignore'
[0.368s] Level 1:colcon.colcon_core.package_identification:_identify(src) by extension 'ignore_ament_install'
[0.369s] Level 1:colcon.colcon_core.package_identification:_identify(src) by extensions ['colcon_pkg']
[0.369s] Level 1:colcon.colcon_core.package_identification:_identify(src) by extension 'colcon_pkg'
[0.369s] Level 1:colcon.colcon_core.package_identification:_identify(src) by extensions ['colcon_meta']
[0.369s] Level 1:colcon.colcon_core.package_identification:_identify(src) by extension 'colcon_meta'
[0.369s] Level 1:colcon.colcon_core.package_identification:_identify(src) by extensions ['ros']
[0.369s] Level 1:colcon.colcon_core.package_identification:_identify(src) by extension 'ros'
[0.369s] Level 1:colcon.colcon_core.package_identification:_identify(src) by extensions ['cmake', 'python']
[0.369s] Level 1:colcon.colcon_core.package_identification:_identify(src) by extension 'cmake'
[0.369s] Level 1:colcon.colcon_core.package_identification:_identify(src) by extension 'python'
[0.369s] Level 1:colcon.colcon_core.package_identification:_identify(src) by extensions ['python_setup_py']
[0.369s] Level 1:colcon.colcon_core.package_identification:_identify(src) by extension 'python_setup_py'
[0.369s] Level 1:colcon.colcon_core.package_identification:_identify(src/my_robot_bringup) by extensions ['ignore', 'ignore_ament_install']
[0.369s] Level 1:colcon.colcon_core.package_identification:_identify(src/my_robot_bringup) by extension 'ignore'
[0.369s] Level 1:colcon.colcon_core.package_identification:_identify(src/my_robot_bringup) by extension 'ignore_ament_install'
[0.369s] Level 1:colcon.colcon_core.package_identification:_identify(src/my_robot_bringup) by extensions ['colcon_pkg']
[0.370s] Level 1:colcon.colcon_core.package_identification:_identify(src/my_robot_bringup) by extension 'colcon_pkg'
[0.370s] Level 1:colcon.colcon_core.package_identification:_identify(src/my_robot_bringup) by extensions ['colcon_meta']
[0.370s] Level 1:colcon.colcon_core.package_identification:_identify(src/my_robot_bringup) by extension 'colcon_meta'
[0.370s] Level 1:colcon.colcon_core.package_identification:_identify(src/my_robot_bringup) by extensions ['ros']
[0.370s] Level 1:colcon.colcon_core.package_identification:_identify(src/my_robot_bringup) by extension 'ros'
[0.373s] DEBUG:colcon.colcon_core.package_identification:Package 'src/my_robot_bringup' with type 'ros.ament_cmake' and name 'my_robot_bringup'
[0.373s] Level 1:colcon.colcon_core.package_identification:_identify(src/my_robot_description) by extensions ['ignore', 'ignore_ament_install']
[0.373s] Level 1:colcon.colcon_core.package_identification:_identify(src/my_robot_description) by extension 'ignore'
[0.373s] Level 1:colcon.colcon_core.package_identification:_identify(src/my_robot_description) by extension 'ignore_ament_install'
[0.373s] Level 1:colcon.colcon_core.package_identification:_identify(src/my_robot_description) by extensions ['colcon_pkg']
[0.373s] Level 1:colcon.colcon_core.package_identification:_identify(src/my_robot_description) by extension 'colcon_pkg'
[0.373s] Level 1:colcon.colcon_core.package_identification:_identify(src/my_robot_description) by extensions ['colcon_meta']
[0.373s] Level 1:colcon.colcon_core.package_identification:_identify(src/my_robot_description) by extension 'colcon_meta'
[0.373s] Level 1:colcon.colcon_core.package_identification:_identify(src/my_robot_description) by extensions ['ros']
[0.373s] Level 1:colcon.colcon_core.package_identification:_identify(src/my_robot_description) by extension 'ros'
[0.374s] DEBUG:colcon.colcon_core.package_identification:Package 'src/my_robot_description' with type 'ros.ament_cmake' and name 'my_robot_description'
[0.374s] Level 1:colcon.colcon_core.package_discovery:discover_packages(recursive) using defaults
[0.374s] Level 1:colcon.colcon_core.package_discovery:discover_packages(ignore) discover
[0.374s] Level 1:colcon.colcon_core.package_discovery:discover_packages(ignore) using defaults
[0.374s] Level 1:colcon.colcon_core.package_discovery:discover_packages(path) discover
[0.374s] Level 1:colcon.colcon_core.package_discovery:discover_packages(path) using defaults
[0.407s] Level 1:colcon.colcon_core.package_discovery:discover_packages(prefix_path) check parameters
[0.407s] Level 1:colcon.colcon_core.package_discovery:discover_packages(prefix_path) discover
[0.409s] DEBUG:colcon.colcon_installed_package_information.package_discovery:Found 2 installed packages in /home/gari/Documents/ROS2/ros2_refer/install
[0.410s] DEBUG:colcon.colcon_installed_package_information.package_discovery:Found 290 installed packages in /opt/ros/humble
[0.412s] Level 1:colcon.colcon_core.package_discovery:discover_packages(prefix_path) using defaults
[0.461s] Level 5:colcon.colcon_core.verb:set package 'my_robot_bringup' build argument 'cmake_args' from command line to 'None'
[0.461s] Level 5:colcon.colcon_core.verb:set package 'my_robot_bringup' build argument 'cmake_target' from command line to 'None'
[0.461s] Level 5:colcon.colcon_core.verb:set package 'my_robot_bringup' build argument 'cmake_target_skip_unavailable' from command line to 'False'
[0.461s] Level 5:colcon.colcon_core.verb:set package 'my_robot_bringup' build argument 'cmake_clean_cache' from command line to 'False'
[0.461s] Level 5:colcon.colcon_core.verb:set package 'my_robot_bringup' build argument 'cmake_clean_first' from command line to 'False'
[0.461s] Level 5:colcon.colcon_core.verb:set package 'my_robot_bringup' build argument 'cmake_force_configure' from command line to 'False'
[0.461s] Level 5:colcon.colcon_core.verb:set package 'my_robot_bringup' build argument 'ament_cmake_args' from command line to 'None'
[0.462s] Level 5:colcon.colcon_core.verb:set package 'my_robot_bringup' build argument 'catkin_cmake_args' from command line to 'None'
[0.462s] Level 5:colcon.colcon_core.verb:set package 'my_robot_bringup' build argument 'catkin_skip_building_tests' from command line to 'False'
[0.462s] DEBUG:colcon.colcon_core.verb:Building package 'my_robot_bringup' with the following arguments: {'ament_cmake_args': None, 'build_base': '/home/gari/Documents/ROS2/ros2_refer/build/my_robot_bringup', 'catkin_cmake_args': None, 'catkin_skip_building_tests': False, 'cmake_args': None, 'cmake_clean_cache': False, 'cmake_clean_first': False, 'cmake_force_configure': False, 'cmake_target': None, 'cmake_target_skip_unavailable': False, 'install_base': '/home/gari/Documents/ROS2/ros2_refer/install/my_robot_bringup', 'merge_install': False, 'path': '/home/gari/Documents/ROS2/ros2_refer/src/my_robot_bringup', 'symlink_install': True, 'test_result_base': None}
[0.462s] Level 5:colcon.colcon_core.verb:set package 'my_robot_description' build argument 'cmake_args' from command line to 'None'
[0.462s] Level 5:colcon.colcon_core.verb:set package 'my_robot_description' build argument 'cmake_target' from command line to 'None'
[0.462s] Level 5:colcon.colcon_core.verb:set package 'my_robot_description' build argument 'cmake_target_skip_unavailable' from command line to 'False'
[0.462s] Level 5:colcon.colcon_core.verb:set package 'my_robot_description' build argument 'cmake_clean_cache' from command line to 'False'
[0.462s] Level 5:colcon.colcon_core.verb:set package 'my_robot_description' build argument 'cmake_clean_first' from command line to 'False'
[0.462s] Level 5:colcon.colcon_core.verb:set package 'my_robot_description' build argument 'cmake_force_configure' from command line to 'False'
[0.462s] Level 5:colcon.colcon_core.verb:set package 'my_robot_description' build argument 'ament_cmake_args' from command line to 'None'
[0.462s] Level 5:colcon.colcon_core.verb:set package 'my_robot_description' build argument 'catkin_cmake_args' from command line to 'None'
[0.462s] Level 5:colcon.colcon_core.verb:set package 'my_robot_description' build argument 'catkin_skip_building_tests' from command line to 'False'
[0.462s] DEBUG:colcon.colcon_core.verb:Building package 'my_robot_description' with the following arguments: {'ament_cmake_args': None, 'build_base': '/home/gari/Documents/ROS2/ros2_refer/build/my_robot_description', 'catkin_cmake_args': None, 'catkin_skip_building_tests': False, 'cmake_args': None, 'cmake_clean_cache': False, 'cmake_clean_first': False, 'cmake_force_configure': False, 'cmake_target': None, 'cmake_target_skip_unavailable': False, 'install_base': '/home/gari/Documents/ROS2/ros2_refer/install/my_robot_description', 'merge_install': False, 'path': '/home/gari/Documents/ROS2/ros2_refer/src/my_robot_description', 'symlink_install': True, 'test_result_base': None}
[0.463s] INFO:colcon.colcon_core.executor:Executing jobs using 'parallel' executor
[0.464s] DEBUG:colcon.colcon_parallel_executor.executor.parallel:run_until_complete
[0.464s] INFO:colcon.colcon_ros.task.ament_cmake.build:Building ROS package in '/home/gari/Documents/ROS2/ros2_refer/src/my_robot_bringup' with build type 'ament_cmake'
[0.464s] INFO:colcon.colcon_cmake.task.cmake.build:Building CMake package in '/home/gari/Documents/ROS2/ros2_refer/src/my_robot_bringup'
[0.466s] INFO:colcon.colcon_core.plugin_system:Skipping extension 'colcon_core.shell.bat': Not used on non-Windows systems
[0.467s] INFO:colcon.colcon_core.shell:Skip shell extension 'powershell' for command environment: Not usable outside of PowerShell
[0.467s] DEBUG:colcon.colcon_core.shell:Skip shell extension 'dsv' for command environment
[0.470s] INFO:colcon.colcon_ros.task.ament_cmake.build:Building ROS package in '/home/gari/Documents/ROS2/ros2_refer/src/my_robot_description' with build type 'ament_cmake'
[0.471s] INFO:colcon.colcon_cmake.task.cmake.build:Building CMake package in '/home/gari/Documents/ROS2/ros2_refer/src/my_robot_description'
[0.471s] INFO:colcon.colcon_core.shell:Skip shell extension 'powershell' for command environment: Not usable outside of PowerShell
[0.471s] DEBUG:colcon.colcon_core.shell:Skip shell extension 'dsv' for command environment
[0.604s] DEBUG:colcon.colcon_core.event_handler.log_command:Invoking command in '/home/gari/Documents/ROS2/ros2_refer/build/my_robot_bringup': CMAKE_PREFIX_PATH=${CMAKE_PREFIX_PATH}:/opt/ros/humble /usr/bin/cmake /home/gari/Documents/ROS2/ros2_refer/src/my_robot_bringup -DAMENT_CMAKE_SYMLINK_INSTALL=1 -DCMAKE_INSTALL_PREFIX=/home/gari/Documents/ROS2/ros2_refer/install/my_robot_bringup
[0.618s] DEBUG:colcon.colcon_core.event_handler.log_command:Invoking command in '/home/gari/Documents/ROS2/ros2_refer/build/my_robot_description': CMAKE_PREFIX_PATH=${CMAKE_PREFIX_PATH}:/opt/ros/humble /usr/bin/cmake /home/gari/Documents/ROS2/ros2_refer/src/my_robot_description -DAMENT_CMAKE_SYMLINK_INSTALL=1 -DCMAKE_INSTALL_PREFIX=/home/gari/Documents/ROS2/ros2_refer/install/my_robot_description
[4.007s] DEBUG:colcon.colcon_core.event_handler.log_command:Invoked command in '/home/gari/Documents/ROS2/ros2_refer/build/my_robot_bringup' returned '0': CMAKE_PREFIX_PATH=${CMAKE_PREFIX_PATH}:/opt/ros/humble /usr/bin/cmake /home/gari/Documents/ROS2/ros2_refer/src/my_robot_bringup -DAMENT_CMAKE_SYMLINK_INSTALL=1 -DCMAKE_INSTALL_PREFIX=/home/gari/Documents/ROS2/ros2_refer/install/my_robot_bringup
[4.008s] DEBUG:colcon.colcon_core.event_handler.log_command:Invoking command in '/home/gari/Documents/ROS2/ros2_refer/build/my_robot_bringup': CMAKE_PREFIX_PATH=${CMAKE_PREFIX_PATH}:/opt/ros/humble /usr/bin/cmake --build /home/gari/Documents/ROS2/ros2_refer/build/my_robot_bringup -- -j12 -l12
[4.009s] DEBUG:colcon.colcon_core.event_handler.log_command:Invoked command in '/home/gari/Documents/ROS2/ros2_refer/build/my_robot_description' returned '0': CMAKE_PREFIX_PATH=${CMAKE_PREFIX_PATH}:/opt/ros/humble /usr/bin/cmake /home/gari/Documents/ROS2/ros2_refer/src/my_robot_description -DAMENT_CMAKE_SYMLINK_INSTALL=1 -DCMAKE_INSTALL_PREFIX=/home/gari/Documents/ROS2/ros2_refer/install/my_robot_description
[4.011s] DEBUG:colcon.colcon_core.event_handler.log_command:Invoking command in '/home/gari/Documents/ROS2/ros2_refer/build/my_robot_description': CMAKE_PREFIX_PATH=${CMAKE_PREFIX_PATH}:/opt/ros/humble /usr/bin/cmake --build /home/gari/Documents/ROS2/ros2_refer/build/my_robot_description -- -j12 -l12
[4.047s] DEBUG:colcon.colcon_core.event_handler.log_command:Invoked command in '/home/gari/Documents/ROS2/ros2_refer/build/my_robot_description' returned '0': CMAKE_PREFIX_PATH=${CMAKE_PREFIX_PATH}:/opt/ros/humble /usr/bin/cmake --build /home/gari/Documents/ROS2/ros2_refer/build/my_robot_description -- -j12 -l12
[4.057s] DEBUG:colcon.colcon_core.event_handler.log_command:Invoking command in '/home/gari/Documents/ROS2/ros2_refer/build/my_robot_description': CMAKE_PREFIX_PATH=${CMAKE_PREFIX_PATH}:/opt/ros/humble /usr/bin/cmake --install /home/gari/Documents/ROS2/ros2_refer/build/my_robot_description
[4.057s] DEBUG:colcon.colcon_core.event_handler.log_command:Invoked command in '/home/gari/Documents/ROS2/ros2_refer/build/my_robot_bringup' returned '0': CMAKE_PREFIX_PATH=${CMAKE_PREFIX_PATH}:/opt/ros/humble /usr/bin/cmake --build /home/gari/Documents/ROS2/ros2_refer/build/my_robot_bringup -- -j12 -l12
[4.059s] DEBUG:colcon.colcon_core.event_handler.log_command:Invoking command in '/home/gari/Documents/ROS2/ros2_refer/build/my_robot_bringup': CMAKE_PREFIX_PATH=${CMAKE_PREFIX_PATH}:/opt/ros/humble /usr/bin/cmake --install /home/gari/Documents/ROS2/ros2_refer/build/my_robot_bringup
[4.234s] Level 1:colcon.colcon_core.environment:create_environment_scripts_only(my_robot_bringup)
[4.235s] DEBUG:colcon.colcon_core.event_handler.log_command:Invoked command in '/home/gari/Documents/ROS2/ros2_refer/build/my_robot_bringup' returned '0': CMAKE_PREFIX_PATH=${CMAKE_PREFIX_PATH}:/opt/ros/humble /usr/bin/cmake --install /home/gari/Documents/ROS2/ros2_refer/build/my_robot_bringup
[4.237s] Level 1:colcon.colcon_core.environment:checking '/home/gari/Documents/ROS2/ros2_refer/install/my_robot_bringup' for CMake module files
[4.238s] Level 1:colcon.colcon_core.environment:checking '/home/gari/Documents/ROS2/ros2_refer/install/my_robot_bringup' for CMake config files
[4.238s] Level 1:colcon.colcon_core.shell:create_environment_hook('my_robot_bringup', 'cmake_prefix_path')
[4.239s] INFO:colcon.colcon_core.shell:Creating environment hook '/home/gari/Documents/ROS2/ros2_refer/install/my_robot_bringup/share/my_robot_bringup/hook/cmake_prefix_path.ps1'
[4.240s] INFO:colcon.colcon_core.shell:Creating environment descriptor '/home/gari/Documents/ROS2/ros2_refer/install/my_robot_bringup/share/my_robot_bringup/hook/cmake_prefix_path.dsv'
[4.240s] INFO:colcon.colcon_core.shell:Creating environment hook '/home/gari/Documents/ROS2/ros2_refer/install/my_robot_bringup/share/my_robot_bringup/hook/cmake_prefix_path.sh'
[4.242s] Level 1:colcon.colcon_core.environment:checking '/home/gari/Documents/ROS2/ros2_refer/install/my_robot_bringup/bin'
[4.242s] Level 1:colcon.colcon_core.environment:checking '/home/gari/Documents/ROS2/ros2_refer/install/my_robot_bringup/lib/pkgconfig/my_robot_bringup.pc'
[4.243s] Level 1:colcon.colcon_core.environment:checking '/home/gari/Documents/ROS2/ros2_refer/install/my_robot_bringup/lib/python3.10/site-packages'
[4.243s] Level 1:colcon.colcon_core.environment:checking '/home/gari/Documents/ROS2/ros2_refer/install/my_robot_bringup/bin'
[4.244s] INFO:colcon.colcon_core.shell:Creating package script '/home/gari/Documents/ROS2/ros2_refer/install/my_robot_bringup/share/my_robot_bringup/package.ps1'
[4.245s] INFO:colcon.colcon_core.shell:Creating package descriptor '/home/gari/Documents/ROS2/ros2_refer/install/my_robot_bringup/share/my_robot_bringup/package.dsv'
[4.245s] INFO:colcon.colcon_core.shell:Creating package script '/home/gari/Documents/ROS2/ros2_refer/install/my_robot_bringup/share/my_robot_bringup/package.sh'
[4.247s] INFO:colcon.colcon_core.shell:Creating package script '/home/gari/Documents/ROS2/ros2_refer/install/my_robot_bringup/share/my_robot_bringup/package.bash'
[4.248s] INFO:colcon.colcon_core.shell:Creating package script '/home/gari/Documents/ROS2/ros2_refer/install/my_robot_bringup/share/my_robot_bringup/package.zsh'
[4.249s] Level 1:colcon.colcon_core.environment:create_file_with_runtime_dependencies(/home/gari/Documents/ROS2/ros2_refer/install/my_robot_bringup/share/colcon-core/packages/my_robot_bringup)
[4.250s] Level 1:colcon.colcon_core.environment:create_environment_scripts_only(my_robot_bringup)
[4.250s] Level 1:colcon.colcon_core.environment:checking '/home/gari/Documents/ROS2/ros2_refer/install/my_robot_bringup' for CMake module files
[4.251s] Level 1:colcon.colcon_core.environment:checking '/home/gari/Documents/ROS2/ros2_refer/install/my_robot_bringup' for CMake config files
[4.252s] Level 1:colcon.colcon_core.shell:create_environment_hook('my_robot_bringup', 'cmake_prefix_path')
[4.252s] INFO:colcon.colcon_core.shell:Creating environment hook '/home/gari/Documents/ROS2/ros2_refer/install/my_robot_bringup/share/my_robot_bringup/hook/cmake_prefix_path.ps1'
[4.253s] INFO:colcon.colcon_core.shell:Creating environment descriptor '/home/gari/Documents/ROS2/ros2_refer/install/my_robot_bringup/share/my_robot_bringup/hook/cmake_prefix_path.dsv'
[4.253s] INFO:colcon.colcon_core.shell:Creating environment hook '/home/gari/Documents/ROS2/ros2_refer/install/my_robot_bringup/share/my_robot_bringup/hook/cmake_prefix_path.sh'
[4.254s] Level 1:colcon.colcon_core.environment:checking '/home/gari/Documents/ROS2/ros2_refer/install/my_robot_bringup/bin'
[4.254s] Level 1:colcon.colcon_core.environment:checking '/home/gari/Documents/ROS2/ros2_refer/install/my_robot_bringup/lib/pkgconfig/my_robot_bringup.pc'
[4.255s] Level 1:colcon.colcon_core.environment:checking '/home/gari/Documents/ROS2/ros2_refer/install/my_robot_bringup/lib/python3.10/site-packages'
[4.255s] Level 1:colcon.colcon_core.environment:checking '/home/gari/Documents/ROS2/ros2_refer/install/my_robot_bringup/bin'
[4.256s] INFO:colcon.colcon_core.shell:Creating package script '/home/gari/Documents/ROS2/ros2_refer/install/my_robot_bringup/share/my_robot_bringup/package.ps1'
[4.256s] INFO:colcon.colcon_core.shell:Creating package descriptor '/home/gari/Documents/ROS2/ros2_refer/install/my_robot_bringup/share/my_robot_bringup/package.dsv'
[4.257s] INFO:colcon.colcon_core.shell:Creating package script '/home/gari/Documents/ROS2/ros2_refer/install/my_robot_bringup/share/my_robot_bringup/package.sh'
[4.258s] INFO:colcon.colcon_core.shell:Creating package script '/home/gari/Documents/ROS2/ros2_refer/install/my_robot_bringup/share/my_robot_bringup/package.bash'
[4.258s] INFO:colcon.colcon_core.shell:Creating package script '/home/gari/Documents/ROS2/ros2_refer/install/my_robot_bringup/share/my_robot_bringup/package.zsh'
[4.259s] Level 1:colcon.colcon_core.environment:create_file_with_runtime_dependencies(/home/gari/Documents/ROS2/ros2_refer/install/my_robot_bringup/share/colcon-core/packages/my_robot_bringup)
[4.271s] Level 1:colcon.colcon_core.environment:create_environment_scripts_only(my_robot_description)
[4.272s] Level 1:colcon.colcon_core.environment:checking '/home/gari/Documents/ROS2/ros2_refer/install/my_robot_description' for CMake module files
[4.272s] DEBUG:colcon.colcon_core.event_handler.log_command:Invoked command in '/home/gari/Documents/ROS2/ros2_refer/build/my_robot_description' returned '0': CMAKE_PREFIX_PATH=${CMAKE_PREFIX_PATH}:/opt/ros/humble /usr/bin/cmake --install /home/gari/Documents/ROS2/ros2_refer/build/my_robot_description
[4.273s] Level 1:colcon.colcon_core.environment:checking '/home/gari/Documents/ROS2/ros2_refer/install/my_robot_description' for CMake config files
[4.273s] Level 1:colcon.colcon_core.shell:create_environment_hook('my_robot_description', 'cmake_prefix_path')
[4.273s] INFO:colcon.colcon_core.shell:Creating environment hook '/home/gari/Documents/ROS2/ros2_refer/install/my_robot_description/share/my_robot_description/hook/cmake_prefix_path.ps1'
[4.274s] INFO:colcon.colcon_core.shell:Creating environment descriptor '/home/gari/Documents/ROS2/ros2_refer/install/my_robot_description/share/my_robot_description/hook/cmake_prefix_path.dsv'
[4.275s] INFO:colcon.colcon_core.shell:Creating environment hook '/home/gari/Documents/ROS2/ros2_refer/install/my_robot_description/share/my_robot_description/hook/cmake_prefix_path.sh'
[4.276s] Level 1:colcon.colcon_core.environment:checking '/home/gari/Documents/ROS2/ros2_refer/install/my_robot_description/bin'
[4.276s] Level 1:colcon.colcon_core.environment:checking '/home/gari/Documents/ROS2/ros2_refer/install/my_robot_description/lib/pkgconfig/my_robot_description.pc'
[4.276s] Level 1:colcon.colcon_core.environment:checking '/home/gari/Documents/ROS2/ros2_refer/install/my_robot_description/lib/python3.10/site-packages'
[4.277s] Level 1:colcon.colcon_core.environment:checking '/home/gari/Documents/ROS2/ros2_refer/install/my_robot_description/bin'
[4.277s] INFO:colcon.colcon_core.shell:Creating package script '/home/gari/Documents/ROS2/ros2_refer/install/my_robot_description/share/my_robot_description/package.ps1'
[4.278s] INFO:colcon.colcon_core.shell:Creating package descriptor '/home/gari/Documents/ROS2/ros2_refer/install/my_robot_description/share/my_robot_description/package.dsv'
[4.279s] INFO:colcon.colcon_core.shell:Creating package script '/home/gari/Documents/ROS2/ros2_refer/install/my_robot_description/share/my_robot_description/package.sh'
[4.279s] INFO:colcon.colcon_core.shell:Creating package script '/home/gari/Documents/ROS2/ros2_refer/install/my_robot_description/share/my_robot_description/package.bash'
[4.280s] INFO:colcon.colcon_core.shell:Creating package script '/home/gari/Documents/ROS2/ros2_refer/install/my_robot_description/share/my_robot_description/package.zsh'
[4.281s] Level 1:colcon.colcon_core.environment:create_file_with_runtime_dependencies(/home/gari/Documents/ROS2/ros2_refer/install/my_robot_description/share/colcon-core/packages/my_robot_description)
[4.281s] Level 1:colcon.colcon_core.environment:create_environment_scripts_only(my_robot_description)
[4.282s] Level 1:colcon.colcon_core.environment:checking '/home/gari/Documents/ROS2/ros2_refer/install/my_robot_description' for CMake module files
[4.282s] Level 1:colcon.colcon_core.environment:checking '/home/gari/Documents/ROS2/ros2_refer/install/my_robot_description' for CMake config files
[4.283s] Level 1:colcon.colcon_core.shell:create_environment_hook('my_robot_description', 'cmake_prefix_path')
[4.283s] INFO:colcon.colcon_core.shell:Creating environment hook '/home/gari/Documents/ROS2/ros2_refer/install/my_robot_description/share/my_robot_description/hook/cmake_prefix_path.ps1'
[4.284s] INFO:colcon.colcon_core.shell:Creating environment descriptor '/home/gari/Documents/ROS2/ros2_refer/install/my_robot_description/share/my_robot_description/hook/cmake_prefix_path.dsv'
[4.284s] INFO:colcon.colcon_core.shell:Creating environment hook '/home/gari/Documents/ROS2/ros2_refer/install/my_robot_description/share/my_robot_description/hook/cmake_prefix_path.sh'
[4.285s] Level 1:colcon.colcon_core.environment:checking '/home/gari/Documents/ROS2/ros2_refer/install/my_robot_description/bin'
[4.285s] Level 1:colcon.colcon_core.environment:checking '/home/gari/Documents/ROS2/ros2_refer/install/my_robot_description/lib/pkgconfig/my_robot_description.pc'
[4.286s] Level 1:colcon.colcon_core.environment:checking '/home/gari/Documents/ROS2/ros2_refer/install/my_robot_description/lib/python3.10/site-packages'
[4.286s] Level 1:colcon.colcon_core.environment:checking '/home/gari/Documents/ROS2/ros2_refer/install/my_robot_description/bin'
[4.287s] INFO:colcon.colcon_core.shell:Creating package script '/home/gari/Documents/ROS2/ros2_refer/install/my_robot_description/share/my_robot_description/package.ps1'
[4.287s] INFO:colcon.colcon_core.shell:Creating package descriptor '/home/gari/Documents/ROS2/ros2_refer/install/my_robot_description/share/my_robot_description/package.dsv'
[4.288s] INFO:colcon.colcon_core.shell:Creating package script '/home/gari/Documents/ROS2/ros2_refer/install/my_robot_description/share/my_robot_description/package.sh'
[4.289s] INFO:colcon.colcon_core.shell:Creating package script '/home/gari/Documents/ROS2/ros2_refer/install/my_robot_description/share/my_robot_description/package.bash'
[4.290s] INFO:colcon.colcon_core.shell:Creating package script '/home/gari/Documents/ROS2/ros2_refer/install/my_robot_description/share/my_robot_description/package.zsh'
[4.290s] Level 1:colcon.colcon_core.environment:create_file_with_runtime_dependencies(/home/gari/Documents/ROS2/ros2_refer/install/my_robot_description/share/colcon-core/packages/my_robot_description)
[4.291s] DEBUG:colcon.colcon_parallel_executor.executor.parallel:closing loop
[4.291s] DEBUG:colcon.colcon_parallel_executor.executor.parallel:loop closed
[4.291s] DEBUG:colcon.colcon_parallel_executor.executor.parallel:run_until_complete finished with '0'
[4.291s] DEBUG:colcon.colcon_core.event_reactor:joining thread
[4.298s] INFO:colcon.colcon_core.plugin_system:Skipping extension 'colcon_notification.desktop_notification.terminal_notifier': Not used on non-Darwin systems
[4.298s] INFO:colcon.colcon_core.plugin_system:Skipping extension 'colcon_notification.desktop_notification.win32': Not used on non-Windows systems
[4.298s] INFO:colcon.colcon_notification.desktop_notification:Sending desktop notification using 'notify2'
[4.310s] DEBUG:colcon.colcon_core.event_reactor:joined thread
[4.311s] INFO:colcon.colcon_core.shell:Creating prefix script '/home/gari/Documents/ROS2/ros2_refer/install/local_setup.ps1'
[4.312s] INFO:colcon.colcon_core.shell:Creating prefix util module '/home/gari/Documents/ROS2/ros2_refer/install/_local_setup_util_ps1.py'
[4.314s] INFO:colcon.colcon_core.shell:Creating prefix chain script '/home/gari/Documents/ROS2/ros2_refer/install/setup.ps1'
[4.315s] INFO:colcon.colcon_core.shell:Creating prefix script '/home/gari/Documents/ROS2/ros2_refer/install/local_setup.sh'
[4.316s] INFO:colcon.colcon_core.shell:Creating prefix util module '/home/gari/Documents/ROS2/ros2_refer/install/_local_setup_util_sh.py'
[4.317s] INFO:colcon.colcon_core.shell:Creating prefix chain script '/home/gari/Documents/ROS2/ros2_refer/install/setup.sh'
[4.318s] INFO:colcon.colcon_core.shell:Creating prefix script '/home/gari/Documents/ROS2/ros2_refer/install/local_setup.bash'
[4.319s] INFO:colcon.colcon_core.shell:Creating prefix chain script '/home/gari/Documents/ROS2/ros2_refer/install/setup.bash'
[4.320s] INFO:colcon.colcon_core.shell:Creating prefix script '/home/gari/Documents/ROS2/ros2_refer/install/local_setup.zsh'
[4.321s] INFO:colcon.colcon_core.shell:Creating prefix chain script '/home/gari/Documents/ROS2/ros2_refer/install/setup.zsh'
