[0.246s] DEBUG:colcon:Command line arguments: ['/usr/bin/colcon', 'build', '--symlink-install']
[0.247s] DEBUG:colcon:Parsed command line arguments: Namespace(log_base=None, log_level=None, verb_name='build', build_base='build', install_base='install', merge_install=False, symlink_install=True, test_result_base=None, continue_on_error=False, executor='parallel', parallel_workers=12, event_handlers=None, ignore_user_meta=False, metas=['./colcon.meta'], base_paths=['.'], packages_ignore=None, packages_ignore_regex=None, paths=None, packages_up_to=None, packages_up_to_regex=None, packages_above=None, packages_above_and_dependencies=None, packages_above_depth=None, packages_select_by_dep=None, packages_skip_by_dep=None, packages_skip_up_to=None, packages_select_build_failed=False, packages_skip_build_finished=False, packages_select_test_failures=False, packages_skip_test_passed=False, packages_select=None, packages_skip=None, packages_select_regex=None, packages_skip_regex=None, packages_start=None, packages_end=None, allow_overriding=[], cmake_args=None, cmake_target=None, cmake_target_skip_unavailable=False, cmake_clean_cache=False, cmake_clean_first=False, cmake_force_configure=False, ament_cmake_args=None, catkin_cmake_args=None, catkin_skip_building_tests=False, verb_parser=<colcon_defaults.argument_parser.defaults.DefaultArgumentsDecorator object at 0x7b43d8e37130>, verb_extension=<colcon_core.verb.build.BuildVerb object at 0x7b43d8e36b90>, main=<bound method BuildVerb.main of <colcon_core.verb.build.BuildVerb object at 0x7b43d8e36b90>>)
[0.457s] Level 1:colcon.colcon_core.package_discovery:discover_packages(colcon_meta) check parameters
[0.457s] Level 1:colcon.colcon_core.package_discovery:discover_packages(recursive) check parameters
[0.457s] Level 1:colcon.colcon_core.package_discovery:discover_packages(ignore) check parameters
[0.457s] Level 1:colcon.colcon_core.package_discovery:discover_packages(path) check parameters
[0.457s] Level 1:colcon.colcon_core.package_discovery:discover_packages(colcon_meta) discover
[0.457s] Level 1:colcon.colcon_core.package_discovery:discover_packages(recursive) discover
[0.457s] INFO:colcon.colcon_core.package_discovery:Crawling recursively for packages in '/home/gari/Documents/ROS2/ros2_ws'
[0.457s] Level 1:colcon.colcon_core.package_identification:_identify(.) by extensions ['ignore', 'ignore_ament_install']
[0.457s] Level 1:colcon.colcon_core.package_identification:_identify(.) by extension 'ignore'
[0.457s] Level 1:colcon.colcon_core.package_identification:_identify(.) by extension 'ignore_ament_install'
[0.457s] Level 1:colcon.colcon_core.package_identification:_identify(.) by extensions ['colcon_pkg']
[0.458s] Level 1:colcon.colcon_core.package_identification:_identify(.) by extension 'colcon_pkg'
[0.458s] Level 1:colcon.colcon_core.package_identification:_identify(.) by extensions ['colcon_meta']
[0.458s] Level 1:colcon.colcon_core.package_identification:_identify(.) by extension 'colcon_meta'
[0.458s] Level 1:colcon.colcon_core.package_identification:_identify(.) by extensions ['ros']
[0.458s] Level 1:colcon.colcon_core.package_identification:_identify(.) by extension 'ros'
[0.473s] Level 1:colcon.colcon_core.package_identification:_identify(.) by extensions ['cmake', 'python']
[0.473s] Level 1:colcon.colcon_core.package_identification:_identify(.) by extension 'cmake'
[0.474s] Level 1:colcon.colcon_core.package_identification:_identify(.) by extension 'python'
[0.474s] Level 1:colcon.colcon_core.package_identification:_identify(.) by extensions ['python_setup_py']
[0.474s] Level 1:colcon.colcon_core.package_identification:_identify(.) by extension 'python_setup_py'
[0.474s] Level 1:colcon.colcon_core.package_identification:_identify(build) by extensions ['ignore', 'ignore_ament_install']
[0.474s] Level 1:colcon.colcon_core.package_identification:_identify(build) by extension 'ignore'
[0.474s] Level 1:colcon.colcon_core.package_identification:_identify(build) ignored
[0.474s] Level 1:colcon.colcon_core.package_identification:_identify(install) by extensions ['ignore', 'ignore_ament_install']
[0.474s] Level 1:colcon.colcon_core.package_identification:_identify(install) by extension 'ignore'
[0.474s] Level 1:colcon.colcon_core.package_identification:_identify(install) ignored
[0.475s] Level 1:colcon.colcon_core.package_identification:_identify(log) by extensions ['ignore', 'ignore_ament_install']
[0.475s] Level 1:colcon.colcon_core.package_identification:_identify(log) by extension 'ignore'
[0.475s] Level 1:colcon.colcon_core.package_identification:_identify(log) ignored
[0.475s] Level 1:colcon.colcon_core.package_identification:_identify(src) by extensions ['ignore', 'ignore_ament_install']
[0.475s] Level 1:colcon.colcon_core.package_identification:_identify(src) by extension 'ignore'
[0.475s] Level 1:colcon.colcon_core.package_identification:_identify(src) by extension 'ignore_ament_install'
[0.475s] Level 1:colcon.colcon_core.package_identification:_identify(src) by extensions ['colcon_pkg']
[0.475s] Level 1:colcon.colcon_core.package_identification:_identify(src) by extension 'colcon_pkg'
[0.475s] Level 1:colcon.colcon_core.package_identification:_identify(src) by extensions ['colcon_meta']
[0.475s] Level 1:colcon.colcon_core.package_identification:_identify(src) by extension 'colcon_meta'
[0.476s] Level 1:colcon.colcon_core.package_identification:_identify(src) by extensions ['ros']
[0.476s] Level 1:colcon.colcon_core.package_identification:_identify(src) by extension 'ros'
[0.476s] Level 1:colcon.colcon_core.package_identification:_identify(src) by extensions ['cmake', 'python']
[0.476s] Level 1:colcon.colcon_core.package_identification:_identify(src) by extension 'cmake'
[0.476s] Level 1:colcon.colcon_core.package_identification:_identify(src) by extension 'python'
[0.476s] Level 1:colcon.colcon_core.package_identification:_identify(src) by extensions ['python_setup_py']
[0.476s] Level 1:colcon.colcon_core.package_identification:_identify(src) by extension 'python_setup_py'
[0.476s] Level 1:colcon.colcon_core.package_identification:_identify(src/my_robot_controller) by extensions ['ignore', 'ignore_ament_install']
[0.476s] Level 1:colcon.colcon_core.package_identification:_identify(src/my_robot_controller) by extension 'ignore'
[0.477s] Level 1:colcon.colcon_core.package_identification:_identify(src/my_robot_controller) by extension 'ignore_ament_install'
[0.477s] Level 1:colcon.colcon_core.package_identification:_identify(src/my_robot_controller) by extensions ['colcon_pkg']
[0.477s] Level 1:colcon.colcon_core.package_identification:_identify(src/my_robot_controller) by extension 'colcon_pkg'
[0.477s] Level 1:colcon.colcon_core.package_identification:_identify(src/my_robot_controller) by extensions ['colcon_meta']
[0.477s] Level 1:colcon.colcon_core.package_identification:_identify(src/my_robot_controller) by extension 'colcon_meta'
[0.477s] Level 1:colcon.colcon_core.package_identification:_identify(src/my_robot_controller) by extensions ['ros']
[0.477s] Level 1:colcon.colcon_core.package_identification:_identify(src/my_robot_controller) by extension 'ros'
[0.481s] DEBUG:colcon.colcon_core.package_identification:Package 'src/my_robot_controller' with type 'ros.ament_python' and name 'my_robot_controller'
[0.481s] Level 1:colcon.colcon_core.package_discovery:discover_packages(recursive) using defaults
[0.481s] Level 1:colcon.colcon_core.package_discovery:discover_packages(ignore) discover
[0.481s] Level 1:colcon.colcon_core.package_discovery:discover_packages(ignore) using defaults
[0.481s] Level 1:colcon.colcon_core.package_discovery:discover_packages(path) discover
[0.481s] Level 1:colcon.colcon_core.package_discovery:discover_packages(path) using defaults
[0.528s] Level 1:colcon.colcon_core.package_discovery:discover_packages(prefix_path) check parameters
[0.529s] Level 1:colcon.colcon_core.package_discovery:discover_packages(prefix_path) discover
[0.540s] DEBUG:colcon.colcon_installed_package_information.package_discovery:Found 271 installed packages in /opt/ros/humble
[0.546s] Level 1:colcon.colcon_core.package_discovery:discover_packages(prefix_path) using defaults
[0.607s] Level 5:colcon.colcon_core.verb:set package 'my_robot_controller' build argument 'cmake_args' from command line to 'None'
[0.607s] Level 5:colcon.colcon_core.verb:set package 'my_robot_controller' build argument 'cmake_target' from command line to 'None'
[0.607s] Level 5:colcon.colcon_core.verb:set package 'my_robot_controller' build argument 'cmake_target_skip_unavailable' from command line to 'False'
[0.607s] Level 5:colcon.colcon_core.verb:set package 'my_robot_controller' build argument 'cmake_clean_cache' from command line to 'False'
[0.608s] Level 5:colcon.colcon_core.verb:set package 'my_robot_controller' build argument 'cmake_clean_first' from command line to 'False'
[0.608s] Level 5:colcon.colcon_core.verb:set package 'my_robot_controller' build argument 'cmake_force_configure' from command line to 'False'
[0.608s] Level 5:colcon.colcon_core.verb:set package 'my_robot_controller' build argument 'ament_cmake_args' from command line to 'None'
[0.608s] Level 5:colcon.colcon_core.verb:set package 'my_robot_controller' build argument 'catkin_cmake_args' from command line to 'None'
[0.608s] Level 5:colcon.colcon_core.verb:set package 'my_robot_controller' build argument 'catkin_skip_building_tests' from command line to 'False'
[0.608s] DEBUG:colcon.colcon_core.verb:Building package 'my_robot_controller' with the following arguments: {'ament_cmake_args': None, 'build_base': '/home/gari/Documents/ROS2/ros2_ws/build/my_robot_controller', 'catkin_cmake_args': None, 'catkin_skip_building_tests': False, 'cmake_args': None, 'cmake_clean_cache': False, 'cmake_clean_first': False, 'cmake_force_configure': False, 'cmake_target': None, 'cmake_target_skip_unavailable': False, 'install_base': '/home/gari/Documents/ROS2/ros2_ws/install/my_robot_controller', 'merge_install': False, 'path': '/home/gari/Documents/ROS2/ros2_ws/src/my_robot_controller', 'symlink_install': True, 'test_result_base': None}
[0.608s] INFO:colcon.colcon_core.executor:Executing jobs using 'parallel' executor
[0.609s] DEBUG:colcon.colcon_parallel_executor.executor.parallel:run_until_complete
[0.609s] INFO:colcon.colcon_ros.task.ament_python.build:Building ROS package in '/home/gari/Documents/ROS2/ros2_ws/src/my_robot_controller' with build type 'ament_python'
[0.609s] Level 1:colcon.colcon_core.shell:create_environment_hook('my_robot_controller', 'ament_prefix_path')
[0.614s] INFO:colcon.colcon_core.plugin_system:Skipping extension 'colcon_core.shell.bat': Not used on non-Windows systems
[0.614s] INFO:colcon.colcon_core.shell:Creating environment hook '/home/gari/Documents/ROS2/ros2_ws/install/my_robot_controller/share/my_robot_controller/hook/ament_prefix_path.ps1'
[0.624s] INFO:colcon.colcon_core.shell:Creating environment descriptor '/home/gari/Documents/ROS2/ros2_ws/install/my_robot_controller/share/my_robot_controller/hook/ament_prefix_path.dsv'
[0.648s] INFO:colcon.colcon_core.shell:Creating environment hook '/home/gari/Documents/ROS2/ros2_ws/install/my_robot_controller/share/my_robot_controller/hook/ament_prefix_path.sh'
[0.651s] INFO:colcon.colcon_core.shell:Skip shell extension 'powershell' for command environment: Not usable outside of PowerShell
[0.651s] DEBUG:colcon.colcon_core.shell:Skip shell extension 'dsv' for command environment
[0.999s] INFO:colcon.colcon_core.task.python.build:Building Python package in '/home/gari/Documents/ROS2/ros2_ws/src/my_robot_controller'
[1.000s] INFO:colcon.colcon_core.shell:Skip shell extension 'powershell' for command environment: Not usable outside of PowerShell
[1.000s] DEBUG:colcon.colcon_core.shell:Skip shell extension 'dsv' for command environment
[2.009s] DEBUG:colcon.colcon_core.event_handler.log_command:Invoking command in '/home/gari/Documents/ROS2/ros2_ws/build/my_robot_controller': PYTHONPATH=/home/gari/Documents/ROS2/ros2_ws/build/my_robot_controller/prefix_override:/usr/lib/python3/dist-packages/colcon_core/task/python/colcon_distutils_commands:/home/gari/Documents/ROS2/ros2_ws/install/my_robot_controller/lib/python3.10/site-packages:${PYTHONPATH} /usr/bin/python3 -W ignore:setup.py install is deprecated -W ignore:easy_install command is deprecated setup.py develop --editable --build-directory /home/gari/Documents/ROS2/ros2_ws/build/my_robot_controller/build --no-deps symlink_data
[2.574s] Level 1:colcon.colcon_core.shell:create_environment_hook('my_robot_controller', 'pythonpath_develop')
[2.575s] INFO:colcon.colcon_core.shell:Creating environment hook '/home/gari/Documents/ROS2/ros2_ws/build/my_robot_controller/share/my_robot_controller/hook/pythonpath_develop.ps1'
[2.575s] DEBUG:colcon.colcon_core.event_handler.log_command:Invoked command in '/home/gari/Documents/ROS2/ros2_ws/build/my_robot_controller' returned '0': PYTHONPATH=/home/gari/Documents/ROS2/ros2_ws/build/my_robot_controller/prefix_override:/usr/lib/python3/dist-packages/colcon_core/task/python/colcon_distutils_commands:/home/gari/Documents/ROS2/ros2_ws/install/my_robot_controller/lib/python3.10/site-packages:${PYTHONPATH} /usr/bin/python3 -W ignore:setup.py install is deprecated -W ignore:easy_install command is deprecated setup.py develop --editable --build-directory /home/gari/Documents/ROS2/ros2_ws/build/my_robot_controller/build --no-deps symlink_data
[2.576s] INFO:colcon.colcon_core.shell:Creating environment descriptor '/home/gari/Documents/ROS2/ros2_ws/build/my_robot_controller/share/my_robot_controller/hook/pythonpath_develop.dsv'
[2.576s] INFO:colcon.colcon_core.shell:Creating environment hook '/home/gari/Documents/ROS2/ros2_ws/build/my_robot_controller/share/my_robot_controller/hook/pythonpath_develop.sh'
[2.582s] Level 1:colcon.colcon_core.environment:checking '/home/gari/Documents/ROS2/ros2_ws/install/my_robot_controller' for CMake module files
[2.583s] Level 1:colcon.colcon_core.environment:checking '/home/gari/Documents/ROS2/ros2_ws/install/my_robot_controller' for CMake config files
[2.584s] Level 1:colcon.colcon_core.environment:checking '/home/gari/Documents/ROS2/ros2_ws/install/my_robot_controller/lib'
[2.584s] Level 1:colcon.colcon_core.environment:checking '/home/gari/Documents/ROS2/ros2_ws/install/my_robot_controller/bin'
[2.584s] Level 1:colcon.colcon_core.environment:checking '/home/gari/Documents/ROS2/ros2_ws/install/my_robot_controller/lib/pkgconfig/my_robot_controller.pc'
[2.584s] Level 1:colcon.colcon_core.environment:checking '/home/gari/Documents/ROS2/ros2_ws/install/my_robot_controller/lib/python3.10/site-packages'
[2.584s] Level 1:colcon.colcon_core.shell:create_environment_hook('my_robot_controller', 'pythonpath')
[2.585s] INFO:colcon.colcon_core.shell:Creating environment hook '/home/gari/Documents/ROS2/ros2_ws/install/my_robot_controller/share/my_robot_controller/hook/pythonpath.ps1'
[2.585s] INFO:colcon.colcon_core.shell:Creating environment descriptor '/home/gari/Documents/ROS2/ros2_ws/install/my_robot_controller/share/my_robot_controller/hook/pythonpath.dsv'
[2.586s] INFO:colcon.colcon_core.shell:Creating environment hook '/home/gari/Documents/ROS2/ros2_ws/install/my_robot_controller/share/my_robot_controller/hook/pythonpath.sh'
[2.586s] Level 1:colcon.colcon_core.environment:checking '/home/gari/Documents/ROS2/ros2_ws/install/my_robot_controller/bin'
[2.586s] Level 1:colcon.colcon_core.environment:create_environment_scripts_only(my_robot_controller)
[2.587s] INFO:colcon.colcon_core.shell:Creating package script '/home/gari/Documents/ROS2/ros2_ws/install/my_robot_controller/share/my_robot_controller/package.ps1'
[2.588s] INFO:colcon.colcon_core.shell:Creating package descriptor '/home/gari/Documents/ROS2/ros2_ws/install/my_robot_controller/share/my_robot_controller/package.dsv'
[2.590s] INFO:colcon.colcon_core.shell:Creating package script '/home/gari/Documents/ROS2/ros2_ws/install/my_robot_controller/share/my_robot_controller/package.sh'
[2.591s] INFO:colcon.colcon_core.shell:Creating package script '/home/gari/Documents/ROS2/ros2_ws/install/my_robot_controller/share/my_robot_controller/package.bash'
[2.592s] INFO:colcon.colcon_core.shell:Creating package script '/home/gari/Documents/ROS2/ros2_ws/install/my_robot_controller/share/my_robot_controller/package.zsh'
[2.615s] Level 1:colcon.colcon_core.environment:create_file_with_runtime_dependencies(/home/gari/Documents/ROS2/ros2_ws/install/my_robot_controller/share/colcon-core/packages/my_robot_controller)
[2.615s] DEBUG:colcon.colcon_parallel_executor.executor.parallel:closing loop
[2.616s] DEBUG:colcon.colcon_parallel_executor.executor.parallel:loop closed
[2.616s] DEBUG:colcon.colcon_parallel_executor.executor.parallel:run_until_complete finished with '0'
[2.616s] DEBUG:colcon.colcon_core.event_reactor:joining thread
[2.623s] INFO:colcon.colcon_core.plugin_system:Skipping extension 'colcon_notification.desktop_notification.terminal_notifier': Not used on non-Darwin systems
[2.623s] INFO:colcon.colcon_core.plugin_system:Skipping extension 'colcon_notification.desktop_notification.win32': Not used on non-Windows systems
[2.623s] INFO:colcon.colcon_notification.desktop_notification:Sending desktop notification using 'notify2'
[2.643s] DEBUG:colcon.colcon_core.event_reactor:joined thread
[2.644s] INFO:colcon.colcon_core.shell:Creating prefix script '/home/gari/Documents/ROS2/ros2_ws/install/local_setup.ps1'
[2.646s] INFO:colcon.colcon_core.shell:Creating prefix util module '/home/gari/Documents/ROS2/ros2_ws/install/_local_setup_util_ps1.py'
[2.649s] INFO:colcon.colcon_core.shell:Creating prefix chain script '/home/gari/Documents/ROS2/ros2_ws/install/setup.ps1'
[2.650s] INFO:colcon.colcon_core.shell:Creating prefix script '/home/gari/Documents/ROS2/ros2_ws/install/local_setup.sh'
[2.651s] INFO:colcon.colcon_core.shell:Creating prefix util module '/home/gari/Documents/ROS2/ros2_ws/install/_local_setup_util_sh.py'
[2.652s] INFO:colcon.colcon_core.shell:Creating prefix chain script '/home/gari/Documents/ROS2/ros2_ws/install/setup.sh'
[2.655s] INFO:colcon.colcon_core.shell:Creating prefix script '/home/gari/Documents/ROS2/ros2_ws/install/local_setup.bash'
[2.656s] INFO:colcon.colcon_core.shell:Creating prefix chain script '/home/gari/Documents/ROS2/ros2_ws/install/setup.bash'
[2.657s] INFO:colcon.colcon_core.shell:Creating prefix script '/home/gari/Documents/ROS2/ros2_ws/install/local_setup.zsh'
[2.658s] INFO:colcon.colcon_core.shell:Creating prefix chain script '/home/gari/Documents/ROS2/ros2_ws/install/setup.zsh'
