[0.711s] Invoking command in '/home/gari/Documents/ROS2/ros2_ws/src/my_robot_controller': PYTHONPATH=/home/gari/Documents/ROS2/ros2_ws/build/my_robot_controller/prefix_override:/usr/lib/python3/dist-packages/colcon_core/task/python/colcon_distutils_commands:/home/gari/Documents/ROS2/ros2_ws/install/my_robot_controller/lib/python3.10/site-packages:${PYTHONPATH} /usr/bin/python3 -W ignore:setup.py install is deprecated -W ignore:easy_install command is deprecated setup.py egg_info --egg-base ../../build/my_robot_controller build --build-base /home/gari/Documents/ROS2/ros2_ws/build/my_robot_controller/build install --record /home/gari/Documents/ROS2/ros2_ws/build/my_robot_controller/install.log --single-version-externally-managed install_data
[0.993s] running egg_info
[0.994s] writing ../../build/my_robot_controller/my_robot_controller.egg-info/PKG-INFO
[0.994s] writing dependency_links to ../../build/my_robot_controller/my_robot_controller.egg-info/dependency_links.txt
[0.994s] writing entry points to ../../build/my_robot_controller/my_robot_controller.egg-info/entry_points.txt
[0.994s] writing requirements to ../../build/my_robot_controller/my_robot_controller.egg-info/requires.txt
[0.995s] writing top-level names to ../../build/my_robot_controller/my_robot_controller.egg-info/top_level.txt
[0.996s] reading manifest file '../../build/my_robot_controller/my_robot_controller.egg-info/SOURCES.txt'
[1.006s] writing manifest file '../../build/my_robot_controller/my_robot_controller.egg-info/SOURCES.txt'
[1.007s] running build
[1.007s] running build_py
[1.007s] running install
[1.008s] running install_lib
[1.010s] running install_data
[1.010s] running install_egg_info
[1.013s] removing '/home/gari/Documents/ROS2/ros2_ws/install/my_robot_controller/lib/python3.10/site-packages/my_robot_controller-0.0.0-py3.10.egg-info' (and everything under it)
[1.013s] Copying ../../build/my_robot_controller/my_robot_controller.egg-info to /home/gari/Documents/ROS2/ros2_ws/install/my_robot_controller/lib/python3.10/site-packages/my_robot_controller-0.0.0-py3.10.egg-info
[1.015s] running install_scripts
[1.040s] Installing test_node script to /home/gari/Documents/ROS2/ros2_ws/install/my_robot_controller/lib/my_robot_controller
[1.040s] writing list of installed files to '/home/gari/Documents/ROS2/ros2_ws/build/my_robot_controller/install.log'
[1.062s] Invoked command in '/home/gari/Documents/ROS2/ros2_ws/src/my_robot_controller' returned '0': PYTHONPATH=/home/gari/Documents/ROS2/ros2_ws/build/my_robot_controller/prefix_override:/usr/lib/python3/dist-packages/colcon_core/task/python/colcon_distutils_commands:/home/gari/Documents/ROS2/ros2_ws/install/my_robot_controller/lib/python3.10/site-packages:${PYTHONPATH} /usr/bin/python3 -W ignore:setup.py install is deprecated -W ignore:easy_install command is deprecated setup.py egg_info --egg-base ../../build/my_robot_controller build --build-base /home/gari/Documents/ROS2/ros2_ws/build/my_robot_controller/build install --record /home/gari/Documents/ROS2/ros2_ws/build/my_robot_controller/install.log --single-version-externally-managed install_data
