[0.135s] DEBUG:colcon:Command line arguments: ['/usr/bin/colcon', 'build', '--symlink-install']
[0.135s] DEBUG:colcon:Parsed command line arguments: Namespace(log_base=None, log_level=None, verb_name='build', build_base='build', install_base='install', merge_install=False, symlink_install=True, test_result_base=None, continue_on_error=False, executor='parallel', parallel_workers=12, event_handlers=None, ignore_user_meta=False, metas=['./colcon.meta'], base_paths=['.'], packages_ignore=None, packages_ignore_regex=None, paths=None, packages_up_to=None, packages_up_to_regex=None, packages_above=None, packages_above_and_dependencies=None, packages_above_depth=None, packages_select_by_dep=None, packages_skip_by_dep=None, packages_skip_up_to=None, packages_select_build_failed=False, packages_skip_build_finished=False, packages_select_test_failures=False, packages_skip_test_passed=False, packages_select=None, packages_skip=None, packages_select_regex=None, packages_skip_regex=None, packages_start=None, packages_end=None, allow_overriding=[], cmake_args=None, cmake_target=None, cmake_target_skip_unavailable=False, cmake_clean_cache=False, cmake_clean_first=False, cmake_force_configure=False, ament_cmake_args=None, catkin_cmake_args=None, catkin_skip_building_tests=False, verb_parser=<colcon_defaults.argument_parser.defaults.DefaultArgumentsDecorator object at 0x718961a17eb0>, verb_extension=<colcon_core.verb.build.BuildVerb object at 0x718961a17910>, main=<bound method BuildVerb.main of <colcon_core.verb.build.BuildVerb object at 0x718961a17910>>)
[0.406s] Level 1:colcon.colcon_core.package_discovery:discover_packages(colcon_meta) check parameters
[0.406s] Level 1:colcon.colcon_core.package_discovery:discover_packages(recursive) check parameters
[0.406s] Level 1:colcon.colcon_core.package_discovery:discover_packages(ignore) check parameters
[0.406s] Level 1:colcon.colcon_core.package_discovery:discover_packages(path) check parameters
[0.406s] Level 1:colcon.colcon_core.package_discovery:discover_packages(colcon_meta) discover
[0.406s] Level 1:colcon.colcon_core.package_discovery:discover_packages(recursive) discover
[0.406s] INFO:colcon.colcon_core.package_discovery:Crawling recursively for packages in '/home/gari/Documents/ROS2/turtle_sim_project'
[0.406s] Level 1:colcon.colcon_core.package_identification:_identify(.) by extensions ['ignore', 'ignore_ament_install']
[0.407s] Level 1:colcon.colcon_core.package_identification:_identify(.) by extension 'ignore'
[0.407s] Level 1:colcon.colcon_core.package_identification:_identify(.) by extension 'ignore_ament_install'
[0.407s] Level 1:colcon.colcon_core.package_identification:_identify(.) by extensions ['colcon_pkg']
[0.407s] Level 1:colcon.colcon_core.package_identification:_identify(.) by extension 'colcon_pkg'
[0.407s] Level 1:colcon.colcon_core.package_identification:_identify(.) by extensions ['colcon_meta']
[0.407s] Level 1:colcon.colcon_core.package_identification:_identify(.) by extension 'colcon_meta'
[0.407s] Level 1:colcon.colcon_core.package_identification:_identify(.) by extensions ['ros']
[0.407s] Level 1:colcon.colcon_core.package_identification:_identify(.) by extension 'ros'
[0.422s] Level 1:colcon.colcon_core.package_identification:_identify(.) by extensions ['cmake', 'python']
[0.422s] Level 1:colcon.colcon_core.package_identification:_identify(.) by extension 'cmake'
[0.422s] Level 1:colcon.colcon_core.package_identification:_identify(.) by extension 'python'
[0.422s] Level 1:colcon.colcon_core.package_identification:_identify(.) by extensions ['python_setup_py']
[0.422s] Level 1:colcon.colcon_core.package_identification:_identify(.) by extension 'python_setup_py'
[0.422s] Level 1:colcon.colcon_core.package_identification:_identify(build) by extensions ['ignore', 'ignore_ament_install']
[0.423s] Level 1:colcon.colcon_core.package_identification:_identify(build) by extension 'ignore'
[0.423s] Level 1:colcon.colcon_core.package_identification:_identify(build) ignored
[0.423s] Level 1:colcon.colcon_core.package_identification:_identify(install) by extensions ['ignore', 'ignore_ament_install']
[0.423s] Level 1:colcon.colcon_core.package_identification:_identify(install) by extension 'ignore'
[0.423s] Level 1:colcon.colcon_core.package_identification:_identify(install) ignored
[0.423s] Level 1:colcon.colcon_core.package_identification:_identify(log) by extensions ['ignore', 'ignore_ament_install']
[0.424s] Level 1:colcon.colcon_core.package_identification:_identify(log) by extension 'ignore'
[0.424s] Level 1:colcon.colcon_core.package_identification:_identify(log) ignored
[0.424s] Level 1:colcon.colcon_core.package_identification:_identify(src) by extensions ['ignore', 'ignore_ament_install']
[0.424s] Level 1:colcon.colcon_core.package_identification:_identify(src) by extension 'ignore'
[0.424s] Level 1:colcon.colcon_core.package_identification:_identify(src) by extension 'ignore_ament_install'
[0.424s] Level 1:colcon.colcon_core.package_identification:_identify(src) by extensions ['colcon_pkg']
[0.424s] Level 1:colcon.colcon_core.package_identification:_identify(src) by extension 'colcon_pkg'
[0.424s] Level 1:colcon.colcon_core.package_identification:_identify(src) by extensions ['colcon_meta']
[0.424s] Level 1:colcon.colcon_core.package_identification:_identify(src) by extension 'colcon_meta'
[0.425s] Level 1:colcon.colcon_core.package_identification:_identify(src) by extensions ['ros']
[0.425s] Level 1:colcon.colcon_core.package_identification:_identify(src) by extension 'ros'
[0.425s] Level 1:colcon.colcon_core.package_identification:_identify(src) by extensions ['cmake', 'python']
[0.425s] Level 1:colcon.colcon_core.package_identification:_identify(src) by extension 'cmake'
[0.425s] Level 1:colcon.colcon_core.package_identification:_identify(src) by extension 'python'
[0.425s] Level 1:colcon.colcon_core.package_identification:_identify(src) by extensions ['python_setup_py']
[0.425s] Level 1:colcon.colcon_core.package_identification:_identify(src) by extension 'python_setup_py'
[0.425s] Level 1:colcon.colcon_core.package_identification:_identify(src/build) by extensions ['ignore', 'ignore_ament_install']
[0.425s] Level 1:colcon.colcon_core.package_identification:_identify(src/build) by extension 'ignore'
[0.426s] Level 1:colcon.colcon_core.package_identification:_identify(src/build) ignored
[0.426s] Level 1:colcon.colcon_core.package_identification:_identify(src/catch_turtle_sim) by extensions ['ignore', 'ignore_ament_install']
[0.426s] Level 1:colcon.colcon_core.package_identification:_identify(src/catch_turtle_sim) by extension 'ignore'
[0.426s] Level 1:colcon.colcon_core.package_identification:_identify(src/catch_turtle_sim) by extension 'ignore_ament_install'
[0.426s] Level 1:colcon.colcon_core.package_identification:_identify(src/catch_turtle_sim) by extensions ['colcon_pkg']
[0.426s] Level 1:colcon.colcon_core.package_identification:_identify(src/catch_turtle_sim) by extension 'colcon_pkg'
[0.426s] Level 1:colcon.colcon_core.package_identification:_identify(src/catch_turtle_sim) by extensions ['colcon_meta']
[0.426s] Level 1:colcon.colcon_core.package_identification:_identify(src/catch_turtle_sim) by extension 'colcon_meta'
[0.427s] Level 1:colcon.colcon_core.package_identification:_identify(src/catch_turtle_sim) by extensions ['ros']
[0.427s] Level 1:colcon.colcon_core.package_identification:_identify(src/catch_turtle_sim) by extension 'ros'
[0.430s] DEBUG:colcon.colcon_core.package_identification:Package 'src/catch_turtle_sim' with type 'ros.ament_python' and name 'catch_turtle_sim'
[0.430s] Level 1:colcon.colcon_core.package_identification:_identify(src/install) by extensions ['ignore', 'ignore_ament_install']
[0.430s] Level 1:colcon.colcon_core.package_identification:_identify(src/install) by extension 'ignore'
[0.430s] Level 1:colcon.colcon_core.package_identification:_identify(src/install) ignored
[0.431s] Level 1:colcon.colcon_core.package_identification:_identify(src/log) by extensions ['ignore', 'ignore_ament_install']
[0.431s] Level 1:colcon.colcon_core.package_identification:_identify(src/log) by extension 'ignore'
[0.431s] Level 1:colcon.colcon_core.package_identification:_identify(src/log) ignored
[0.431s] Level 1:colcon.colcon_core.package_identification:_identify(src/my_robot_bringup) by extensions ['ignore', 'ignore_ament_install']
[0.431s] Level 1:colcon.colcon_core.package_identification:_identify(src/my_robot_bringup) by extension 'ignore'
[0.431s] Level 1:colcon.colcon_core.package_identification:_identify(src/my_robot_bringup) by extension 'ignore_ament_install'
[0.431s] Level 1:colcon.colcon_core.package_identification:_identify(src/my_robot_bringup) by extensions ['colcon_pkg']
[0.431s] Level 1:colcon.colcon_core.package_identification:_identify(src/my_robot_bringup) by extension 'colcon_pkg'
[0.432s] Level 1:colcon.colcon_core.package_identification:_identify(src/my_robot_bringup) by extensions ['colcon_meta']
[0.432s] Level 1:colcon.colcon_core.package_identification:_identify(src/my_robot_bringup) by extension 'colcon_meta'
[0.432s] Level 1:colcon.colcon_core.package_identification:_identify(src/my_robot_bringup) by extensions ['ros']
[0.432s] Level 1:colcon.colcon_core.package_identification:_identify(src/my_robot_bringup) by extension 'ros'
[0.433s] DEBUG:colcon.colcon_core.package_identification:Package 'src/my_robot_bringup' with type 'ros.ament_cmake' and name 'my_robot_bringup'
[0.433s] Level 1:colcon.colcon_core.package_identification:_identify(src/my_robot_interfaces) by extensions ['ignore', 'ignore_ament_install']
[0.433s] Level 1:colcon.colcon_core.package_identification:_identify(src/my_robot_interfaces) by extension 'ignore'
[0.433s] Level 1:colcon.colcon_core.package_identification:_identify(src/my_robot_interfaces) by extension 'ignore_ament_install'
[0.433s] Level 1:colcon.colcon_core.package_identification:_identify(src/my_robot_interfaces) by extensions ['colcon_pkg']
[0.433s] Level 1:colcon.colcon_core.package_identification:_identify(src/my_robot_interfaces) by extension 'colcon_pkg'
[0.433s] Level 1:colcon.colcon_core.package_identification:_identify(src/my_robot_interfaces) by extensions ['colcon_meta']
[0.434s] Level 1:colcon.colcon_core.package_identification:_identify(src/my_robot_interfaces) by extension 'colcon_meta'
[0.434s] Level 1:colcon.colcon_core.package_identification:_identify(src/my_robot_interfaces) by extensions ['ros']
[0.434s] Level 1:colcon.colcon_core.package_identification:_identify(src/my_robot_interfaces) by extension 'ros'
[0.434s] DEBUG:colcon.colcon_core.package_identification:Package 'src/my_robot_interfaces' with type 'ros.ament_cmake' and name 'my_robot_interfaces'
[0.435s] Level 1:colcon.colcon_core.package_discovery:discover_packages(recursive) using defaults
[0.435s] Level 1:colcon.colcon_core.package_discovery:discover_packages(ignore) discover
[0.435s] Level 1:colcon.colcon_core.package_discovery:discover_packages(ignore) using defaults
[0.435s] Level 1:colcon.colcon_core.package_discovery:discover_packages(path) discover
[0.435s] Level 1:colcon.colcon_core.package_discovery:discover_packages(path) using defaults
[0.460s] Level 1:colcon.colcon_core.package_discovery:discover_packages(prefix_path) check parameters
[0.460s] Level 1:colcon.colcon_core.package_discovery:discover_packages(prefix_path) discover
[0.462s] DEBUG:colcon.colcon_installed_package_information.package_discovery:Found 3 installed packages in /home/gari/Documents/ROS2/turtle_sim_project/install
[0.464s] DEBUG:colcon.colcon_installed_package_information.package_discovery:Found 271 installed packages in /opt/ros/humble
[0.466s] Level 1:colcon.colcon_core.package_discovery:discover_packages(prefix_path) using defaults
[0.569s] Level 5:colcon.colcon_core.verb:set package 'my_robot_interfaces' build argument 'cmake_args' from command line to 'None'
[0.569s] Level 5:colcon.colcon_core.verb:set package 'my_robot_interfaces' build argument 'cmake_target' from command line to 'None'
[0.569s] Level 5:colcon.colcon_core.verb:set package 'my_robot_interfaces' build argument 'cmake_target_skip_unavailable' from command line to 'False'
[0.569s] Level 5:colcon.colcon_core.verb:set package 'my_robot_interfaces' build argument 'cmake_clean_cache' from command line to 'False'
[0.569s] Level 5:colcon.colcon_core.verb:set package 'my_robot_interfaces' build argument 'cmake_clean_first' from command line to 'False'
[0.569s] Level 5:colcon.colcon_core.verb:set package 'my_robot_interfaces' build argument 'cmake_force_configure' from command line to 'False'
[0.569s] Level 5:colcon.colcon_core.verb:set package 'my_robot_interfaces' build argument 'ament_cmake_args' from command line to 'None'
[0.569s] Level 5:colcon.colcon_core.verb:set package 'my_robot_interfaces' build argument 'catkin_cmake_args' from command line to 'None'
[0.569s] Level 5:colcon.colcon_core.verb:set package 'my_robot_interfaces' build argument 'catkin_skip_building_tests' from command line to 'False'
[0.569s] DEBUG:colcon.colcon_core.verb:Building package 'my_robot_interfaces' with the following arguments: {'ament_cmake_args': None, 'build_base': '/home/gari/Documents/ROS2/turtle_sim_project/build/my_robot_interfaces', 'catkin_cmake_args': None, 'catkin_skip_building_tests': False, 'cmake_args': None, 'cmake_clean_cache': False, 'cmake_clean_first': False, 'cmake_force_configure': False, 'cmake_target': None, 'cmake_target_skip_unavailable': False, 'install_base': '/home/gari/Documents/ROS2/turtle_sim_project/install/my_robot_interfaces', 'merge_install': False, 'path': '/home/gari/Documents/ROS2/turtle_sim_project/src/my_robot_interfaces', 'symlink_install': True, 'test_result_base': None}
[0.570s] Level 5:colcon.colcon_core.verb:set package 'catch_turtle_sim' build argument 'cmake_args' from command line to 'None'
[0.570s] Level 5:colcon.colcon_core.verb:set package 'catch_turtle_sim' build argument 'cmake_target' from command line to 'None'
[0.570s] Level 5:colcon.colcon_core.verb:set package 'catch_turtle_sim' build argument 'cmake_target_skip_unavailable' from command line to 'False'
[0.570s] Level 5:colcon.colcon_core.verb:set package 'catch_turtle_sim' build argument 'cmake_clean_cache' from command line to 'False'
[0.570s] Level 5:colcon.colcon_core.verb:set package 'catch_turtle_sim' build argument 'cmake_clean_first' from command line to 'False'
[0.570s] Level 5:colcon.colcon_core.verb:set package 'catch_turtle_sim' build argument 'cmake_force_configure' from command line to 'False'
[0.570s] Level 5:colcon.colcon_core.verb:set package 'catch_turtle_sim' build argument 'ament_cmake_args' from command line to 'None'
[0.570s] Level 5:colcon.colcon_core.verb:set package 'catch_turtle_sim' build argument 'catkin_cmake_args' from command line to 'None'
[0.570s] Level 5:colcon.colcon_core.verb:set package 'catch_turtle_sim' build argument 'catkin_skip_building_tests' from command line to 'False'
[0.570s] DEBUG:colcon.colcon_core.verb:Building package 'catch_turtle_sim' with the following arguments: {'ament_cmake_args': None, 'build_base': '/home/gari/Documents/ROS2/turtle_sim_project/build/catch_turtle_sim', 'catkin_cmake_args': None, 'catkin_skip_building_tests': False, 'cmake_args': None, 'cmake_clean_cache': False, 'cmake_clean_first': False, 'cmake_force_configure': False, 'cmake_target': None, 'cmake_target_skip_unavailable': False, 'install_base': '/home/gari/Documents/ROS2/turtle_sim_project/install/catch_turtle_sim', 'merge_install': False, 'path': '/home/gari/Documents/ROS2/turtle_sim_project/src/catch_turtle_sim', 'symlink_install': True, 'test_result_base': None}
[0.571s] Level 5:colcon.colcon_core.verb:set package 'my_robot_bringup' build argument 'cmake_args' from command line to 'None'
[0.571s] Level 5:colcon.colcon_core.verb:set package 'my_robot_bringup' build argument 'cmake_target' from command line to 'None'
[0.571s] Level 5:colcon.colcon_core.verb:set package 'my_robot_bringup' build argument 'cmake_target_skip_unavailable' from command line to 'False'
[0.571s] Level 5:colcon.colcon_core.verb:set package 'my_robot_bringup' build argument 'cmake_clean_cache' from command line to 'False'
[0.571s] Level 5:colcon.colcon_core.verb:set package 'my_robot_bringup' build argument 'cmake_clean_first' from command line to 'False'
[0.571s] Level 5:colcon.colcon_core.verb:set package 'my_robot_bringup' build argument 'cmake_force_configure' from command line to 'False'
[0.571s] Level 5:colcon.colcon_core.verb:set package 'my_robot_bringup' build argument 'ament_cmake_args' from command line to 'None'
[0.571s] Level 5:colcon.colcon_core.verb:set package 'my_robot_bringup' build argument 'catkin_cmake_args' from command line to 'None'
[0.571s] Level 5:colcon.colcon_core.verb:set package 'my_robot_bringup' build argument 'catkin_skip_building_tests' from command line to 'False'
[0.571s] DEBUG:colcon.colcon_core.verb:Building package 'my_robot_bringup' with the following arguments: {'ament_cmake_args': None, 'build_base': '/home/gari/Documents/ROS2/turtle_sim_project/build/my_robot_bringup', 'catkin_cmake_args': None, 'catkin_skip_building_tests': False, 'cmake_args': None, 'cmake_clean_cache': False, 'cmake_clean_first': False, 'cmake_force_configure': False, 'cmake_target': None, 'cmake_target_skip_unavailable': False, 'install_base': '/home/gari/Documents/ROS2/turtle_sim_project/install/my_robot_bringup', 'merge_install': False, 'path': '/home/gari/Documents/ROS2/turtle_sim_project/src/my_robot_bringup', 'symlink_install': True, 'test_result_base': None}
[0.572s] INFO:colcon.colcon_core.executor:Executing jobs using 'parallel' executor
[0.573s] DEBUG:colcon.colcon_parallel_executor.executor.parallel:run_until_complete
[0.573s] INFO:colcon.colcon_ros.task.ament_cmake.build:Building ROS package in '/home/gari/Documents/ROS2/turtle_sim_project/src/my_robot_interfaces' with build type 'ament_cmake'
[0.574s] INFO:colcon.colcon_cmake.task.cmake.build:Building CMake package in '/home/gari/Documents/ROS2/turtle_sim_project/src/my_robot_interfaces'
[0.576s] INFO:colcon.colcon_core.plugin_system:Skipping extension 'colcon_core.shell.bat': Not used on non-Windows systems
[0.576s] INFO:colcon.colcon_core.shell:Skip shell extension 'powershell' for command environment: Not usable outside of PowerShell
[0.576s] DEBUG:colcon.colcon_core.shell:Skip shell extension 'dsv' for command environment
[0.600s] DEBUG:colcon.colcon_core.event_handler.log_command:Invoking command in '/home/gari/Documents/ROS2/turtle_sim_project/build/my_robot_interfaces': CMAKE_PREFIX_PATH=${CMAKE_PREFIX_PATH}:/home/gari/Documents/ROS2/turtle_sim_project/install/catch_turtle_sim:/opt/ros/humble /usr/bin/cmake --build /home/gari/Documents/ROS2/turtle_sim_project/build/my_robot_interfaces -- -j12 -l12
[1.026s] DEBUG:colcon.colcon_core.event_handler.log_command:Invoked command in '/home/gari/Documents/ROS2/turtle_sim_project/build/my_robot_interfaces' returned '0': CMAKE_PREFIX_PATH=${CMAKE_PREFIX_PATH}:/home/gari/Documents/ROS2/turtle_sim_project/install/catch_turtle_sim:/opt/ros/humble /usr/bin/cmake --build /home/gari/Documents/ROS2/turtle_sim_project/build/my_robot_interfaces -- -j12 -l12
[1.037s] DEBUG:colcon.colcon_core.event_handler.log_command:Invoking command in '/home/gari/Documents/ROS2/turtle_sim_project/build/my_robot_interfaces': CMAKE_PREFIX_PATH=${CMAKE_PREFIX_PATH}:/home/gari/Documents/ROS2/turtle_sim_project/install/catch_turtle_sim:/opt/ros/humble /usr/bin/cmake --install /home/gari/Documents/ROS2/turtle_sim_project/build/my_robot_interfaces
[1.141s] Level 1:colcon.colcon_core.environment:create_environment_scripts_only(my_robot_interfaces)
[1.141s] DEBUG:colcon.colcon_core.event_handler.log_command:Invoked command in '/home/gari/Documents/ROS2/turtle_sim_project/build/my_robot_interfaces' returned '0': CMAKE_PREFIX_PATH=${CMAKE_PREFIX_PATH}:/home/gari/Documents/ROS2/turtle_sim_project/install/catch_turtle_sim:/opt/ros/humble /usr/bin/cmake --install /home/gari/Documents/ROS2/turtle_sim_project/build/my_robot_interfaces
[1.144s] Level 1:colcon.colcon_core.environment:checking '/home/gari/Documents/ROS2/turtle_sim_project/install/my_robot_interfaces' for CMake module files
[1.145s] Level 1:colcon.colcon_core.environment:checking '/home/gari/Documents/ROS2/turtle_sim_project/install/my_robot_interfaces' for CMake config files
[1.145s] Level 1:colcon.colcon_core.shell:create_environment_hook('my_robot_interfaces', 'cmake_prefix_path')
[1.146s] INFO:colcon.colcon_core.shell:Creating environment hook '/home/gari/Documents/ROS2/turtle_sim_project/install/my_robot_interfaces/share/my_robot_interfaces/hook/cmake_prefix_path.ps1'
[1.149s] INFO:colcon.colcon_core.shell:Creating environment descriptor '/home/gari/Documents/ROS2/turtle_sim_project/install/my_robot_interfaces/share/my_robot_interfaces/hook/cmake_prefix_path.dsv'
[1.152s] INFO:colcon.colcon_core.shell:Creating environment hook '/home/gari/Documents/ROS2/turtle_sim_project/install/my_robot_interfaces/share/my_robot_interfaces/hook/cmake_prefix_path.sh'
[1.153s] Level 1:colcon.colcon_core.environment:checking '/home/gari/Documents/ROS2/turtle_sim_project/install/my_robot_interfaces/lib'
[1.153s] Level 1:colcon.colcon_core.shell:create_environment_hook('my_robot_interfaces', 'ld_library_path_lib')
[1.154s] INFO:colcon.colcon_core.shell:Creating environment hook '/home/gari/Documents/ROS2/turtle_sim_project/install/my_robot_interfaces/share/my_robot_interfaces/hook/ld_library_path_lib.ps1'
[1.154s] INFO:colcon.colcon_core.shell:Creating environment descriptor '/home/gari/Documents/ROS2/turtle_sim_project/install/my_robot_interfaces/share/my_robot_interfaces/hook/ld_library_path_lib.dsv'
[1.155s] INFO:colcon.colcon_core.shell:Creating environment hook '/home/gari/Documents/ROS2/turtle_sim_project/install/my_robot_interfaces/share/my_robot_interfaces/hook/ld_library_path_lib.sh'
[1.155s] Level 1:colcon.colcon_core.environment:checking '/home/gari/Documents/ROS2/turtle_sim_project/install/my_robot_interfaces/bin'
[1.155s] Level 1:colcon.colcon_core.environment:checking '/home/gari/Documents/ROS2/turtle_sim_project/install/my_robot_interfaces/lib/pkgconfig/my_robot_interfaces.pc'
[1.156s] Level 1:colcon.colcon_core.environment:checking '/home/gari/Documents/ROS2/turtle_sim_project/install/my_robot_interfaces/lib/python3.10/site-packages'
[1.156s] Level 1:colcon.colcon_core.environment:checking '/home/gari/Documents/ROS2/turtle_sim_project/install/my_robot_interfaces/bin'
[1.156s] INFO:colcon.colcon_core.shell:Creating package script '/home/gari/Documents/ROS2/turtle_sim_project/install/my_robot_interfaces/share/my_robot_interfaces/package.ps1'
[1.157s] INFO:colcon.colcon_core.shell:Creating package descriptor '/home/gari/Documents/ROS2/turtle_sim_project/install/my_robot_interfaces/share/my_robot_interfaces/package.dsv'
[1.158s] INFO:colcon.colcon_core.shell:Creating package script '/home/gari/Documents/ROS2/turtle_sim_project/install/my_robot_interfaces/share/my_robot_interfaces/package.sh'
[1.159s] INFO:colcon.colcon_core.shell:Creating package script '/home/gari/Documents/ROS2/turtle_sim_project/install/my_robot_interfaces/share/my_robot_interfaces/package.bash'
[1.160s] INFO:colcon.colcon_core.shell:Creating package script '/home/gari/Documents/ROS2/turtle_sim_project/install/my_robot_interfaces/share/my_robot_interfaces/package.zsh'
[1.161s] Level 1:colcon.colcon_core.environment:create_file_with_runtime_dependencies(/home/gari/Documents/ROS2/turtle_sim_project/install/my_robot_interfaces/share/colcon-core/packages/my_robot_interfaces)
[1.162s] Level 1:colcon.colcon_core.environment:create_environment_scripts_only(my_robot_interfaces)
[1.162s] Level 1:colcon.colcon_core.environment:checking '/home/gari/Documents/ROS2/turtle_sim_project/install/my_robot_interfaces' for CMake module files
[1.163s] Level 1:colcon.colcon_core.environment:checking '/home/gari/Documents/ROS2/turtle_sim_project/install/my_robot_interfaces' for CMake config files
[1.163s] Level 1:colcon.colcon_core.shell:create_environment_hook('my_robot_interfaces', 'cmake_prefix_path')
[1.164s] INFO:colcon.colcon_core.shell:Creating environment hook '/home/gari/Documents/ROS2/turtle_sim_project/install/my_robot_interfaces/share/my_robot_interfaces/hook/cmake_prefix_path.ps1'
[1.164s] INFO:colcon.colcon_core.shell:Creating environment descriptor '/home/gari/Documents/ROS2/turtle_sim_project/install/my_robot_interfaces/share/my_robot_interfaces/hook/cmake_prefix_path.dsv'
[1.165s] INFO:colcon.colcon_core.shell:Creating environment hook '/home/gari/Documents/ROS2/turtle_sim_project/install/my_robot_interfaces/share/my_robot_interfaces/hook/cmake_prefix_path.sh'
[1.165s] Level 1:colcon.colcon_core.environment:checking '/home/gari/Documents/ROS2/turtle_sim_project/install/my_robot_interfaces/lib'
[1.165s] Level 1:colcon.colcon_core.shell:create_environment_hook('my_robot_interfaces', 'ld_library_path_lib')
[1.166s] INFO:colcon.colcon_core.shell:Creating environment hook '/home/gari/Documents/ROS2/turtle_sim_project/install/my_robot_interfaces/share/my_robot_interfaces/hook/ld_library_path_lib.ps1'
[1.166s] INFO:colcon.colcon_core.shell:Creating environment descriptor '/home/gari/Documents/ROS2/turtle_sim_project/install/my_robot_interfaces/share/my_robot_interfaces/hook/ld_library_path_lib.dsv'
[1.166s] INFO:colcon.colcon_core.shell:Creating environment hook '/home/gari/Documents/ROS2/turtle_sim_project/install/my_robot_interfaces/share/my_robot_interfaces/hook/ld_library_path_lib.sh'
[1.167s] Level 1:colcon.colcon_core.environment:checking '/home/gari/Documents/ROS2/turtle_sim_project/install/my_robot_interfaces/bin'
[1.167s] Level 1:colcon.colcon_core.environment:checking '/home/gari/Documents/ROS2/turtle_sim_project/install/my_robot_interfaces/lib/pkgconfig/my_robot_interfaces.pc'
[1.167s] Level 1:colcon.colcon_core.environment:checking '/home/gari/Documents/ROS2/turtle_sim_project/install/my_robot_interfaces/lib/python3.10/site-packages'
[1.168s] Level 1:colcon.colcon_core.environment:checking '/home/gari/Documents/ROS2/turtle_sim_project/install/my_robot_interfaces/bin'
[1.168s] INFO:colcon.colcon_core.shell:Creating package script '/home/gari/Documents/ROS2/turtle_sim_project/install/my_robot_interfaces/share/my_robot_interfaces/package.ps1'
[1.169s] INFO:colcon.colcon_core.shell:Creating package descriptor '/home/gari/Documents/ROS2/turtle_sim_project/install/my_robot_interfaces/share/my_robot_interfaces/package.dsv'
[1.169s] INFO:colcon.colcon_core.shell:Creating package script '/home/gari/Documents/ROS2/turtle_sim_project/install/my_robot_interfaces/share/my_robot_interfaces/package.sh'
[1.170s] INFO:colcon.colcon_core.shell:Creating package script '/home/gari/Documents/ROS2/turtle_sim_project/install/my_robot_interfaces/share/my_robot_interfaces/package.bash'
[1.170s] INFO:colcon.colcon_core.shell:Creating package script '/home/gari/Documents/ROS2/turtle_sim_project/install/my_robot_interfaces/share/my_robot_interfaces/package.zsh'
[1.171s] Level 1:colcon.colcon_core.environment:create_file_with_runtime_dependencies(/home/gari/Documents/ROS2/turtle_sim_project/install/my_robot_interfaces/share/colcon-core/packages/my_robot_interfaces)
[1.171s] INFO:colcon.colcon_ros.task.ament_python.build:Building ROS package in '/home/gari/Documents/ROS2/turtle_sim_project/src/catch_turtle_sim' with build type 'ament_python'
[1.171s] Level 1:colcon.colcon_core.shell:create_environment_hook('catch_turtle_sim', 'ament_prefix_path')
[1.172s] INFO:colcon.colcon_core.shell:Creating environment hook '/home/gari/Documents/ROS2/turtle_sim_project/install/catch_turtle_sim/share/catch_turtle_sim/hook/ament_prefix_path.ps1'
[1.172s] INFO:colcon.colcon_core.shell:Creating environment descriptor '/home/gari/Documents/ROS2/turtle_sim_project/install/catch_turtle_sim/share/catch_turtle_sim/hook/ament_prefix_path.dsv'
[1.173s] INFO:colcon.colcon_core.shell:Creating environment hook '/home/gari/Documents/ROS2/turtle_sim_project/install/catch_turtle_sim/share/catch_turtle_sim/hook/ament_prefix_path.sh'
[1.174s] INFO:colcon.colcon_core.shell:Skip shell extension 'powershell' for command environment: Not usable outside of PowerShell
[1.174s] DEBUG:colcon.colcon_core.shell:Skip shell extension 'dsv' for command environment
[1.489s] INFO:colcon.colcon_core.task.python.build:Building Python package in '/home/gari/Documents/ROS2/turtle_sim_project/src/catch_turtle_sim'
[1.490s] INFO:colcon.colcon_core.shell:Skip shell extension 'powershell' for command environment: Not usable outside of PowerShell
[1.490s] DEBUG:colcon.colcon_core.shell:Skip shell extension 'dsv' for command environment
[1.914s] DEBUG:colcon.colcon_core.event_handler.log_command:Invoking command in '/home/gari/Documents/ROS2/turtle_sim_project/build/catch_turtle_sim': CMAKE_PREFIX_PATH=/home/gari/Documents/ROS2/turtle_sim_project/install/my_robot_interfaces:/home/gari/Documents/ROS2/turtle_sim_project/install/my_robot_bringup PYTHONPATH=/home/gari/Documents/ROS2/turtle_sim_project/build/catch_turtle_sim/prefix_override:/usr/lib/python3/dist-packages/colcon_core/task/python/colcon_distutils_commands:/home/gari/Documents/ROS2/turtle_sim_project/install/catch_turtle_sim/lib/python3.10/site-packages:${PYTHONPATH} /usr/bin/python3 -W ignore:setup.py install is deprecated -W ignore:easy_install command is deprecated setup.py develop --editable --build-directory /home/gari/Documents/ROS2/turtle_sim_project/build/catch_turtle_sim/build --no-deps symlink_data
[2.467s] Level 1:colcon.colcon_core.shell:create_environment_hook('catch_turtle_sim', 'pythonpath_develop')
[2.467s] INFO:colcon.colcon_core.shell:Creating environment hook '/home/gari/Documents/ROS2/turtle_sim_project/build/catch_turtle_sim/share/catch_turtle_sim/hook/pythonpath_develop.ps1'
[2.468s] DEBUG:colcon.colcon_core.event_handler.log_command:Invoked command in '/home/gari/Documents/ROS2/turtle_sim_project/build/catch_turtle_sim' returned '0': CMAKE_PREFIX_PATH=/home/gari/Documents/ROS2/turtle_sim_project/install/my_robot_interfaces:/home/gari/Documents/ROS2/turtle_sim_project/install/my_robot_bringup PYTHONPATH=/home/gari/Documents/ROS2/turtle_sim_project/build/catch_turtle_sim/prefix_override:/usr/lib/python3/dist-packages/colcon_core/task/python/colcon_distutils_commands:/home/gari/Documents/ROS2/turtle_sim_project/install/catch_turtle_sim/lib/python3.10/site-packages:${PYTHONPATH} /usr/bin/python3 -W ignore:setup.py install is deprecated -W ignore:easy_install command is deprecated setup.py develop --editable --build-directory /home/gari/Documents/ROS2/turtle_sim_project/build/catch_turtle_sim/build --no-deps symlink_data
[2.468s] INFO:colcon.colcon_core.shell:Creating environment descriptor '/home/gari/Documents/ROS2/turtle_sim_project/build/catch_turtle_sim/share/catch_turtle_sim/hook/pythonpath_develop.dsv'
[2.469s] INFO:colcon.colcon_core.shell:Creating environment hook '/home/gari/Documents/ROS2/turtle_sim_project/build/catch_turtle_sim/share/catch_turtle_sim/hook/pythonpath_develop.sh'
[2.469s] Level 1:colcon.colcon_core.environment:checking '/home/gari/Documents/ROS2/turtle_sim_project/install/catch_turtle_sim' for CMake module files
[2.470s] Level 1:colcon.colcon_core.environment:checking '/home/gari/Documents/ROS2/turtle_sim_project/install/catch_turtle_sim' for CMake config files
[2.470s] Level 1:colcon.colcon_core.environment:checking '/home/gari/Documents/ROS2/turtle_sim_project/install/catch_turtle_sim/lib'
[2.470s] Level 1:colcon.colcon_core.environment:checking '/home/gari/Documents/ROS2/turtle_sim_project/install/catch_turtle_sim/bin'
[2.471s] Level 1:colcon.colcon_core.environment:checking '/home/gari/Documents/ROS2/turtle_sim_project/install/catch_turtle_sim/lib/pkgconfig/catch_turtle_sim.pc'
[2.471s] Level 1:colcon.colcon_core.environment:checking '/home/gari/Documents/ROS2/turtle_sim_project/install/catch_turtle_sim/lib/python3.10/site-packages'
[2.471s] Level 1:colcon.colcon_core.shell:create_environment_hook('catch_turtle_sim', 'pythonpath')
[2.471s] INFO:colcon.colcon_core.shell:Creating environment hook '/home/gari/Documents/ROS2/turtle_sim_project/install/catch_turtle_sim/share/catch_turtle_sim/hook/pythonpath.ps1'
[2.472s] INFO:colcon.colcon_core.shell:Creating environment descriptor '/home/gari/Documents/ROS2/turtle_sim_project/install/catch_turtle_sim/share/catch_turtle_sim/hook/pythonpath.dsv'
[2.472s] INFO:colcon.colcon_core.shell:Creating environment hook '/home/gari/Documents/ROS2/turtle_sim_project/install/catch_turtle_sim/share/catch_turtle_sim/hook/pythonpath.sh'
[2.473s] Level 1:colcon.colcon_core.environment:checking '/home/gari/Documents/ROS2/turtle_sim_project/install/catch_turtle_sim/bin'
[2.473s] Level 1:colcon.colcon_core.environment:create_environment_scripts_only(catch_turtle_sim)
[2.473s] INFO:colcon.colcon_core.shell:Creating package script '/home/gari/Documents/ROS2/turtle_sim_project/install/catch_turtle_sim/share/catch_turtle_sim/package.ps1'
[2.474s] INFO:colcon.colcon_core.shell:Creating package descriptor '/home/gari/Documents/ROS2/turtle_sim_project/install/catch_turtle_sim/share/catch_turtle_sim/package.dsv'
[2.475s] INFO:colcon.colcon_core.shell:Creating package script '/home/gari/Documents/ROS2/turtle_sim_project/install/catch_turtle_sim/share/catch_turtle_sim/package.sh'
[2.475s] INFO:colcon.colcon_core.shell:Creating package script '/home/gari/Documents/ROS2/turtle_sim_project/install/catch_turtle_sim/share/catch_turtle_sim/package.bash'
[2.476s] INFO:colcon.colcon_core.shell:Creating package script '/home/gari/Documents/ROS2/turtle_sim_project/install/catch_turtle_sim/share/catch_turtle_sim/package.zsh'
[2.476s] Level 1:colcon.colcon_core.environment:create_file_with_runtime_dependencies(/home/gari/Documents/ROS2/turtle_sim_project/install/catch_turtle_sim/share/colcon-core/packages/catch_turtle_sim)
[2.477s] INFO:colcon.colcon_ros.task.ament_cmake.build:Building ROS package in '/home/gari/Documents/ROS2/turtle_sim_project/src/my_robot_bringup' with build type 'ament_cmake'
[2.477s] INFO:colcon.colcon_cmake.task.cmake.build:Building CMake package in '/home/gari/Documents/ROS2/turtle_sim_project/src/my_robot_bringup'
[2.477s] INFO:colcon.colcon_core.shell:Skip shell extension 'powershell' for command environment: Not usable outside of PowerShell
[2.477s] DEBUG:colcon.colcon_core.shell:Skip shell extension 'dsv' for command environment
[2.517s] DEBUG:colcon.colcon_core.event_handler.log_command:Invoking command in '/home/gari/Documents/ROS2/turtle_sim_project/build/my_robot_bringup': AMENT_PREFIX_PATH=/home/gari/Documents/ROS2/turtle_sim_project/install/catch_turtle_sim:/home/gari/Documents/ROS2/turtle_sim_project/install/my_robot_bringup:/home/gari/Documents/ROS2/turtle_sim_project/install/my_robot_interfaces:/opt/ros/humble CMAKE_PREFIX_PATH=/home/gari/Documents/ROS2/turtle_sim_project/install/my_robot_interfaces:/home/gari/Documents/ROS2/turtle_sim_project/install/my_robot_bringup:/home/gari/Documents/ROS2/turtle_sim_project/install/catch_turtle_sim:/opt/ros/humble /usr/bin/cmake --build /home/gari/Documents/ROS2/turtle_sim_project/build/my_robot_bringup -- -j12 -l12
[2.553s] DEBUG:colcon.colcon_core.event_handler.log_command:Invoked command in '/home/gari/Documents/ROS2/turtle_sim_project/build/my_robot_bringup' returned '0': AMENT_PREFIX_PATH=/home/gari/Documents/ROS2/turtle_sim_project/install/catch_turtle_sim:/home/gari/Documents/ROS2/turtle_sim_project/install/my_robot_bringup:/home/gari/Documents/ROS2/turtle_sim_project/install/my_robot_interfaces:/opt/ros/humble CMAKE_PREFIX_PATH=/home/gari/Documents/ROS2/turtle_sim_project/install/my_robot_interfaces:/home/gari/Documents/ROS2/turtle_sim_project/install/my_robot_bringup:/home/gari/Documents/ROS2/turtle_sim_project/install/catch_turtle_sim:/opt/ros/humble /usr/bin/cmake --build /home/gari/Documents/ROS2/turtle_sim_project/build/my_robot_bringup -- -j12 -l12
[2.555s] DEBUG:colcon.colcon_core.event_handler.log_command:Invoking command in '/home/gari/Documents/ROS2/turtle_sim_project/build/my_robot_bringup': AMENT_PREFIX_PATH=/home/gari/Documents/ROS2/turtle_sim_project/install/catch_turtle_sim:/home/gari/Documents/ROS2/turtle_sim_project/install/my_robot_bringup:/home/gari/Documents/ROS2/turtle_sim_project/install/my_robot_interfaces:/opt/ros/humble CMAKE_PREFIX_PATH=/home/gari/Documents/ROS2/turtle_sim_project/install/my_robot_interfaces:/home/gari/Documents/ROS2/turtle_sim_project/install/my_robot_bringup:/home/gari/Documents/ROS2/turtle_sim_project/install/catch_turtle_sim:/opt/ros/humble /usr/bin/cmake --install /home/gari/Documents/ROS2/turtle_sim_project/build/my_robot_bringup
[2.577s] Level 1:colcon.colcon_core.environment:create_environment_scripts_only(my_robot_bringup)
[2.577s] Level 1:colcon.colcon_core.environment:checking '/home/gari/Documents/ROS2/turtle_sim_project/install/my_robot_bringup' for CMake module files
[2.578s] DEBUG:colcon.colcon_core.event_handler.log_command:Invoked command in '/home/gari/Documents/ROS2/turtle_sim_project/build/my_robot_bringup' returned '0': AMENT_PREFIX_PATH=/home/gari/Documents/ROS2/turtle_sim_project/install/catch_turtle_sim:/home/gari/Documents/ROS2/turtle_sim_project/install/my_robot_bringup:/home/gari/Documents/ROS2/turtle_sim_project/install/my_robot_interfaces:/opt/ros/humble CMAKE_PREFIX_PATH=/home/gari/Documents/ROS2/turtle_sim_project/install/my_robot_interfaces:/home/gari/Documents/ROS2/turtle_sim_project/install/my_robot_bringup:/home/gari/Documents/ROS2/turtle_sim_project/install/catch_turtle_sim:/opt/ros/humble /usr/bin/cmake --install /home/gari/Documents/ROS2/turtle_sim_project/build/my_robot_bringup
[2.578s] Level 1:colcon.colcon_core.environment:checking '/home/gari/Documents/ROS2/turtle_sim_project/install/my_robot_bringup' for CMake config files
[2.579s] Level 1:colcon.colcon_core.shell:create_environment_hook('my_robot_bringup', 'cmake_prefix_path')
[2.579s] INFO:colcon.colcon_core.shell:Creating environment hook '/home/gari/Documents/ROS2/turtle_sim_project/install/my_robot_bringup/share/my_robot_bringup/hook/cmake_prefix_path.ps1'
[2.579s] INFO:colcon.colcon_core.shell:Creating environment descriptor '/home/gari/Documents/ROS2/turtle_sim_project/install/my_robot_bringup/share/my_robot_bringup/hook/cmake_prefix_path.dsv'
[2.580s] INFO:colcon.colcon_core.shell:Creating environment hook '/home/gari/Documents/ROS2/turtle_sim_project/install/my_robot_bringup/share/my_robot_bringup/hook/cmake_prefix_path.sh'
[2.581s] Level 1:colcon.colcon_core.environment:checking '/home/gari/Documents/ROS2/turtle_sim_project/install/my_robot_bringup/bin'
[2.581s] Level 1:colcon.colcon_core.environment:checking '/home/gari/Documents/ROS2/turtle_sim_project/install/my_robot_bringup/lib/pkgconfig/my_robot_bringup.pc'
[2.581s] Level 1:colcon.colcon_core.environment:checking '/home/gari/Documents/ROS2/turtle_sim_project/install/my_robot_bringup/lib/python3.10/site-packages'
[2.582s] Level 1:colcon.colcon_core.environment:checking '/home/gari/Documents/ROS2/turtle_sim_project/install/my_robot_bringup/bin'
[2.582s] INFO:colcon.colcon_core.shell:Creating package script '/home/gari/Documents/ROS2/turtle_sim_project/install/my_robot_bringup/share/my_robot_bringup/package.ps1'
[2.583s] INFO:colcon.colcon_core.shell:Creating package descriptor '/home/gari/Documents/ROS2/turtle_sim_project/install/my_robot_bringup/share/my_robot_bringup/package.dsv'
[2.583s] INFO:colcon.colcon_core.shell:Creating package script '/home/gari/Documents/ROS2/turtle_sim_project/install/my_robot_bringup/share/my_robot_bringup/package.sh'
[2.584s] INFO:colcon.colcon_core.shell:Creating package script '/home/gari/Documents/ROS2/turtle_sim_project/install/my_robot_bringup/share/my_robot_bringup/package.bash'
[2.584s] INFO:colcon.colcon_core.shell:Creating package script '/home/gari/Documents/ROS2/turtle_sim_project/install/my_robot_bringup/share/my_robot_bringup/package.zsh'
[2.585s] Level 1:colcon.colcon_core.environment:create_file_with_runtime_dependencies(/home/gari/Documents/ROS2/turtle_sim_project/install/my_robot_bringup/share/colcon-core/packages/my_robot_bringup)
[2.585s] Level 1:colcon.colcon_core.environment:create_environment_scripts_only(my_robot_bringup)
[2.586s] Level 1:colcon.colcon_core.environment:checking '/home/gari/Documents/ROS2/turtle_sim_project/install/my_robot_bringup' for CMake module files
[2.586s] Level 1:colcon.colcon_core.environment:checking '/home/gari/Documents/ROS2/turtle_sim_project/install/my_robot_bringup' for CMake config files
[2.587s] Level 1:colcon.colcon_core.shell:create_environment_hook('my_robot_bringup', 'cmake_prefix_path')
[2.587s] INFO:colcon.colcon_core.shell:Creating environment hook '/home/gari/Documents/ROS2/turtle_sim_project/install/my_robot_bringup/share/my_robot_bringup/hook/cmake_prefix_path.ps1'
[2.782s] INFO:colcon.colcon_core.shell:Creating environment descriptor '/home/gari/Documents/ROS2/turtle_sim_project/install/my_robot_bringup/share/my_robot_bringup/hook/cmake_prefix_path.dsv'
[2.783s] INFO:colcon.colcon_core.shell:Creating environment hook '/home/gari/Documents/ROS2/turtle_sim_project/install/my_robot_bringup/share/my_robot_bringup/hook/cmake_prefix_path.sh'
[2.785s] Level 1:colcon.colcon_core.environment:checking '/home/gari/Documents/ROS2/turtle_sim_project/install/my_robot_bringup/bin'
[2.785s] Level 1:colcon.colcon_core.environment:checking '/home/gari/Documents/ROS2/turtle_sim_project/install/my_robot_bringup/lib/pkgconfig/my_robot_bringup.pc'
[2.787s] Level 1:colcon.colcon_core.environment:checking '/home/gari/Documents/ROS2/turtle_sim_project/install/my_robot_bringup/lib/python3.10/site-packages'
[2.788s] Level 1:colcon.colcon_core.environment:checking '/home/gari/Documents/ROS2/turtle_sim_project/install/my_robot_bringup/bin'
[2.789s] INFO:colcon.colcon_core.shell:Creating package script '/home/gari/Documents/ROS2/turtle_sim_project/install/my_robot_bringup/share/my_robot_bringup/package.ps1'
[2.791s] INFO:colcon.colcon_core.shell:Creating package descriptor '/home/gari/Documents/ROS2/turtle_sim_project/install/my_robot_bringup/share/my_robot_bringup/package.dsv'
[2.793s] INFO:colcon.colcon_core.shell:Creating package script '/home/gari/Documents/ROS2/turtle_sim_project/install/my_robot_bringup/share/my_robot_bringup/package.sh'
[2.794s] INFO:colcon.colcon_core.shell:Creating package script '/home/gari/Documents/ROS2/turtle_sim_project/install/my_robot_bringup/share/my_robot_bringup/package.bash'
[2.796s] INFO:colcon.colcon_core.shell:Creating package script '/home/gari/Documents/ROS2/turtle_sim_project/install/my_robot_bringup/share/my_robot_bringup/package.zsh'
[2.798s] Level 1:colcon.colcon_core.environment:create_file_with_runtime_dependencies(/home/gari/Documents/ROS2/turtle_sim_project/install/my_robot_bringup/share/colcon-core/packages/my_robot_bringup)
[2.799s] DEBUG:colcon.colcon_parallel_executor.executor.parallel:closing loop
[2.800s] DEBUG:colcon.colcon_parallel_executor.executor.parallel:loop closed
[2.801s] DEBUG:colcon.colcon_parallel_executor.executor.parallel:run_until_complete finished with '0'
[2.801s] DEBUG:colcon.colcon_core.event_reactor:joining thread
[2.807s] INFO:colcon.colcon_core.plugin_system:Skipping extension 'colcon_notification.desktop_notification.terminal_notifier': Not used on non-Darwin systems
[2.807s] INFO:colcon.colcon_core.plugin_system:Skipping extension 'colcon_notification.desktop_notification.win32': Not used on non-Windows systems
[2.807s] INFO:colcon.colcon_notification.desktop_notification:Sending desktop notification using 'notify2'
[2.820s] DEBUG:colcon.colcon_core.event_reactor:joined thread
[2.820s] INFO:colcon.colcon_core.shell:Creating prefix script '/home/gari/Documents/ROS2/turtle_sim_project/install/local_setup.ps1'
[2.822s] INFO:colcon.colcon_core.shell:Creating prefix util module '/home/gari/Documents/ROS2/turtle_sim_project/install/_local_setup_util_ps1.py'
[2.824s] INFO:colcon.colcon_core.shell:Creating prefix chain script '/home/gari/Documents/ROS2/turtle_sim_project/install/setup.ps1'
[2.825s] INFO:colcon.colcon_core.shell:Creating prefix script '/home/gari/Documents/ROS2/turtle_sim_project/install/local_setup.sh'
[2.826s] INFO:colcon.colcon_core.shell:Creating prefix util module '/home/gari/Documents/ROS2/turtle_sim_project/install/_local_setup_util_sh.py'
[2.826s] INFO:colcon.colcon_core.shell:Creating prefix chain script '/home/gari/Documents/ROS2/turtle_sim_project/install/setup.sh'
[2.828s] INFO:colcon.colcon_core.shell:Creating prefix script '/home/gari/Documents/ROS2/turtle_sim_project/install/local_setup.bash'
[2.828s] INFO:colcon.colcon_core.shell:Creating prefix chain script '/home/gari/Documents/ROS2/turtle_sim_project/install/setup.bash'
[2.830s] INFO:colcon.colcon_core.shell:Creating prefix script '/home/gari/Documents/ROS2/turtle_sim_project/install/local_setup.zsh'
[2.830s] INFO:colcon.colcon_core.shell:Creating prefix chain script '/home/gari/Documents/ROS2/turtle_sim_project/install/setup.zsh'
