[0.127s] Invoking command in '/home/gari/Documents/ROS2/ros2_refer/build/my_robot_description': CMAKE_PREFIX_PATH=/opt/ros/humble /usr/bin/cmake /home/gari/Documents/ROS2/ros2_refer/src/my_robot_description -DCMAKE_INSTALL_PREFIX=/home/gari/Documents/ROS2/ros2_refer/install/my_robot_description
[1.068s] -- Found ament_cmake: 1.3.11 (/opt/ros/humble/share/ament_cmake/cmake)
[1.865s] -- Override CMake install command with custom implementation using symlinks instead of copying resources
[2.437s] -- Configuring done
[2.464s] -- Generating done
[2.466s] -- Build files have been written to: /home/gari/Documents/ROS2/ros2_refer/build/my_robot_description
[2.470s] Invoked command in '/home/gari/Documents/ROS2/ros2_refer/build/my_robot_description' returned '0': CMAKE_PREFIX_PATH=/opt/ros/humble /usr/bin/cmake /home/gari/Documents/ROS2/ros2_refer/src/my_robot_description -DCMAKE_INSTALL_PREFIX=/home/gari/Documents/ROS2/ros2_refer/install/my_robot_description
[2.473s] Invoking command in '/home/gari/Documents/ROS2/ros2_refer/build/my_robot_description': CMAKE_PREFIX_PATH=/opt/ros/humble /usr/bin/cmake --build /home/gari/Documents/ROS2/ros2_refer/build/my_robot_description -- -j12 -l12
[2.547s] Invoked command in '/home/gari/Documents/ROS2/ros2_refer/build/my_robot_description' returned '0': CMAKE_PREFIX_PATH=/opt/ros/humble /usr/bin/cmake --build /home/gari/Documents/ROS2/ros2_refer/build/my_robot_description -- -j12 -l12
[2.570s] Invoking command in '/home/gari/Documents/ROS2/ros2_refer/build/my_robot_description': CMAKE_PREFIX_PATH=/opt/ros/humble /usr/bin/cmake --install /home/gari/Documents/ROS2/ros2_refer/build/my_robot_description
[2.577s] -- Install configuration: ""
[2.578s] -- Execute custom install script
[2.578s] -- Up-to-date symlink: /home/gari/Documents/ROS2/ros2_refer/install/my_robot_description/share/my_robot_description//urdf/common_properties.xacro
[2.579s] -- Up-to-date symlink: /home/gari/Documents/ROS2/ros2_refer/install/my_robot_description/share/my_robot_description//urdf/mobile_base.xacro
[2.579s] -- Up-to-date symlink: /home/gari/Documents/ROS2/ros2_refer/install/my_robot_description/share/my_robot_description//urdf/mobile_base_gazebo.xacro
[2.579s] -- Up-to-date symlink: /home/gari/Documents/ROS2/ros2_refer/install/my_robot_description/share/my_robot_description//urdf/my_robot.urdf.xacro
[2.579s] -- Up-to-date symlink: /home/gari/Documents/ROS2/ros2_refer/install/my_robot_description/share/my_robot_description//launch/display.launch.py
[2.579s] -- Up-to-date symlink: /home/gari/Documents/ROS2/ros2_refer/install/my_robot_description/share/my_robot_description//launch/display.launch.xml
[2.580s] -- Up-to-date symlink: /home/gari/Documents/ROS2/ros2_refer/install/my_robot_description/share/my_robot_description//launch/display_launch.py
[2.580s] -- Up-to-date symlink: /home/gari/Documents/ROS2/ros2_refer/install/my_robot_description/share/my_robot_description//rviz/urdf_config.rviz
[2.580s] -- Up-to-date symlink: /home/gari/Documents/ROS2/ros2_refer/install/my_robot_description/share/ament_index/resource_index/package_run_dependencies/my_robot_description
[2.580s] -- Up-to-date symlink: /home/gari/Documents/ROS2/ros2_refer/install/my_robot_description/share/ament_index/resource_index/parent_prefix_path/my_robot_description
[2.580s] -- Up-to-date symlink: /home/gari/Documents/ROS2/ros2_refer/install/my_robot_description/share/my_robot_description/environment/ament_prefix_path.sh
[2.581s] -- Up-to-date symlink: /home/gari/Documents/ROS2/ros2_refer/install/my_robot_description/share/my_robot_description/environment/ament_prefix_path.dsv
[2.581s] -- Up-to-date symlink: /home/gari/Documents/ROS2/ros2_refer/install/my_robot_description/share/my_robot_description/environment/path.sh
[2.581s] -- Up-to-date symlink: /home/gari/Documents/ROS2/ros2_refer/install/my_robot_description/share/my_robot_description/environment/path.dsv
[2.581s] -- Up-to-date symlink: /home/gari/Documents/ROS2/ros2_refer/install/my_robot_description/share/my_robot_description/local_setup.bash
[2.581s] -- Up-to-date symlink: /home/gari/Documents/ROS2/ros2_refer/install/my_robot_description/share/my_robot_description/local_setup.sh
[2.582s] -- Up-to-date symlink: /home/gari/Documents/ROS2/ros2_refer/install/my_robot_description/share/my_robot_description/local_setup.zsh
[2.582s] -- Up-to-date symlink: /home/gari/Documents/ROS2/ros2_refer/install/my_robot_description/share/my_robot_description/local_setup.dsv
[2.582s] -- Symlinking: /home/gari/Documents/ROS2/ros2_refer/install/my_robot_description/share/my_robot_description/package.dsv
[2.591s] -- Up-to-date symlink: /home/gari/Documents/ROS2/ros2_refer/install/my_robot_description/share/ament_index/resource_index/packages/my_robot_description
[2.591s] -- Up-to-date symlink: /home/gari/Documents/ROS2/ros2_refer/install/my_robot_description/share/my_robot_description/cmake/my_robot_descriptionConfig.cmake
[2.591s] -- Up-to-date symlink: /home/gari/Documents/ROS2/ros2_refer/install/my_robot_description/share/my_robot_description/cmake/my_robot_descriptionConfig-version.cmake
[2.591s] -- Up-to-date symlink: /home/gari/Documents/ROS2/ros2_refer/install/my_robot_description/share/my_robot_description/package.xml
[2.759s] Invoked command in '/home/gari/Documents/ROS2/ros2_refer/build/my_robot_description' returned '0': CMAKE_PREFIX_PATH=/opt/ros/humble /usr/bin/cmake --install /home/gari/Documents/ROS2/ros2_refer/build/my_robot_description
