[0.133s] Invoking command in '/home/gari/Documents/ROS2/ros2_refer/build/my_robot_description': CMAKE_PREFIX_PATH=/opt/ros/humble /usr/bin/cmake --build /home/gari/Documents/ROS2/ros2_refer/build/my_robot_description -- -j12 -l12
[1.028s] Invoked command in '/home/gari/Documents/ROS2/ros2_refer/build/my_robot_description' returned '0': CMAKE_PREFIX_PATH=/opt/ros/humble /usr/bin/cmake --build /home/gari/Documents/ROS2/ros2_refer/build/my_robot_description -- -j12 -l12
[1.095s] Invoking command in '/home/gari/Documents/ROS2/ros2_refer/build/my_robot_description': CMAKE_PREFIX_PATH=/opt/ros/humble /usr/bin/cmake --install /home/gari/Documents/ROS2/ros2_refer/build/my_robot_description
[1.108s] -- Install configuration: ""
[1.110s] -- Execute custom install script
[1.135s] -- Up-to-date symlink: /home/gari/Documents/ROS2/ros2_refer/install/my_robot_description/share/my_robot_description//urdf/common_properties.xacro
[1.135s] -- Up-to-date symlink: /home/gari/Documents/ROS2/ros2_refer/install/my_robot_description/share/my_robot_description//urdf/mobile_base.xacro
[1.136s] -- Up-to-date symlink: /home/gari/Documents/ROS2/ros2_refer/install/my_robot_description/share/my_robot_description//urdf/mobile_base_gazebo.xacro
[1.136s] -- Up-to-date symlink: /home/gari/Documents/ROS2/ros2_refer/install/my_robot_description/share/my_robot_description//urdf/my_robot.urdf.xacro
[1.136s] -- Up-to-date symlink: /home/gari/Documents/ROS2/ros2_refer/install/my_robot_description/share/my_robot_description//launch/display.launch.py
[1.136s] -- Up-to-date symlink: /home/gari/Documents/ROS2/ros2_refer/install/my_robot_description/share/my_robot_description//launch/display.launch.xml
[1.136s] -- Up-to-date symlink: /home/gari/Documents/ROS2/ros2_refer/install/my_robot_description/share/my_robot_description//launch/display_launch.py
[1.137s] -- Up-to-date symlink: /home/gari/Documents/ROS2/ros2_refer/install/my_robot_description/share/my_robot_description//rviz/urdf_config.rviz
[1.137s] -- Up-to-date symlink: /home/gari/Documents/ROS2/ros2_refer/install/my_robot_description/share/ament_index/resource_index/package_run_dependencies/my_robot_description
[1.137s] -- Up-to-date symlink: /home/gari/Documents/ROS2/ros2_refer/install/my_robot_description/share/ament_index/resource_index/parent_prefix_path/my_robot_description
[1.138s] -- Up-to-date symlink: /home/gari/Documents/ROS2/ros2_refer/install/my_robot_description/share/my_robot_description/environment/ament_prefix_path.sh
[1.138s] -- Up-to-date symlink: /home/gari/Documents/ROS2/ros2_refer/install/my_robot_description/share/my_robot_description/environment/ament_prefix_path.dsv
[1.138s] -- Up-to-date symlink: /home/gari/Documents/ROS2/ros2_refer/install/my_robot_description/share/my_robot_description/environment/path.sh
[1.139s] -- Up-to-date symlink: /home/gari/Documents/ROS2/ros2_refer/install/my_robot_description/share/my_robot_description/environment/path.dsv
[1.139s] -- Up-to-date symlink: /home/gari/Documents/ROS2/ros2_refer/install/my_robot_description/share/my_robot_description/local_setup.bash
[1.139s] -- Up-to-date symlink: /home/gari/Documents/ROS2/ros2_refer/install/my_robot_description/share/my_robot_description/local_setup.sh
[1.140s] -- Up-to-date symlink: /home/gari/Documents/ROS2/ros2_refer/install/my_robot_description/share/my_robot_description/local_setup.zsh
[1.140s] -- Up-to-date symlink: /home/gari/Documents/ROS2/ros2_refer/install/my_robot_description/share/my_robot_description/local_setup.dsv
[1.140s] -- Symlinking: /home/gari/Documents/ROS2/ros2_refer/install/my_robot_description/share/my_robot_description/package.dsv
[1.150s] -- Up-to-date symlink: /home/gari/Documents/ROS2/ros2_refer/install/my_robot_description/share/ament_index/resource_index/packages/my_robot_description
[1.150s] -- Up-to-date symlink: /home/gari/Documents/ROS2/ros2_refer/install/my_robot_description/share/my_robot_description/cmake/my_robot_descriptionConfig.cmake
[1.151s] -- Up-to-date symlink: /home/gari/Documents/ROS2/ros2_refer/install/my_robot_description/share/my_robot_description/cmake/my_robot_descriptionConfig-version.cmake
[1.151s] -- Up-to-date symlink: /home/gari/Documents/ROS2/ros2_refer/install/my_robot_description/share/my_robot_description/package.xml
[1.325s] Invoked command in '/home/gari/Documents/ROS2/ros2_refer/build/my_robot_description' returned '0': CMAKE_PREFIX_PATH=/opt/ros/humble /usr/bin/cmake --install /home/gari/Documents/ROS2/ros2_refer/build/my_robot_description
